2015-09-15 10:53:22 开始运行爬虫----------jimuhezi4---------------------------------------
2015-09-15 10:53:29+0800 [scrapy] INFO: Scrapy 0.24.4 started (bot: jimuhezi)
2015-09-15 10:53:29+0800 [scrapy] INFO: Optional features available: ssl, http11, boto, django
2015-09-15 10:53:29+0800 [scrapy] INFO: Overridden settings: {'NEWSPIDER_MODULE': 'jimuhezi.spiders', 'SPIDER_MODULES': ['jimuhezi.spiders'], 'BOT_NAME': 'jimuhezi'}
2015-09-15 10:53:29+0800 [scrapy] INFO: Enabled extensions: LogStats, TelnetConsole, CloseSpider, WebService, CoreStats, SpiderState
2015-09-15 10:53:29+0800 [scrapy] INFO: Enabled downloader middlewares: HttpAuthMiddleware, DownloadTimeoutMiddleware, UserAgentMiddleware, RetryMiddleware, DefaultHeadersMiddleware, MetaRefreshMiddleware, HttpCompressionMiddleware, RedirectMiddleware, CookiesMiddleware, ChunkedTransferMiddleware, DownloaderStats
2015-09-15 10:53:29+0800 [scrapy] INFO: Enabled spider middlewares: HttpErrorMiddleware, OffsiteMiddleware, RefererMiddleware, UrlLengthMiddleware, DepthMiddleware
2015-09-15 10:53:29+0800 [scrapy] INFO: Enabled item pipelines: JimuheziPipeline
2015-09-15 10:53:29+0800 [jimuhezi4] INFO: Spider opened
2015-09-15 10:53:29+0800 [jimuhezi4] INFO: Crawled 0 pages (at 0 pages/min), scraped 0 items (at 0 items/min)
2015-09-15 10:53:29+0800 [scrapy] DEBUG: Telnet console listening on 127.0.0.1:6037
2015-09-15 10:53:29+0800 [scrapy] DEBUG: Web service listening on 127.0.0.1:6094
2015-09-15 10:53:30+0800 [jimuhezi4] DEBUG: Crawled (200) <GET https://www.jimubox.com/Project/Index/61618> (referer: None)
2015-09-15 10:53:30+0800 [jimuhezi4] ERROR: Spider error processing <GET https://www.jimubox.com/Project/Index/61618>
	Traceback (most recent call last):
	  File "/usr/local/lib/python2.7/dist-packages/twisted/internet/base.py", line 824, in runUntilCurrent
	    call.func(*call.args, **call.kw)
	  File "/usr/local/lib/python2.7/dist-packages/twisted/internet/task.py", line 638, in _tick
	    taskObj._oneWorkUnit()
	  File "/usr/local/lib/python2.7/dist-packages/twisted/internet/task.py", line 484, in _oneWorkUnit
	    result = next(self._iterator)
	  File "/usr/local/lib/python2.7/dist-packages/scrapy/utils/defer.py", line 57, in <genexpr>
	    work = (callable(elem, *args, **named) for elem in iterable)
	--- <exception caught here> ---
	  File "/usr/local/lib/python2.7/dist-packages/scrapy/utils/defer.py", line 96, in iter_errback
	    yield next(it)
	  File "/usr/local/lib/python2.7/dist-packages/scrapy/contrib/spidermiddleware/offsite.py", line 26, in process_spider_output
	    for x in result:
	  File "/usr/local/lib/python2.7/dist-packages/scrapy/contrib/spidermiddleware/referer.py", line 22, in <genexpr>
	    return (_set_referer(r) for r in result or ())
	  File "/usr/local/lib/python2.7/dist-packages/scrapy/contrib/spidermiddleware/urllength.py", line 33, in <genexpr>
	    return (r for r in result or () if _filter(r))
	  File "/usr/local/lib/python2.7/dist-packages/scrapy/contrib/spidermiddleware/depth.py", line 50, in <genexpr>
	    return (r for r in result or () if _filter(r))
	  File "/usr/scrapy/crawl/jimuhezi/jimuhezi/spiders/base4.py", line 79, in parse
	    name1 = sel.xpath('//div[@class=\"project-title\"]/h2/span/text()').extract()[0]
	exceptions.IndexError: list index out of range
	
2015-09-15 10:53:31+0800 [jimuhezi4] DEBUG: Crawled (200) <GET https://www.jimubox.com/Project/Index/61619> (referer: None)
2015-09-15 10:53:31+0800 [jimuhezi4] ERROR: Spider error processing <GET https://www.jimubox.com/Project/Index/61619>
	Traceback (most recent call last):
	  File "/usr/local/lib/python2.7/dist-packages/twisted/internet/base.py", line 824, in runUntilCurrent
	    call.func(*call.args, **call.kw)
	  File "/usr/local/lib/python2.7/dist-packages/twisted/internet/task.py", line 638, in _tick
	    taskObj._oneWorkUnit()
	  File "/usr/local/lib/python2.7/dist-packages/twisted/internet/task.py", line 484, in _oneWorkUnit
	    result = next(self._iterator)
	  File "/usr/local/lib/python2.7/dist-packages/scrapy/utils/defer.py", line 57, in <genexpr>
	    work = (callable(elem, *args, **named) for elem in iterable)
	--- <exception caught here> ---
	  File "/usr/local/lib/python2.7/dist-packages/scrapy/utils/defer.py", line 96, in iter_errback
	    yield next(it)
	  File "/usr/local/lib/python2.7/dist-packages/scrapy/contrib/spidermiddleware/offsite.py", line 26, in process_spider_output
	    for x in result:
	  File "/usr/local/lib/python2.7/dist-packages/scrapy/contrib/spidermiddleware/referer.py", line 22, in <genexpr>
	    return (_set_referer(r) for r in result or ())
	  File "/usr/local/lib/python2.7/dist-packages/scrapy/contrib/spidermiddleware/urllength.py", line 33, in <genexpr>
	    return (r for r in result or () if _filter(r))
	  File "/usr/local/lib/python2.7/dist-packages/scrapy/contrib/spidermiddleware/depth.py", line 50, in <genexpr>
	    return (r for r in result or () if _filter(r))
	  File "/usr/scrapy/crawl/jimuhezi/jimuhezi/spiders/base4.py", line 79, in parse
	    name1 = sel.xpath('//div[@class=\"project-title\"]/h2/span/text()').extract()[0]
	exceptions.IndexError: list index out of range
	
2015-09-15 10:53:32+0800 [jimuhezi4] DEBUG: Crawled (200) <GET https://www.jimubox.com/Project/Index/61739> (referer: None)
2015-09-15 10:53:32+0800 [jimuhezi4] ERROR: Spider error processing <GET https://www.jimubox.com/Project/Index/61739>
	Traceback (most recent call last):
	  File "/usr/local/lib/python2.7/dist-packages/twisted/internet/base.py", line 824, in runUntilCurrent
	    call.func(*call.args, **call.kw)
	  File "/usr/local/lib/python2.7/dist-packages/twisted/internet/task.py", line 638, in _tick
	    taskObj._oneWorkUnit()
	  File "/usr/local/lib/python2.7/dist-packages/twisted/internet/task.py", line 484, in _oneWorkUnit
	    result = next(self._iterator)
	  File "/usr/local/lib/python2.7/dist-packages/scrapy/utils/defer.py", line 57, in <genexpr>
	    work = (callable(elem, *args, **named) for elem in iterable)
	--- <exception caught here> ---
	  File "/usr/local/lib/python2.7/dist-packages/scrapy/utils/defer.py", line 96, in iter_errback
	    yield next(it)
	  File "/usr/local/lib/python2.7/dist-packages/scrapy/contrib/spidermiddleware/offsite.py", line 26, in process_spider_output
	    for x in result:
	  File "/usr/local/lib/python2.7/dist-packages/scrapy/contrib/spidermiddleware/referer.py", line 22, in <genexpr>
	    return (_set_referer(r) for r in result or ())
	  File "/usr/local/lib/python2.7/dist-packages/scrapy/contrib/spidermiddleware/urllength.py", line 33, in <genexpr>
	    return (r for r in result or () if _filter(r))
	  File "/usr/local/lib/python2.7/dist-packages/scrapy/contrib/spidermiddleware/depth.py", line 50, in <genexpr>
	    return (r for r in result or () if _filter(r))
	  File "/usr/scrapy/crawl/jimuhezi/jimuhezi/spiders/base4.py", line 79, in parse
	    name1 = sel.xpath('//div[@class=\"project-title\"]/h2/span/text()').extract()[0]
	exceptions.IndexError: list index out of range
	
2015-09-15 10:53:33+0800 [jimuhezi4] DEBUG: Crawled (200) <GET https://www.jimubox.com/Project/Index/61737> (referer: None)
2015-09-15 10:53:33+0800 [jimuhezi4] ERROR: Spider error processing <GET https://www.jimubox.com/Project/Index/61737>
	Traceback (most recent call last):
	  File "/usr/local/lib/python2.7/dist-packages/twisted/internet/base.py", line 824, in runUntilCurrent
	    call.func(*call.args, **call.kw)
	  File "/usr/local/lib/python2.7/dist-packages/twisted/internet/task.py", line 638, in _tick
	    taskObj._oneWorkUnit()
	  File "/usr/local/lib/python2.7/dist-packages/twisted/internet/task.py", line 484, in _oneWorkUnit
	    result = next(self._iterator)
	  File "/usr/local/lib/python2.7/dist-packages/scrapy/utils/defer.py", line 57, in <genexpr>
	    work = (callable(elem, *args, **named) for elem in iterable)
	--- <exception caught here> ---
	  File "/usr/local/lib/python2.7/dist-packages/scrapy/utils/defer.py", line 96, in iter_errback
	    yield next(it)
	  File "/usr/local/lib/python2.7/dist-packages/scrapy/contrib/spidermiddleware/offsite.py", line 26, in process_spider_output
	    for x in result:
	  File "/usr/local/lib/python2.7/dist-packages/scrapy/contrib/spidermiddleware/referer.py", line 22, in <genexpr>
	    return (_set_referer(r) for r in result or ())
	  File "/usr/local/lib/python2.7/dist-packages/scrapy/contrib/spidermiddleware/urllength.py", line 33, in <genexpr>
	    return (r for r in result or () if _filter(r))
	  File "/usr/local/lib/python2.7/dist-packages/scrapy/contrib/spidermiddleware/depth.py", line 50, in <genexpr>
	    return (r for r in result or () if _filter(r))
	  File "/usr/scrapy/crawl/jimuhezi/jimuhezi/spiders/base4.py", line 79, in parse
	    name1 = sel.xpath('//div[@class=\"project-title\"]/h2/span/text()').extract()[0]
	exceptions.IndexError: list index out of range
	
2015-09-15 10:53:34+0800 [jimuhezi4] DEBUG: Crawled (200) <GET https://www.jimubox.com/Project/Index/61736> (referer: None)
2015-09-15 10:53:34+0800 [jimuhezi4] ERROR: Spider error processing <GET https://www.jimubox.com/Project/Index/61736>
	Traceback (most recent call last):
	  File "/usr/local/lib/python2.7/dist-packages/twisted/internet/base.py", line 824, in runUntilCurrent
	    call.func(*call.args, **call.kw)
	  File "/usr/local/lib/python2.7/dist-packages/twisted/internet/task.py", line 638, in _tick
	    taskObj._oneWorkUnit()
	  File "/usr/local/lib/python2.7/dist-packages/twisted/internet/task.py", line 484, in _oneWorkUnit
	    result = next(self._iterator)
	  File "/usr/local/lib/python2.7/dist-packages/scrapy/utils/defer.py", line 57, in <genexpr>
	    work = (callable(elem, *args, **named) for elem in iterable)
	--- <exception caught here> ---
	  File "/usr/local/lib/python2.7/dist-packages/scrapy/utils/defer.py", line 96, in iter_errback
	    yield next(it)
	  File "/usr/local/lib/python2.7/dist-packages/scrapy/contrib/spidermiddleware/offsite.py", line 26, in process_spider_output
	    for x in result:
	  File "/usr/local/lib/python2.7/dist-packages/scrapy/contrib/spidermiddleware/referer.py", line 22, in <genexpr>
	    return (_set_referer(r) for r in result or ())
	  File "/usr/local/lib/python2.7/dist-packages/scrapy/contrib/spidermiddleware/urllength.py", line 33, in <genexpr>
	    return (r for r in result or () if _filter(r))
	  File "/usr/local/lib/python2.7/dist-packages/scrapy/contrib/spidermiddleware/depth.py", line 50, in <genexpr>
	    return (r for r in result or () if _filter(r))
	  File "/usr/scrapy/crawl/jimuhezi/jimuhezi/spiders/base4.py", line 79, in parse
	    name1 = sel.xpath('//div[@class=\"project-title\"]/h2/span/text()').extract()[0]
	exceptions.IndexError: list index out of range
	
2015-09-15 10:53:35+0800 [jimuhezi4] DEBUG: Crawled (200) <GET https://www.jimubox.com/Project/Index/61616> (referer: None)
2015-09-15 10:53:35+0800 [jimuhezi4] ERROR: Spider error processing <GET https://www.jimubox.com/Project/Index/61616>
	Traceback (most recent call last):
	  File "/usr/local/lib/python2.7/dist-packages/twisted/internet/base.py", line 824, in runUntilCurrent
	    call.func(*call.args, **call.kw)
	  File "/usr/local/lib/python2.7/dist-packages/twisted/internet/task.py", line 638, in _tick
	    taskObj._oneWorkUnit()
	  File "/usr/local/lib/python2.7/dist-packages/twisted/internet/task.py", line 484, in _oneWorkUnit
	    result = next(self._iterator)
	  File "/usr/local/lib/python2.7/dist-packages/scrapy/utils/defer.py", line 57, in <genexpr>
	    work = (callable(elem, *args, **named) for elem in iterable)
	--- <exception caught here> ---
	  File "/usr/local/lib/python2.7/dist-packages/scrapy/utils/defer.py", line 96, in iter_errback
	    yield next(it)
	  File "/usr/local/lib/python2.7/dist-packages/scrapy/contrib/spidermiddleware/offsite.py", line 26, in process_spider_output
	    for x in result:
	  File "/usr/local/lib/python2.7/dist-packages/scrapy/contrib/spidermiddleware/referer.py", line 22, in <genexpr>
	    return (_set_referer(r) for r in result or ())
	  File "/usr/local/lib/python2.7/dist-packages/scrapy/contrib/spidermiddleware/urllength.py", line 33, in <genexpr>
	    return (r for r in result or () if _filter(r))
	  File "/usr/local/lib/python2.7/dist-packages/scrapy/contrib/spidermiddleware/depth.py", line 50, in <genexpr>
	    return (r for r in result or () if _filter(r))
	  File "/usr/scrapy/crawl/jimuhezi/jimuhezi/spiders/base4.py", line 79, in parse
	    name1 = sel.xpath('//div[@class=\"project-title\"]/h2/span/text()').extract()[0]
	exceptions.IndexError: list index out of range
	
2015-09-15 10:53:37+0800 [jimuhezi4] DEBUG: Crawled (200) <GET https://www.jimubox.com/Project/Index/61734> (referer: None)
2015-09-15 10:53:37+0800 [jimuhezi4] ERROR: Spider error processing <GET https://www.jimubox.com/Project/Index/61734>
	Traceback (most recent call last):
	  File "/usr/local/lib/python2.7/dist-packages/twisted/internet/base.py", line 824, in runUntilCurrent
	    call.func(*call.args, **call.kw)
	  File "/usr/local/lib/python2.7/dist-packages/twisted/internet/task.py", line 638, in _tick
	    taskObj._oneWorkUnit()
	  File "/usr/local/lib/python2.7/dist-packages/twisted/internet/task.py", line 484, in _oneWorkUnit
	    result = next(self._iterator)
	  File "/usr/local/lib/python2.7/dist-packages/scrapy/utils/defer.py", line 57, in <genexpr>
	    work = (callable(elem, *args, **named) for elem in iterable)
	--- <exception caught here> ---
	  File "/usr/local/lib/python2.7/dist-packages/scrapy/utils/defer.py", line 96, in iter_errback
	    yield next(it)
	  File "/usr/local/lib/python2.7/dist-packages/scrapy/contrib/spidermiddleware/offsite.py", line 26, in process_spider_output
	    for x in result:
	  File "/usr/local/lib/python2.7/dist-packages/scrapy/contrib/spidermiddleware/referer.py", line 22, in <genexpr>
	    return (_set_referer(r) for r in result or ())
	  File "/usr/local/lib/python2.7/dist-packages/scrapy/contrib/spidermiddleware/urllength.py", line 33, in <genexpr>
	    return (r for r in result or () if _filter(r))
	  File "/usr/local/lib/python2.7/dist-packages/scrapy/contrib/spidermiddleware/depth.py", line 50, in <genexpr>
	    return (r for r in result or () if _filter(r))
	  File "/usr/scrapy/crawl/jimuhezi/jimuhezi/spiders/base4.py", line 79, in parse
	    name1 = sel.xpath('//div[@class=\"project-title\"]/h2/span/text()').extract()[0]
	exceptions.IndexError: list index out of range
	
2015-09-15 10:53:38+0800 [jimuhezi4] DEBUG: Crawled (200) <GET https://www.jimubox.com/Project/Index/61610> (referer: None)
2015-09-15 10:53:38+0800 [jimuhezi4] ERROR: Spider error processing <GET https://www.jimubox.com/Project/Index/61610>
	Traceback (most recent call last):
	  File "/usr/local/lib/python2.7/dist-packages/twisted/internet/base.py", line 824, in runUntilCurrent
	    call.func(*call.args, **call.kw)
	  File "/usr/local/lib/python2.7/dist-packages/twisted/internet/task.py", line 638, in _tick
	    taskObj._oneWorkUnit()
	  File "/usr/local/lib/python2.7/dist-packages/twisted/internet/task.py", line 484, in _oneWorkUnit
	    result = next(self._iterator)
	  File "/usr/local/lib/python2.7/dist-packages/scrapy/utils/defer.py", line 57, in <genexpr>
	    work = (callable(elem, *args, **named) for elem in iterable)
	--- <exception caught here> ---
	  File "/usr/local/lib/python2.7/dist-packages/scrapy/utils/defer.py", line 96, in iter_errback
	    yield next(it)
	  File "/usr/local/lib/python2.7/dist-packages/scrapy/contrib/spidermiddleware/offsite.py", line 26, in process_spider_output
	    for x in result:
	  File "/usr/local/lib/python2.7/dist-packages/scrapy/contrib/spidermiddleware/referer.py", line 22, in <genexpr>
	    return (_set_referer(r) for r in result or ())
	  File "/usr/local/lib/python2.7/dist-packages/scrapy/contrib/spidermiddleware/urllength.py", line 33, in <genexpr>
	    return (r for r in result or () if _filter(r))
	  File "/usr/local/lib/python2.7/dist-packages/scrapy/contrib/spidermiddleware/depth.py", line 50, in <genexpr>
	    return (r for r in result or () if _filter(r))
	  File "/usr/scrapy/crawl/jimuhezi/jimuhezi/spiders/base4.py", line 79, in parse
	    name1 = sel.xpath('//div[@class=\"project-title\"]/h2/span/text()').extract()[0]
	exceptions.IndexError: list index out of range
	
2015-09-15 10:53:39+0800 [jimuhezi4] DEBUG: Crawled (200) <GET https://www.jimubox.com/Project/Index/61623> (referer: None)
2015-09-15 10:53:39+0800 [jimuhezi4] ERROR: Spider error processing <GET https://www.jimubox.com/Project/Index/61623>
	Traceback (most recent call last):
	  File "/usr/local/lib/python2.7/dist-packages/twisted/internet/base.py", line 824, in runUntilCurrent
	    call.func(*call.args, **call.kw)
	  File "/usr/local/lib/python2.7/dist-packages/twisted/internet/task.py", line 638, in _tick
	    taskObj._oneWorkUnit()
	  File "/usr/local/lib/python2.7/dist-packages/twisted/internet/task.py", line 484, in _oneWorkUnit
	    result = next(self._iterator)
	  File "/usr/local/lib/python2.7/dist-packages/scrapy/utils/defer.py", line 57, in <genexpr>
	    work = (callable(elem, *args, **named) for elem in iterable)
	--- <exception caught here> ---
	  File "/usr/local/lib/python2.7/dist-packages/scrapy/utils/defer.py", line 96, in iter_errback
	    yield next(it)
	  File "/usr/local/lib/python2.7/dist-packages/scrapy/contrib/spidermiddleware/offsite.py", line 26, in process_spider_output
	    for x in result:
	  File "/usr/local/lib/python2.7/dist-packages/scrapy/contrib/spidermiddleware/referer.py", line 22, in <genexpr>
	    return (_set_referer(r) for r in result or ())
	  File "/usr/local/lib/python2.7/dist-packages/scrapy/contrib/spidermiddleware/urllength.py", line 33, in <genexpr>
	    return (r for r in result or () if _filter(r))
	  File "/usr/local/lib/python2.7/dist-packages/scrapy/contrib/spidermiddleware/depth.py", line 50, in <genexpr>
	    return (r for r in result or () if _filter(r))
	  File "/usr/scrapy/crawl/jimuhezi/jimuhezi/spiders/base4.py", line 79, in parse
	    name1 = sel.xpath('//div[@class=\"project-title\"]/h2/span/text()').extract()[0]
	exceptions.IndexError: list index out of range
	
2015-09-15 10:53:40+0800 [jimuhezi4] DEBUG: Crawled (200) <GET https://www.jimubox.com/Project/Index/61612> (referer: None)
2015-09-15 10:53:40+0800 [jimuhezi4] ERROR: Spider error processing <GET https://www.jimubox.com/Project/Index/61612>
	Traceback (most recent call last):
	  File "/usr/local/lib/python2.7/dist-packages/twisted/internet/base.py", line 824, in runUntilCurrent
	    call.func(*call.args, **call.kw)
	  File "/usr/local/lib/python2.7/dist-packages/twisted/internet/task.py", line 638, in _tick
	    taskObj._oneWorkUnit()
	  File "/usr/local/lib/python2.7/dist-packages/twisted/internet/task.py", line 484, in _oneWorkUnit
	    result = next(self._iterator)
	  File "/usr/local/lib/python2.7/dist-packages/scrapy/utils/defer.py", line 57, in <genexpr>
	    work = (callable(elem, *args, **named) for elem in iterable)
	--- <exception caught here> ---
	  File "/usr/local/lib/python2.7/dist-packages/scrapy/utils/defer.py", line 96, in iter_errback
	    yield next(it)
	  File "/usr/local/lib/python2.7/dist-packages/scrapy/contrib/spidermiddleware/offsite.py", line 26, in process_spider_output
	    for x in result:
	  File "/usr/local/lib/python2.7/dist-packages/scrapy/contrib/spidermiddleware/referer.py", line 22, in <genexpr>
	    return (_set_referer(r) for r in result or ())
	  File "/usr/local/lib/python2.7/dist-packages/scrapy/contrib/spidermiddleware/urllength.py", line 33, in <genexpr>
	    return (r for r in result or () if _filter(r))
	  File "/usr/local/lib/python2.7/dist-packages/scrapy/contrib/spidermiddleware/depth.py", line 50, in <genexpr>
	    return (r for r in result or () if _filter(r))
	  File "/usr/scrapy/crawl/jimuhezi/jimuhezi/spiders/base4.py", line 79, in parse
	    name1 = sel.xpath('//div[@class=\"project-title\"]/h2/span/text()').extract()[0]
	exceptions.IndexError: list index out of range
	
2015-09-15 10:53:41+0800 [jimuhezi4] DEBUG: Crawled (200) <GET https://www.jimubox.com/Project/Index/61613> (referer: None)
2015-09-15 10:53:41+0800 [jimuhezi4] ERROR: Spider error processing <GET https://www.jimubox.com/Project/Index/61613>
	Traceback (most recent call last):
	  File "/usr/local/lib/python2.7/dist-packages/twisted/internet/base.py", line 824, in runUntilCurrent
	    call.func(*call.args, **call.kw)
	  File "/usr/local/lib/python2.7/dist-packages/twisted/internet/task.py", line 638, in _tick
	    taskObj._oneWorkUnit()
	  File "/usr/local/lib/python2.7/dist-packages/twisted/internet/task.py", line 484, in _oneWorkUnit
	    result = next(self._iterator)
	  File "/usr/local/lib/python2.7/dist-packages/scrapy/utils/defer.py", line 57, in <genexpr>
	    work = (callable(elem, *args, **named) for elem in iterable)
	--- <exception caught here> ---
	  File "/usr/local/lib/python2.7/dist-packages/scrapy/utils/defer.py", line 96, in iter_errback
	    yield next(it)
	  File "/usr/local/lib/python2.7/dist-packages/scrapy/contrib/spidermiddleware/offsite.py", line 26, in process_spider_output
	    for x in result:
	  File "/usr/local/lib/python2.7/dist-packages/scrapy/contrib/spidermiddleware/referer.py", line 22, in <genexpr>
	    return (_set_referer(r) for r in result or ())
	  File "/usr/local/lib/python2.7/dist-packages/scrapy/contrib/spidermiddleware/urllength.py", line 33, in <genexpr>
	    return (r for r in result or () if _filter(r))
	  File "/usr/local/lib/python2.7/dist-packages/scrapy/contrib/spidermiddleware/depth.py", line 50, in <genexpr>
	    return (r for r in result or () if _filter(r))
	  File "/usr/scrapy/crawl/jimuhezi/jimuhezi/spiders/base4.py", line 79, in parse
	    name1 = sel.xpath('//div[@class=\"project-title\"]/h2/span/text()').extract()[0]
	exceptions.IndexError: list index out of range
	
2015-09-15 10:53:42+0800 [jimuhezi4] DEBUG: Crawled (200) <GET https://www.jimubox.com/Project/Index/59792> (referer: None)
2015-09-15 10:53:42+0800 [jimuhezi4] ERROR: Spider error processing <GET https://www.jimubox.com/Project/Index/59792>
	Traceback (most recent call last):
	  File "/usr/local/lib/python2.7/dist-packages/twisted/internet/base.py", line 824, in runUntilCurrent
	    call.func(*call.args, **call.kw)
	  File "/usr/local/lib/python2.7/dist-packages/twisted/internet/task.py", line 638, in _tick
	    taskObj._oneWorkUnit()
	  File "/usr/local/lib/python2.7/dist-packages/twisted/internet/task.py", line 484, in _oneWorkUnit
	    result = next(self._iterator)
	  File "/usr/local/lib/python2.7/dist-packages/scrapy/utils/defer.py", line 57, in <genexpr>
	    work = (callable(elem, *args, **named) for elem in iterable)
	--- <exception caught here> ---
	  File "/usr/local/lib/python2.7/dist-packages/scrapy/utils/defer.py", line 96, in iter_errback
	    yield next(it)
	  File "/usr/local/lib/python2.7/dist-packages/scrapy/contrib/spidermiddleware/offsite.py", line 26, in process_spider_output
	    for x in result:
	  File "/usr/local/lib/python2.7/dist-packages/scrapy/contrib/spidermiddleware/referer.py", line 22, in <genexpr>
	    return (_set_referer(r) for r in result or ())
	  File "/usr/local/lib/python2.7/dist-packages/scrapy/contrib/spidermiddleware/urllength.py", line 33, in <genexpr>
	    return (r for r in result or () if _filter(r))
	  File "/usr/local/lib/python2.7/dist-packages/scrapy/contrib/spidermiddleware/depth.py", line 50, in <genexpr>
	    return (r for r in result or () if _filter(r))
	  File "/usr/scrapy/crawl/jimuhezi/jimuhezi/spiders/base4.py", line 79, in parse
	    name1 = sel.xpath('//div[@class=\"project-title\"]/h2/span/text()').extract()[0]
	exceptions.IndexError: list index out of range
	
2015-09-15 10:53:44+0800 [jimuhezi4] DEBUG: Crawled (200) <GET https://www.jimubox.com/Project/Index/61622> (referer: None)
2015-09-15 10:53:44+0800 [jimuhezi4] ERROR: Spider error processing <GET https://www.jimubox.com/Project/Index/61622>
	Traceback (most recent call last):
	  File "/usr/local/lib/python2.7/dist-packages/twisted/internet/base.py", line 824, in runUntilCurrent
	    call.func(*call.args, **call.kw)
	  File "/usr/local/lib/python2.7/dist-packages/twisted/internet/task.py", line 638, in _tick
	    taskObj._oneWorkUnit()
	  File "/usr/local/lib/python2.7/dist-packages/twisted/internet/task.py", line 484, in _oneWorkUnit
	    result = next(self._iterator)
	  File "/usr/local/lib/python2.7/dist-packages/scrapy/utils/defer.py", line 57, in <genexpr>
	    work = (callable(elem, *args, **named) for elem in iterable)
	--- <exception caught here> ---
	  File "/usr/local/lib/python2.7/dist-packages/scrapy/utils/defer.py", line 96, in iter_errback
	    yield next(it)
	  File "/usr/local/lib/python2.7/dist-packages/scrapy/contrib/spidermiddleware/offsite.py", line 26, in process_spider_output
	    for x in result:
	  File "/usr/local/lib/python2.7/dist-packages/scrapy/contrib/spidermiddleware/referer.py", line 22, in <genexpr>
	    return (_set_referer(r) for r in result or ())
	  File "/usr/local/lib/python2.7/dist-packages/scrapy/contrib/spidermiddleware/urllength.py", line 33, in <genexpr>
	    return (r for r in result or () if _filter(r))
	  File "/usr/local/lib/python2.7/dist-packages/scrapy/contrib/spidermiddleware/depth.py", line 50, in <genexpr>
	    return (r for r in result or () if _filter(r))
	  File "/usr/scrapy/crawl/jimuhezi/jimuhezi/spiders/base4.py", line 79, in parse
	    name1 = sel.xpath('//div[@class=\"project-title\"]/h2/span/text()').extract()[0]
	exceptions.IndexError: list index out of range
	
2015-09-15 10:53:45+0800 [jimuhezi4] DEBUG: Crawled (200) <GET https://www.jimubox.com/Project/Index/61614> (referer: None)
2015-09-15 10:53:45+0800 [jimuhezi4] ERROR: Spider error processing <GET https://www.jimubox.com/Project/Index/61614>
	Traceback (most recent call last):
	  File "/usr/local/lib/python2.7/dist-packages/twisted/internet/base.py", line 824, in runUntilCurrent
	    call.func(*call.args, **call.kw)
	  File "/usr/local/lib/python2.7/dist-packages/twisted/internet/task.py", line 638, in _tick
	    taskObj._oneWorkUnit()
	  File "/usr/local/lib/python2.7/dist-packages/twisted/internet/task.py", line 484, in _oneWorkUnit
	    result = next(self._iterator)
	  File "/usr/local/lib/python2.7/dist-packages/scrapy/utils/defer.py", line 57, in <genexpr>
	    work = (callable(elem, *args, **named) for elem in iterable)
	--- <exception caught here> ---
	  File "/usr/local/lib/python2.7/dist-packages/scrapy/utils/defer.py", line 96, in iter_errback
	    yield next(it)
	  File "/usr/local/lib/python2.7/dist-packages/scrapy/contrib/spidermiddleware/offsite.py", line 26, in process_spider_output
	    for x in result:
	  File "/usr/local/lib/python2.7/dist-packages/scrapy/contrib/spidermiddleware/referer.py", line 22, in <genexpr>
	    return (_set_referer(r) for r in result or ())
	  File "/usr/local/lib/python2.7/dist-packages/scrapy/contrib/spidermiddleware/urllength.py", line 33, in <genexpr>
	    return (r for r in result or () if _filter(r))
	  File "/usr/local/lib/python2.7/dist-packages/scrapy/contrib/spidermiddleware/depth.py", line 50, in <genexpr>
	    return (r for r in result or () if _filter(r))
	  File "/usr/scrapy/crawl/jimuhezi/jimuhezi/spiders/base4.py", line 79, in parse
	    name1 = sel.xpath('//div[@class=\"project-title\"]/h2/span/text()').extract()[0]
	exceptions.IndexError: list index out of range
	
2015-09-15 10:53:46+0800 [jimuhezi4] DEBUG: Crawled (200) <GET https://www.jimubox.com/Project/Index/61615> (referer: None)
2015-09-15 10:53:46+0800 [jimuhezi4] ERROR: Spider error processing <GET https://www.jimubox.com/Project/Index/61615>
	Traceback (most recent call last):
	  File "/usr/local/lib/python2.7/dist-packages/twisted/internet/base.py", line 824, in runUntilCurrent
	    call.func(*call.args, **call.kw)
	  File "/usr/local/lib/python2.7/dist-packages/twisted/internet/task.py", line 638, in _tick
	    taskObj._oneWorkUnit()
	  File "/usr/local/lib/python2.7/dist-packages/twisted/internet/task.py", line 484, in _oneWorkUnit
	    result = next(self._iterator)
	  File "/usr/local/lib/python2.7/dist-packages/scrapy/utils/defer.py", line 57, in <genexpr>
	    work = (callable(elem, *args, **named) for elem in iterable)
	--- <exception caught here> ---
	  File "/usr/local/lib/python2.7/dist-packages/scrapy/utils/defer.py", line 96, in iter_errback
	    yield next(it)
	  File "/usr/local/lib/python2.7/dist-packages/scrapy/contrib/spidermiddleware/offsite.py", line 26, in process_spider_output
	    for x in result:
	  File "/usr/local/lib/python2.7/dist-packages/scrapy/contrib/spidermiddleware/referer.py", line 22, in <genexpr>
	    return (_set_referer(r) for r in result or ())
	  File "/usr/local/lib/python2.7/dist-packages/scrapy/contrib/spidermiddleware/urllength.py", line 33, in <genexpr>
	    return (r for r in result or () if _filter(r))
	  File "/usr/local/lib/python2.7/dist-packages/scrapy/contrib/spidermiddleware/depth.py", line 50, in <genexpr>
	    return (r for r in result or () if _filter(r))
	  File "/usr/scrapy/crawl/jimuhezi/jimuhezi/spiders/base4.py", line 79, in parse
	    name1 = sel.xpath('//div[@class=\"project-title\"]/h2/span/text()').extract()[0]
	exceptions.IndexError: list index out of range
	
2015-09-15 10:53:47+0800 [jimuhezi4] DEBUG: Crawled (200) <GET https://www.jimubox.com/Project/Index/61606> (referer: None)
2015-09-15 10:53:47+0800 [jimuhezi4] ERROR: Spider error processing <GET https://www.jimubox.com/Project/Index/61606>
	Traceback (most recent call last):
	  File "/usr/local/lib/python2.7/dist-packages/twisted/internet/base.py", line 824, in runUntilCurrent
	    call.func(*call.args, **call.kw)
	  File "/usr/local/lib/python2.7/dist-packages/twisted/internet/task.py", line 638, in _tick
	    taskObj._oneWorkUnit()
	  File "/usr/local/lib/python2.7/dist-packages/twisted/internet/task.py", line 484, in _oneWorkUnit
	    result = next(self._iterator)
	  File "/usr/local/lib/python2.7/dist-packages/scrapy/utils/defer.py", line 57, in <genexpr>
	    work = (callable(elem, *args, **named) for elem in iterable)
	--- <exception caught here> ---
	  File "/usr/local/lib/python2.7/dist-packages/scrapy/utils/defer.py", line 96, in iter_errback
	    yield next(it)
	  File "/usr/local/lib/python2.7/dist-packages/scrapy/contrib/spidermiddleware/offsite.py", line 26, in process_spider_output
	    for x in result:
	  File "/usr/local/lib/python2.7/dist-packages/scrapy/contrib/spidermiddleware/referer.py", line 22, in <genexpr>
	    return (_set_referer(r) for r in result or ())
	  File "/usr/local/lib/python2.7/dist-packages/scrapy/contrib/spidermiddleware/urllength.py", line 33, in <genexpr>
	    return (r for r in result or () if _filter(r))
	  File "/usr/local/lib/python2.7/dist-packages/scrapy/contrib/spidermiddleware/depth.py", line 50, in <genexpr>
	    return (r for r in result or () if _filter(r))
	  File "/usr/scrapy/crawl/jimuhezi/jimuhezi/spiders/base4.py", line 79, in parse
	    name1 = sel.xpath('//div[@class=\"project-title\"]/h2/span/text()').extract()[0]
	exceptions.IndexError: list index out of range
	
2015-09-15 10:53:48+0800 [jimuhezi4] DEBUG: Crawled (200) <GET https://www.jimubox.com/Project/Index/61611> (referer: None)
2015-09-15 10:53:48+0800 [jimuhezi4] ERROR: Spider error processing <GET https://www.jimubox.com/Project/Index/61611>
	Traceback (most recent call last):
	  File "/usr/local/lib/python2.7/dist-packages/twisted/internet/base.py", line 824, in runUntilCurrent
	    call.func(*call.args, **call.kw)
	  File "/usr/local/lib/python2.7/dist-packages/twisted/internet/task.py", line 638, in _tick
	    taskObj._oneWorkUnit()
	  File "/usr/local/lib/python2.7/dist-packages/twisted/internet/task.py", line 484, in _oneWorkUnit
	    result = next(self._iterator)
	  File "/usr/local/lib/python2.7/dist-packages/scrapy/utils/defer.py", line 57, in <genexpr>
	    work = (callable(elem, *args, **named) for elem in iterable)
	--- <exception caught here> ---
	  File "/usr/local/lib/python2.7/dist-packages/scrapy/utils/defer.py", line 96, in iter_errback
	    yield next(it)
	  File "/usr/local/lib/python2.7/dist-packages/scrapy/contrib/spidermiddleware/offsite.py", line 26, in process_spider_output
	    for x in result:
	  File "/usr/local/lib/python2.7/dist-packages/scrapy/contrib/spidermiddleware/referer.py", line 22, in <genexpr>
	    return (_set_referer(r) for r in result or ())
	  File "/usr/local/lib/python2.7/dist-packages/scrapy/contrib/spidermiddleware/urllength.py", line 33, in <genexpr>
	    return (r for r in result or () if _filter(r))
	  File "/usr/local/lib/python2.7/dist-packages/scrapy/contrib/spidermiddleware/depth.py", line 50, in <genexpr>
	    return (r for r in result or () if _filter(r))
	  File "/usr/scrapy/crawl/jimuhezi/jimuhezi/spiders/base4.py", line 79, in parse
	    name1 = sel.xpath('//div[@class=\"project-title\"]/h2/span/text()').extract()[0]
	exceptions.IndexError: list index out of range
	
2015-09-15 10:53:49+0800 [jimuhezi4] DEBUG: Crawled (200) <GET https://www.jimubox.com/Project/Index/61735> (referer: None)
2015-09-15 10:53:49+0800 [jimuhezi4] ERROR: Spider error processing <GET https://www.jimubox.com/Project/Index/61735>
	Traceback (most recent call last):
	  File "/usr/local/lib/python2.7/dist-packages/twisted/internet/base.py", line 824, in runUntilCurrent
	    call.func(*call.args, **call.kw)
	  File "/usr/local/lib/python2.7/dist-packages/twisted/internet/task.py", line 638, in _tick
	    taskObj._oneWorkUnit()
	  File "/usr/local/lib/python2.7/dist-packages/twisted/internet/task.py", line 484, in _oneWorkUnit
	    result = next(self._iterator)
	  File "/usr/local/lib/python2.7/dist-packages/scrapy/utils/defer.py", line 57, in <genexpr>
	    work = (callable(elem, *args, **named) for elem in iterable)
	--- <exception caught here> ---
	  File "/usr/local/lib/python2.7/dist-packages/scrapy/utils/defer.py", line 96, in iter_errback
	    yield next(it)
	  File "/usr/local/lib/python2.7/dist-packages/scrapy/contrib/spidermiddleware/offsite.py", line 26, in process_spider_output
	    for x in result:
	  File "/usr/local/lib/python2.7/dist-packages/scrapy/contrib/spidermiddleware/referer.py", line 22, in <genexpr>
	    return (_set_referer(r) for r in result or ())
	  File "/usr/local/lib/python2.7/dist-packages/scrapy/contrib/spidermiddleware/urllength.py", line 33, in <genexpr>
	    return (r for r in result or () if _filter(r))
	  File "/usr/local/lib/python2.7/dist-packages/scrapy/contrib/spidermiddleware/depth.py", line 50, in <genexpr>
	    return (r for r in result or () if _filter(r))
	  File "/usr/scrapy/crawl/jimuhezi/jimuhezi/spiders/base4.py", line 79, in parse
	    name1 = sel.xpath('//div[@class=\"project-title\"]/h2/span/text()').extract()[0]
	exceptions.IndexError: list index out of range
	
2015-09-15 10:53:51+0800 [jimuhezi4] DEBUG: Crawled (200) <GET https://www.jimubox.com/Project/Index/61621> (referer: None)
2015-09-15 10:53:51+0800 [jimuhezi4] ERROR: Spider error processing <GET https://www.jimubox.com/Project/Index/61621>
	Traceback (most recent call last):
	  File "/usr/local/lib/python2.7/dist-packages/twisted/internet/base.py", line 824, in runUntilCurrent
	    call.func(*call.args, **call.kw)
	  File "/usr/local/lib/python2.7/dist-packages/twisted/internet/task.py", line 638, in _tick
	    taskObj._oneWorkUnit()
	  File "/usr/local/lib/python2.7/dist-packages/twisted/internet/task.py", line 484, in _oneWorkUnit
	    result = next(self._iterator)
	  File "/usr/local/lib/python2.7/dist-packages/scrapy/utils/defer.py", line 57, in <genexpr>
	    work = (callable(elem, *args, **named) for elem in iterable)
	--- <exception caught here> ---
	  File "/usr/local/lib/python2.7/dist-packages/scrapy/utils/defer.py", line 96, in iter_errback
	    yield next(it)
	  File "/usr/local/lib/python2.7/dist-packages/scrapy/contrib/spidermiddleware/offsite.py", line 26, in process_spider_output
	    for x in result:
	  File "/usr/local/lib/python2.7/dist-packages/scrapy/contrib/spidermiddleware/referer.py", line 22, in <genexpr>
	    return (_set_referer(r) for r in result or ())
	  File "/usr/local/lib/python2.7/dist-packages/scrapy/contrib/spidermiddleware/urllength.py", line 33, in <genexpr>
	    return (r for r in result or () if _filter(r))
	  File "/usr/local/lib/python2.7/dist-packages/scrapy/contrib/spidermiddleware/depth.py", line 50, in <genexpr>
	    return (r for r in result or () if _filter(r))
	  File "/usr/scrapy/crawl/jimuhezi/jimuhezi/spiders/base4.py", line 79, in parse
	    name1 = sel.xpath('//div[@class=\"project-title\"]/h2/span/text()').extract()[0]
	exceptions.IndexError: list index out of range
	
2015-09-15 10:53:53+0800 [jimuhezi4] DEBUG: Crawled (200) <GET https://www.jimubox.com/Project/Index/61748> (referer: None)
2015-09-15 10:53:53+0800 [jimuhezi4] ERROR: Spider error processing <GET https://www.jimubox.com/Project/Index/61748>
	Traceback (most recent call last):
	  File "/usr/local/lib/python2.7/dist-packages/twisted/internet/base.py", line 824, in runUntilCurrent
	    call.func(*call.args, **call.kw)
	  File "/usr/local/lib/python2.7/dist-packages/twisted/internet/task.py", line 638, in _tick
	    taskObj._oneWorkUnit()
	  File "/usr/local/lib/python2.7/dist-packages/twisted/internet/task.py", line 484, in _oneWorkUnit
	    result = next(self._iterator)
	  File "/usr/local/lib/python2.7/dist-packages/scrapy/utils/defer.py", line 57, in <genexpr>
	    work = (callable(elem, *args, **named) for elem in iterable)
	--- <exception caught here> ---
	  File "/usr/local/lib/python2.7/dist-packages/scrapy/utils/defer.py", line 96, in iter_errback
	    yield next(it)
	  File "/usr/local/lib/python2.7/dist-packages/scrapy/contrib/spidermiddleware/offsite.py", line 26, in process_spider_output
	    for x in result:
	  File "/usr/local/lib/python2.7/dist-packages/scrapy/contrib/spidermiddleware/referer.py", line 22, in <genexpr>
	    return (_set_referer(r) for r in result or ())
	  File "/usr/local/lib/python2.7/dist-packages/scrapy/contrib/spidermiddleware/urllength.py", line 33, in <genexpr>
	    return (r for r in result or () if _filter(r))
	  File "/usr/local/lib/python2.7/dist-packages/scrapy/contrib/spidermiddleware/depth.py", line 50, in <genexpr>
	    return (r for r in result or () if _filter(r))
	  File "/usr/scrapy/crawl/jimuhezi/jimuhezi/spiders/base4.py", line 79, in parse
	    name1 = sel.xpath('//div[@class=\"project-title\"]/h2/span/text()').extract()[0]
	exceptions.IndexError: list index out of range
	
2015-09-15 10:53:54+0800 [jimuhezi4] DEBUG: Crawled (200) <GET https://www.jimubox.com/Project/Index/61617> (referer: None)
2015-09-15 10:53:54+0800 [jimuhezi4] ERROR: Spider error processing <GET https://www.jimubox.com/Project/Index/61617>
	Traceback (most recent call last):
	  File "/usr/local/lib/python2.7/dist-packages/twisted/internet/base.py", line 824, in runUntilCurrent
	    call.func(*call.args, **call.kw)
	  File "/usr/local/lib/python2.7/dist-packages/twisted/internet/task.py", line 638, in _tick
	    taskObj._oneWorkUnit()
	  File "/usr/local/lib/python2.7/dist-packages/twisted/internet/task.py", line 484, in _oneWorkUnit
	    result = next(self._iterator)
	  File "/usr/local/lib/python2.7/dist-packages/scrapy/utils/defer.py", line 57, in <genexpr>
	    work = (callable(elem, *args, **named) for elem in iterable)
	--- <exception caught here> ---
	  File "/usr/local/lib/python2.7/dist-packages/scrapy/utils/defer.py", line 96, in iter_errback
	    yield next(it)
	  File "/usr/local/lib/python2.7/dist-packages/scrapy/contrib/spidermiddleware/offsite.py", line 26, in process_spider_output
	    for x in result:
	  File "/usr/local/lib/python2.7/dist-packages/scrapy/contrib/spidermiddleware/referer.py", line 22, in <genexpr>
	    return (_set_referer(r) for r in result or ())
	  File "/usr/local/lib/python2.7/dist-packages/scrapy/contrib/spidermiddleware/urllength.py", line 33, in <genexpr>
	    return (r for r in result or () if _filter(r))
	  File "/usr/local/lib/python2.7/dist-packages/scrapy/contrib/spidermiddleware/depth.py", line 50, in <genexpr>
	    return (r for r in result or () if _filter(r))
	  File "/usr/scrapy/crawl/jimuhezi/jimuhezi/spiders/base4.py", line 79, in parse
	    name1 = sel.xpath('//div[@class=\"project-title\"]/h2/span/text()').extract()[0]
	exceptions.IndexError: list index out of range
	
2015-09-15 10:53:55+0800 [jimuhezi4] DEBUG: Crawled (200) <GET https://www.jimubox.com/Project/Index/61625> (referer: None)
2015-09-15 10:53:55+0800 [jimuhezi4] ERROR: Spider error processing <GET https://www.jimubox.com/Project/Index/61625>
	Traceback (most recent call last):
	  File "/usr/local/lib/python2.7/dist-packages/twisted/internet/base.py", line 824, in runUntilCurrent
	    call.func(*call.args, **call.kw)
	  File "/usr/local/lib/python2.7/dist-packages/twisted/internet/task.py", line 638, in _tick
	    taskObj._oneWorkUnit()
	  File "/usr/local/lib/python2.7/dist-packages/twisted/internet/task.py", line 484, in _oneWorkUnit
	    result = next(self._iterator)
	  File "/usr/local/lib/python2.7/dist-packages/scrapy/utils/defer.py", line 57, in <genexpr>
	    work = (callable(elem, *args, **named) for elem in iterable)
	--- <exception caught here> ---
	  File "/usr/local/lib/python2.7/dist-packages/scrapy/utils/defer.py", line 96, in iter_errback
	    yield next(it)
	  File "/usr/local/lib/python2.7/dist-packages/scrapy/contrib/spidermiddleware/offsite.py", line 26, in process_spider_output
	    for x in result:
	  File "/usr/local/lib/python2.7/dist-packages/scrapy/contrib/spidermiddleware/referer.py", line 22, in <genexpr>
	    return (_set_referer(r) for r in result or ())
	  File "/usr/local/lib/python2.7/dist-packages/scrapy/contrib/spidermiddleware/urllength.py", line 33, in <genexpr>
	    return (r for r in result or () if _filter(r))
	  File "/usr/local/lib/python2.7/dist-packages/scrapy/contrib/spidermiddleware/depth.py", line 50, in <genexpr>
	    return (r for r in result or () if _filter(r))
	  File "/usr/scrapy/crawl/jimuhezi/jimuhezi/spiders/base4.py", line 79, in parse
	    name1 = sel.xpath('//div[@class=\"project-title\"]/h2/span/text()').extract()[0]
	exceptions.IndexError: list index out of range
	
2015-09-15 10:53:56+0800 [jimuhezi4] DEBUG: Crawled (200) <GET https://www.jimubox.com/Project/Index/61624> (referer: None)
2015-09-15 10:53:56+0800 [jimuhezi4] ERROR: Spider error processing <GET https://www.jimubox.com/Project/Index/61624>
	Traceback (most recent call last):
	  File "/usr/local/lib/python2.7/dist-packages/twisted/internet/base.py", line 824, in runUntilCurrent
	    call.func(*call.args, **call.kw)
	  File "/usr/local/lib/python2.7/dist-packages/twisted/internet/task.py", line 638, in _tick
	    taskObj._oneWorkUnit()
	  File "/usr/local/lib/python2.7/dist-packages/twisted/internet/task.py", line 484, in _oneWorkUnit
	    result = next(self._iterator)
	  File "/usr/local/lib/python2.7/dist-packages/scrapy/utils/defer.py", line 57, in <genexpr>
	    work = (callable(elem, *args, **named) for elem in iterable)
	--- <exception caught here> ---
	  File "/usr/local/lib/python2.7/dist-packages/scrapy/utils/defer.py", line 96, in iter_errback
	    yield next(it)
	  File "/usr/local/lib/python2.7/dist-packages/scrapy/contrib/spidermiddleware/offsite.py", line 26, in process_spider_output
	    for x in result:
	  File "/usr/local/lib/python2.7/dist-packages/scrapy/contrib/spidermiddleware/referer.py", line 22, in <genexpr>
	    return (_set_referer(r) for r in result or ())
	  File "/usr/local/lib/python2.7/dist-packages/scrapy/contrib/spidermiddleware/urllength.py", line 33, in <genexpr>
	    return (r for r in result or () if _filter(r))
	  File "/usr/local/lib/python2.7/dist-packages/scrapy/contrib/spidermiddleware/depth.py", line 50, in <genexpr>
	    return (r for r in result or () if _filter(r))
	  File "/usr/scrapy/crawl/jimuhezi/jimuhezi/spiders/base4.py", line 79, in parse
	    name1 = sel.xpath('//div[@class=\"project-title\"]/h2/span/text()').extract()[0]
	exceptions.IndexError: list index out of range
	
2015-09-15 10:53:57+0800 [jimuhezi4] DEBUG: Crawled (200) <GET https://www.jimubox.com/Project/Index/61609> (referer: None)
2015-09-15 10:53:57+0800 [jimuhezi4] ERROR: Spider error processing <GET https://www.jimubox.com/Project/Index/61609>
	Traceback (most recent call last):
	  File "/usr/local/lib/python2.7/dist-packages/twisted/internet/base.py", line 824, in runUntilCurrent
	    call.func(*call.args, **call.kw)
	  File "/usr/local/lib/python2.7/dist-packages/twisted/internet/task.py", line 638, in _tick
	    taskObj._oneWorkUnit()
	  File "/usr/local/lib/python2.7/dist-packages/twisted/internet/task.py", line 484, in _oneWorkUnit
	    result = next(self._iterator)
	  File "/usr/local/lib/python2.7/dist-packages/scrapy/utils/defer.py", line 57, in <genexpr>
	    work = (callable(elem, *args, **named) for elem in iterable)
	--- <exception caught here> ---
	  File "/usr/local/lib/python2.7/dist-packages/scrapy/utils/defer.py", line 96, in iter_errback
	    yield next(it)
	  File "/usr/local/lib/python2.7/dist-packages/scrapy/contrib/spidermiddleware/offsite.py", line 26, in process_spider_output
	    for x in result:
	  File "/usr/local/lib/python2.7/dist-packages/scrapy/contrib/spidermiddleware/referer.py", line 22, in <genexpr>
	    return (_set_referer(r) for r in result or ())
	  File "/usr/local/lib/python2.7/dist-packages/scrapy/contrib/spidermiddleware/urllength.py", line 33, in <genexpr>
	    return (r for r in result or () if _filter(r))
	  File "/usr/local/lib/python2.7/dist-packages/scrapy/contrib/spidermiddleware/depth.py", line 50, in <genexpr>
	    return (r for r in result or () if _filter(r))
	  File "/usr/scrapy/crawl/jimuhezi/jimuhezi/spiders/base4.py", line 79, in parse
	    name1 = sel.xpath('//div[@class=\"project-title\"]/h2/span/text()').extract()[0]
	exceptions.IndexError: list index out of range
	
2015-09-15 10:53:58+0800 [jimuhezi4] DEBUG: Crawled (200) <GET https://www.jimubox.com/Project/Index/61608> (referer: None)
2015-09-15 10:53:58+0800 [jimuhezi4] ERROR: Spider error processing <GET https://www.jimubox.com/Project/Index/61608>
	Traceback (most recent call last):
	  File "/usr/local/lib/python2.7/dist-packages/twisted/internet/base.py", line 824, in runUntilCurrent
	    call.func(*call.args, **call.kw)
	  File "/usr/local/lib/python2.7/dist-packages/twisted/internet/task.py", line 638, in _tick
	    taskObj._oneWorkUnit()
	  File "/usr/local/lib/python2.7/dist-packages/twisted/internet/task.py", line 484, in _oneWorkUnit
	    result = next(self._iterator)
	  File "/usr/local/lib/python2.7/dist-packages/scrapy/utils/defer.py", line 57, in <genexpr>
	    work = (callable(elem, *args, **named) for elem in iterable)
	--- <exception caught here> ---
	  File "/usr/local/lib/python2.7/dist-packages/scrapy/utils/defer.py", line 96, in iter_errback
	    yield next(it)
	  File "/usr/local/lib/python2.7/dist-packages/scrapy/contrib/spidermiddleware/offsite.py", line 26, in process_spider_output
	    for x in result:
	  File "/usr/local/lib/python2.7/dist-packages/scrapy/contrib/spidermiddleware/referer.py", line 22, in <genexpr>
	    return (_set_referer(r) for r in result or ())
	  File "/usr/local/lib/python2.7/dist-packages/scrapy/contrib/spidermiddleware/urllength.py", line 33, in <genexpr>
	    return (r for r in result or () if _filter(r))
	  File "/usr/local/lib/python2.7/dist-packages/scrapy/contrib/spidermiddleware/depth.py", line 50, in <genexpr>
	    return (r for r in result or () if _filter(r))
	  File "/usr/scrapy/crawl/jimuhezi/jimuhezi/spiders/base4.py", line 79, in parse
	    name1 = sel.xpath('//div[@class=\"project-title\"]/h2/span/text()').extract()[0]
	exceptions.IndexError: list index out of range
	
2015-09-15 10:54:00+0800 [jimuhezi4] DEBUG: Crawled (200) <GET https://www.jimubox.com/Project/Index/61607> (referer: None)
2015-09-15 10:54:00+0800 [jimuhezi4] ERROR: Spider error processing <GET https://www.jimubox.com/Project/Index/61607>
	Traceback (most recent call last):
	  File "/usr/local/lib/python2.7/dist-packages/twisted/internet/base.py", line 824, in runUntilCurrent
	    call.func(*call.args, **call.kw)
	  File "/usr/local/lib/python2.7/dist-packages/twisted/internet/task.py", line 638, in _tick
	    taskObj._oneWorkUnit()
	  File "/usr/local/lib/python2.7/dist-packages/twisted/internet/task.py", line 484, in _oneWorkUnit
	    result = next(self._iterator)
	  File "/usr/local/lib/python2.7/dist-packages/scrapy/utils/defer.py", line 57, in <genexpr>
	    work = (callable(elem, *args, **named) for elem in iterable)
	--- <exception caught here> ---
	  File "/usr/local/lib/python2.7/dist-packages/scrapy/utils/defer.py", line 96, in iter_errback
	    yield next(it)
	  File "/usr/local/lib/python2.7/dist-packages/scrapy/contrib/spidermiddleware/offsite.py", line 26, in process_spider_output
	    for x in result:
	  File "/usr/local/lib/python2.7/dist-packages/scrapy/contrib/spidermiddleware/referer.py", line 22, in <genexpr>
	    return (_set_referer(r) for r in result or ())
	  File "/usr/local/lib/python2.7/dist-packages/scrapy/contrib/spidermiddleware/urllength.py", line 33, in <genexpr>
	    return (r for r in result or () if _filter(r))
	  File "/usr/local/lib/python2.7/dist-packages/scrapy/contrib/spidermiddleware/depth.py", line 50, in <genexpr>
	    return (r for r in result or () if _filter(r))
	  File "/usr/scrapy/crawl/jimuhezi/jimuhezi/spiders/base4.py", line 79, in parse
	    name1 = sel.xpath('//div[@class=\"project-title\"]/h2/span/text()').extract()[0]
	exceptions.IndexError: list index out of range
	
2015-09-15 10:54:02+0800 [jimuhezi4] DEBUG: Crawled (200) <GET https://www.jimubox.com/Project/Index/61743> (referer: None)
2015-09-15 10:54:02+0800 [jimuhezi4] ERROR: Spider error processing <GET https://www.jimubox.com/Project/Index/61743>
	Traceback (most recent call last):
	  File "/usr/local/lib/python2.7/dist-packages/twisted/internet/base.py", line 824, in runUntilCurrent
	    call.func(*call.args, **call.kw)
	  File "/usr/local/lib/python2.7/dist-packages/twisted/internet/task.py", line 638, in _tick
	    taskObj._oneWorkUnit()
	  File "/usr/local/lib/python2.7/dist-packages/twisted/internet/task.py", line 484, in _oneWorkUnit
	    result = next(self._iterator)
	  File "/usr/local/lib/python2.7/dist-packages/scrapy/utils/defer.py", line 57, in <genexpr>
	    work = (callable(elem, *args, **named) for elem in iterable)
	--- <exception caught here> ---
	  File "/usr/local/lib/python2.7/dist-packages/scrapy/utils/defer.py", line 96, in iter_errback
	    yield next(it)
	  File "/usr/local/lib/python2.7/dist-packages/scrapy/contrib/spidermiddleware/offsite.py", line 26, in process_spider_output
	    for x in result:
	  File "/usr/local/lib/python2.7/dist-packages/scrapy/contrib/spidermiddleware/referer.py", line 22, in <genexpr>
	    return (_set_referer(r) for r in result or ())
	  File "/usr/local/lib/python2.7/dist-packages/scrapy/contrib/spidermiddleware/urllength.py", line 33, in <genexpr>
	    return (r for r in result or () if _filter(r))
	  File "/usr/local/lib/python2.7/dist-packages/scrapy/contrib/spidermiddleware/depth.py", line 50, in <genexpr>
	    return (r for r in result or () if _filter(r))
	  File "/usr/scrapy/crawl/jimuhezi/jimuhezi/spiders/base4.py", line 79, in parse
	    name1 = sel.xpath('//div[@class=\"project-title\"]/h2/span/text()').extract()[0]
	exceptions.IndexError: list index out of range
	
2015-09-15 10:54:03+0800 [jimuhezi4] DEBUG: Crawled (200) <GET https://www.jimubox.com/Project/Index/61740> (referer: None)
2015-09-15 10:54:03+0800 [jimuhezi4] ERROR: Spider error processing <GET https://www.jimubox.com/Project/Index/61740>
	Traceback (most recent call last):
	  File "/usr/local/lib/python2.7/dist-packages/twisted/internet/base.py", line 824, in runUntilCurrent
	    call.func(*call.args, **call.kw)
	  File "/usr/local/lib/python2.7/dist-packages/twisted/internet/task.py", line 638, in _tick
	    taskObj._oneWorkUnit()
	  File "/usr/local/lib/python2.7/dist-packages/twisted/internet/task.py", line 484, in _oneWorkUnit
	    result = next(self._iterator)
	  File "/usr/local/lib/python2.7/dist-packages/scrapy/utils/defer.py", line 57, in <genexpr>
	    work = (callable(elem, *args, **named) for elem in iterable)
	--- <exception caught here> ---
	  File "/usr/local/lib/python2.7/dist-packages/scrapy/utils/defer.py", line 96, in iter_errback
	    yield next(it)
	  File "/usr/local/lib/python2.7/dist-packages/scrapy/contrib/spidermiddleware/offsite.py", line 26, in process_spider_output
	    for x in result:
	  File "/usr/local/lib/python2.7/dist-packages/scrapy/contrib/spidermiddleware/referer.py", line 22, in <genexpr>
	    return (_set_referer(r) for r in result or ())
	  File "/usr/local/lib/python2.7/dist-packages/scrapy/contrib/spidermiddleware/urllength.py", line 33, in <genexpr>
	    return (r for r in result or () if _filter(r))
	  File "/usr/local/lib/python2.7/dist-packages/scrapy/contrib/spidermiddleware/depth.py", line 50, in <genexpr>
	    return (r for r in result or () if _filter(r))
	  File "/usr/scrapy/crawl/jimuhezi/jimuhezi/spiders/base4.py", line 79, in parse
	    name1 = sel.xpath('//div[@class=\"project-title\"]/h2/span/text()').extract()[0]
	exceptions.IndexError: list index out of range
	
2015-09-15 10:54:03+0800 [jimuhezi4] DEBUG: Crawled (200) <GET https://www.jimubox.com/Project/Index/61604> (referer: None)
2015-09-15 10:54:03+0800 [jimuhezi4] ERROR: Spider error processing <GET https://www.jimubox.com/Project/Index/61604>
	Traceback (most recent call last):
	  File "/usr/local/lib/python2.7/dist-packages/twisted/internet/base.py", line 824, in runUntilCurrent
	    call.func(*call.args, **call.kw)
	  File "/usr/local/lib/python2.7/dist-packages/twisted/internet/task.py", line 638, in _tick
	    taskObj._oneWorkUnit()
	  File "/usr/local/lib/python2.7/dist-packages/twisted/internet/task.py", line 484, in _oneWorkUnit
	    result = next(self._iterator)
	  File "/usr/local/lib/python2.7/dist-packages/scrapy/utils/defer.py", line 57, in <genexpr>
	    work = (callable(elem, *args, **named) for elem in iterable)
	--- <exception caught here> ---
	  File "/usr/local/lib/python2.7/dist-packages/scrapy/utils/defer.py", line 96, in iter_errback
	    yield next(it)
	  File "/usr/local/lib/python2.7/dist-packages/scrapy/contrib/spidermiddleware/offsite.py", line 26, in process_spider_output
	    for x in result:
	  File "/usr/local/lib/python2.7/dist-packages/scrapy/contrib/spidermiddleware/referer.py", line 22, in <genexpr>
	    return (_set_referer(r) for r in result or ())
	  File "/usr/local/lib/python2.7/dist-packages/scrapy/contrib/spidermiddleware/urllength.py", line 33, in <genexpr>
	    return (r for r in result or () if _filter(r))
	  File "/usr/local/lib/python2.7/dist-packages/scrapy/contrib/spidermiddleware/depth.py", line 50, in <genexpr>
	    return (r for r in result or () if _filter(r))
	  File "/usr/scrapy/crawl/jimuhezi/jimuhezi/spiders/base4.py", line 79, in parse
	    name1 = sel.xpath('//div[@class=\"project-title\"]/h2/span/text()').extract()[0]
	exceptions.IndexError: list index out of range
	
2015-09-15 10:54:04+0800 [jimuhezi4] DEBUG: Crawled (200) <GET https://www.jimubox.com/Project/Index/61746> (referer: None)
2015-09-15 10:54:04+0800 [jimuhezi4] ERROR: Spider error processing <GET https://www.jimubox.com/Project/Index/61746>
	Traceback (most recent call last):
	  File "/usr/local/lib/python2.7/dist-packages/twisted/internet/base.py", line 824, in runUntilCurrent
	    call.func(*call.args, **call.kw)
	  File "/usr/local/lib/python2.7/dist-packages/twisted/internet/task.py", line 638, in _tick
	    taskObj._oneWorkUnit()
	  File "/usr/local/lib/python2.7/dist-packages/twisted/internet/task.py", line 484, in _oneWorkUnit
	    result = next(self._iterator)
	  File "/usr/local/lib/python2.7/dist-packages/scrapy/utils/defer.py", line 57, in <genexpr>
	    work = (callable(elem, *args, **named) for elem in iterable)
	--- <exception caught here> ---
	  File "/usr/local/lib/python2.7/dist-packages/scrapy/utils/defer.py", line 96, in iter_errback
	    yield next(it)
	  File "/usr/local/lib/python2.7/dist-packages/scrapy/contrib/spidermiddleware/offsite.py", line 26, in process_spider_output
	    for x in result:
	  File "/usr/local/lib/python2.7/dist-packages/scrapy/contrib/spidermiddleware/referer.py", line 22, in <genexpr>
	    return (_set_referer(r) for r in result or ())
	  File "/usr/local/lib/python2.7/dist-packages/scrapy/contrib/spidermiddleware/urllength.py", line 33, in <genexpr>
	    return (r for r in result or () if _filter(r))
	  File "/usr/local/lib/python2.7/dist-packages/scrapy/contrib/spidermiddleware/depth.py", line 50, in <genexpr>
	    return (r for r in result or () if _filter(r))
	  File "/usr/scrapy/crawl/jimuhezi/jimuhezi/spiders/base4.py", line 79, in parse
	    name1 = sel.xpath('//div[@class=\"project-title\"]/h2/span/text()').extract()[0]
	exceptions.IndexError: list index out of range
	
2015-09-15 10:54:05+0800 [jimuhezi4] DEBUG: Crawled (200) <GET https://www.jimubox.com/Project/Index/61602> (referer: None)
2015-09-15 10:54:05+0800 [jimuhezi4] ERROR: Spider error processing <GET https://www.jimubox.com/Project/Index/61602>
	Traceback (most recent call last):
	  File "/usr/local/lib/python2.7/dist-packages/twisted/internet/base.py", line 824, in runUntilCurrent
	    call.func(*call.args, **call.kw)
	  File "/usr/local/lib/python2.7/dist-packages/twisted/internet/task.py", line 638, in _tick
	    taskObj._oneWorkUnit()
	  File "/usr/local/lib/python2.7/dist-packages/twisted/internet/task.py", line 484, in _oneWorkUnit
	    result = next(self._iterator)
	  File "/usr/local/lib/python2.7/dist-packages/scrapy/utils/defer.py", line 57, in <genexpr>
	    work = (callable(elem, *args, **named) for elem in iterable)
	--- <exception caught here> ---
	  File "/usr/local/lib/python2.7/dist-packages/scrapy/utils/defer.py", line 96, in iter_errback
	    yield next(it)
	  File "/usr/local/lib/python2.7/dist-packages/scrapy/contrib/spidermiddleware/offsite.py", line 26, in process_spider_output
	    for x in result:
	  File "/usr/local/lib/python2.7/dist-packages/scrapy/contrib/spidermiddleware/referer.py", line 22, in <genexpr>
	    return (_set_referer(r) for r in result or ())
	  File "/usr/local/lib/python2.7/dist-packages/scrapy/contrib/spidermiddleware/urllength.py", line 33, in <genexpr>
	    return (r for r in result or () if _filter(r))
	  File "/usr/local/lib/python2.7/dist-packages/scrapy/contrib/spidermiddleware/depth.py", line 50, in <genexpr>
	    return (r for r in result or () if _filter(r))
	  File "/usr/scrapy/crawl/jimuhezi/jimuhezi/spiders/base4.py", line 79, in parse
	    name1 = sel.xpath('//div[@class=\"project-title\"]/h2/span/text()').extract()[0]
	exceptions.IndexError: list index out of range
	
2015-09-15 10:54:07+0800 [jimuhezi4] DEBUG: Crawled (200) <GET https://www.jimubox.com/Project/Index/61744> (referer: None)
2015-09-15 10:54:07+0800 [jimuhezi4] ERROR: Spider error processing <GET https://www.jimubox.com/Project/Index/61744>
	Traceback (most recent call last):
	  File "/usr/local/lib/python2.7/dist-packages/twisted/internet/base.py", line 824, in runUntilCurrent
	    call.func(*call.args, **call.kw)
	  File "/usr/local/lib/python2.7/dist-packages/twisted/internet/task.py", line 638, in _tick
	    taskObj._oneWorkUnit()
	  File "/usr/local/lib/python2.7/dist-packages/twisted/internet/task.py", line 484, in _oneWorkUnit
	    result = next(self._iterator)
	  File "/usr/local/lib/python2.7/dist-packages/scrapy/utils/defer.py", line 57, in <genexpr>
	    work = (callable(elem, *args, **named) for elem in iterable)
	--- <exception caught here> ---
	  File "/usr/local/lib/python2.7/dist-packages/scrapy/utils/defer.py", line 96, in iter_errback
	    yield next(it)
	  File "/usr/local/lib/python2.7/dist-packages/scrapy/contrib/spidermiddleware/offsite.py", line 26, in process_spider_output
	    for x in result:
	  File "/usr/local/lib/python2.7/dist-packages/scrapy/contrib/spidermiddleware/referer.py", line 22, in <genexpr>
	    return (_set_referer(r) for r in result or ())
	  File "/usr/local/lib/python2.7/dist-packages/scrapy/contrib/spidermiddleware/urllength.py", line 33, in <genexpr>
	    return (r for r in result or () if _filter(r))
	  File "/usr/local/lib/python2.7/dist-packages/scrapy/contrib/spidermiddleware/depth.py", line 50, in <genexpr>
	    return (r for r in result or () if _filter(r))
	  File "/usr/scrapy/crawl/jimuhezi/jimuhezi/spiders/base4.py", line 79, in parse
	    name1 = sel.xpath('//div[@class=\"project-title\"]/h2/span/text()').extract()[0]
	exceptions.IndexError: list index out of range
	
2015-09-15 10:54:08+0800 [jimuhezi4] DEBUG: Crawled (200) <GET https://www.jimubox.com/Project/Index/61745> (referer: None)
2015-09-15 10:54:08+0800 [jimuhezi4] ERROR: Spider error processing <GET https://www.jimubox.com/Project/Index/61745>
	Traceback (most recent call last):
	  File "/usr/local/lib/python2.7/dist-packages/twisted/internet/base.py", line 824, in runUntilCurrent
	    call.func(*call.args, **call.kw)
	  File "/usr/local/lib/python2.7/dist-packages/twisted/internet/task.py", line 638, in _tick
	    taskObj._oneWorkUnit()
	  File "/usr/local/lib/python2.7/dist-packages/twisted/internet/task.py", line 484, in _oneWorkUnit
	    result = next(self._iterator)
	  File "/usr/local/lib/python2.7/dist-packages/scrapy/utils/defer.py", line 57, in <genexpr>
	    work = (callable(elem, *args, **named) for elem in iterable)
	--- <exception caught here> ---
	  File "/usr/local/lib/python2.7/dist-packages/scrapy/utils/defer.py", line 96, in iter_errback
	    yield next(it)
	  File "/usr/local/lib/python2.7/dist-packages/scrapy/contrib/spidermiddleware/offsite.py", line 26, in process_spider_output
	    for x in result:
	  File "/usr/local/lib/python2.7/dist-packages/scrapy/contrib/spidermiddleware/referer.py", line 22, in <genexpr>
	    return (_set_referer(r) for r in result or ())
	  File "/usr/local/lib/python2.7/dist-packages/scrapy/contrib/spidermiddleware/urllength.py", line 33, in <genexpr>
	    return (r for r in result or () if _filter(r))
	  File "/usr/local/lib/python2.7/dist-packages/scrapy/contrib/spidermiddleware/depth.py", line 50, in <genexpr>
	    return (r for r in result or () if _filter(r))
	  File "/usr/scrapy/crawl/jimuhezi/jimuhezi/spiders/base4.py", line 79, in parse
	    name1 = sel.xpath('//div[@class=\"project-title\"]/h2/span/text()').extract()[0]
	exceptions.IndexError: list index out of range
	
2015-09-15 10:54:09+0800 [jimuhezi4] DEBUG: Crawled (200) <GET https://www.jimubox.com/Project/Index/61601> (referer: None)
2015-09-15 10:54:09+0800 [jimuhezi4] ERROR: Spider error processing <GET https://www.jimubox.com/Project/Index/61601>
	Traceback (most recent call last):
	  File "/usr/local/lib/python2.7/dist-packages/twisted/internet/base.py", line 824, in runUntilCurrent
	    call.func(*call.args, **call.kw)
	  File "/usr/local/lib/python2.7/dist-packages/twisted/internet/task.py", line 638, in _tick
	    taskObj._oneWorkUnit()
	  File "/usr/local/lib/python2.7/dist-packages/twisted/internet/task.py", line 484, in _oneWorkUnit
	    result = next(self._iterator)
	  File "/usr/local/lib/python2.7/dist-packages/scrapy/utils/defer.py", line 57, in <genexpr>
	    work = (callable(elem, *args, **named) for elem in iterable)
	--- <exception caught here> ---
	  File "/usr/local/lib/python2.7/dist-packages/scrapy/utils/defer.py", line 96, in iter_errback
	    yield next(it)
	  File "/usr/local/lib/python2.7/dist-packages/scrapy/contrib/spidermiddleware/offsite.py", line 26, in process_spider_output
	    for x in result:
	  File "/usr/local/lib/python2.7/dist-packages/scrapy/contrib/spidermiddleware/referer.py", line 22, in <genexpr>
	    return (_set_referer(r) for r in result or ())
	  File "/usr/local/lib/python2.7/dist-packages/scrapy/contrib/spidermiddleware/urllength.py", line 33, in <genexpr>
	    return (r for r in result or () if _filter(r))
	  File "/usr/local/lib/python2.7/dist-packages/scrapy/contrib/spidermiddleware/depth.py", line 50, in <genexpr>
	    return (r for r in result or () if _filter(r))
	  File "/usr/scrapy/crawl/jimuhezi/jimuhezi/spiders/base4.py", line 79, in parse
	    name1 = sel.xpath('//div[@class=\"project-title\"]/h2/span/text()').extract()[0]
	exceptions.IndexError: list index out of range
	
2015-09-15 10:54:11+0800 [jimuhezi4] DEBUG: Crawled (200) <GET https://www.jimubox.com/Project/Index/61446> (referer: None)
2015-09-15 10:54:11+0800 [jimuhezi4] ERROR: Spider error processing <GET https://www.jimubox.com/Project/Index/61446>
	Traceback (most recent call last):
	  File "/usr/local/lib/python2.7/dist-packages/twisted/internet/base.py", line 824, in runUntilCurrent
	    call.func(*call.args, **call.kw)
	  File "/usr/local/lib/python2.7/dist-packages/twisted/internet/task.py", line 638, in _tick
	    taskObj._oneWorkUnit()
	  File "/usr/local/lib/python2.7/dist-packages/twisted/internet/task.py", line 484, in _oneWorkUnit
	    result = next(self._iterator)
	  File "/usr/local/lib/python2.7/dist-packages/scrapy/utils/defer.py", line 57, in <genexpr>
	    work = (callable(elem, *args, **named) for elem in iterable)
	--- <exception caught here> ---
	  File "/usr/local/lib/python2.7/dist-packages/scrapy/utils/defer.py", line 96, in iter_errback
	    yield next(it)
	  File "/usr/local/lib/python2.7/dist-packages/scrapy/contrib/spidermiddleware/offsite.py", line 26, in process_spider_output
	    for x in result:
	  File "/usr/local/lib/python2.7/dist-packages/scrapy/contrib/spidermiddleware/referer.py", line 22, in <genexpr>
	    return (_set_referer(r) for r in result or ())
	  File "/usr/local/lib/python2.7/dist-packages/scrapy/contrib/spidermiddleware/urllength.py", line 33, in <genexpr>
	    return (r for r in result or () if _filter(r))
	  File "/usr/local/lib/python2.7/dist-packages/scrapy/contrib/spidermiddleware/depth.py", line 50, in <genexpr>
	    return (r for r in result or () if _filter(r))
	  File "/usr/scrapy/crawl/jimuhezi/jimuhezi/spiders/base4.py", line 79, in parse
	    name1 = sel.xpath('//div[@class=\"project-title\"]/h2/span/text()').extract()[0]
	exceptions.IndexError: list index out of range
	
2015-09-15 10:54:12+0800 [jimuhezi4] DEBUG: Crawled (200) <GET https://www.jimubox.com/Project/Index/61747> (referer: None)
2015-09-15 10:54:12+0800 [jimuhezi4] ERROR: Spider error processing <GET https://www.jimubox.com/Project/Index/61747>
	Traceback (most recent call last):
	  File "/usr/local/lib/python2.7/dist-packages/twisted/internet/base.py", line 824, in runUntilCurrent
	    call.func(*call.args, **call.kw)
	  File "/usr/local/lib/python2.7/dist-packages/twisted/internet/task.py", line 638, in _tick
	    taskObj._oneWorkUnit()
	  File "/usr/local/lib/python2.7/dist-packages/twisted/internet/task.py", line 484, in _oneWorkUnit
	    result = next(self._iterator)
	  File "/usr/local/lib/python2.7/dist-packages/scrapy/utils/defer.py", line 57, in <genexpr>
	    work = (callable(elem, *args, **named) for elem in iterable)
	--- <exception caught here> ---
	  File "/usr/local/lib/python2.7/dist-packages/scrapy/utils/defer.py", line 96, in iter_errback
	    yield next(it)
	  File "/usr/local/lib/python2.7/dist-packages/scrapy/contrib/spidermiddleware/offsite.py", line 26, in process_spider_output
	    for x in result:
	  File "/usr/local/lib/python2.7/dist-packages/scrapy/contrib/spidermiddleware/referer.py", line 22, in <genexpr>
	    return (_set_referer(r) for r in result or ())
	  File "/usr/local/lib/python2.7/dist-packages/scrapy/contrib/spidermiddleware/urllength.py", line 33, in <genexpr>
	    return (r for r in result or () if _filter(r))
	  File "/usr/local/lib/python2.7/dist-packages/scrapy/contrib/spidermiddleware/depth.py", line 50, in <genexpr>
	    return (r for r in result or () if _filter(r))
	  File "/usr/scrapy/crawl/jimuhezi/jimuhezi/spiders/base4.py", line 79, in parse
	    name1 = sel.xpath('//div[@class=\"project-title\"]/h2/span/text()').extract()[0]
	exceptions.IndexError: list index out of range
	
2015-09-15 10:54:13+0800 [jimuhezi4] DEBUG: Crawled (200) <GET https://www.jimubox.com/Project/Index/61605> (referer: None)
2015-09-15 10:54:13+0800 [jimuhezi4] ERROR: Spider error processing <GET https://www.jimubox.com/Project/Index/61605>
	Traceback (most recent call last):
	  File "/usr/local/lib/python2.7/dist-packages/twisted/internet/base.py", line 824, in runUntilCurrent
	    call.func(*call.args, **call.kw)
	  File "/usr/local/lib/python2.7/dist-packages/twisted/internet/task.py", line 638, in _tick
	    taskObj._oneWorkUnit()
	  File "/usr/local/lib/python2.7/dist-packages/twisted/internet/task.py", line 484, in _oneWorkUnit
	    result = next(self._iterator)
	  File "/usr/local/lib/python2.7/dist-packages/scrapy/utils/defer.py", line 57, in <genexpr>
	    work = (callable(elem, *args, **named) for elem in iterable)
	--- <exception caught here> ---
	  File "/usr/local/lib/python2.7/dist-packages/scrapy/utils/defer.py", line 96, in iter_errback
	    yield next(it)
	  File "/usr/local/lib/python2.7/dist-packages/scrapy/contrib/spidermiddleware/offsite.py", line 26, in process_spider_output
	    for x in result:
	  File "/usr/local/lib/python2.7/dist-packages/scrapy/contrib/spidermiddleware/referer.py", line 22, in <genexpr>
	    return (_set_referer(r) for r in result or ())
	  File "/usr/local/lib/python2.7/dist-packages/scrapy/contrib/spidermiddleware/urllength.py", line 33, in <genexpr>
	    return (r for r in result or () if _filter(r))
	  File "/usr/local/lib/python2.7/dist-packages/scrapy/contrib/spidermiddleware/depth.py", line 50, in <genexpr>
	    return (r for r in result or () if _filter(r))
	  File "/usr/scrapy/crawl/jimuhezi/jimuhezi/spiders/base4.py", line 79, in parse
	    name1 = sel.xpath('//div[@class=\"project-title\"]/h2/span/text()').extract()[0]
	exceptions.IndexError: list index out of range
	
2015-09-15 10:54:14+0800 [jimuhezi4] DEBUG: Crawled (200) <GET https://www.jimubox.com/Project/Index/61593> (referer: None)
2015-09-15 10:54:14+0800 [jimuhezi4] ERROR: Spider error processing <GET https://www.jimubox.com/Project/Index/61593>
	Traceback (most recent call last):
	  File "/usr/local/lib/python2.7/dist-packages/twisted/internet/base.py", line 824, in runUntilCurrent
	    call.func(*call.args, **call.kw)
	  File "/usr/local/lib/python2.7/dist-packages/twisted/internet/task.py", line 638, in _tick
	    taskObj._oneWorkUnit()
	  File "/usr/local/lib/python2.7/dist-packages/twisted/internet/task.py", line 484, in _oneWorkUnit
	    result = next(self._iterator)
	  File "/usr/local/lib/python2.7/dist-packages/scrapy/utils/defer.py", line 57, in <genexpr>
	    work = (callable(elem, *args, **named) for elem in iterable)
	--- <exception caught here> ---
	  File "/usr/local/lib/python2.7/dist-packages/scrapy/utils/defer.py", line 96, in iter_errback
	    yield next(it)
	  File "/usr/local/lib/python2.7/dist-packages/scrapy/contrib/spidermiddleware/offsite.py", line 26, in process_spider_output
	    for x in result:
	  File "/usr/local/lib/python2.7/dist-packages/scrapy/contrib/spidermiddleware/referer.py", line 22, in <genexpr>
	    return (_set_referer(r) for r in result or ())
	  File "/usr/local/lib/python2.7/dist-packages/scrapy/contrib/spidermiddleware/urllength.py", line 33, in <genexpr>
	    return (r for r in result or () if _filter(r))
	  File "/usr/local/lib/python2.7/dist-packages/scrapy/contrib/spidermiddleware/depth.py", line 50, in <genexpr>
	    return (r for r in result or () if _filter(r))
	  File "/usr/scrapy/crawl/jimuhezi/jimuhezi/spiders/base4.py", line 79, in parse
	    name1 = sel.xpath('//div[@class=\"project-title\"]/h2/span/text()').extract()[0]
	exceptions.IndexError: list index out of range
	
2015-09-15 10:54:14+0800 [jimuhezi4] INFO: Closing spider (finished)
2015-09-15 10:54:14+0800 [jimuhezi4] INFO: Dumping Scrapy stats:
	{'downloader/request_bytes': 12000,
	 'downloader/request_count': 38,
	 'downloader/request_method_count/GET': 38,
	 'downloader/response_bytes': 166165,
	 'downloader/response_count': 38,
	 'downloader/response_status_count/200': 38,
	 'finish_reason': 'finished',
	 'finish_time': datetime.datetime(2015, 9, 15, 2, 54, 14, 528338),
	 'log_count/DEBUG': 40,
	 'log_count/ERROR': 38,
	 'log_count/INFO': 7,
	 'response_received_count': 38,
	 'scheduler/dequeued': 38,
	 'scheduler/dequeued/memory': 38,
	 'scheduler/enqueued': 38,
	 'scheduler/enqueued/memory': 38,
	 'spider_exceptions/IndexError': 38,
	 'start_time': datetime.datetime(2015, 9, 15, 2, 53, 29, 700872)}
2015-09-15 10:54:14+0800 [jimuhezi4] INFO: Spider closed (finished)
2015-09-15 10:54:24 爬取结束-------------jimuhezi4---------------------------------------
