2015-09-15 10:53:21 开始运行爬虫----------honglingchuangtou---------------------------------------
2015-09-15 10:53:26+0800 [scrapy] INFO: Scrapy 0.24.4 started (bot: honglingchuangtou)
2015-09-15 10:53:26+0800 [scrapy] INFO: Optional features available: ssl, http11, boto, django
2015-09-15 10:53:26+0800 [scrapy] INFO: Overridden settings: {'NEWSPIDER_MODULE': 'honglingchuangtou.spiders', 'SPIDER_MODULES': ['honglingchuangtou.spiders'], 'BOT_NAME': 'honglingchuangtou'}
2015-09-15 10:53:26+0800 [scrapy] INFO: Enabled extensions: LogStats, TelnetConsole, CloseSpider, WebService, CoreStats, SpiderState
2015-09-15 10:53:27+0800 [scrapy] INFO: Enabled downloader middlewares: HttpAuthMiddleware, DownloadTimeoutMiddleware, UserAgentMiddleware, RetryMiddleware, DefaultHeadersMiddleware, MetaRefreshMiddleware, HttpCompressionMiddleware, RedirectMiddleware, CookiesMiddleware, ChunkedTransferMiddleware, DownloaderStats
2015-09-15 10:53:27+0800 [scrapy] INFO: Enabled spider middlewares: HttpErrorMiddleware, OffsiteMiddleware, RefererMiddleware, UrlLengthMiddleware, DepthMiddleware
2015-09-15 10:53:27+0800 [scrapy] INFO: Enabled item pipelines: HonglingchuangtouPipeline
2015-09-15 10:53:27+0800 [honglingchuangtou] INFO: Spider opened
2015-09-15 10:53:27+0800 [honglingchuangtou] INFO: Crawled 0 pages (at 0 pages/min), scraped 0 items (at 0 items/min)
2015-09-15 10:53:27+0800 [scrapy] DEBUG: Telnet console listening on 127.0.0.1:6033
2015-09-15 10:53:27+0800 [scrapy] DEBUG: Web service listening on 127.0.0.1:6090
2015-09-15 10:53:27+0800 [honglingchuangtou] DEBUG: Crawled (200) <GET https://www.my089.com/Loan/Detail.aspx?sid=15091510501111091074640013732338> (referer: None)
2015-09-15 10:53:27+0800 [honglingchuangtou] DEBUG: Scraped from <200 https://www.my089.com/Loan/Detail.aspx?sid=15091510501111091074640013732338>
	{'amount': u'20,000.00',
	 'area': '',
	 'description': u'\u501f\u6b3e\u8be6\u60c5\uff1a\u7ad9\u5185\u5173\u8054\u7528\u6237\u540d\uff1a\u8fd8\u6b3e\u4fdd\u969c\uff1a16:30\u5206\u524d\u8fd8\uff0c\u8c22\u8c22\uff0116:30\u5206\u524d\u8fd8\uff0c\u8c22\u8c22\uff0116:30\u5206\u524d\u8fd8\uff0c\u8c22\u8c22\uff0116:30\u5206\u524d\u8fd8\uff0c\u8c22\u8c22\uff01',
	 'income_rate': u'7.3%/\u5e74',
	 'link': 'https://www.my089.com/Loan/Detail.aspx?sid=15091510501111091074640013732338',
	 'min_amount': u'\uffe550.00 ',
	 'name': u'16:30\u5206\u524d\u8fd8\uff0c\u8c22\u8c22\uff01',
	 'process': u'0%',
	 'protect_mode': '',
	 'repay_type': u'\u4e00\u6b21\u6027\u8fd8\u6b3e',
	 'reward': u'\u672a\u8bbe\u7f6e\u5956\u52b1\u3002',
	 'term': u'5\u5929',
	 'transfer_claim': ''}
2015-09-15 10:53:31+0800 [honglingchuangtou] DEBUG: Crawled (200) <GET https://www.my089.com/Loan/Detail.aspx?sid=15091510472794292101030011368397> (referer: None)
2015-09-15 10:53:31+0800 [honglingchuangtou] DEBUG: Scraped from <200 https://www.my089.com/Loan/Detail.aspx?sid=15091510472794292101030011368397>
	{'amount': u'20,000.00',
	 'area': '',
	 'description': u'\u501f\u6b3e\u8be6\u60c5\uff1a\u7ad9\u5185\u5173\u8054\u7528\u6237\u540d\uff1a\u8fd8\u6b3e\u4fdd\u969c\uff1a \u51c0\u503c\u989d\u5ea6\u4fdd\u969c \u501f\u6b3e\u8be6\u60c5\uff1a\u7ad9\u5185\u5173\u8054\u7528\u6237\u540d\uff1a\u8fd8\u6b3e\u4fdd\u969c\uff1a \u51c0\u503c\u989d\u5ea6\u4fdd\u969c \u501f\u6b3e\u8be6\u60c5\uff1a\u7ad9\u5185\u5173\u8054\u7528\u6237\u540d\uff1a\u8fd8\u6b3e\u4fdd\u969c\uff1a \u51c0\u503c\u989d\u5ea6\u4fdd\u969c',
	 'income_rate': u'7.3%/\u5e74',
	 'link': 'https://www.my089.com/Loan/Detail.aspx?sid=15091510472794292101030011368397',
	 'min_amount': u'\uffe550.00 ',
	 'name': u'\u2587\u2587\u2587\u2587\u2587\u5c3d\u65e9\u8fd8\u6b3e\u2022\u4e0d\u63d0\u73b0\u5468\u8f6c',
	 'process': u'29%',
	 'protect_mode': '',
	 'repay_type': u'\u4e00\u6b21\u6027\u8fd8\u6b3e',
	 'reward': u'\u672a\u8bbe\u7f6e\u5956\u52b1\u3002',
	 'term': u'10\u5929',
	 'transfer_claim': ''}
2015-09-15 10:53:35+0800 [honglingchuangtou] DEBUG: Crawled (200) <GET https://www.my089.com/Loan/Detail.aspx?sid=15091510502270592496270016532327> (referer: None)
2015-09-15 10:53:35+0800 [honglingchuangtou] DEBUG: Scraped from <200 https://www.my089.com/Loan/Detail.aspx?sid=15091510502270592496270016532327>
	{'amount': u'10,000.00',
	 'area': '',
	 'description': u'\u501f \u6b3e \u8be6 \u60c5\uff1a\u8d44\u91d1\u5468\u8f6c1\u4e2a\u6708_******',
	 'income_rate': u'10.01%/\u5e74',
	 'link': 'https://www.my089.com/Loan/Detail.aspx?sid=15091510502270592496270016532327',
	 'min_amount': u'\uffe550.00 ',
	 'name': u'\u8d44\u91d1\u5468\u8f6c1\u4e2a\u6708_1509151050',
	 'process': u'0%',
	 'protect_mode': '',
	 'repay_type': u'\u6309\u6708\u5206\u671f',
	 'reward': u'\u672a\u8bbe\u7f6e\u5956\u52b1\u3002',
	 'term': u'1\u4e2a\u6708',
	 'transfer_claim': ''}
2015-09-15 10:53:39+0800 [honglingchuangtou] DEBUG: Crawled (200) <GET https://www.my089.com/Loan/Detail.aspx?sid=15091510502435794160870016983064> (referer: None)
2015-09-15 10:53:39+0800 [honglingchuangtou] DEBUG: Scraped from <200 https://www.my089.com/Loan/Detail.aspx?sid=15091510502435794160870016983064>
	{'amount': u'30,000.00',
	 'area': '',
	 'description': u'\u501f\u6b3e\u8be6\u60c5\uff1a\u8d44\u91d1\u5468\u8f6c,\u767d\u5929\u8fd8 \u5c3d\u65e9\u8fd8 \u61d2\u5927\u54c8\u5929\u6807\u6ca1\u6709\u6700\u8fdf \u8bda\u4fe1\u5929\u6807Q\u7fa4\uff1a \u4e00\u56db\u4e00\u4e09\u4e03\u4e5d\u4e94\u4e5d\uff0c\u8bda\u5b9e\u5b88\u4fe1\uff0c\u6b22\u8fce\u52a0\u5165\u3002',
	 'income_rate': u'7.3%/\u5e74',
	 'link': 'https://www.my089.com/Loan/Detail.aspx?sid=15091510502435794160870016983064',
	 'min_amount': u'\uffe550.00 ',
	 'name': u'\u767d\u5929\u8fd8 \u5c3d\u65e9\u8fd8 \u61d2\u5927\u54c8\u5929\u6807\u6ca1\u6709\u6700\u8fdf',
	 'process': u'1%',
	 'protect_mode': '',
	 'repay_type': u'\u4e00\u6b21\u6027\u8fd8\u6b3e',
	 'reward': u'\u672a\u8bbe\u7f6e\u5956\u52b1\u3002',
	 'term': u'5\u5929',
	 'transfer_claim': ''}
2015-09-15 10:53:43+0800 [honglingchuangtou] DEBUG: Crawled (200) <GET https://www.my089.com/Loan/Detail.aspx?sid=15091510485964891717910012013390> (referer: None)
2015-09-15 10:53:43+0800 [honglingchuangtou] DEBUG: Scraped from <200 https://www.my089.com/Loan/Detail.aspx?sid=15091510485964891717910012013390>
	{'amount': u'11,188.00',
	 'area': '',
	 'description': u'\u501f\u6b3e\u8be6\u60c5\uff1a\u7ad9\u5185\u5173\u8054\u7528\u6237\u540d\uff1a\u8fd8\u6b3e\u4fdd\u969c\uff1a\u65e9\u4e0a\u4e5d\u70b9\u534a\u524d\u8fd8\u6b3e\uff0c\uff36\uff15\u4fe1\u8a89\u4fdd\u969c\u3002\u65e9\u4e0a\u4e5d\u70b9\u534a\u524d\u8fd8\u6b3e\uff0c\uff36\uff15\u4fe1\u8a89\u4fdd\u969c\u3002\u65e9\u4e0a\u4e5d\u70b9\u534a\u524d\u8fd8\u6b3e\uff0c\uff36\uff15\u4fe1\u8a89\u4fdd\u969c\u3002',
	 'income_rate': u'3.65%/\u5e74',
	 'link': 'https://www.my089.com/Loan/Detail.aspx?sid=15091510485964891717910012013390',
	 'min_amount': u'\uffe550.00 ',
	 'name': u'\u65e9\u4e0a\u4e5d\u70b9\u534a\u524d\u8fd8\u6b3e\uff0c\uff36\uff15\u4fe1\u8a89\u4fdd\u969c\u3002',
	 'process': u'0%',
	 'protect_mode': '',
	 'repay_type': u'\u4e00\u6b21\u6027\u8fd8\u6b3e',
	 'reward': u'\u672a\u8bbe\u7f6e\u5956\u52b1\u3002',
	 'term': u'5\u5929',
	 'transfer_claim': ''}
2015-09-15 10:53:48+0800 [honglingchuangtou] DEBUG: Crawled (200) <GET https://www.my089.com/Loan/Detail.aspx?sid=15091510511983393935920015375050> (referer: None)
2015-09-15 10:53:48+0800 [honglingchuangtou] DEBUG: Scraped from <200 https://www.my089.com/Loan/Detail.aspx?sid=15091510511983393935920015375050>
	{'amount': u'9,400.00',
	 'area': '',
	 'description': u'\u501f\u6b3e\u8be6\u60c5\uff1a\u7ad9\u5185\u5173\u8054\u7528\u6237\u540d\uff1a\u8fd8\u6b3e\u4fdd\u969c\uff1a\u8d44\u91d1\u5468\u8f6c1\u4e2a\u6708_******\u8d44\u91d1\u5468\u8f6c1\u4e2a\u6708_******',
	 'income_rate': u'5%/\u5e74',
	 'link': 'https://www.my089.com/Loan/Detail.aspx?sid=15091510511983393935920015375050',
	 'min_amount': u'\uffe550.00 ',
	 'name': u'\u8d44\u91d1\u5468\u8f6c1\u4e2a\u6708_1509151513',
	 'process': u'100%',
	 'protect_mode': '',
	 'repay_type': u'\u6309\u6708\u5206\u671f',
	 'reward': u'\u672a\u8bbe\u7f6e\u5956\u52b1\u3002',
	 'term': u'1\u4e2a\u6708',
	 'transfer_claim': ''}
2015-09-15 10:53:52+0800 [honglingchuangtou] DEBUG: Crawled (200) <GET https://www.my089.com/Loan/Detail.aspx?sid=15091510472883593901370014354362> (referer: None)
2015-09-15 10:53:52+0800 [honglingchuangtou] DEBUG: Scraped from <200 https://www.my089.com/Loan/Detail.aspx?sid=15091510472883593901370014354362>
	{'amount': u'5,000.00',
	 'area': '',
	 'description': u'\u501f \u6b3e \u8be6 \u60c5\uff1a\u8d44\u91d1\u5468\u8f6c1\u4e2a\u6708_******',
	 'income_rate': u'10.01%/\u5e74',
	 'link': 'https://www.my089.com/Loan/Detail.aspx?sid=15091510472883593901370014354362',
	 'min_amount': u'\uffe550.00 ',
	 'name': u'\u8d44\u91d1\u5468\u8f6c1\u4e2a\u6708_1509151047',
	 'process': u'0%',
	 'protect_mode': '',
	 'repay_type': u'\u6309\u6708\u5206\u671f',
	 'reward': u'\u672a\u8bbe\u7f6e\u5956\u52b1\u3002',
	 'term': u'1\u4e2a\u6708',
	 'transfer_claim': ''}
2015-09-15 10:53:54+0800 [honglingchuangtou] DEBUG: Crawled (200) <GET https://www.my089.com/Loan/Detail.aspx?sid=15091510470948292547370010406052> (referer: None)
2015-09-15 10:53:54+0800 [honglingchuangtou] DEBUG: Scraped from <200 https://www.my089.com/Loan/Detail.aspx?sid=15091510470948292547370010406052>
	{'amount': u'20,000.00',
	 'area': '',
	 'description': u'\u501f\u6b3e\u8be6\u60c5\uff1a\u7ad9\u5185\u5173\u8054\u7528\u6237\u540d\uff1a\u8fd8\u6b3e\u4fdd\u969c\uff1a \u51c0\u503c\u989d\u5ea6\u4fdd\u969c \u501f\u6b3e\u8be6\u60c5\uff1a\u7ad9\u5185\u5173\u8054\u7528\u6237\u540d\uff1a\u8fd8\u6b3e\u4fdd\u969c\uff1a \u51c0\u503c\u989d\u5ea6\u4fdd\u969c \u501f\u6b3e\u8be6\u60c5\uff1a\u7ad9\u5185\u5173\u8054\u7528\u6237\u540d\uff1a\u8fd8\u6b3e\u4fdd\u969c\uff1a \u51c0\u503c\u989d\u5ea6\u4fdd\u969c',
	 'income_rate': u'7.3%/\u5e74',
	 'link': 'https://www.my089.com/Loan/Detail.aspx?sid=15091510470948292547370010406052',
	 'min_amount': u'\uffe550.00 ',
	 'name': u'\u65e9\u4e0a9\u70b9\u5f00\u501f\uff0c\u6216\u5f53\u5929\u968f\u501f\u968f\u8fd8\uff0c\u4ece\u4e0d\u903e\u671f',
	 'process': u'0%',
	 'protect_mode': '',
	 'repay_type': u'\u4e00\u6b21\u6027\u8fd8\u6b3e',
	 'reward': u'\u672a\u8bbe\u7f6e\u5956\u52b1\u3002',
	 'term': u'15\u5929',
	 'transfer_claim': ''}
2015-09-15 10:53:58+0800 [honglingchuangtou] DEBUG: Crawled (200) <GET https://www.my089.com/Loan/Detail.aspx?sid=15091510512079191802660013185081> (referer: None)
2015-09-15 10:53:58+0800 [honglingchuangtou] DEBUG: Scraped from <200 https://www.my089.com/Loan/Detail.aspx?sid=15091510512079191802660013185081>
	{'amount': u'5,000.00',
	 'area': '',
	 'description': u'\u501f\u6b3e\u8be6\u60c5\uff1a\u8d44\u91d1\u5468\u8f6c,V5 \u771f\u8bda\u7ea6\u6807\uff01\u65e9\u4e0a9:30\u5206\u8fd8\u6b3e\uff01\u6700\u8fdf\u665a\u4e0a11\u70b9\u8fd8\u6e05\uff01V5 \u771f\u8bda\u7ea6\u6807\uff01\u65e9\u4e0a9:30\u5206\u8fd8\u6b3e\uff01\u6700\u8fdf\u665a\u4e0a11\u70b9\u8fd8\u6e05\uff01V5 \u771f\u8bda\u7ea6\u6807\uff01\u65e9\u4e0a9:30\u5206\u8fd8\u6b3e\uff01\u6700\u8fdf\u665a\u4e0a11\u70b9\u8fd8\u6e05\uff01',
	 'income_rate': u'7.3%/\u5e74',
	 'link': 'https://www.my089.com/Loan/Detail.aspx?sid=15091510512079191802660013185081',
	 'min_amount': u'\uffe550.00 ',
	 'name': u'V5 \u771f\u8bda\u7ea6\u6807\uff01\u65e9\u4e0a9:30\u5206\u8fd8\u6b3e\uff01\u6700\u8fdf\u665a\u4e0a11\u70b9\u8fd8\u6e05\uff01',
	 'process': u'0%',
	 'protect_mode': '',
	 'repay_type': u'\u4e00\u6b21\u6027\u8fd8\u6b3e',
	 'reward': u'\u672a\u8bbe\u7f6e\u5956\u52b1\u3002',
	 'term': u'5\u5929',
	 'transfer_claim': ''}
2015-09-15 10:54:02+0800 [honglingchuangtou] DEBUG: Crawled (200) <GET https://www.my089.com/Loan/Detail.aspx?sid=15091510500075192233480011457998> (referer: None)
2015-09-15 10:54:02+0800 [honglingchuangtou] DEBUG: Scraped from <200 https://www.my089.com/Loan/Detail.aspx?sid=15091510500075192233480011457998>
	{'amount': u'10,000.00',
	 'area': '',
	 'description': u'\u501f\u6b3e\u8be6\u60c5\uff1a\u8d44\u91d1\u5468\u8f6c,\u767d\u5929\u8fd8\u6b3e,\u8bda\u4fe1\u7ea6\u6807\uff01\u767d\u5929\u8fd8\u6b3e,\u8bda\u4fe1\u7ea6\u6807\uff01\u767d\u5929\u8fd8\u6b3e,\u8bda\u4fe1\u7ea6\u6807\uff01',
	 'income_rate': u'7.3%/\u5e74',
	 'link': 'https://www.my089.com/Loan/Detail.aspx?sid=15091510500075192233480011457998',
	 'min_amount': u'\uffe550.00 ',
	 'name': u'\u767d\u5929\u8fd8\u6b3e,\u8bda\u4fe1\u7ea6\u6807\uff01',
	 'process': u'31%',
	 'protect_mode': '',
	 'repay_type': u'\u4e00\u6b21\u6027\u8fd8\u6b3e',
	 'reward': u'\u672a\u8bbe\u7f6e\u5956\u52b1\u3002',
	 'term': u'5\u5929',
	 'transfer_claim': ''}
2015-09-15 10:54:06+0800 [honglingchuangtou] DEBUG: Crawled (200) <GET https://www.my089.com/Loan/Detail.aspx?sid=15091510481692192249060010220278> (referer: None)
2015-09-15 10:54:06+0800 [honglingchuangtou] DEBUG: Scraped from <200 https://www.my089.com/Loan/Detail.aspx?sid=15091510481692192249060010220278>
	{'amount': u'20,000.00',
	 'area': '',
	 'description': u'\u501f \u6b3e \u8be6 \u60c5\uff1a\u8d44\u91d1\u5468\u8f6c1\u4e2a\u6708_******',
	 'income_rate': u'10.32%/\u5e74',
	 'link': 'https://www.my089.com/Loan/Detail.aspx?sid=15091510481692192249060010220278',
	 'min_amount': u'\uffe550.00 ',
	 'name': u'\u8d44\u91d1\u5468\u8f6c1\u4e2a\u6708_1509151048',
	 'process': u'100%',
	 'protect_mode': '',
	 'repay_type': u'\u6309\u6708\u5206\u671f',
	 'reward': u'\u672a\u8bbe\u7f6e\u5956\u52b1\u3002',
	 'term': u'1\u4e2a\u6708',
	 'transfer_claim': ''}
2015-09-15 10:54:10+0800 [honglingchuangtou] DEBUG: Crawled (200) <GET https://www.my089.com/Loan/Detail.aspx?sid=15091510500303793053060016958149> (referer: None)
2015-09-15 10:54:10+0800 [honglingchuangtou] DEBUG: Scraped from <200 https://www.my089.com/Loan/Detail.aspx?sid=15091510500303793053060016958149>
	{'amount': u'20,000.00',
	 'area': '',
	 'description': u'\u501f \u6b3e \u8be6 \u60c5\uff1a\u8d44\u91d1\u5468\u8f6c6\u5929_******\u8fd8 \u6b3e \u65b9 \u5f0f\uff1a\u4e00\u6b21\u6027\u8fd8\u6b3e\u8fd8 \u6b3e \u4fdd \u969c\uff1a\u5e10\u6237\u51c0\u503c\u989d\u5ea6',
	 'income_rate': u'7.3%/\u5e74',
	 'link': 'https://www.my089.com/Loan/Detail.aspx?sid=15091510500303793053060016958149',
	 'min_amount': u'\uffe550.00 ',
	 'name': u'\u8d44\u91d1\u5468\u8f6c6\u5929 \u767d\u5929\u8fd8\u6b3e\uff01\uff01',
	 'process': u'1%',
	 'protect_mode': '',
	 'repay_type': u'\u4e00\u6b21\u6027\u8fd8\u6b3e',
	 'reward': u'\u672a\u8bbe\u7f6e\u5956\u52b1\u3002',
	 'term': u'6\u5929',
	 'transfer_claim': ''}
2015-09-15 10:54:14+0800 [honglingchuangtou] DEBUG: Crawled (200) <GET https://www.my089.com/Loan/Detail.aspx?sid=15091510503151491035540018895504> (referer: None)
2015-09-15 10:54:14+0800 [honglingchuangtou] DEBUG: Scraped from <200 https://www.my089.com/Loan/Detail.aspx?sid=15091510503151491035540018895504>
	{'amount': u'28,000.00',
	 'area': '',
	 'description': u'\u501f \u6b3e \u8be6 \u60c5\uff1a\u8d44\u91d1\u5468\u8f6c5\u5929_******',
	 'income_rate': u'7.3%/\u5e74',
	 'link': 'https://www.my089.com/Loan/Detail.aspx?sid=15091510503151491035540018895504',
	 'min_amount': u'\uffe550.00 ',
	 'name': u'\u8d44\u91d1\u5468\u8f6c5\u5929_1509151050',
	 'process': u'7%',
	 'protect_mode': '',
	 'repay_type': u'\u4e00\u6b21\u6027\u8fd8\u6b3e',
	 'reward': u'\u672a\u8bbe\u7f6e\u5956\u52b1\u3002',
	 'term': u'5\u5929',
	 'transfer_claim': ''}
2015-09-15 10:54:17+0800 [honglingchuangtou] DEBUG: Crawled (200) <GET https://www.my089.com/Loan/Detail.aspx?sid=15091510481915093150030019313432> (referer: None)
2015-09-15 10:54:17+0800 [honglingchuangtou] DEBUG: Scraped from <200 https://www.my089.com/Loan/Detail.aspx?sid=15091510481915093150030019313432>
	{'amount': u'1,000.00',
	 'area': '',
	 'description': u'\u501f \u6b3e \u8be6 \u60c5\uff1a\u4e0d\u63d0\u73b0\u501f\u6b3e7\u5929_******',
	 'income_rate': u'7.3%/\u5e74',
	 'link': 'https://www.my089.com/Loan/Detail.aspx?sid=15091510481915093150030019313432',
	 'min_amount': u'\uffe550.00 ',
	 'name': u'\u4e0d\u63d0\u73b0\u501f\u6b3e7\u5929_1509151048',
	 'process': u'20%',
	 'protect_mode': '',
	 'repay_type': u'\u4e00\u6b21\u6027\u8fd8\u6b3e',
	 'reward': u'\u672a\u8bbe\u7f6e\u5956\u52b1\u3002',
	 'term': u'7\u5929',
	 'transfer_claim': ''}
2015-09-15 10:54:22+0800 [honglingchuangtou] DEBUG: Crawled (200) <GET https://www.my089.com/Loan/Detail.aspx?sid=15091510473104892373590018791225> (referer: None)
2015-09-15 10:54:22+0800 [honglingchuangtou] DEBUG: Scraped from <200 https://www.my089.com/Loan/Detail.aspx?sid=15091510473104892373590018791225>
	{'amount': u'3,000.00',
	 'area': '',
	 'description': u'\u501f\u6b3e\u8be6\u60c5\uff1a\u8d44\u91d1\u5468\u8f6c,\u767d\u5929\u8fd8\u6b3e\uff0c\u534a\u591c\u5f00\u59cb\u501f\uff01\u767d\u5929\u8fd8\u6b3e\uff0c\u534a\u591c\u5f00\u59cb\u501f\uff01\u767d\u5929\u8fd8\u6b3e\uff0c\u534a\u591c\u5f00\u59cb\u501f\uff01',
	 'income_rate': u'3.65%/\u5e74',
	 'link': 'https://www.my089.com/Loan/Detail.aspx?sid=15091510473104892373590018791225',
	 'min_amount': u'\uffe550.00 ',
	 'name': u'\u767d\u5929\u8fd8\u6b3e\uff0c\u534a\u591c\u5f00\u59cb\u501f\uff01',
	 'process': u'0%',
	 'protect_mode': '',
	 'repay_type': u'\u4e00\u6b21\u6027\u8fd8\u6b3e',
	 'reward': u'\u672a\u8bbe\u7f6e\u5956\u52b1\u3002',
	 'term': u'5\u5929',
	 'transfer_claim': ''}
2015-09-15 10:54:26+0800 [honglingchuangtou] DEBUG: Crawled (200) <GET https://www.my089.com/Loan/Detail.aspx?sid=15091510490871093489410011276966> (referer: None)
2015-09-15 10:54:26+0800 [honglingchuangtou] DEBUG: Scraped from <200 https://www.my089.com/Loan/Detail.aspx?sid=15091510490871093489410011276966>
	{'amount': u'5,200.00',
	 'area': '',
	 'description': u'\u501f \u6b3e \u8be6 \u60c5\uff1a\u8d44\u91d1\u5468\u8f6c1\u4e2a\u6708_******',
	 'income_rate': u'10.37%/\u5e74',
	 'link': 'https://www.my089.com/Loan/Detail.aspx?sid=15091510490871093489410011276966',
	 'min_amount': u'\uffe550.00 ',
	 'name': u'\u8d44\u91d1\u5468\u8f6c1\u4e2a\u6708_1509151049',
	 'process': u'100%',
	 'protect_mode': '',
	 'repay_type': u'\u6309\u6708\u5206\u671f',
	 'reward': u'\u672a\u8bbe\u7f6e\u5956\u52b1\u3002',
	 'term': u'1\u4e2a\u6708',
	 'transfer_claim': ''}
2015-09-15 10:54:27+0800 [honglingchuangtou] INFO: Crawled 16 pages (at 16 pages/min), scraped 16 items (at 16 items/min)
2015-09-15 10:54:29+0800 [honglingchuangtou] DEBUG: Crawled (200) <GET https://www.my089.com/Loan/Detail.aspx?sid=15091510483205893687040012535489> (referer: None)
2015-09-15 10:54:29+0800 [honglingchuangtou] DEBUG: Scraped from <200 https://www.my089.com/Loan/Detail.aspx?sid=15091510483205893687040012535489>
	{'amount': u'13,000.00',
	 'area': '',
	 'description': u'\u501f \u6b3e \u8be6 \u60c5\uff1a\u8d44\u91d1\u5468\u8f6c1\u4e2a\u6708_******',
	 'income_rate': u'10.33%/\u5e74',
	 'link': 'https://www.my089.com/Loan/Detail.aspx?sid=15091510483205893687040012535489',
	 'min_amount': u'\uffe550.00 ',
	 'name': u'\u8d44\u91d1\u5468\u8f6c1\u4e2a\u6708_1509151048',
	 'process': u'85%',
	 'protect_mode': '',
	 'repay_type': u'\u6309\u6708\u5206\u671f',
	 'reward': u'\u672a\u8bbe\u7f6e\u5956\u52b1\u3002',
	 'term': u'1\u4e2a\u6708',
	 'transfer_claim': ''}
2015-09-15 10:54:34+0800 [honglingchuangtou] DEBUG: Crawled (200) <GET https://www.my089.com/Loan/Detail.aspx?sid=15091510464312691786490019524173> (referer: None)
2015-09-15 10:54:34+0800 [honglingchuangtou] DEBUG: Scraped from <200 https://www.my089.com/Loan/Detail.aspx?sid=15091510464312691786490019524173>
	{'amount': u'30,000.00',
	 'area': '',
	 'description': u'\u501f \u6b3e \u8be6 \u60c5\uff1a\u8d44\u91d1\u5468\u8f6c10\u5929_******',
	 'income_rate': u'7.3%/\u5e74',
	 'link': 'https://www.my089.com/Loan/Detail.aspx?sid=15091510464312691786490019524173',
	 'min_amount': u'\uffe550.00 ',
	 'name': u'\u8d44\u91d1\u5468\u8f6c10\u5929_1509151047',
	 'process': u'0%',
	 'protect_mode': '',
	 'repay_type': u'\u4e00\u6b21\u6027\u8fd8\u6b3e',
	 'reward': u'\u672a\u8bbe\u7f6e\u5956\u52b1\u3002',
	 'term': u'10\u5929',
	 'transfer_claim': ''}
2015-09-15 10:54:37+0800 [honglingchuangtou] DEBUG: Crawled (200) <GET https://www.my089.com/Loan/Detail.aspx?sid=15091510460947190689780012689532> (referer: None)
2015-09-15 10:54:37+0800 [honglingchuangtou] DEBUG: Scraped from <200 https://www.my089.com/Loan/Detail.aspx?sid=15091510460947190689780012689532>
	{'amount': u'102,220.00',
	 'area': '',
	 'description': u'\u501f \u6b3e \u8be6 \u60c5\uff1a\u8d44\u91d1\u5468\u8f6c1\u4e2a\u6708_******',
	 'income_rate': u'10.3%/\u5e74',
	 'link': 'https://www.my089.com/Loan/Detail.aspx?sid=15091510460947190689780012689532',
	 'min_amount': u'\uffe550.00 ',
	 'name': u'\u8d44\u91d1\u5468\u8f6c1\u4e2a\u6708_1509151047',
	 'process': u'21%',
	 'protect_mode': '',
	 'repay_type': u'\u6309\u6708\u5206\u671f',
	 'reward': u'\u672a\u8bbe\u7f6e\u5956\u52b1\u3002',
	 'term': u'1\u4e2a\u6708',
	 'transfer_claim': ''}
2015-09-15 10:54:39+0800 [honglingchuangtou] DEBUG: Crawled (200) <GET https://www.my089.com/Loan/Detail.aspx?sid=15091510461707594206570014118542> (referer: None)
2015-09-15 10:54:40+0800 [honglingchuangtou] DEBUG: Scraped from <200 https://www.my089.com/Loan/Detail.aspx?sid=15091510461707594206570014118542>
	{'amount': u'1,200.00',
	 'area': '',
	 'description': u'\u501f \u6b3e \u8be6 \u60c5\uff1a\u8d44\u91d1\u5468\u8f6c3\u4e2a\u6708_******',
	 'income_rate': u'8%/\u5e74',
	 'link': 'https://www.my089.com/Loan/Detail.aspx?sid=15091510461707594206570014118542',
	 'min_amount': u'\uffe550.00 ',
	 'name': u'\u8d44\u91d1\u5468\u8f6c3\u4e2a\u6708_1509151046',
	 'process': u'0%',
	 'protect_mode': '',
	 'repay_type': u'\u6309\u5b63\u5206\u671f',
	 'reward': u'\u672a\u8bbe\u7f6e\u5956\u52b1\u3002',
	 'term': u'3\u4e2a\u6708',
	 'transfer_claim': ''}
2015-09-15 10:54:44+0800 [honglingchuangtou] DEBUG: Crawled (200) <GET https://www.my089.com/Loan/Detail.aspx?sid=15091510501765094604630018299991> (referer: None)
2015-09-15 10:54:44+0800 [honglingchuangtou] DEBUG: Scraped from <200 https://www.my089.com/Loan/Detail.aspx?sid=15091510501765094604630018299991>
	{'amount': u'10,000.00',
	 'area': '',
	 'description': u'\u501f \u6b3e \u8be6 \u60c5\uff1a\u8d44\u91d1\u5468\u8f6c1\u4e2a\u6708_******',
	 'income_rate': u'10.13%/\u5e74',
	 'link': 'https://www.my089.com/Loan/Detail.aspx?sid=15091510501765094604630018299991',
	 'min_amount': u'\uffe550.00 ',
	 'name': u'\u8d44\u91d1\u5468\u8f6c1\u4e2a\u6708_1509151050',
	 'process': u'35%',
	 'protect_mode': '',
	 'repay_type': u'\u6309\u6708\u5206\u671f',
	 'reward': u'\u672a\u8bbe\u7f6e\u5956\u52b1\u3002',
	 'term': u'1\u4e2a\u6708',
	 'transfer_claim': ''}
2015-09-15 10:54:46+0800 [honglingchuangtou] DEBUG: Crawled (200) <GET https://www.my089.com/Loan/Detail.aspx?sid=15091510484593092431250013356162> (referer: None)
2015-09-15 10:54:46+0800 [honglingchuangtou] DEBUG: Scraped from <200 https://www.my089.com/Loan/Detail.aspx?sid=15091510484593092431250013356162>
	{'amount': u'10,000.00',
	 'area': '',
	 'description': u'\u501f \u6b3e \u8be6 \u60c5\uff1a\u8d44\u91d1\u5468\u8f6c5\u5929_******',
	 'income_rate': u'7.3%/\u5e74',
	 'link': 'https://www.my089.com/Loan/Detail.aspx?sid=15091510484593092431250013356162',
	 'min_amount': u'\uffe550.00 ',
	 'name': u'\u8d44\u91d1\u5468\u8f6c5\u5929_1509151048',
	 'process': u'0%',
	 'protect_mode': '',
	 'repay_type': u'\u4e00\u6b21\u6027\u8fd8\u6b3e',
	 'reward': u'\u672a\u8bbe\u7f6e\u5956\u52b1\u3002',
	 'term': u'5\u5929',
	 'transfer_claim': ''}
2015-09-15 10:54:50+0800 [honglingchuangtou] DEBUG: Crawled (200) <GET https://www.my089.com/Loan/Detail.aspx?sid=15091510463695792101500017683376> (referer: None)
2015-09-15 10:54:50+0800 [honglingchuangtou] DEBUG: Scraped from <200 https://www.my089.com/Loan/Detail.aspx?sid=15091510463695792101500017683376>
	{'amount': u'22,000.00',
	 'area': '',
	 'description': u'\u501f \u6b3e \u8be6 \u60c5\uff1a\u8d44\u91d1\u5468\u8f6c1\u4e2a\u6708_******',
	 'income_rate': u'10.3%/\u5e74',
	 'link': 'https://www.my089.com/Loan/Detail.aspx?sid=15091510463695792101500017683376',
	 'min_amount': u'\uffe550.00 ',
	 'name': u'\u8d44\u91d1\u5468\u8f6c1\u4e2a\u6708_1509151048',
	 'process': u'96%',
	 'protect_mode': '',
	 'repay_type': u'\u6309\u6708\u5206\u671f',
	 'reward': u'\u672a\u8bbe\u7f6e\u5956\u52b1\u3002',
	 'term': u'1\u4e2a\u6708',
	 'transfer_claim': ''}
2015-09-15 10:54:51+0800 [honglingchuangtou] DEBUG: Crawled (200) <GET https://www.my089.com/Loan/Detail.aspx?sid=15091510493973296114830019792596> (referer: None)
2015-09-15 10:54:51+0800 [honglingchuangtou] DEBUG: Scraped from <200 https://www.my089.com/Loan/Detail.aspx?sid=15091510493973296114830019792596>
	{'amount': u'500.00',
	 'area': '',
	 'description': u'\u501f \u6b3e \u8be6 \u60c5\uff1a\u8d44\u91d1\u5468\u8f6c5\u5929_******',
	 'income_rate': u'3.65%/\u5e74',
	 'link': 'https://www.my089.com/Loan/Detail.aspx?sid=15091510493973296114830019792596',
	 'min_amount': u'\uffe550.00 ',
	 'name': u'\u8d44\u91d1\u5468\u8f6c5\u5929_1509151049',
	 'process': u'0%',
	 'protect_mode': '',
	 'repay_type': u'\u4e00\u6b21\u6027\u8fd8\u6b3e',
	 'reward': u'\u672a\u8bbe\u7f6e\u5956\u52b1\u3002',
	 'term': u'5\u5929',
	 'transfer_claim': ''}
2015-09-15 10:54:55+0800 [honglingchuangtou] DEBUG: Crawled (200) <GET https://www.my089.com/Loan/Detail.aspx?sid=15091510504257294735530011794814> (referer: None)
2015-09-15 10:54:55+0800 [honglingchuangtou] DEBUG: Scraped from <200 https://www.my089.com/Loan/Detail.aspx?sid=15091510504257294735530011794814>
	{'amount': u'15,000.00',
	 'area': '',
	 'description': u'\u501f \u6b3e \u8be6 \u60c5\uff1a\u8d44\u91d1\u5468\u8f6c5\u5929_******',
	 'income_rate': u'7.3%/\u5e74',
	 'link': 'https://www.my089.com/Loan/Detail.aspx?sid=15091510504257294735530011794814',
	 'min_amount': u'\uffe550.00 ',
	 'name': u'\u8d44\u91d1\u5468\u8f6c5\u5929_1509151050',
	 'process': u'15%',
	 'protect_mode': '',
	 'repay_type': u'\u4e00\u6b21\u6027\u8fd8\u6b3e',
	 'reward': u'\u672a\u8bbe\u7f6e\u5956\u52b1\u3002',
	 'term': u'5\u5929',
	 'transfer_claim': ''}
2015-09-15 10:54:57+0800 [honglingchuangtou] DEBUG: Crawled (200) <GET https://www.my089.com/Loan/Detail.aspx?sid=15091510473362792467570011745821> (referer: None)
2015-09-15 10:54:57+0800 [honglingchuangtou] DEBUG: Scraped from <200 https://www.my089.com/Loan/Detail.aspx?sid=15091510473362792467570011745821>
	{'amount': u'20,000.00',
	 'area': '',
	 'description': u'\u501f \u6b3e \u8be6 \u60c5\uff1a\u8d44\u91d1\u5468\u8f6c5\u5929_******',
	 'income_rate': u'7.3%/\u5e74',
	 'link': 'https://www.my089.com/Loan/Detail.aspx?sid=15091510473362792467570011745821',
	 'min_amount': u'\uffe550.00 ',
	 'name': u'\u8d44\u91d1\u5468\u8f6c5\u5929_1509151047',
	 'process': u'32%',
	 'protect_mode': '',
	 'repay_type': u'\u4e00\u6b21\u6027\u8fd8\u6b3e',
	 'reward': u'\u672a\u8bbe\u7f6e\u5956\u52b1\u3002',
	 'term': u'5\u5929',
	 'transfer_claim': ''}
2015-09-15 10:54:59+0800 [honglingchuangtou] DEBUG: Crawled (200) <GET https://www.my089.com/Loan/Detail.aspx?sid=15091510484205894758660015193306> (referer: None)
2015-09-15 10:54:59+0800 [honglingchuangtou] DEBUG: Scraped from <200 https://www.my089.com/Loan/Detail.aspx?sid=15091510484205894758660015193306>
	{'amount': u'35,000.00',
	 'area': '',
	 'description': u'\u501f\u6b3e\u8be6\u60c5\uff1a\u7ad9\u5185\u5173\u8054\u7528\u6237\u540d\uff1a\u8fd8\u6b3e\u4fdd\u969c\uff1a\u767d\u5929\u8fd8\u6b3e\u3002\u4ece\u672a\u903e\u671f\u3002\u8c22\u8c22\uff01\u767d\u5929\u8fd8\u6b3e\u3002\u4ece\u672a\u903e\u671f\u3002\u8c22\u8c22\uff01\u767d\u5929\u8fd8\u6b3e\u3002\u4ece\u672a\u903e\u671f\u3002\u8c22\u8c22\uff01\u767d\u5929\u8fd8\u6b3e\u3002\u4ece\u672a\u903e\u671f\u3002\u8c22\u8c22\uff01\u767d\u5929\u8fd8\u6b3e\u3002\u4ece\u672a\u903e\u671f\u3002\u8c22\u8c22\uff01\u767d\u5929\u8fd8\u6b3e\u3002\u4ece\u672a\u903e\u671f\u3002\u8c22\u8c22\uff01\u767d\u5929\u8fd8\u6b3e\u3002\u4ece\u672a\u903e\u671f\u3002\u8c22\u8c22\uff01\u767d\u5929\u8fd8\u6b3e\u3002\u4ece\u672a\u903e\u671f\u3002\u8c22\u8c22\uff01\u767d\u5929\u8fd8\u6b3e\u3002\u4ece\u672a\u903e\u671f\u3002\u8c22\u8c22\uff01\u767d\u5929\u8fd8\u6b3e\u3002\u4ece\u672a\u903e\u671f\u3002\u8c22\u8c22\uff01\u767d\u5929\u8fd8\u6b3e\u3002\u4ece\u672a\u903e\u671f\u3002\u8c22\u8c22\uff01\u767d\u5929\u8fd8\u6b3e\u3002\u4ece\u672a\u903e\u671f\u3002\u8c22\u8c22\uff01\u767d\u5929\u8fd8\u6b3e\u3002\u4ece\u672a\u903e\u671f\u3002\u8c22\u8c22\uff01\u767d\u5929\u8fd8\u6b3e\u3002\u4ece\u672a\u903e\u671f\u3002\u8c22\u8c22\uff01\u767d\u5929\u8fd8\u6b3e\u3002\u4ece\u672a\u903e\u671f\u3002\u8c22\u8c22\uff01\u767d\u5929\u8fd8\u6b3e\u3002\u4ece\u672a\u903e\u671f\u3002\u8c22\u8c22\uff01\u767d\u5929\u8fd8\u6b3e\u3002\u4ece\u672a\u903e\u671f\u3002\u8c22\u8c22\uff01',
	 'income_rate': u'7.3%/\u5e74',
	 'link': 'https://www.my089.com/Loan/Detail.aspx?sid=15091510484205894758660015193306',
	 'min_amount': u'\uffe550.00 ',
	 'name': u'\u767d\u5929\u8fd8\u6b3e\u3002\u4ece\u672a\u903e\u671f\u3002\u8c22\u8c22\uff01',
	 'process': u'14%',
	 'protect_mode': '',
	 'repay_type': u'\u4e00\u6b21\u6027\u8fd8\u6b3e',
	 'reward': u'\u672a\u8bbe\u7f6e\u5956\u52b1\u3002',
	 'term': u'5\u5929',
	 'transfer_claim': ''}
2015-09-15 10:55:02+0800 [honglingchuangtou] DEBUG: Crawled (200) <GET https://www.my089.com/Loan/Detail.aspx?sid=15091510490955993903740014297729> (referer: None)
2015-09-15 10:55:02+0800 [honglingchuangtou] DEBUG: Scraped from <200 https://www.my089.com/Loan/Detail.aspx?sid=15091510490955993903740014297729>
	{'amount': u'5,000.00',
	 'area': '',
	 'description': u'\u501f\u6b3e\u8be6\u60c5\uff1a\u8d44\u91d1\u5468\u8f6c,\u767d\u5929\u8fd8\u6b3e \u4e0d\u71ac\u591c\u767d\u5929\u8fd8\u6b3e \u4e0d\u71ac\u591c\u767d\u5929\u8fd8\u6b3e \u4e0d\u71ac\u591c',
	 'income_rate': u'3.65%/\u5e74',
	 'link': 'https://www.my089.com/Loan/Detail.aspx?sid=15091510490955993903740014297729',
	 'min_amount': u'\uffe550.00 ',
	 'name': u'\u767d\u5929\u8fd8\u6b3e \u4e0d\u71ac\u591c',
	 'process': u'0%',
	 'protect_mode': '',
	 'repay_type': u'\u4e00\u6b21\u6027\u8fd8\u6b3e',
	 'reward': u'\u672a\u8bbe\u7f6e\u5956\u52b1\u3002',
	 'term': u'5\u5929',
	 'transfer_claim': ''}
2015-09-15 10:55:06+0800 [honglingchuangtou] DEBUG: Crawled (200) <GET https://www.my089.com/Loan/Detail.aspx?sid=15091510480189893818940017743920> (referer: None)
2015-09-15 10:55:06+0800 [honglingchuangtou] DEBUG: Scraped from <200 https://www.my089.com/Loan/Detail.aspx?sid=15091510480189893818940017743920>
	{'amount': u'5,000.00',
	 'area': '',
	 'description': u'\u501f \u6b3e \u8be6 \u60c5\uff1a\u8d44\u91d1\u5468\u8f6c1\u4e2a\u6708_******',
	 'income_rate': u'10.1%/\u5e74',
	 'link': 'https://www.my089.com/Loan/Detail.aspx?sid=15091510480189893818940017743920',
	 'min_amount': u'\uffe550.00 ',
	 'name': u'\u8d44\u91d1\u5468\u8f6c1\u4e2a\u6708_1509151048',
	 'process': u'21%',
	 'protect_mode': '',
	 'repay_type': u'\u6309\u6708\u5206\u671f',
	 'reward': u'\u672a\u8bbe\u7f6e\u5956\u52b1\u3002',
	 'term': u'1\u4e2a\u6708',
	 'transfer_claim': ''}
2015-09-15 10:55:09+0800 [honglingchuangtou] DEBUG: Crawled (200) <GET https://www.my089.com/Loan/Detail.aspx?sid=15091510484739691425190018564828> (referer: None)
2015-09-15 10:55:09+0800 [honglingchuangtou] DEBUG: Scraped from <200 https://www.my089.com/Loan/Detail.aspx?sid=15091510484739691425190018564828>
	{'amount': u'1,050.00',
	 'area': '',
	 'description': u'\u501f\u6b3e\u8be6\u60c5\uff1a\u7ad9\u5185\u5173\u8054\u7528\u6237\u540d\uff1a\u8fd8\u6b3e\u4fdd\u969c\uff1a\u501f5\u5929\u6700\u591a\u75283\u5929\u3002\u501f5\u5929\u6700\u591a\u75283\u5929\u3002\u501f5\u5929\u6700\u591a\u75283\u5929\u3002',
	 'income_rate': u'3.65%/\u5e74',
	 'link': 'https://www.my089.com/Loan/Detail.aspx?sid=15091510484739691425190018564828',
	 'min_amount': u'\uffe550.00 ',
	 'name': u'\u501f5\u5929\u6700\u591a\u75283\u5929\u3002',
	 'process': u'10%',
	 'protect_mode': '',
	 'repay_type': u'\u4e00\u6b21\u6027\u8fd8\u6b3e',
	 'reward': u'\u672a\u8bbe\u7f6e\u5956\u52b1\u3002',
	 'term': u'5\u5929',
	 'transfer_claim': ''}
2015-09-15 10:55:13+0800 [honglingchuangtou] DEBUG: Crawled (200) <GET https://www.my089.com/Loan/Detail.aspx?sid=15091510483886891766740015313709> (referer: None)
2015-09-15 10:55:13+0800 [honglingchuangtou] DEBUG: Scraped from <200 https://www.my089.com/Loan/Detail.aspx?sid=15091510483886891766740015313709>
	{'amount': u'100,000.00',
	 'area': '',
	 'description': u'\u501f \u6b3e \u8be6 \u60c5\uff1a\u8d44\u91d1\u5468\u8f6c1\u4e2a\u6708_******',
	 'income_rate': u'10.35%/\u5e74',
	 'link': 'https://www.my089.com/Loan/Detail.aspx?sid=15091510483886891766740015313709',
	 'min_amount': u'\uffe550.00 ',
	 'name': u'\u8d44\u91d1\u5468\u8f6c1\u4e2a\u6708_1509151049',
	 'process': u'100%',
	 'protect_mode': '',
	 'repay_type': u'\u6309\u6708\u5206\u671f',
	 'reward': u'\u672a\u8bbe\u7f6e\u5956\u52b1\u3002',
	 'term': u'1\u4e2a\u6708',
	 'transfer_claim': ''}
2015-09-15 10:55:17+0800 [honglingchuangtou] DEBUG: Crawled (200) <GET https://www.my089.com/Loan/Detail.aspx?sid=15091510481211692403920018094036> (referer: None)
2015-09-15 10:55:17+0800 [honglingchuangtou] DEBUG: Scraped from <200 https://www.my089.com/Loan/Detail.aspx?sid=15091510481211692403920018094036>
	{'amount': u'5,000.00',
	 'area': '',
	 'description': u'\u501f \u6b3e \u8be6 \u60c5\uff1a\u8d44\u91d1\u5468\u8f6c1\u4e2a\u6708_******',
	 'income_rate': u'10.01%/\u5e74',
	 'link': 'https://www.my089.com/Loan/Detail.aspx?sid=15091510481211692403920018094036',
	 'min_amount': u'\uffe550.00 ',
	 'name': u'\u8d44\u91d1\u5468\u8f6c1\u4e2a\u6708_1509151048',
	 'process': u'1%',
	 'protect_mode': '',
	 'repay_type': u'\u6309\u6708\u5206\u671f',
	 'reward': u'\u672a\u8bbe\u7f6e\u5956\u52b1\u3002',
	 'term': u'1\u4e2a\u6708',
	 'transfer_claim': ''}
2015-09-15 10:55:21+0800 [honglingchuangtou] DEBUG: Crawled (200) <GET https://www.my089.com/Loan/Detail.aspx?sid=15091510503358395575060013050274> (referer: None)
2015-09-15 10:55:22+0800 [honglingchuangtou] DEBUG: Scraped from <200 https://www.my089.com/Loan/Detail.aspx?sid=15091510503358395575060013050274>
	{'amount': u'10,000.00',
	 'area': '',
	 'description': u'\u501f \u6b3e \u8be6 \u60c5\uff1a\u8d44\u91d1\u5468\u8f6c1\u4e2a\u6708_******',
	 'income_rate': u'10.3%/\u5e74',
	 'link': 'https://www.my089.com/Loan/Detail.aspx?sid=15091510503358395575060013050274',
	 'min_amount': u'\uffe550.00 ',
	 'name': u'\u8d44\u91d1\u5468\u8f6c1\u4e2a\u6708_1509151050',
	 'process': u'10%',
	 'protect_mode': '',
	 'repay_type': u'\u6309\u6708\u5206\u671f',
	 'reward': u'\u672a\u8bbe\u7f6e\u5956\u52b1\u3002',
	 'term': u'1\u4e2a\u6708',
	 'transfer_claim': ''}
2015-09-15 10:55:25+0800 [honglingchuangtou] DEBUG: Crawled (200) <GET https://www.my089.com/Loan/Detail.aspx?sid=15091510483246995630660015118936> (referer: None)
2015-09-15 10:55:25+0800 [honglingchuangtou] DEBUG: Scraped from <200 https://www.my089.com/Loan/Detail.aspx?sid=15091510483246995630660015118936>
	{'amount': u'19,000.00',
	 'area': '',
	 'description': u'\u501f \u6b3e \u8be6 \u60c5\uff1a\u8d44\u91d1\u5468\u8f6c1\u4e2a\u6708_******',
	 'income_rate': u'10.3%/\u5e74',
	 'link': 'https://www.my089.com/Loan/Detail.aspx?sid=15091510483246995630660015118936',
	 'min_amount': u'\uffe550.00 ',
	 'name': u'\u8d44\u91d1\u5468\u8f6c1\u4e2a\u6708_1509151049',
	 'process': u'0%',
	 'protect_mode': '',
	 'repay_type': u'\u6309\u6708\u5206\u671f',
	 'reward': u'\u672a\u8bbe\u7f6e\u5956\u52b1\u3002',
	 'term': u'1\u4e2a\u6708',
	 'transfer_claim': ''}
2015-09-15 10:55:27+0800 [honglingchuangtou] INFO: Crawled 34 pages (at 18 pages/min), scraped 34 items (at 18 items/min)
2015-09-15 10:55:29+0800 [honglingchuangtou] DEBUG: Crawled (200) <GET https://www.my089.com/Loan/Detail.aspx?sid=15091510521688992522070017722538> (referer: None)
2015-09-15 10:55:29+0800 [honglingchuangtou] DEBUG: Scraped from <200 https://www.my089.com/Loan/Detail.aspx?sid=15091510521688992522070017722538>
	{'amount': u'20,000.00',
	 'area': '',
	 'description': u'\u501f \u6b3e \u8be6 \u60c5\uff1a\u8d44\u91d1\u5468\u8f6c1\u4e2a\u6708_******',
	 'income_rate': u'10.03%/\u5e74',
	 'link': 'https://www.my089.com/Loan/Detail.aspx?sid=15091510521688992522070017722538',
	 'min_amount': u'\uffe550.00 ',
	 'name': u'\u8d44\u91d1\u5468\u8f6c1\u4e2a\u6708_1509151052',
	 'process': u'0%',
	 'protect_mode': '',
	 'repay_type': u'\u6309\u6708\u5206\u671f',
	 'reward': u'\u672a\u8bbe\u7f6e\u5956\u52b1\u3002',
	 'term': u'1\u4e2a\u6708',
	 'transfer_claim': ''}
2015-09-15 10:55:32+0800 [honglingchuangtou] DEBUG: Crawled (200) <GET https://www.my089.com/Loan/Detail.aspx?sid=15091510504443893220240011146210> (referer: None)
2015-09-15 10:55:32+0800 [honglingchuangtou] DEBUG: Scraped from <200 https://www.my089.com/Loan/Detail.aspx?sid=15091510504443893220240011146210>
	{'amount': u'8,000.00',
	 'area': '',
	 'description': u'\u501f\u6b3e\u8be6\u60c5\uff1a\u7ad9\u5185\u5173\u8054\u7528\u6237\u540d\uff1a\u8fd8\u6b3e\u4fdd\u969c\uff1a \u51c0\u503c\u989d\u5ea6\u4fdd\u969c \u501f\u6b3e\u8be6\u60c5\uff1a\u7ad9\u5185\u5173\u8054\u7528\u6237\u540d\uff1a\u8fd8\u6b3e\u4fdd\u969c\uff1a \u51c0\u503c\u989d\u5ea6\u4fdd\u969c \u501f\u6b3e\u8be6\u60c5\uff1a\u7ad9\u5185\u5173\u8054\u7528\u6237\u540d\uff1a\u8fd8\u6b3e\u4fdd\u969c\uff1a \u51c0\u503c\u989d\u5ea6\u4fdd\u969c',
	 'income_rate': u'9.01%/\u5e74',
	 'link': 'https://www.my089.com/Loan/Detail.aspx?sid=15091510504443893220240011146210',
	 'min_amount': u'\uffe550.00 ',
	 'name': u'\u8bda\u4fe1V5,\u501f\u6b3e\u4e00\u4e2a\u6708\uff01',
	 'process': u'0%',
	 'protect_mode': '',
	 'repay_type': u'\u6309\u6708\u5206\u671f',
	 'reward': u'\u672a\u8bbe\u7f6e\u5956\u52b1\u3002',
	 'term': u'1\u4e2a\u6708',
	 'transfer_claim': ''}
2015-09-15 10:55:36+0800 [honglingchuangtou] DEBUG: Crawled (200) <GET https://www.my089.com/Loan/Detail.aspx?sid=15091510503929894873030010480462> (referer: None)
2015-09-15 10:55:36+0800 [honglingchuangtou] DEBUG: Scraped from <200 https://www.my089.com/Loan/Detail.aspx?sid=15091510503929894873030010480462>
	{'amount': u'20,008.00',
	 'area': '',
	 'description': u'\u501f\u6b3e\u8be6\u60c5\uff1a\u7ad9\u5185\u5173\u8054\u7528\u6237\u540d\uff1a\u8fd8\u6b3e\u4fdd\u969c\uff1a \u51c0\u503c\u989d\u5ea6\u4fdd\u969c \u501f\u6b3e\u8be6\u60c5\uff1a\u7ad9\u5185\u5173\u8054\u7528\u6237\u540d\uff1a\u8fd8\u6b3e\u4fdd\u969c\uff1a \u51c0\u503c\u989d\u5ea6\u4fdd\u969c \u501f\u6b3e\u8be6\u60c5\uff1a\u7ad9\u5185\u5173\u8054\u7528\u6237\u540d\uff1a\u8fd8\u6b3e\u4fdd\u969c\uff1a \u51c0\u503c\u989d\u5ea6\u4fdd\u969c',
	 'income_rate': u'7.3%/\u5e74',
	 'link': 'https://www.my089.com/Loan/Detail.aspx?sid=15091510503929894873030010480462',
	 'min_amount': u'\uffe550.00 ',
	 'name': u'\u8d44\u91d1\u5468\u8f6c\u4e94\u5929',
	 'process': u'9%',
	 'protect_mode': '',
	 'repay_type': u'\u4e00\u6b21\u6027\u8fd8\u6b3e',
	 'reward': u'\u672a\u8bbe\u7f6e\u5956\u52b1\u3002',
	 'term': u'5\u5929',
	 'transfer_claim': ''}
2015-09-15 10:55:40+0800 [honglingchuangtou] DEBUG: Crawled (200) <GET https://www.my089.com/Loan/Detail.aspx?sid=15091510511109194755850014943420> (referer: None)
2015-09-15 10:55:40+0800 [honglingchuangtou] DEBUG: Scraped from <200 https://www.my089.com/Loan/Detail.aspx?sid=15091510511109194755850014943420>
	{'amount': u'10,008.00',
	 'area': '',
	 'description': u'\u501f\u6b3e\u8be6\u60c5\uff1a\u7ad9\u5185\u5173\u8054\u7528\u6237\u540d\uff1a\u8fd8\u6b3e\u4fdd\u969c\uff1a \u51c0\u503c\u989d\u5ea6\u4fdd\u969c \u501f\u6b3e\u8be6\u60c5\uff1a\u7ad9\u5185\u5173\u8054\u7528\u6237\u540d\uff1a\u8fd8\u6b3e\u4fdd\u969c\uff1a \u51c0\u503c\u989d\u5ea6\u4fdd\u969c \u501f\u6b3e\u8be6\u60c5\uff1a\u7ad9\u5185\u5173\u8054\u7528\u6237\u540d\uff1a\u8fd8\u6b3e\u4fdd\u969c\uff1a \u51c0\u503c\u989d\u5ea6\u4fdd\u969c',
	 'income_rate': u'7.3%/\u5e74',
	 'link': 'https://www.my089.com/Loan/Detail.aspx?sid=15091510511109194755850014943420',
	 'min_amount': u'\uffe550.00 ',
	 'name': u'\u8d44\u91d1\u5468\u8f6c\u4e94\u5929',
	 'process': u'0%',
	 'protect_mode': '',
	 'repay_type': u'\u4e00\u6b21\u6027\u8fd8\u6b3e',
	 'reward': u'\u672a\u8bbe\u7f6e\u5956\u52b1\u3002',
	 'term': u'5\u5929',
	 'transfer_claim': ''}
2015-09-15 10:55:42+0800 [honglingchuangtou] DEBUG: Crawled (200) <GET https://www.my089.com/Loan/Detail.aspx?sid=15091510522004292895770013471927> (referer: None)
2015-09-15 10:55:42+0800 [honglingchuangtou] DEBUG: Scraped from <200 https://www.my089.com/Loan/Detail.aspx?sid=15091510522004292895770013471927>
	{'amount': u'20,000.00',
	 'area': '',
	 'description': u'\u501f\u6b3e\u8be6\u60c5\uff1a\u8d44\u91d1\u5468\u8f6c,\u96f6\u70b9\u8d77\u501f~\u52e4\u52e4\u6073\u6073~\u8fb9\u501f\u8fb9\u8fd8\u96f6\u70b9\u8d77\u501f~\u52e4\u52e4\u6073\u6073~\u8fb9\u501f\u8fb9\u8fd8\u96f6\u70b9\u8d77\u501f~\u52e4\u52e4\u6073\u6073~\u8fb9\u501f\u8fb9\u8fd8',
	 'income_rate': u'7.3%/\u5e74',
	 'link': 'https://www.my089.com/Loan/Detail.aspx?sid=15091510522004292895770013471927',
	 'min_amount': u'\uffe550.00 ',
	 'name': u'\u96f6\u70b9\u8d77\u501f~\u52e4\u52e4\u6073\u6073~\u8fb9\u501f\u8fb9\u8fd8',
	 'process': u'100%',
	 'protect_mode': '',
	 'repay_type': u'\u4e00\u6b21\u6027\u8fd8\u6b3e',
	 'reward': u'\u672a\u8bbe\u7f6e\u5956\u52b1\u3002',
	 'term': u'5\u5929',
	 'transfer_claim': ''}
2015-09-15 10:55:46+0800 [honglingchuangtou] DEBUG: Crawled (200) <GET https://www.my089.com/Loan/Detail.aspx?sid=15091510483483591488540010835867> (referer: None)
2015-09-15 10:55:46+0800 [honglingchuangtou] DEBUG: Scraped from <200 https://www.my089.com/Loan/Detail.aspx?sid=15091510483483591488540010835867>
	{'amount': u'20,000.00',
	 'area': '',
	 'description': u'\u501f \u6b3e \u8be6 \u60c5\uff1a\u8d44\u91d1\u5468\u8f6c1\u4e2a\u6708_******',
	 'income_rate': u'10.3%/\u5e74',
	 'link': 'https://www.my089.com/Loan/Detail.aspx?sid=15091510483483591488540010835867',
	 'min_amount': u'\uffe550.00 ',
	 'name': u'\u8d44\u91d1\u5468\u8f6c1\u4e2a\u6708_1509151048',
	 'process': u'0%',
	 'protect_mode': '',
	 'repay_type': u'\u6309\u6708\u5206\u671f',
	 'reward': u'\u672a\u8bbe\u7f6e\u5956\u52b1\u3002',
	 'term': u'1\u4e2a\u6708',
	 'transfer_claim': ''}
2015-09-15 10:55:50+0800 [honglingchuangtou] DEBUG: Crawled (200) <GET https://www.my089.com/Loan/Detail.aspx?sid=15091510492082393231220013737439> (referer: None)
2015-09-15 10:55:50+0800 [honglingchuangtou] DEBUG: Scraped from <200 https://www.my089.com/Loan/Detail.aspx?sid=15091510492082393231220013737439>
	{'amount': u'5,000.00',
	 'area': '',
	 'description': u'\u501f \u6b3e \u8be6 \u60c5\uff1a\u8d44\u91d1\u5468\u8f6c5\u5929_******',
	 'income_rate': u'7.3%/\u5e74',
	 'link': 'https://www.my089.com/Loan/Detail.aspx?sid=15091510492082393231220013737439',
	 'min_amount': u'\uffe550.00 ',
	 'name': u'\u8d44\u91d1\u5468\u8f6c5\u5929_1509151049',
	 'process': u'0%',
	 'protect_mode': '',
	 'repay_type': u'\u4e00\u6b21\u6027\u8fd8\u6b3e',
	 'reward': u'\u672a\u8bbe\u7f6e\u5956\u52b1\u3002',
	 'term': u'5\u5929',
	 'transfer_claim': ''}
2015-09-15 10:55:54+0800 [honglingchuangtou] DEBUG: Crawled (200) <GET https://www.my089.com/Loan/Detail.aspx?sid=15091510494494694928900016492728> (referer: None)
2015-09-15 10:55:54+0800 [honglingchuangtou] DEBUG: Scraped from <200 https://www.my089.com/Loan/Detail.aspx?sid=15091510494494694928900016492728>
	{'amount': u'50,000.00',
	 'area': '',
	 'description': u'\u501f \u6b3e \u8be6 \u60c5\uff1a\u8d44\u91d1\u5468\u8f6c5\u5929_******',
	 'income_rate': u'7.3%/\u5e74',
	 'link': 'https://www.my089.com/Loan/Detail.aspx?sid=15091510494494694928900016492728',
	 'min_amount': u'\uffe550.00 ',
	 'name': u'\u8d44\u91d1\u5468\u8f6c5\u5929_1509151049',
	 'process': u'0%',
	 'protect_mode': '',
	 'repay_type': u'\u4e00\u6b21\u6027\u8fd8\u6b3e',
	 'reward': u'\u672a\u8bbe\u7f6e\u5956\u52b1\u3002',
	 'term': u'5\u5929',
	 'transfer_claim': ''}
2015-09-15 10:55:56+0800 [honglingchuangtou] DEBUG: Crawled (200) <GET https://www.my089.com/Loan/Detail.aspx?sid=15091510481330893994480012484081> (referer: None)
2015-09-15 10:55:56+0800 [honglingchuangtou] DEBUG: Scraped from <200 https://www.my089.com/Loan/Detail.aspx?sid=15091510481330893994480012484081>
	{'amount': u'40,000.00',
	 'area': '',
	 'description': u'\u501f \u6b3e \u8be6 \u60c5\uff1a\u8d44\u91d1\u5468\u8f6c1\u4e2a\u6708_******',
	 'income_rate': u'10.3%/\u5e74',
	 'link': 'https://www.my089.com/Loan/Detail.aspx?sid=15091510481330893994480012484081',
	 'min_amount': u'\uffe550.00 ',
	 'name': u'\u8d44\u91d1\u5468\u8f6c1\u4e2a\u6708_1509151048',
	 'process': u'0%',
	 'protect_mode': '',
	 'repay_type': u'\u6309\u6708\u5206\u671f',
	 'reward': u'\u672a\u8bbe\u7f6e\u5956\u52b1\u3002',
	 'term': u'1\u4e2a\u6708',
	 'transfer_claim': ''}
2015-09-15 10:56:00+0800 [honglingchuangtou] DEBUG: Crawled (200) <GET https://www.my089.com/Loan/Detail.aspx?sid=15091510484511192172060015517512> (referer: None)
2015-09-15 10:56:00+0800 [honglingchuangtou] DEBUG: Scraped from <200 https://www.my089.com/Loan/Detail.aspx?sid=15091510484511192172060015517512>
	{'amount': u'17,000.00',
	 'area': '',
	 'description': u'\u501f \u6b3e \u8be6 \u60c5\uff1a1\u4e2a\u6708_******',
	 'income_rate': u'10.31%/\u5e74',
	 'link': 'https://www.my089.com/Loan/Detail.aspx?sid=15091510484511192172060015517512',
	 'min_amount': u'\uffe550.00 ',
	 'name': u'1\u4e2a\u6708_1509151048',
	 'process': u'0%',
	 'protect_mode': '',
	 'repay_type': u'\u6309\u6708\u5206\u671f',
	 'reward': u'\u672a\u8bbe\u7f6e\u5956\u52b1\u3002',
	 'term': u'1\u4e2a\u6708',
	 'transfer_claim': ''}
2015-09-15 10:56:04+0800 [honglingchuangtou] DEBUG: Crawled (200) <GET https://www.my089.com/Loan/Detail.aspx?sid=15091510433072993704390014512039> (referer: None)
2015-09-15 10:56:04+0800 [honglingchuangtou] DEBUG: Scraped from <200 https://www.my089.com/Loan/Detail.aspx?sid=15091510433072993704390014512039>
	{'amount': u'1,000.00',
	 'area': '',
	 'description': u'\u501f \u6b3e \u8be6 \u60c5\uff1a\u8d44\u91d1\u5468\u8f6c5\u5929_******',
	 'income_rate': u'7.3%/\u5e74',
	 'link': 'https://www.my089.com/Loan/Detail.aspx?sid=15091510433072993704390014512039',
	 'min_amount': u'\uffe550.00 ',
	 'name': u'\u8d44\u91d1\u5468\u8f6c5\u5929_1509151046',
	 'process': u'5%',
	 'protect_mode': '',
	 'repay_type': u'\u4e00\u6b21\u6027\u8fd8\u6b3e',
	 'reward': u'\u672a\u8bbe\u7f6e\u5956\u52b1\u3002',
	 'term': u'5\u5929',
	 'transfer_claim': ''}
2015-09-15 10:56:07+0800 [honglingchuangtou] DEBUG: Crawled (200) <GET https://www.my089.com/Loan/Detail.aspx?sid=15091510470208791328690011490150> (referer: None)
2015-09-15 10:56:07+0800 [honglingchuangtou] DEBUG: Scraped from <200 https://www.my089.com/Loan/Detail.aspx?sid=15091510470208791328690011490150>
	{'amount': u'90,000.00',
	 'area': '',
	 'description': u'\u501f \u6b3e \u8be6 \u60c5\uff1a3\u4e2a\u6708_******',
	 'income_rate': u'10.5%/\u5e74',
	 'link': 'https://www.my089.com/Loan/Detail.aspx?sid=15091510470208791328690011490150',
	 'min_amount': u'\uffe550.00 ',
	 'name': u'3\u4e2a\u6708_1509151047',
	 'process': u'100%',
	 'protect_mode': '',
	 'repay_type': u'\u6309\u6708\u5230\u671f',
	 'reward': u'\u672a\u8bbe\u7f6e\u5956\u52b1\u3002',
	 'term': u'3\u4e2a\u6708',
	 'transfer_claim': ''}
2015-09-15 10:56:11+0800 [honglingchuangtou] DEBUG: Crawled (200) <GET https://www.my089.com/Loan/Detail.aspx?sid=15091510491590792050840018444876> (referer: None)
2015-09-15 10:56:11+0800 [honglingchuangtou] DEBUG: Scraped from <200 https://www.my089.com/Loan/Detail.aspx?sid=15091510491590792050840018444876>
	{'amount': u'32,000.00',
	 'area': '',
	 'description': u'\u501f\u6b3e\u8be6\u60c5\uff1a\u8d44\u91d1\u5468\u8f6c,\u8d44\u91d1\u5468\u8f6c1\u4e2a\u6708\uff0c\u25a0V5\u771f\u8bda\u501f\u6b3e\u25a0\u8d44\u91d1\u5468\u8f6c1\u4e2a\u6708\uff0c\u25a0V5\u771f\u8bda\u501f\u6b3e\u25a0\u8d44\u91d1\u5468\u8f6c1\u4e2a\u6708\uff0c\u25a0V5\u771f\u8bda\u501f\u6b3e\u25a0',
	 'income_rate': u'10.28%/\u5e74',
	 'link': 'https://www.my089.com/Loan/Detail.aspx?sid=15091510491590792050840018444876',
	 'min_amount': u'\uffe550.00 ',
	 'name': u'\u8d44\u91d1\u5468\u8f6c1\u4e2a\u6708\uff0c\u25a0V5\u771f\u8bda\u501f\u6b3e\u25a0',
	 'process': u'0%',
	 'protect_mode': '',
	 'repay_type': u'\u6309\u6708\u5206\u671f',
	 'reward': u'\u672a\u8bbe\u7f6e\u5956\u52b1\u3002',
	 'term': u'1\u4e2a\u6708',
	 'transfer_claim': ''}
2015-09-15 10:56:14+0800 [honglingchuangtou] DEBUG: Crawled (200) <GET https://www.my089.com/Loan/Detail.aspx?sid=15091510470325995041680010437215> (referer: None)
2015-09-15 10:56:14+0800 [honglingchuangtou] DEBUG: Scraped from <200 https://www.my089.com/Loan/Detail.aspx?sid=15091510470325995041680010437215>
	{'amount': u'2,000.00',
	 'area': '',
	 'description': u'\u501f \u6b3e \u8be6 \u60c5\uff1a\u8d44\u91d1\u5468\u8f6c1\u4e2a\u6708_******',
	 'income_rate': u'9.01%/\u5e74',
	 'link': 'https://www.my089.com/Loan/Detail.aspx?sid=15091510470325995041680010437215',
	 'min_amount': u'\uffe550.00 ',
	 'name': u'\u8d44\u91d1\u5468\u8f6c1\u4e2a\u6708_1509151047',
	 'process': u'2%',
	 'protect_mode': '',
	 'repay_type': u'\u6309\u6708\u5206\u671f',
	 'reward': u'\u672a\u8bbe\u7f6e\u5956\u52b1\u3002',
	 'term': u'1\u4e2a\u6708',
	 'transfer_claim': ''}
2015-09-15 10:56:16+0800 [honglingchuangtou] DEBUG: Crawled (200) <GET https://www.my089.com/Loan/Detail.aspx?sid=15091510485551396271440012098679> (referer: None)
2015-09-15 10:56:16+0800 [honglingchuangtou] DEBUG: Scraped from <200 https://www.my089.com/Loan/Detail.aspx?sid=15091510485551396271440012098679>
	{'amount': u'10,000.00',
	 'area': '',
	 'description': u'\u7ad9\u5185\u5468\u8f6c\u4e0d\u63d0\u73b0\uff0c\u5230\u671f\u4e00\u5e76\u8fd8\u6e05,\u8bda\u4fe1\u7b2c\u4e00\uff0c\u8c22\u8c22\u652f\u6301\u3002',
	 'income_rate': u'7.3%/\u5e74',
	 'link': 'https://www.my089.com/Loan/Detail.aspx?sid=15091510485551396271440012098679',
	 'min_amount': u'\uffe550.00 ',
	 'name': u'12\u70b9\u524d\u8fd8\u6b3e\u8bda\u4fe1\u7b2c\u4e00',
	 'process': u'0%',
	 'protect_mode': '',
	 'repay_type': u'\u4e00\u6b21\u6027\u8fd8\u6b3e',
	 'reward': u'\u672a\u8bbe\u7f6e\u5956\u52b1\u3002',
	 'term': u'5\u5929',
	 'transfer_claim': ''}
2015-09-15 10:56:21+0800 [honglingchuangtou] DEBUG: Crawled (200) <GET https://www.my089.com/Loan/Detail.aspx?sid=15091510484342892681150010146355> (referer: None)
2015-09-15 10:56:21+0800 [honglingchuangtou] DEBUG: Scraped from <200 https://www.my089.com/Loan/Detail.aspx?sid=15091510484342892681150010146355>
	{'amount': u'10,008.00',
	 'area': '',
	 'description': u'\u501f \u6b3e \u8be6 \u60c5\uff1a\u8d44\u91d1\u5468\u8f6c5\u5929_******\u8fd8 \u6b3e \u65b9 \u5f0f\uff1a\u4e00\u6b21\u6027\u8fd8\u6b3e\u8fd8 \u6b3e \u4fdd \u969c\uff1a\u5e10\u6237\u51c0\u503c\u989d\u5ea6',
	 'income_rate': u'3.65%/\u5e74',
	 'link': 'https://www.my089.com/Loan/Detail.aspx?sid=15091510484342892681150010146355',
	 'min_amount': u'\uffe550.00 ',
	 'name': u'17\u70b9\u524d\u8fd8\u6b3e',
	 'process': u'0%',
	 'protect_mode': '',
	 'repay_type': u'\u4e00\u6b21\u6027\u8fd8\u6b3e',
	 'reward': u'\u672a\u8bbe\u7f6e\u5956\u52b1\u3002',
	 'term': u'5\u5929',
	 'transfer_claim': ''}
2015-09-15 10:56:24+0800 [honglingchuangtou] DEBUG: Crawled (200) <GET https://www.my089.com/Loan/Detail.aspx?sid=15091510511665294477230010346569> (referer: None)
2015-09-15 10:56:24+0800 [honglingchuangtou] DEBUG: Scraped from <200 https://www.my089.com/Loan/Detail.aspx?sid=15091510511665294477230010346569>
	{'amount': u'3,475.00',
	 'area': '',
	 'description': u'\u501f \u6b3e \u8be6 \u60c5\uff1a\u8d44\u91d1\u5468\u8f6c5\u5929_******',
	 'income_rate': u'7.3%/\u5e74',
	 'link': 'https://www.my089.com/Loan/Detail.aspx?sid=15091510511665294477230010346569',
	 'min_amount': u'\uffe550.00 ',
	 'name': u'\u8d44\u91d1\u5468\u8f6c5\u5929_1509151051',
	 'process': u'0%',
	 'protect_mode': '',
	 'repay_type': u'\u4e00\u6b21\u6027\u8fd8\u6b3e',
	 'reward': u'\u672a\u8bbe\u7f6e\u5956\u52b1\u3002',
	 'term': u'5\u5929',
	 'transfer_claim': ''}
2015-09-15 10:56:27+0800 [honglingchuangtou] INFO: Crawled 51 pages (at 17 pages/min), scraped 51 items (at 17 items/min)
2015-09-15 10:56:29+0800 [honglingchuangtou] DEBUG: Crawled (200) <GET https://www.my089.com/Loan/Detail.aspx?sid=15091510485052690387510013875638> (referer: None)
2015-09-15 10:56:29+0800 [honglingchuangtou] DEBUG: Scraped from <200 https://www.my089.com/Loan/Detail.aspx?sid=15091510485052690387510013875638>
	{'amount': u'30,000.00',
	 'area': '',
	 'description': u'\u501f \u6b3e \u8be6 \u60c5\uff1a\u8d44\u91d1\u5468\u8f6c1\u4e2a\u6708_******',
	 'income_rate': u'10.36%/\u5e74',
	 'link': 'https://www.my089.com/Loan/Detail.aspx?sid=15091510485052690387510013875638',
	 'min_amount': u'\uffe550.00 ',
	 'name': u'\u8d44\u91d1\u5468\u8f6c1\u4e2a\u6708_1509151049',
	 'process': u'100%',
	 'protect_mode': '',
	 'repay_type': u'\u6309\u6708\u5206\u671f',
	 'reward': u'\u672a\u8bbe\u7f6e\u5956\u52b1\u3002',
	 'term': u'1\u4e2a\u6708',
	 'transfer_claim': ''}
2015-09-15 10:56:32+0800 [honglingchuangtou] DEBUG: Crawled (200) <GET https://www.my089.com/Loan/Detail.aspx?sid=15091510510553491683220013170440> (referer: None)
2015-09-15 10:56:32+0800 [honglingchuangtou] DEBUG: Scraped from <200 https://www.my089.com/Loan/Detail.aspx?sid=15091510510553491683220013170440>
	{'amount': u'20,000.00',
	 'area': '',
	 'description': u'\u501f \u6b3e \u8be6 \u60c5\uff1a\u8d44\u91d1\u5468\u8f6c1\u4e2a\u6708_******',
	 'income_rate': u'10.03%/\u5e74',
	 'link': 'https://www.my089.com/Loan/Detail.aspx?sid=15091510510553491683220013170440',
	 'min_amount': u'\uffe550.00 ',
	 'name': u'\u8d44\u91d1\u5468\u8f6c1\u4e2a\u6708_1509151051',
	 'process': u'12%',
	 'protect_mode': '',
	 'repay_type': u'\u6309\u6708\u5206\u671f',
	 'reward': u'\u672a\u8bbe\u7f6e\u5956\u52b1\u3002',
	 'term': u'1\u4e2a\u6708',
	 'transfer_claim': ''}
2015-09-15 10:56:34+0800 [honglingchuangtou] DEBUG: Crawled (200) <GET https://www.my089.com/Loan/Detail.aspx?sid=15091510474002191052940016009717> (referer: None)
2015-09-15 10:56:34+0800 [honglingchuangtou] DEBUG: Scraped from <200 https://www.my089.com/Loan/Detail.aspx?sid=15091510474002191052940016009717>
	{'amount': u'50,000.00',
	 'area': '',
	 'description': u'\u501f \u6b3e \u8be6 \u60c5\uff1a\u8d44\u91d1\u5468\u8f6c12\u5929_******',
	 'income_rate': u'7.3%/\u5e74',
	 'link': 'https://www.my089.com/Loan/Detail.aspx?sid=15091510474002191052940016009717',
	 'min_amount': u'\uffe550.00 ',
	 'name': u'\u8d44\u91d1\u5468\u8f6c12\u5929_1509151047',
	 'process': u'0%',
	 'protect_mode': '',
	 'repay_type': u'\u4e00\u6b21\u6027\u8fd8\u6b3e',
	 'reward': u'\u672a\u8bbe\u7f6e\u5956\u52b1\u3002',
	 'term': u'12\u5929',
	 'transfer_claim': ''}
2015-09-15 10:56:38+0800 [honglingchuangtou] DEBUG: Crawled (200) <GET https://www.my089.com/Loan/Detail.aspx?sid=15091510521975690165250010212380> (referer: None)
2015-09-15 10:56:38+0800 [honglingchuangtou] DEBUG: Scraped from <200 https://www.my089.com/Loan/Detail.aspx?sid=15091510521975690165250010212380>
	{'amount': u'5,000.00',
	 'area': '',
	 'description': u'\u501f \u6b3e \u8be6 \u60c5\uff1a\u8d44\u91d1\u5468\u8f6c1\u4e2a\u6708_******',
	 'income_rate': u'10%/\u5e74',
	 'link': 'https://www.my089.com/Loan/Detail.aspx?sid=15091510521975690165250010212380',
	 'min_amount': u'\uffe550.00 ',
	 'name': u'\u8d44\u91d1\u5468\u8f6c1\u4e2a\u6708_1509151052',
	 'process': u'1%',
	 'protect_mode': '',
	 'repay_type': u'\u6309\u6708\u5206\u671f',
	 'reward': u'\u672a\u8bbe\u7f6e\u5956\u52b1\u3002',
	 'term': u'1\u4e2a\u6708',
	 'transfer_claim': ''}
2015-09-15 10:56:42+0800 [honglingchuangtou] DEBUG: Crawled (200) <GET https://www.my089.com/Loan/Detail.aspx?sid=15091510521196391987760012531892> (referer: None)
2015-09-15 10:56:42+0800 [honglingchuangtou] DEBUG: Scraped from <200 https://www.my089.com/Loan/Detail.aspx?sid=15091510521196391987760012531892>
	{'amount': u'20,000.00',
	 'area': '',
	 'description': u'\u501f \u6b3e \u8be6 \u60c5\uff1a\u8d44\u91d1\u5468\u8f6c1\u4e2a\u6708_******',
	 'income_rate': u'10.32%/\u5e74',
	 'link': 'https://www.my089.com/Loan/Detail.aspx?sid=15091510521196391987760012531892',
	 'min_amount': u'\uffe550.00 ',
	 'name': u'\u8d44\u91d1\u5468\u8f6c1\u4e2a\u6708_1509151052',
	 'process': u'75%',
	 'protect_mode': '',
	 'repay_type': u'\u6309\u6708\u5206\u671f',
	 'reward': u'\u672a\u8bbe\u7f6e\u5956\u52b1\u3002',
	 'term': u'1\u4e2a\u6708',
	 'transfer_claim': ''}
2015-09-15 10:56:44+0800 [honglingchuangtou] DEBUG: Crawled (200) <GET https://www.my089.com/Loan/Detail.aspx?sid=15091510504399196167780018559754> (referer: None)
2015-09-15 10:56:44+0800 [honglingchuangtou] DEBUG: Scraped from <200 https://www.my089.com/Loan/Detail.aspx?sid=15091510504399196167780018559754>
	{'amount': u'74,000.00',
	 'area': '',
	 'description': u'\u501f\u6b3e\u8be6\u60c5\uff1a\u5fc5\u5b9a\u65e9\u4e0a\u8fd8\u6b3e.\u5fc5\u5b9a\u65e9\u4e0a\u8fd8\u6b3e.\u5fc5\u5b9a\u65e9\u4e0a\u8fd8\u6b3e.\u5fc5\u5b9a\u65e9\u4e0a\u8fd8\u6b3e.\u5fc5\u5b9a\u65e9\u4e0a\u8fd8\u6b3e.\u5fc5\u5b9a\u65e9\u4e0a\u8fd8\u6b3e.\u7ad9\u5185\u5173\u8054\u7528\u6237\u540d\uff1a\u8fd8\u6b3e\u4fdd\u969c\uff1a',
	 'income_rate': u'10.34%/\u5e74',
	 'link': 'https://www.my089.com/Loan/Detail.aspx?sid=15091510504399196167780018559754',
	 'min_amount': u'\uffe550.00 ',
	 'name': u'\u5fc5\u5b9a\u65e9\u4e0a\u8fd8\u6b3e.',
	 'process': u'100%',
	 'protect_mode': '',
	 'repay_type': u'\u6309\u6708\u5206\u671f',
	 'reward': u'\u672a\u8bbe\u7f6e\u5956\u52b1\u3002',
	 'term': u'1\u4e2a\u6708',
	 'transfer_claim': ''}
2015-09-15 10:56:47+0800 [honglingchuangtou] DEBUG: Crawled (200) <GET https://www.my089.com/Loan/Detail.aspx?sid=15091510510873393940940010562892> (referer: None)
2015-09-15 10:56:47+0800 [honglingchuangtou] DEBUG: Scraped from <200 https://www.my089.com/Loan/Detail.aspx?sid=15091510510873393940940010562892>
	{'amount': u'20,000.00',
	 'area': '',
	 'description': u'\u501f\u6b3e\u8be6\u60c5\uff1a\u8d44\u91d1\u5468\u8f6c,\u25a0\u25a0\u25a0 \u5c0f\u6807\u6613\u6ee1\uff0c\u5feb\u901f\u7ed3\u6807\u25a0\u25a0\u25a0\u25a0\u25a0\u25a0 \u5c0f\u6807\u6613\u6ee1\uff0c\u5feb\u901f\u7ed3\u6807\u25a0\u25a0\u25a0\u25a0\u25a0\u25a0 \u5c0f\u6807\u6613\u6ee1\uff0c\u5feb\u901f\u7ed3\u6807\u25a0\u25a0\u25a0',
	 'income_rate': u'7.3%/\u5e74',
	 'link': 'https://www.my089.com/Loan/Detail.aspx?sid=15091510510873393940940010562892',
	 'min_amount': u'\uffe550.00 ',
	 'name': u'\u25a0\u25a0\u25a0 \u5c0f\u6807\u6613\u6ee1\uff0c\u5feb\u901f\u7ed3\u6807\u25a0\u25a0\u25a0',
	 'process': u'0%',
	 'protect_mode': '',
	 'repay_type': u'\u4e00\u6b21\u6027\u8fd8\u6b3e',
	 'reward': u'\u672a\u8bbe\u7f6e\u5956\u52b1\u3002',
	 'term': u'5\u5929',
	 'transfer_claim': ''}
2015-09-15 10:56:50+0800 [honglingchuangtou] DEBUG: Crawled (200) <GET https://www.my089.com/Loan/Detail.aspx?sid=15091510514071294608570012408983> (referer: None)
2015-09-15 10:56:50+0800 [honglingchuangtou] DEBUG: Scraped from <200 https://www.my089.com/Loan/Detail.aspx?sid=15091510514071294608570012408983>
	{'amount': u'6,450.00',
	 'area': '',
	 'description': u'\u501f\u6b3e\u8be6\u60c5\uff1a\u7ad9\u5185\u5173\u8054\u7528\u6237\u540d\uff1a\u8fd8\u6b3e\u4fdd\u969c\uff1a\u258813\u70b9\u8fd8 \u4e0d\u7b49\u5f85\u4e0d\u7ad9\u5c97 \u5c0f\u6807\u6613\u6ee1\uff01\u4e00\u822c\u51cc\u6668\u8fd8\u258813\u70b9\u8fd8 \u4e0d\u7b49\u5f85\u4e0d\u7ad9\u5c97 \u5c0f\u6807\u6613\u6ee1\uff01\u4e00\u822c\u51cc\u6668\u8fd8\u258813\u70b9\u8fd8 \u4e0d\u7b49\u5f85\u4e0d\u7ad9\u5c97 \u5c0f\u6807\u6613\u6ee1\uff01\u4e00\u822c\u51cc\u6668\u8fd8\u258813\u70b9\u8fd8 \u4e0d\u7b49\u5f85\u4e0d\u7ad9\u5c97 \u5c0f\u6807\u6613\u6ee1\uff01\u4e00\u822c\u51cc\u6668\u8fd8\u258813\u70b9\u8fd8 \u4e0d\u7b49\u5f85\u4e0d\u7ad9\u5c97 \u5c0f\u6807\u6613\u6ee1\uff01\u4e00\u822c\u51cc\u6668\u8fd8',
	 'income_rate': u'7.3%/\u5e74',
	 'link': 'https://www.my089.com/Loan/Detail.aspx?sid=15091510514071294608570012408983',
	 'min_amount': u'\uffe550.00 ',
	 'name': u'\u258813\u70b9\u8fd8 \u4e0d\u7b49\u5f85\u4e0d\u7ad9\u5c97 \u5c0f\u6807\u6613\u6ee1\uff01\u4e00\u822c\u51cc\u6668\u8fd8',
	 'process': u'57%',
	 'protect_mode': '',
	 'repay_type': u'\u4e00\u6b21\u6027\u8fd8\u6b3e',
	 'reward': u'\u672a\u8bbe\u7f6e\u5956\u52b1\u3002',
	 'term': u'5\u5929',
	 'transfer_claim': ''}
2015-09-15 10:56:53+0800 [honglingchuangtou] DEBUG: Crawled (200) <GET https://www.my089.com/Loan/Detail.aspx?sid=15091414265802296728210011186038> (referer: None)
2015-09-15 10:56:53+0800 [honglingchuangtou] DEBUG: Scraped from <200 https://www.my089.com/Loan/Detail.aspx?sid=15091414265802296728210011186038>
	{'amount': u'2,000,000.00',
	 'area': '',
	 'description': u'',
	 'income_rate': u'12.5%/\u5e74',
	 'link': 'https://www.my089.com/Loan/Detail.aspx?sid=15091414265802296728210011186038',
	 'min_amount': u'\uffe550.00 ',
	 'name': u'\u4e0a\u6d77\u623f\u6613\u8d37',
	 'process': u'41%',
	 'protect_mode': '',
	 'repay_type': u'\u6309\u5929\u8ba1\u606f\u5230\u671f',
	 'reward': u'\u672a\u8bbe\u7f6e\u5956\u52b1\u3002',
	 'term': u'18\u4e2a\u6708',
	 'transfer_claim': ''}
2015-09-15 10:56:58+0800 [honglingchuangtou] DEBUG: Crawled (200) <GET https://www.my089.com/Loan/Detail.aspx?sid=15091510502362691705610014079381> (referer: None)
2015-09-15 10:56:58+0800 [honglingchuangtou] DEBUG: Scraped from <200 https://www.my089.com/Loan/Detail.aspx?sid=15091510502362691705610014079381>
	{'amount': u'8,949.07',
	 'area': '',
	 'description': u'\u501f\u6b3e\u8be6\u60c5\uff1a\u7ad9\u5185\u5173\u8054\u7528\u6237\u540d\uff1a\u8fd8\u6b3e\u4fdd\u969c\uff1a \u51c0\u503c\u989d\u5ea6\u4fdd\u969c \u501f\u6b3e\u8be6\u60c5\uff1a\u7ad9\u5185\u5173\u8054\u7528\u6237\u540d\uff1a\u8fd8\u6b3e\u4fdd\u969c\uff1a \u51c0\u503c\u989d\u5ea6\u4fdd\u969c \u501f\u6b3e\u8be6\u60c5\uff1a\u7ad9\u5185\u5173\u8054\u7528\u6237\u540d\uff1a\u8fd8\u6b3e\u4fdd\u969c\uff1a \u51c0\u503c\u989d\u5ea6\u4fdd\u969c',
	 'income_rate': u'10.01%/\u5e74',
	 'link': 'https://www.my089.com/Loan/Detail.aspx?sid=15091510502362691705610014079381',
	 'min_amount': u'\uffe550.00 ',
	 'name': u'\u2605\u2605\u2605\u65e9\u4e0a8\u70b930\u5206\u8fd8\u6b3e!\u653e\u5fc3\u6295\u8d44!\u6700\u8fdf\u767d\u5929\u8fd8!\u2605\u2605\u2605',
	 'process': u'89%',
	 'protect_mode': '',
	 'repay_type': u'\u6309\u6708\u5206\u671f',
	 'reward': u'\u672a\u8bbe\u7f6e\u5956\u52b1\u3002',
	 'term': u'1\u4e2a\u6708',
	 'transfer_claim': ''}
2015-09-15 10:57:02+0800 [honglingchuangtou] DEBUG: Crawled (200) <GET https://www.my089.com/Loan/Detail.aspx?sid=15091510522158393812720014614049> (referer: None)
2015-09-15 10:57:02+0800 [honglingchuangtou] DEBUG: Scraped from <200 https://www.my089.com/Loan/Detail.aspx?sid=15091510522158393812720014614049>
	{'amount': u'2,000.00',
	 'area': '',
	 'description': u'\u501f\u6b3e\u8be6\u60c5\uff1a\u7ad9\u5185\u5173\u8054\u7528\u6237\u540d\uff1a\u8fd8\u6b3e\u4fdd\u969c\uff1a \u51c0\u503c\u989d\u5ea6\u4fdd\u969c \u501f\u6b3e\u8be6\u60c5\uff1a\u7ad9\u5185\u5173\u8054\u7528\u6237\u540d\uff1a\u8fd8\u6b3e\u4fdd\u969c\uff1a \u51c0\u503c\u989d\u5ea6\u4fdd\u969c \u501f\u6b3e\u8be6\u60c5\uff1a\u7ad9\u5185\u5173\u8054\u7528\u6237\u540d\uff1a\u8fd8\u6b3e\u4fdd\u969c\uff1a \u51c0\u503c\u989d\u5ea6\u4fdd\u969c',
	 'income_rate': u'3.65%/\u5e74',
	 'link': 'https://www.my089.com/Loan/Detail.aspx?sid=15091510522158393812720014614049',
	 'min_amount': u'\uffe550.00 ',
	 'name': u'\u65e9\u4e0a9:30\u5206\u8fd8\u6b3e\uff01\u6700\u8fdf\u767d\u5929\u8fd8\uff01',
	 'process': u'0%',
	 'protect_mode': '',
	 'repay_type': u'\u4e00\u6b21\u6027\u8fd8\u6b3e',
	 'reward': u'\u672a\u8bbe\u7f6e\u5956\u52b1\u3002',
	 'term': u'5\u5929',
	 'transfer_claim': ''}
2015-09-15 10:57:06+0800 [honglingchuangtou] DEBUG: Crawled (200) <GET https://www.my089.com/Loan/Detail.aspx?sid=15091510471199792988020019338785> (referer: None)
2015-09-15 10:57:06+0800 [honglingchuangtou] DEBUG: Scraped from <200 https://www.my089.com/Loan/Detail.aspx?sid=15091510471199792988020019338785>
	{'amount': u'20,000.00',
	 'area': '',
	 'description': u'\u501f \u6b3e \u8be6 \u60c5\uff1a\u8d44\u91d1\u5468\u8f6c6\u5929_******',
	 'income_rate': u'7.3%/\u5e74',
	 'link': 'https://www.my089.com/Loan/Detail.aspx?sid=15091510471199792988020019338785',
	 'min_amount': u'\uffe550.00 ',
	 'name': u'\u8d44\u91d1\u5468\u8f6c6\u5929_1509151047',
	 'process': u'0%',
	 'protect_mode': '',
	 'repay_type': u'\u4e00\u6b21\u6027\u8fd8\u6b3e',
	 'reward': u'\u672a\u8bbe\u7f6e\u5956\u52b1\u3002',
	 'term': u'6\u5929',
	 'transfer_claim': ''}
2015-09-15 10:57:10+0800 [honglingchuangtou] DEBUG: Crawled (200) <GET https://www.my089.com/Loan/Detail.aspx?sid=15091510472422292451620016690950> (referer: None)
2015-09-15 10:57:10+0800 [honglingchuangtou] DEBUG: Scraped from <200 https://www.my089.com/Loan/Detail.aspx?sid=15091510472422292451620016690950>
	{'amount': u'150,000.00',
	 'area': '',
	 'description': u'\u501f \u6b3e \u8be6 \u60c5\uff1a\u8d44\u91d1\u5468\u8f6c1\u4e2a\u6708_******',
	 'income_rate': u'10.32%/\u5e74',
	 'link': 'https://www.my089.com/Loan/Detail.aspx?sid=15091510472422292451620016690950',
	 'min_amount': u'\uffe550.00 ',
	 'name': u'\u8d44\u91d1\u5468\u8f6c1\u4e2a\u6708_1509151047',
	 'process': u'100%',
	 'protect_mode': '',
	 'repay_type': u'\u6309\u6708\u5206\u671f',
	 'reward': u'\u672a\u8bbe\u7f6e\u5956\u52b1\u3002',
	 'term': u'1\u4e2a\u6708',
	 'transfer_claim': ''}
2015-09-15 10:57:12+0800 [honglingchuangtou] DEBUG: Crawled (200) <GET https://www.my089.com/Loan/Detail.aspx?sid=15091510475941294458540011358152> (referer: None)
<HonglingchuangtouSpider 'honglingchuangtou' at 0x7f14d20ec550>
<HonglingchuangtouSpider 'honglingchuangtou' at 0x7f14d20ec550>
<HonglingchuangtouSpider 'honglingchuangtou' at 0x7f14d20ec550>
<HonglingchuangtouSpider 'honglingchuangtou' at 0x7f14d20ec550>
<HonglingchuangtouSpider 'honglingchuangtou' at 0x7f14d20ec550>
<HonglingchuangtouSpider 'honglingchuangtou' at 0x7f14d20ec550>
<HonglingchuangtouSpider 'honglingchuangtou' at 0x7f14d20ec550>
<HonglingchuangtouSpider 'honglingchuangtou' at 0x7f14d20ec550>
<HonglingchuangtouSpider 'honglingchuangtou' at 0x7f14d20ec550>
<HonglingchuangtouSpider 'honglingchuangtou' at 0x7f14d20ec550>
<HonglingchuangtouSpider 'honglingchuangtou' at 0x7f14d20ec550>
<HonglingchuangtouSpider 'honglingchuangtou' at 0x7f14d20ec550>
<HonglingchuangtouSpider 'honglingchuangtou' at 0x7f14d20ec550>
<HonglingchuangtouSpider 'honglingchuangtou' at 0x7f14d20ec550>
<HonglingchuangtouSpider 'honglingchuangtou' at 0x7f14d20ec550>
<HonglingchuangtouSpider 'honglingchuangtou' at 0x7f14d20ec550>
<HonglingchuangtouSpider 'honglingchuangtou' at 0x7f14d20ec550>
<HonglingchuangtouSpider 'honglingchuangtou' at 0x7f14d20ec550>
<HonglingchuangtouSpider 'honglingchuangtou' at 0x7f14d20ec550>
<HonglingchuangtouSpider 'honglingchuangtou' at 0x7f14d20ec550>
<HonglingchuangtouSpider 'honglingchuangtou' at 0x7f14d20ec550>
<HonglingchuangtouSpider 'honglingchuangtou' at 0x7f14d20ec550>
<HonglingchuangtouSpider 'honglingchuangtou' at 0x7f14d20ec550>
<HonglingchuangtouSpider 'honglingchuangtou' at 0x7f14d20ec550>
<HonglingchuangtouSpider 'honglingchuangtou' at 0x7f14d20ec550>
<HonglingchuangtouSpider 'honglingchuangtou' at 0x7f14d20ec550>
<HonglingchuangtouSpider 'honglingchuangtou' at 0x7f14d20ec550>
<HonglingchuangtouSpider 'honglingchuangtou' at 0x7f14d20ec550>
<HonglingchuangtouSpider 'honglingchuangtou' at 0x7f14d20ec550>
<HonglingchuangtouSpider 'honglingchuangtou' at 0x7f14d20ec550>
<HonglingchuangtouSpider 'honglingchuangtou' at 0x7f14d20ec550>
<HonglingchuangtouSpider 'honglingchuangtou' at 0x7f14d20ec550>
<HonglingchuangtouSpider 'honglingchuangtou' at 0x7f14d20ec550>
<HonglingchuangtouSpider 'honglingchuangtou' at 0x7f14d20ec550>
<HonglingchuangtouSpider 'honglingchuangtou' at 0x7f14d20ec550>
<HonglingchuangtouSpider 'honglingchuangtou' at 0x7f14d20ec550>
<HonglingchuangtouSpider 'honglingchuangtou' at 0x7f14d20ec550>
<HonglingchuangtouSpider 'honglingchuangtou' at 0x7f14d20ec550>
<HonglingchuangtouSpider 'honglingchuangtou' at 0x7f14d20ec550>
<HonglingchuangtouSpider 'honglingchuangtou' at 0x7f14d20ec550>
<HonglingchuangtouSpider 'honglingchuangtou' at 0x7f14d20ec550>
<HonglingchuangtouSpider 'honglingchuangtou' at 0x7f14d20ec550>
<HonglingchuangtouSpider 'honglingchuangtou' at 0x7f14d20ec550>
<HonglingchuangtouSpider 'honglingchuangtou' at 0x7f14d20ec550>
<HonglingchuangtouSpider 'honglingchuangtou' at 0x7f14d20ec550>
<HonglingchuangtouSpider 'honglingchuangtou' at 0x7f14d20ec550>
<HonglingchuangtouSpider 'honglingchuangtou' at 0x7f14d20ec550>
<HonglingchuangtouSpider 'honglingchuangtou' at 0x7f14d20ec550>
<HonglingchuangtouSpider 'honglingchuangtou' at 0x7f14d20ec550>
<HonglingchuangtouSpider 'honglingchuangtou' at 0x7f14d20ec550>
<HonglingchuangtouSpider 'honglingchuangtou' at 0x7f14d20ec550>
<HonglingchuangtouSpider 'honglingchuangtou' at 0x7f14d20ec550>
<HonglingchuangtouSpider 'honglingchuangtou' at 0x7f14d20ec550>
<HonglingchuangtouSpider 'honglingchuangtou' at 0x7f14d20ec550>
<HonglingchuangtouSpider 'honglingchuangtou' at 0x7f14d20ec550>
<HonglingchuangtouSpider 'honglingchuangtou' at 0x7f14d20ec550>
<HonglingchuangtouSpider 'honglingchuangtou' at 0x7f14d20ec550>
<HonglingchuangtouSpider 'honglingchuangtou' at 0x7f14d20ec550>
<HonglingchuangtouSpider 'honglingchuangtou' at 0x7f14d20ec550>
<HonglingchuangtouSpider 'honglingchuangtou' at 0x7f14d20ec550>
<HonglingchuangtouSpider 'honglingchuangtou' at 0x7f14d20ec550>
<HonglingchuangtouSpider 'honglingchuangtou' at 0x7f14d20ec550>
<HonglingchuangtouSpider 'honglingchuangtou' at 0x7f14d20ec550>
<HonglingchuangtouSpider 'honglingchuangtou' at 0x7f14d20ec550>
2015-09-15 10:57:12+0800 [honglingchuangtou] DEBUG: Scraped from <200 https://www.my089.com/Loan/Detail.aspx?sid=15091510475941294458540011358152>
	{'amount': u'5,000.00',
	 'area': '',
	 'description': u'\u501f \u6b3e \u8be6 \u60c5\uff1a\u8d44\u91d1\u5468\u8f6c7\u5929_******',
	 'income_rate': u'7.3%/\u5e74',
	 'link': 'https://www.my089.com/Loan/Detail.aspx?sid=15091510475941294458540011358152',
	 'min_amount': u'\uffe550.00 ',
	 'name': u'\u8d44\u91d1\u5468\u8f6c7\u5929_1509151048',
	 'process': u'0%',
	 'protect_mode': '',
	 'repay_type': u'\u4e00\u6b21\u6027\u8fd8\u6b3e',
	 'reward': u'\u672a\u8bbe\u7f6e\u5956\u52b1\u3002',
	 'term': u'7\u5929',
	 'transfer_claim': ''}
2015-09-15 10:57:16+0800 [honglingchuangtou] DEBUG: Crawled (200) <GET https://www.my089.com/Loan/Detail.aspx?sid=15091414095995696736910016076375> (referer: None)
2015-09-15 10:57:16+0800 [honglingchuangtou] DEBUG: Scraped from <200 https://www.my089.com/Loan/Detail.aspx?sid=15091414095995696736910016076375>
	{'amount': u'2,000,000.00',
	 'area': '',
	 'description': u'',
	 'income_rate': u'12.5%/\u5e74',
	 'link': 'https://www.my089.com/Loan/Detail.aspx?sid=15091414095995696736910016076375',
	 'min_amount': u'\uffe550.00 ',
	 'name': u'\u4e0a\u6d77\u623f\u6613\u8d37',
	 'process': u'7%',
	 'protect_mode': '',
	 'repay_type': u'\u6309\u5929\u8ba1\u606f\u5230\u671f',
	 'reward': u'\u672a\u8bbe\u7f6e\u5956\u52b1\u3002',
	 'term': u'18\u4e2a\u6708',
	 'transfer_claim': ''}
2015-09-15 10:57:19+0800 [honglingchuangtou] DEBUG: Crawled (200) <GET https://www.my089.com/Loan/Detail.aspx?sid=15091510520061091966280014265922> (referer: None)
2015-09-15 10:57:19+0800 [honglingchuangtou] DEBUG: Scraped from <200 https://www.my089.com/Loan/Detail.aspx?sid=15091510520061091966280014265922>
	{'amount': u'147,300.00',
	 'area': '',
	 'description': u'\u501f \u6b3e \u8be6 \u60c5\uff1a\u8d44\u91d1\u5468\u8f6c1\u4e2a\u6708_******',
	 'income_rate': u'10.33%/\u5e74',
	 'link': 'https://www.my089.com/Loan/Detail.aspx?sid=15091510520061091966280014265922',
	 'min_amount': u'\uffe550.00 ',
	 'name': u'\u8d44\u91d1\u5468\u8f6c1\u4e2a\u6708_1509151052',
	 'process': u'85%',
	 'protect_mode': '',
	 'repay_type': u'\u6309\u6708\u5206\u671f',
	 'reward': u'\u672a\u8bbe\u7f6e\u5956\u52b1\u3002',
	 'term': u'1\u4e2a\u6708',
	 'transfer_claim': ''}
2015-09-15 10:57:24+0800 [honglingchuangtou] DEBUG: Crawled (200) <GET https://www.my089.com/Loan/Detail.aspx?sid=15091510494679291551220019378623> (referer: None)
2015-09-15 10:57:24+0800 [honglingchuangtou] DEBUG: Scraped from <200 https://www.my089.com/Loan/Detail.aspx?sid=15091510494679291551220019378623>
	{'amount': u'200,000.00',
	 'area': '',
	 'description': u'\u501f \u6b3e \u8be6 \u60c5\uff1a1\u4e2a\u6708_******',
	 'income_rate': u'10.34%/\u5e74',
	 'link': 'https://www.my089.com/Loan/Detail.aspx?sid=15091510494679291551220019378623',
	 'min_amount': u'\uffe550.00 ',
	 'name': u'1\u4e2a\u6708_1509151049',
	 'process': u'100%',
	 'protect_mode': '',
	 'repay_type': u'\u6309\u6708\u5206\u671f',
	 'reward': u'\u672a\u8bbe\u7f6e\u5956\u52b1\u3002',
	 'term': u'1\u4e2a\u6708',
	 'transfer_claim': ''}
2015-09-15 10:57:27+0800 [honglingchuangtou] INFO: Crawled 68 pages (at 17 pages/min), scraped 68 items (at 17 items/min)
2015-09-15 10:57:27+0800 [honglingchuangtou] DEBUG: Crawled (200) <GET https://www.my089.com/Loan/Detail.aspx?sid=15091510503962890821820012529091> (referer: None)
2015-09-15 10:57:27+0800 [honglingchuangtou] DEBUG: Scraped from <200 https://www.my089.com/Loan/Detail.aspx?sid=15091510503962890821820012529091>
	{'amount': u'8,300.00',
	 'area': '',
	 'description': u'\u501f\u6b3e\u8be6\u60c5\uff1a\u8d44\u91d1\u5468\u8f6c,V5\u4fe1\u8a89\uff0c\u5c3d\u91cf\u767d\u5929\u8fd8\u6b3e\uff0c\u8c22\u8c22\u652f\u6301\uff01V5\u4fe1\u8a89\uff0c\u5c3d\u91cf\u767d\u5929\u8fd8\u6b3e\uff0c\u8c22\u8c22\u652f\u6301\uff01V5\u4fe1\u8a89\uff0c\u5c3d\u91cf\u767d\u5929\u8fd8\u6b3e\uff0c\u8c22\u8c22\u652f\u6301\uff01',
	 'income_rate': u'7.3%/\u5e74',
	 'link': 'https://www.my089.com/Loan/Detail.aspx?sid=15091510503962890821820012529091',
	 'min_amount': u'\uffe550.00 ',
	 'name': u'V5\u4fe1\u8a89\uff0c\u5c3d\u91cf\u767d\u5929\u8fd8\u6b3e\uff0c\u8c22\u8c22\u652f\u6301\uff01',
	 'process': u'0%',
	 'protect_mode': '',
	 'repay_type': u'\u4e00\u6b21\u6027\u8fd8\u6b3e',
	 'reward': u'\u672a\u8bbe\u7f6e\u5956\u52b1\u3002',
	 'term': u'6\u5929',
	 'transfer_claim': ''}
2015-09-15 10:57:31+0800 [honglingchuangtou] DEBUG: Crawled (200) <GET https://www.my089.com/Loan/Detail.aspx?sid=15091510510266793355470014041157> (referer: None)
2015-09-15 10:57:31+0800 [honglingchuangtou] DEBUG: Scraped from <200 https://www.my089.com/Loan/Detail.aspx?sid=15091510510266793355470014041157>
	{'amount': u'28,000.00',
	 'area': '',
	 'description': u'\u501f\u6b3e\u8be6\u60c5\uff1a\u7ad9\u5185\u5173\u8054\u7528\u6237\u540d\uff1a\u8fd8\u6b3e\u4fdd\u969c\uff1a \u51c0\u503c\u989d\u5ea6\u4fdd\u969c \u501f\u6b3e\u8be6\u60c5\uff1a\u7ad9\u5185\u5173\u8054\u7528\u6237\u540d\uff1a\u8fd8\u6b3e\u4fdd\u969c\uff1a \u51c0\u503c\u989d\u5ea6\u4fdd\u969c \u501f\u6b3e\u8be6\u60c5\uff1a\u7ad9\u5185\u5173\u8054\u7528\u6237\u540d\uff1a\u8fd8\u6b3e\u4fdd\u969c\uff1a \u51c0\u503c\u989d\u5ea6\u4fdd\u969c',
	 'income_rate': u'7.3%/\u5e74',
	 'link': 'https://www.my089.com/Loan/Detail.aspx?sid=15091510510266793355470014041157',
	 'min_amount': u'\uffe550.00 ',
	 'name': u'\u767d\u5929\u8fd8\uff0c\u53ea\u6709\u63d0\u524d',
	 'process': u'0%',
	 'protect_mode': '',
	 'repay_type': u'\u4e00\u6b21\u6027\u8fd8\u6b3e',
	 'reward': u'\u672a\u8bbe\u7f6e\u5956\u52b1\u3002',
	 'term': u'5\u5929',
	 'transfer_claim': ''}
2015-09-15 10:57:34+0800 [honglingchuangtou] DEBUG: Crawled (200) <GET https://www.my089.com/Loan/Detail.aspx?sid=15091510514343990959290014771769> (referer: None)
2015-09-15 10:57:34+0800 [honglingchuangtou] DEBUG: Scraped from <200 https://www.my089.com/Loan/Detail.aspx?sid=15091510514343990959290014771769>
	{'amount': u'10,000.00',
	 'area': '',
	 'description': u'\u501f \u6b3e \u8be6 \u60c5\uff1a\u8d44\u91d1\u5468\u8f6c1\u4e2a\u6708_******',
	 'income_rate': u'9.38%/\u5e74',
	 'link': 'https://www.my089.com/Loan/Detail.aspx?sid=15091510514343990959290014771769',
	 'min_amount': u'\uffe550.00 ',
	 'name': u'\u8d44\u91d1\u5468\u8f6c1\u4e2a\u6708_1509151051',
	 'process': u'0%',
	 'protect_mode': '',
	 'repay_type': u'\u6309\u6708\u5206\u671f',
	 'reward': u'\u672a\u8bbe\u7f6e\u5956\u52b1\u3002',
	 'term': u'1\u4e2a\u6708',
	 'transfer_claim': ''}
2015-09-15 10:57:38+0800 [honglingchuangtou] DEBUG: Crawled (200) <GET https://www.my089.com/Loan/Detail.aspx?sid=15091510495813696283080018190154> (referer: None)
2015-09-15 10:57:38+0800 [honglingchuangtou] DEBUG: Scraped from <200 https://www.my089.com/Loan/Detail.aspx?sid=15091510495813696283080018190154>
	{'amount': u'3,200.00',
	 'area': '',
	 'description': u'\u501f \u6b3e \u8be6 \u60c5\uff1a\u8d44\u91d1\u5468\u8f6c5\u5929_******',
	 'income_rate': u'7.3%/\u5e74',
	 'link': 'https://www.my089.com/Loan/Detail.aspx?sid=15091510495813696283080018190154',
	 'min_amount': u'\uffe550.00 ',
	 'name': u'\u8d44\u91d1\u5468\u8f6c5\u5929_1509151050',
	 'process': u'0%',
	 'protect_mode': '',
	 'repay_type': u'\u4e00\u6b21\u6027\u8fd8\u6b3e',
	 'reward': u'\u672a\u8bbe\u7f6e\u5956\u52b1\u3002',
	 'term': u'5\u5929',
	 'transfer_claim': ''}
2015-09-15 10:57:42+0800 [honglingchuangtou] DEBUG: Crawled (200) <GET https://www.my089.com/Loan/Detail.aspx?sid=15091510504387693068220012678717> (referer: None)
2015-09-15 10:57:42+0800 [honglingchuangtou] DEBUG: Scraped from <200 https://www.my089.com/Loan/Detail.aspx?sid=15091510504387693068220012678717>
	{'amount': u'14,100.00',
	 'area': '',
	 'description': u'\u501f \u6b3e \u8be6 \u60c5\uff1a\u8d44\u91d1\u5468\u8f6c1\u4e2a\u6708_******',
	 'income_rate': u'10.35%/\u5e74',
	 'link': 'https://www.my089.com/Loan/Detail.aspx?sid=15091510504387693068220012678717',
	 'min_amount': u'\uffe550.00 ',
	 'name': u'\u8d44\u91d1\u5468\u8f6c1\u4e2a\u6708_1509151051',
	 'process': u'100%',
	 'protect_mode': '',
	 'repay_type': u'\u6309\u6708\u5206\u671f',
	 'reward': u'\u672a\u8bbe\u7f6e\u5956\u52b1\u3002',
	 'term': u'1\u4e2a\u6708',
	 'transfer_claim': ''}
2015-09-15 10:57:46+0800 [honglingchuangtou] DEBUG: Crawled (200) <GET https://www.my089.com/Loan/Detail.aspx?sid=15091510465247092178400013056539> (referer: None)
2015-09-15 10:57:46+0800 [honglingchuangtou] DEBUG: Scraped from <200 https://www.my089.com/Loan/Detail.aspx?sid=15091510465247092178400013056539>
	{'amount': u'25,000.00',
	 'area': '',
	 'description': u'\u501f \u6b3e \u8be6 \u60c5\uff1a6\u5929_******',
	 'income_rate': u'7.3%/\u5e74',
	 'link': 'https://www.my089.com/Loan/Detail.aspx?sid=15091510465247092178400013056539',
	 'min_amount': u'\uffe550.00 ',
	 'name': u'6\u5929_1509151046',
	 'process': u'8%',
	 'protect_mode': '',
	 'repay_type': u'\u4e00\u6b21\u6027\u8fd8\u6b3e',
	 'reward': u'\u672a\u8bbe\u7f6e\u5956\u52b1\u3002',
	 'term': u'6\u5929',
	 'transfer_claim': ''}
2015-09-15 10:57:49+0800 [honglingchuangtou] DEBUG: Crawled (200) <GET https://www.my089.com/Loan/Detail.aspx?sid=15091510502124892549760018922646> (referer: None)
2015-09-15 10:57:49+0800 [honglingchuangtou] DEBUG: Scraped from <200 https://www.my089.com/Loan/Detail.aspx?sid=15091510502124892549760018922646>
	{'amount': u'600.00',
	 'area': '',
	 'description': u'\u501f\u6b3e\u8be6\u60c5\uff1a\u8d44\u91d1\u5468\u8f6c,\u3010\u51cc\u6668\u5f00\u59cb\u8fd8\u6b3e\uff0c\u8fb9\u501f\u8fb9\u8fd8\u3011 \u8bda\u4fe1\u5929\u6807Q\u7fa4\uff1a \u4e00\u56db\u4e00\u4e09\u4e03\u4e5d\u4e94\u4e5d\uff0c\u8bda\u5b9e\u5b88\u4fe1\uff0c\u6b22\u8fce\u52a0\u5165\u3002',
	 'income_rate': u'7.3%/\u5e74',
	 'link': 'https://www.my089.com/Loan/Detail.aspx?sid=15091510502124892549760018922646',
	 'min_amount': u'\uffe550.00 ',
	 'name': u'\u3010\u51cc\u6668\u5f00\u59cb\u8fd8\u6b3e\uff0c\u8fb9\u501f\u8fb9\u8fd8\u3011',
	 'process': u'0%',
	 'protect_mode': '',
	 'repay_type': u'\u4e00\u6b21\u6027\u8fd8\u6b3e',
	 'reward': u'\u672a\u8bbe\u7f6e\u5956\u52b1\u3002',
	 'term': u'5\u5929',
	 'transfer_claim': ''}
2015-09-15 10:57:52+0800 [honglingchuangtou] DEBUG: Crawled (200) <GET https://www.my089.com/Loan/Detail.aspx?sid=15091510500853792564890018836089> (referer: None)
2015-09-15 10:57:52+0800 [honglingchuangtou] DEBUG: Scraped from <200 https://www.my089.com/Loan/Detail.aspx?sid=15091510500853792564890018836089>
	{'amount': u'5,783.35',
	 'area': '',
	 'description': u'\u501f \u6b3e \u8be6 \u60c5\uff1a\u8d44\u91d1\u5468\u8f6c1\u4e2a\u6708_******',
	 'income_rate': u'10.32%/\u5e74',
	 'link': 'https://www.my089.com/Loan/Detail.aspx?sid=15091510500853792564890018836089',
	 'min_amount': u'\uffe550.00 ',
	 'name': u'\u8d44\u91d1\u5468\u8f6c1\u4e2a\u6708_1509151050',
	 'process': u'96%',
	 'protect_mode': '',
	 'repay_type': u'\u6309\u6708\u5206\u671f',
	 'reward': u'\u672a\u8bbe\u7f6e\u5956\u52b1\u3002',
	 'term': u'1\u4e2a\u6708',
	 'transfer_claim': ''}
2015-09-15 10:57:57+0800 [honglingchuangtou] DEBUG: Crawled (200) <GET https://www.my089.com/Loan/Detail.aspx?sid=15091510520043494316630016711470> (referer: None)
2015-09-15 10:57:57+0800 [honglingchuangtou] DEBUG: Scraped from <200 https://www.my089.com/Loan/Detail.aspx?sid=15091510520043494316630016711470>
	{'amount': u'20,000.00',
	 'area': '',
	 'description': u'\u501f \u6b3e \u8be6 \u60c5\uff1a\u8d44\u91d1\u5468\u8f6c5\u5929_******',
	 'income_rate': u'7.3%/\u5e74',
	 'link': 'https://www.my089.com/Loan/Detail.aspx?sid=15091510520043494316630016711470',
	 'min_amount': u'\uffe550.00 ',
	 'name': u'\u8d44\u91d1\u5468\u8f6c5\u5929_1509151052',
	 'process': u'100%',
	 'protect_mode': '',
	 'repay_type': u'\u4e00\u6b21\u6027\u8fd8\u6b3e',
	 'reward': u'\u672a\u8bbe\u7f6e\u5956\u52b1\u3002',
	 'term': u'5\u5929',
	 'transfer_claim': ''}
2015-09-15 10:58:01+0800 [honglingchuangtou] DEBUG: Crawled (200) <GET https://www.my089.com/Loan/Detail.aspx?sid=15091510490568593543550019154353> (referer: None)
2015-09-15 10:58:01+0800 [honglingchuangtou] DEBUG: Scraped from <200 https://www.my089.com/Loan/Detail.aspx?sid=15091510490568593543550019154353>
	{'amount': u'20,000.00',
	 'area': '',
	 'description': u'\u501f\u6b3e\u8be6\u60c5\uff1a\u7ad9\u5185\u5173\u8054\u7528\u6237\u540d\uff1a\u8fd8\u6b3e\u4fdd\u969c\uff1a\u5c3d\u65e9\u8fd8\u6b3e,\u6700\u8fdf\u5feb\u501f\u6536\u606f\u8fd8\u5c3d\u65e9\u8fd8\u6b3e,\u6700\u8fdf\u5feb\u501f\u6536\u606f\u8fd8',
	 'income_rate': u'7.3%/\u5e74',
	 'link': 'https://www.my089.com/Loan/Detail.aspx?sid=15091510490568593543550019154353',
	 'min_amount': u'\uffe550.00 ',
	 'name': u'\u5c3d\u65e9\u8fd8\u6b3e,\u6700\u8fdf\u5feb\u501f\u6536\u606f\u8fd8',
	 'process': u'0%',
	 'protect_mode': '',
	 'repay_type': u'\u4e00\u6b21\u6027\u8fd8\u6b3e',
	 'reward': u'\u672a\u8bbe\u7f6e\u5956\u52b1\u3002',
	 'term': u'5\u5929',
	 'transfer_claim': ''}
2015-09-15 10:58:05+0800 [honglingchuangtou] DEBUG: Crawled (200) <GET https://www.my089.com/Loan/Detail.aspx?sid=15091510474003092465330019669632> (referer: None)
2015-09-15 10:58:05+0800 [honglingchuangtou] DEBUG: Scraped from <200 https://www.my089.com/Loan/Detail.aspx?sid=15091510474003092465330019669632>
	{'amount': u'6,000.00',
	 'area': '',
	 'description': u'\u501f \u6b3e \u8be6 \u60c5\uff1a\u8d44\u91d1\u5468\u8f6c1\u4e2a\u6708_******',
	 'income_rate': u'10%/\u5e74',
	 'link': 'https://www.my089.com/Loan/Detail.aspx?sid=15091510474003092465330019669632',
	 'min_amount': u'\uffe550.00 ',
	 'name': u'\u8d44\u91d1\u5468\u8f6c1\u4e2a\u6708_1509151047',
	 'process': u'18%',
	 'protect_mode': '',
	 'repay_type': u'\u6309\u6708\u5206\u671f',
	 'reward': u'\u672a\u8bbe\u7f6e\u5956\u52b1\u3002',
	 'term': u'1\u4e2a\u6708',
	 'transfer_claim': ''}
2015-09-15 10:58:08+0800 [honglingchuangtou] DEBUG: Crawled (200) <GET https://www.my089.com/Loan/Detail.aspx?sid=15091510494385996114150014757105> (referer: None)
2015-09-15 10:58:08+0800 [honglingchuangtou] DEBUG: Scraped from <200 https://www.my089.com/Loan/Detail.aspx?sid=15091510494385996114150014757105>
	{'amount': u'500.00',
	 'area': '',
	 'description': u'\u501f \u6b3e \u8be6 \u60c5\uff1a\u8d44\u91d1\u5468\u8f6c5\u5929_******',
	 'income_rate': u'3.65%/\u5e74',
	 'link': 'https://www.my089.com/Loan/Detail.aspx?sid=15091510494385996114150014757105',
	 'min_amount': u'\uffe550.00 ',
	 'name': u'\u8d44\u91d1\u5468\u8f6c5\u5929_1509151050',
	 'process': u'0%',
	 'protect_mode': '',
	 'repay_type': u'\u4e00\u6b21\u6027\u8fd8\u6b3e',
	 'reward': u'\u672a\u8bbe\u7f6e\u5956\u52b1\u3002',
	 'term': u'5\u5929',
	 'transfer_claim': ''}
2015-09-15 10:58:08+0800 [honglingchuangtou] INFO: Closing spider (finished)
2015-09-15 10:58:08+0800 [honglingchuangtou] INFO: Dumping Scrapy stats:
	{'downloader/request_bytes': 24528,
	 'downloader/request_count': 80,
	 'downloader/request_method_count/GET': 80,
	 'downloader/response_bytes': 657467,
	 'downloader/response_count': 80,
	 'downloader/response_status_count/200': 80,
	 'finish_reason': 'finished',
	 'finish_time': datetime.datetime(2015, 9, 15, 2, 58, 8, 213536),
	 'item_scraped_count': 80,
	 'log_count/DEBUG': 162,
	 'log_count/INFO': 11,
	 'response_received_count': 80,
	 'scheduler/dequeued': 80,
	 'scheduler/dequeued/memory': 80,
	 'scheduler/enqueued': 80,
	 'scheduler/enqueued/memory': 80,
	 'start_time': datetime.datetime(2015, 9, 15, 2, 53, 27, 358808)}
2015-09-15 10:58:08+0800 [honglingchuangtou] INFO: Spider closed (finished)
<HonglingchuangtouSpider 'honglingchuangtou' at 0x7f14d20ec550>
<HonglingchuangtouSpider 'honglingchuangtou' at 0x7f14d20ec550>
<HonglingchuangtouSpider 'honglingchuangtou' at 0x7f14d20ec550>
<HonglingchuangtouSpider 'honglingchuangtou' at 0x7f14d20ec550>
<HonglingchuangtouSpider 'honglingchuangtou' at 0x7f14d20ec550>
<HonglingchuangtouSpider 'honglingchuangtou' at 0x7f14d20ec550>
<HonglingchuangtouSpider 'honglingchuangtou' at 0x7f14d20ec550>
<HonglingchuangtouSpider 'honglingchuangtou' at 0x7f14d20ec550>
<HonglingchuangtouSpider 'honglingchuangtou' at 0x7f14d20ec550>
<HonglingchuangtouSpider 'honglingchuangtou' at 0x7f14d20ec550>
<HonglingchuangtouSpider 'honglingchuangtou' at 0x7f14d20ec550>
<HonglingchuangtouSpider 'honglingchuangtou' at 0x7f14d20ec550>
<HonglingchuangtouSpider 'honglingchuangtou' at 0x7f14d20ec550>
<HonglingchuangtouSpider 'honglingchuangtou' at 0x7f14d20ec550>
<HonglingchuangtouSpider 'honglingchuangtou' at 0x7f14d20ec550>
<HonglingchuangtouSpider 'honglingchuangtou' at 0x7f14d20ec550>
2015-09-15 10:58:18 爬取结束-------------honglingchuangtou---------------------------------------
