2015-09-14 14:59:37 开始运行爬虫----------honglingchuangtou---------------------------------------
2015-09-14 15:00:44+0800 [scrapy] INFO: Scrapy 0.24.4 started (bot: honglingchuangtou)
2015-09-14 15:00:44+0800 [scrapy] INFO: Optional features available: ssl, http11, boto, django
2015-09-14 15:00:44+0800 [scrapy] INFO: Overridden settings: {'NEWSPIDER_MODULE': 'honglingchuangtou.spiders', 'SPIDER_MODULES': ['honglingchuangtou.spiders'], 'BOT_NAME': 'honglingchuangtou'}
2015-09-14 15:00:44+0800 [scrapy] INFO: Enabled extensions: LogStats, TelnetConsole, CloseSpider, WebService, CoreStats, SpiderState
2015-09-14 15:00:45+0800 [scrapy] INFO: Enabled downloader middlewares: HttpAuthMiddleware, DownloadTimeoutMiddleware, UserAgentMiddleware, RetryMiddleware, DefaultHeadersMiddleware, MetaRefreshMiddleware, HttpCompressionMiddleware, RedirectMiddleware, CookiesMiddleware, ChunkedTransferMiddleware, DownloaderStats
2015-09-14 15:00:45+0800 [scrapy] INFO: Enabled spider middlewares: HttpErrorMiddleware, OffsiteMiddleware, RefererMiddleware, UrlLengthMiddleware, DepthMiddleware
2015-09-14 15:00:45+0800 [scrapy] INFO: Enabled item pipelines: HonglingchuangtouPipeline
2015-09-14 15:00:45+0800 [honglingchuangtou] INFO: Spider opened
2015-09-14 15:00:45+0800 [honglingchuangtou] INFO: Crawled 0 pages (at 0 pages/min), scraped 0 items (at 0 items/min)
2015-09-14 15:00:45+0800 [scrapy] DEBUG: Telnet console listening on 127.0.0.1:6042
2015-09-14 15:00:45+0800 [scrapy] DEBUG: Web service listening on 127.0.0.1:6099
2015-09-14 15:00:45+0800 [honglingchuangtou] DEBUG: Crawled (200) <GET https://www.my089.com/Loan/Detail.aspx?sid=15091414574559190601410011855504> (referer: None)
2015-09-14 15:00:45+0800 [honglingchuangtou] DEBUG: Scraped from <200 https://www.my089.com/Loan/Detail.aspx?sid=15091414574559190601410011855504>
	{'amount': u'80,000.00',
	 'area': '',
	 'description': u'\u501f \u6b3e \u8be6 \u60c5\uff1a\u8d44\u91d1\u5468\u8f6c1\u4e2a\u6708_******',
	 'income_rate': u'10.4%/\u5e74',
	 'link': 'https://www.my089.com/Loan/Detail.aspx?sid=15091414574559190601410011855504',
	 'min_amount': u'\uffe550.00 ',
	 'name': u'\u8d44\u91d1\u5468\u8f6c1\u4e2a\u6708_1509141458',
	 'process': u'100%',
	 'protect_mode': '',
	 'repay_type': u'\u6309\u6708\u5206\u671f',
	 'reward': u'\u672a\u8bbe\u7f6e\u5956\u52b1\u3002',
	 'term': u'1\u4e2a\u6708',
	 'transfer_claim': ''}
2015-09-14 15:00:49+0800 [honglingchuangtou] DEBUG: Crawled (200) <GET https://www.my089.com/Loan/Detail.aspx?sid=15091414580698191391090010525444> (referer: None)
2015-09-14 15:00:49+0800 [honglingchuangtou] DEBUG: Scraped from <200 https://www.my089.com/Loan/Detail.aspx?sid=15091414580698191391090010525444>
	{'amount': u'25,200.00',
	 'area': '',
	 'description': u'\u501f \u6b3e \u8be6 \u60c5\uff1a\u8d44\u91d1\u5468\u8f6c1\u4e2a\u6708_******',
	 'income_rate': u'10.4%/\u5e74',
	 'link': 'https://www.my089.com/Loan/Detail.aspx?sid=15091414580698191391090010525444',
	 'min_amount': u'\uffe550.00 ',
	 'name': u'\u8d44\u91d1\u5468\u8f6c1\u4e2a\u6708_1509141458',
	 'process': u'100%',
	 'protect_mode': '',
	 'repay_type': u'\u6309\u6708\u5206\u671f',
	 'reward': u'\u672a\u8bbe\u7f6e\u5956\u52b1\u3002',
	 'term': u'1\u4e2a\u6708',
	 'transfer_claim': ''}
2015-09-14 15:00:53+0800 [honglingchuangtou] DEBUG: Crawled (200) <GET https://www.my089.com/Loan/Detail.aspx?sid=15091414560305493686990017574371> (referer: None)
2015-09-14 15:00:53+0800 [honglingchuangtou] DEBUG: Scraped from <200 https://www.my089.com/Loan/Detail.aspx?sid=15091414560305493686990017574371>
	{'amount': u'8,000.00',
	 'area': '',
	 'description': u'\u501f \u6b3e \u8be6 \u60c5\uff1a\u8d44\u91d1\u5468\u8f6c1\u4e2a\u6708_******',
	 'income_rate': u'10.38%/\u5e74',
	 'link': 'https://www.my089.com/Loan/Detail.aspx?sid=15091414560305493686990017574371',
	 'min_amount': u'\uffe550.00 ',
	 'name': u'\u8d44\u91d1\u5468\u8f6c1\u4e2a\u6708_1509141456',
	 'process': u'100%',
	 'protect_mode': '',
	 'repay_type': u'\u6309\u6708\u5206\u671f',
	 'reward': u'\u672a\u8bbe\u7f6e\u5956\u52b1\u3002',
	 'term': u'1\u4e2a\u6708',
	 'transfer_claim': ''}
2015-09-14 15:00:55+0800 [honglingchuangtou] DEBUG: Crawled (200) <GET https://www.my089.com/Loan/Detail.aspx?sid=15091414500061494476840018645112> (referer: None)
2015-09-14 15:00:55+0800 [honglingchuangtou] DEBUG: Scraped from <200 https://www.my089.com/Loan/Detail.aspx?sid=15091414500061494476840018645112>
	{'amount': u'16,550.00',
	 'area': '',
	 'description': u'\u501f \u6b3e \u8be6 \u60c5\uff1a\u8d44\u91d1\u5468\u8f6c5\u5929_******',
	 'income_rate': u'7.3%/\u5e74',
	 'link': 'https://www.my089.com/Loan/Detail.aspx?sid=15091414500061494476840018645112',
	 'min_amount': u'\uffe550.00 ',
	 'name': u'\u8d44\u91d1\u5468\u8f6c5\u5929_1509141450',
	 'process': u'0%',
	 'protect_mode': '',
	 'repay_type': u'\u4e00\u6b21\u6027\u8fd8\u6b3e',
	 'reward': u'\u672a\u8bbe\u7f6e\u5956\u52b1\u3002',
	 'term': u'5\u5929',
	 'transfer_claim': ''}
2015-09-14 15:01:00+0800 [honglingchuangtou] DEBUG: Crawled (200) <GET https://www.my089.com/Loan/Detail.aspx?sid=15091414564526092549870016595708> (referer: None)
2015-09-14 15:01:00+0800 [honglingchuangtou] DEBUG: Scraped from <200 https://www.my089.com/Loan/Detail.aspx?sid=15091414564526092549870016595708>
	{'amount': u'9,700.00',
	 'area': '',
	 'description': u'\u501f\u6b3e\u8be6\u60c5\uff1a\u8d44\u91d1\u5468\u8f6c,\u3010\u51cc\u6668\u5f00\u59cb\u8fd8\u6b3e\uff0c\u8fb9\u501f\u8fb9\u8fd8\u3011 \u8bda\u4fe1\u5929\u6807Q\u7fa4\uff1a \u4e00\u56db\u4e00\u4e09\u4e03\u4e5d\u4e94\u4e5d\uff0c\u8bda\u5b9e\u5b88\u4fe1\uff0c\u6b22\u8fce\u52a0\u5165\u3002',
	 'income_rate': u'7.3%/\u5e74',
	 'link': 'https://www.my089.com/Loan/Detail.aspx?sid=15091414564526092549870016595708',
	 'min_amount': u'\uffe550.00 ',
	 'name': u'\u3010\u51cc\u6668\u5f00\u59cb\u8fd8\u6b3e\uff0c\u8fb9\u501f\u8fb9\u8fd8\u3011',
	 'process': u'100%',
	 'protect_mode': '',
	 'repay_type': u'\u4e00\u6b21\u6027\u8fd8\u6b3e',
	 'reward': u'\u672a\u8bbe\u7f6e\u5956\u52b1\u3002',
	 'term': u'5\u5929',
	 'transfer_claim': ''}
2015-09-14 15:01:04+0800 [honglingchuangtou] DEBUG: Crawled (200) <GET https://www.my089.com/Loan/Detail.aspx?sid=15091414560536491844170011539809> (referer: None)
2015-09-14 15:01:04+0800 [honglingchuangtou] DEBUG: Scraped from <200 https://www.my089.com/Loan/Detail.aspx?sid=15091414560536491844170011539809>
	{'amount': u'5,000.00',
	 'area': '',
	 'description': u'\u501f \u6b3e \u8be6 \u60c5\uff1a \u8fd8 \u6b3e \u65b9 \u5f0f\uff1a \u8fd8 \u6b3e \u4fdd \u969c\uff1a\u5e10\u6237\u51c0\u989d\u5ea6\uff0c\u65e9\u4e0a9\u70b9\u8fd8\u6b3e\uff0c\u8c22\u8c22',
	 'income_rate': u'3.65%/\u5e74',
	 'link': 'https://www.my089.com/Loan/Detail.aspx?sid=15091414560536491844170011539809',
	 'min_amount': u'\uffe550.00 ',
	 'name': u'\u65e9\u4e0a9\u70b9\u8fd8\u6b3e\uff0c\u8c22\u8c22',
	 'process': u'0%',
	 'protect_mode': '',
	 'repay_type': u'\u4e00\u6b21\u6027\u8fd8\u6b3e',
	 'reward': u'\u672a\u8bbe\u7f6e\u5956\u52b1\u3002',
	 'term': u'5\u5929',
	 'transfer_claim': ''}
2015-09-14 15:01:08+0800 [honglingchuangtou] DEBUG: Crawled (200) <GET https://www.my089.com/Loan/Detail.aspx?sid=15091414523492192163790010380050> (referer: None)
2015-09-14 15:01:08+0800 [honglingchuangtou] DEBUG: Scraped from <200 https://www.my089.com/Loan/Detail.aspx?sid=15091414523492192163790010380050>
	{'amount': u'60,000.00',
	 'area': '',
	 'description': u'\u501f \u6b3e \u8be6 \u60c5\uff1a\u8d44\u91d1\u5468\u8f6c1\u4e2a\u6708_******',
	 'income_rate': u'10.41%/\u5e74',
	 'link': 'https://www.my089.com/Loan/Detail.aspx?sid=15091414523492192163790010380050',
	 'min_amount': u'\uffe550.00 ',
	 'name': u'\u8d44\u91d1\u5468\u8f6c1\u4e2a\u6708_1509141452',
	 'process': u'100%',
	 'protect_mode': '',
	 'repay_type': u'\u6309\u6708\u5230\u671f',
	 'reward': u'\u672a\u8bbe\u7f6e\u5956\u52b1\u3002',
	 'term': u'1\u4e2a\u6708',
	 'transfer_claim': ''}
2015-09-14 15:01:10+0800 [honglingchuangtou] DEBUG: Crawled (200) <GET https://www.my089.com/Loan/Detail.aspx?sid=15091414534234393703750010687017> (referer: None)
2015-09-14 15:01:10+0800 [honglingchuangtou] DEBUG: Scraped from <200 https://www.my089.com/Loan/Detail.aspx?sid=15091414534234393703750010687017>
	{'amount': u'40,000.00',
	 'area': '',
	 'description': u'\u501f \u6b3e \u8be6 \u60c5\uff1a\u8d44\u91d1\u5468\u8f6c5\u5929_******',
	 'income_rate': u'7.3%/\u5e74',
	 'link': 'https://www.my089.com/Loan/Detail.aspx?sid=15091414534234393703750010687017',
	 'min_amount': u'\uffe550.00 ',
	 'name': u'\u8d44\u91d1\u5468\u8f6c5\u5929_1509141453',
	 'process': u'0%',
	 'protect_mode': '',
	 'repay_type': u'\u4e00\u6b21\u6027\u8fd8\u6b3e',
	 'reward': u'\u672a\u8bbe\u7f6e\u5956\u52b1\u3002',
	 'term': u'5\u5929',
	 'transfer_claim': ''}
2015-09-14 15:01:13+0800 [honglingchuangtou] DEBUG: Crawled (200) <GET https://www.my089.com/Loan/Detail.aspx?sid=15091414531975191081040015718034> (referer: None)
2015-09-14 15:01:13+0800 [honglingchuangtou] DEBUG: Scraped from <200 https://www.my089.com/Loan/Detail.aspx?sid=15091414531975191081040015718034>
	{'amount': u'20,000.00',
	 'area': '',
	 'description': u'\u501f\u6b3e\u8be6\u60c5\uff1a\u7ad9\u5185\u5173\u8054\u7528\u6237\u540d\uff1a\u8fd8\u6b3e\u4fdd\u969c\uff1a16:30\u5206\u524d\u8fd8\uff0c\u8c22\u8c22\uff0116:30\u5206\u524d\u8fd8\uff0c\u8c22\u8c22\uff0116:30\u5206\u524d\u8fd8\uff0c\u8c22\u8c22\uff01',
	 'income_rate': u'7.3%/\u5e74',
	 'link': 'https://www.my089.com/Loan/Detail.aspx?sid=15091414531975191081040015718034',
	 'min_amount': u'\uffe550.00 ',
	 'name': u'16:30\u5206\u524d\u8fd8\uff0c\u8c22\u8c22\uff01',
	 'process': u'9%',
	 'protect_mode': '',
	 'repay_type': u'\u4e00\u6b21\u6027\u8fd8\u6b3e',
	 'reward': u'\u672a\u8bbe\u7f6e\u5956\u52b1\u3002',
	 'term': u'5\u5929',
	 'transfer_claim': ''}
2015-09-14 15:01:17+0800 [honglingchuangtou] DEBUG: Crawled (200) <GET https://www.my089.com/Loan/Detail.aspx?sid=15091414495713093826170016768750> (referer: None)
2015-09-14 15:01:17+0800 [honglingchuangtou] DEBUG: Scraped from <200 https://www.my089.com/Loan/Detail.aspx?sid=15091414495713093826170016768750>
	{'amount': u'6,000.00',
	 'area': '',
	 'description': u'\u501f \u6b3e \u8be6 \u60c5\uff1a\u8d44\u91d1\u5468\u8f6c1\u4e2a\u6708_******',
	 'income_rate': u'10.08%/\u5e74',
	 'link': 'https://www.my089.com/Loan/Detail.aspx?sid=15091414495713093826170016768750',
	 'min_amount': u'\uffe550.00 ',
	 'name': u'\u8d44\u91d1\u5468\u8f6c1\u4e2a\u6708_1509141450',
	 'process': u'0%',
	 'protect_mode': '',
	 'repay_type': u'\u6309\u6708\u5206\u671f',
	 'reward': u'\u672a\u8bbe\u7f6e\u5956\u52b1\u3002',
	 'term': u'1\u4e2a\u6708',
	 'transfer_claim': ''}
2015-09-14 15:01:20+0800 [honglingchuangtou] DEBUG: Crawled (200) <GET https://www.my089.com/Loan/Detail.aspx?sid=15091414565210792519890016922825> (referer: None)
2015-09-14 15:01:20+0800 [honglingchuangtou] DEBUG: Scraped from <200 https://www.my089.com/Loan/Detail.aspx?sid=15091414565210792519890016922825>
	{'amount': u'5,000.00',
	 'area': '',
	 'description': u'\u501f \u6b3e \u8be6 \u60c5\uff1a\u8d44\u91d1\u5468\u8f6c5\u5929_******',
	 'income_rate': u'7.3%/\u5e74',
	 'link': 'https://www.my089.com/Loan/Detail.aspx?sid=15091414565210792519890016922825',
	 'min_amount': u'\uffe550.00 ',
	 'name': u'\u8d44\u91d1\u5468\u8f6c5\u5929_1509141457',
	 'process': u'100%',
	 'protect_mode': '',
	 'repay_type': u'\u4e00\u6b21\u6027\u8fd8\u6b3e',
	 'reward': u'\u672a\u8bbe\u7f6e\u5956\u52b1\u3002',
	 'term': u'5\u5929',
	 'transfer_claim': ''}
2015-09-14 15:01:23+0800 [honglingchuangtou] DEBUG: Crawled (200) <GET https://www.my089.com/Loan/Detail.aspx?sid=15091414514619791143100014500941> (referer: None)
2015-09-14 15:01:23+0800 [honglingchuangtou] DEBUG: Scraped from <200 https://www.my089.com/Loan/Detail.aspx?sid=15091414514619791143100014500941>
	{'amount': u'20,000.00',
	 'area': '',
	 'description': u'\u501f \u6b3e \u8be6 \u60c5\uff1a\u8d44\u91d1\u5468\u8f6c5\u5929_******',
	 'income_rate': u'7.3%/\u5e74',
	 'link': 'https://www.my089.com/Loan/Detail.aspx?sid=15091414514619791143100014500941',
	 'min_amount': u'\uffe550.00 ',
	 'name': u'\u8d44\u91d1\u5468\u8f6c5\u5929_1509141451',
	 'process': u'93%',
	 'protect_mode': '',
	 'repay_type': u'\u4e00\u6b21\u6027\u8fd8\u6b3e',
	 'reward': u'\u672a\u8bbe\u7f6e\u5956\u52b1\u3002',
	 'term': u'5\u5929',
	 'transfer_claim': ''}
2015-09-14 15:01:27+0800 [honglingchuangtou] DEBUG: Crawled (200) <GET https://www.my089.com/Loan/Detail.aspx?sid=15091414501533192983480012198641> (referer: None)
2015-09-14 15:01:27+0800 [honglingchuangtou] DEBUG: Scraped from <200 https://www.my089.com/Loan/Detail.aspx?sid=15091414501533192983480012198641>
	{'amount': u'4,100.00',
	 'area': '',
	 'description': u'\u501f\u6b3e\u8be6\u60c5\uff1a\u8d44\u91d1\u5468\u8f6c,\u5c0f\u6807\u6613\u6ee1\uff0c\u8c22\u8c22\u652f\u6301\uff01\u5c0f\u6807\u6613\u6ee1\uff0c\u8c22\u8c22\u652f\u6301\uff01\u5c0f\u6807\u6613\u6ee1\uff0c\u8c22\u8c22\u652f\u6301\uff01',
	 'income_rate': u'10.01%/\u5e74',
	 'link': 'https://www.my089.com/Loan/Detail.aspx?sid=15091414501533192983480012198641',
	 'min_amount': u'\uffe550.00 ',
	 'name': u'\u5c0f\u6807\u6613\u6ee1\uff0c\u8c22\u8c22\u652f\u6301\uff01',
	 'process': u'21%',
	 'protect_mode': '',
	 'repay_type': u'\u6309\u6708\u5206\u671f',
	 'reward': u'\u672a\u8bbe\u7f6e\u5956\u52b1\u3002',
	 'term': u'1\u4e2a\u6708',
	 'transfer_claim': ''}
2015-09-14 15:01:31+0800 [honglingchuangtou] DEBUG: Crawled (200) <GET https://www.my089.com/Loan/Detail.aspx?sid=15091414582965193816460017532792> (referer: None)
2015-09-14 15:01:31+0800 [honglingchuangtou] DEBUG: Scraped from <200 https://www.my089.com/Loan/Detail.aspx?sid=15091414582965193816460017532792>
	{'amount': u'5,000.00',
	 'area': '',
	 'description': u'\u501f \u6b3e \u8be6 \u60c5\uff1a\u8d44\u91d1\u5468\u8f6c1\u4e2a\u6708_******',
	 'income_rate': u'10.02%/\u5e74',
	 'link': 'https://www.my089.com/Loan/Detail.aspx?sid=15091414582965193816460017532792',
	 'min_amount': u'\uffe550.00 ',
	 'name': u'\u8d44\u91d1\u5468\u8f6c1\u4e2a\u6708_1509141458',
	 'process': u'14%',
	 'protect_mode': '',
	 'repay_type': u'\u6309\u6708\u5206\u671f',
	 'reward': u'\u672a\u8bbe\u7f6e\u5956\u52b1\u3002',
	 'term': u'1\u4e2a\u6708',
	 'transfer_claim': ''}
2015-09-14 15:01:35+0800 [honglingchuangtou] DEBUG: Crawled (200) <GET https://www.my089.com/Loan/Detail.aspx?sid=15091414580498493100510012574985> (referer: None)
2015-09-14 15:01:35+0800 [honglingchuangtou] DEBUG: Scraped from <200 https://www.my089.com/Loan/Detail.aspx?sid=15091414580498493100510012574985>
	{'amount': u'10,260.00',
	 'area': '',
	 'description': u'\u501f \u6b3e \u8be6 \u60c5\uff1a\u8d44\u91d1\u5468\u8f6c1\u4e2a\u6708_******',
	 'income_rate': u'10.38%/\u5e74',
	 'link': 'https://www.my089.com/Loan/Detail.aspx?sid=15091414580498493100510012574985',
	 'min_amount': u'\uffe550.00 ',
	 'name': u'\u8d44\u91d1\u5468\u8f6c1\u4e2a\u6708_1509141458',
	 'process': u'51%',
	 'protect_mode': '',
	 'repay_type': u'\u6309\u6708\u5206\u671f',
	 'reward': u'\u672a\u8bbe\u7f6e\u5956\u52b1\u3002',
	 'term': u'1\u4e2a\u6708',
	 'transfer_claim': ''}
2015-09-14 15:01:38+0800 [honglingchuangtou] DEBUG: Crawled (200) <GET https://www.my089.com/Loan/Detail.aspx?sid=15091414534044892289210017894929> (referer: None)
2015-09-14 15:01:38+0800 [honglingchuangtou] DEBUG: Scraped from <200 https://www.my089.com/Loan/Detail.aspx?sid=15091414534044892289210017894929>
	{'amount': u'500.00',
	 'area': '',
	 'description': u'\u501f\u6b3e\u8be6\u60c5\uff1a\u8d44\u91d1\u5468\u8f6c,\u4e0a\u5348\u5fc5\u8fd8\uff0cV5\u4fe1\u8a89\u65e0\u4ef7\u4e0a\u5348\u5fc5\u8fd8\uff0cV5\u4fe1\u8a89\u65e0\u4ef7\u4e0a\u5348\u5fc5\u8fd8\uff0cV5\u4fe1\u8a89\u65e0\u4ef7',
	 'income_rate': u'3.65%/\u5e74',
	 'link': 'https://www.my089.com/Loan/Detail.aspx?sid=15091414534044892289210017894929',
	 'min_amount': u'\uffe550.00 ',
	 'name': u'\u4e0a\u5348\u5fc5\u8fd8\uff0cV5\u4fe1\u8a89\u65e0\u4ef7',
	 'process': u'0%',
	 'protect_mode': '',
	 'repay_type': u'\u4e00\u6b21\u6027\u8fd8\u6b3e',
	 'reward': u'\u672a\u8bbe\u7f6e\u5956\u52b1\u3002',
	 'term': u'5\u5929',
	 'transfer_claim': ''}
2015-09-14 15:01:41+0800 [honglingchuangtou] DEBUG: Crawled (200) <GET https://www.my089.com/Loan/Detail.aspx?sid=15091414534654494385370019668277> (referer: None)
2015-09-14 15:01:41+0800 [honglingchuangtou] DEBUG: Scraped from <200 https://www.my089.com/Loan/Detail.aspx?sid=15091414534654494385370019668277>
	{'amount': u'400,000.00',
	 'area': '',
	 'description': u'\u501f \u6b3e \u8be6 \u60c5\uff1a\u521b\u4e1a\u501f\u6b3e1\u4e2a\u6708_******',
	 'income_rate': u'10.01%/\u5e74',
	 'link': 'https://www.my089.com/Loan/Detail.aspx?sid=15091414534654494385370019668277',
	 'min_amount': u'\uffe550.00 ',
	 'name': u'\u521b\u4e1a\u501f\u6b3e1\u4e2a\u6708_1509141454',
	 'process': u'2%',
	 'protect_mode': '',
	 'repay_type': u'\u6309\u6708\u5230\u671f',
	 'reward': u'\u672a\u8bbe\u7f6e\u5956\u52b1\u3002',
	 'term': u'1\u4e2a\u6708',
	 'transfer_claim': ''}
2015-09-14 15:01:45+0800 [honglingchuangtou] INFO: Crawled 17 pages (at 17 pages/min), scraped 17 items (at 17 items/min)
2015-09-14 15:01:45+0800 [honglingchuangtou] DEBUG: Crawled (200) <GET https://www.my089.com/Loan/Detail.aspx?sid=15091414552265493229520016568674> (referer: None)
2015-09-14 15:01:45+0800 [honglingchuangtou] DEBUG: Scraped from <200 https://www.my089.com/Loan/Detail.aspx?sid=15091414552265493229520016568674>
	{'amount': u'5,000.00',
	 'area': '',
	 'description': u'\u501f \u6b3e \u8be6 \u60c5\uff1a\u8d44\u91d1\u5468\u8f6c5\u5929_******',
	 'income_rate': u'7.3%/\u5e74',
	 'link': 'https://www.my089.com/Loan/Detail.aspx?sid=15091414552265493229520016568674',
	 'min_amount': u'\uffe550.00 ',
	 'name': u'\u8d44\u91d1\u5468\u8f6c5\u5929_1509141455',
	 'process': u'51%',
	 'protect_mode': '',
	 'repay_type': u'\u4e00\u6b21\u6027\u8fd8\u6b3e',
	 'reward': u'\u672a\u8bbe\u7f6e\u5956\u52b1\u3002',
	 'term': u'5\u5929',
	 'transfer_claim': ''}
2015-09-14 15:01:50+0800 [honglingchuangtou] DEBUG: Crawled (200) <GET https://www.my089.com/Loan/Detail.aspx?sid=15091414530135592466900018845991> (referer: None)
2015-09-14 15:01:50+0800 [honglingchuangtou] DEBUG: Scraped from <200 https://www.my089.com/Loan/Detail.aspx?sid=15091414530135592466900018845991>
	{'amount': u'20,000.00',
	 'area': '',
	 'description': u'\u501f \u6b3e \u8be6 \u60c5\uff1a\u8d44\u91d1\u5468\u8f6c5\u5929_******',
	 'income_rate': u'3.65%/\u5e74',
	 'link': 'https://www.my089.com/Loan/Detail.aspx?sid=15091414530135592466900018845991',
	 'min_amount': u'\uffe550.00 ',
	 'name': u'\u8d44\u91d1\u5468\u8f6c5\u5929_1509141453',
	 'process': u'0%',
	 'protect_mode': '',
	 'repay_type': u'\u4e00\u6b21\u6027\u8fd8\u6b3e',
	 'reward': u'\u672a\u8bbe\u7f6e\u5956\u52b1\u3002',
	 'term': u'5\u5929',
	 'transfer_claim': ''}
2015-09-14 15:01:54+0800 [honglingchuangtou] DEBUG: Crawled (200) <GET https://www.my089.com/Loan/Detail.aspx?sid=15091009051254292794010013297499> (referer: None)
2015-09-14 15:01:54+0800 [honglingchuangtou] DEBUG: Scraped from <200 https://www.my089.com/Loan/Detail.aspx?sid=15091009051254292794010013297499>
	{'amount': u'55,000.00',
	 'area': '',
	 'description': u'\u501f \u6b3e \u8be6 \u60c5\uff1a\u8d44\u91d1\u5468\u8f6c1\u4e2a\u6708_******',
	 'income_rate': u'10.28%/\u5e74',
	 'link': 'https://www.my089.com/Loan/Detail.aspx?sid=15091009051254292794010013297499',
	 'min_amount': u'\uffe550.00 ',
	 'name': u'\u8d44\u91d1\u5468\u8f6c1\u4e2a\u6708_1509141453',
	 'process': u'10%',
	 'protect_mode': '',
	 'repay_type': u'\u6309\u6708\u5206\u671f',
	 'reward': u'\u672a\u8bbe\u7f6e\u5956\u52b1\u3002',
	 'term': u'1\u4e2a\u6708',
	 'transfer_claim': ''}
2015-09-14 15:01:58+0800 [honglingchuangtou] DEBUG: Crawled (200) <GET https://www.my089.com/Loan/Detail.aspx?sid=15091414564563693959800018929791> (referer: None)
2015-09-14 15:01:58+0800 [honglingchuangtou] DEBUG: Scraped from <200 https://www.my089.com/Loan/Detail.aspx?sid=15091414564563693959800018929791>
	{'amount': u'15,000.00',
	 'area': '',
	 'description': u'\u501f \u6b3e \u8be6 \u60c5\uff1a\u8d44\u91d1\u5468\u8f6c1\u4e2a\u6708_******',
	 'income_rate': u'10.3%/\u5e74',
	 'link': 'https://www.my089.com/Loan/Detail.aspx?sid=15091414564563693959800018929791',
	 'min_amount': u'\uffe550.00 ',
	 'name': u'\u8d44\u91d1\u5468\u8f6c1\u4e2a\u6708_1509141457',
	 'process': u'37%',
	 'protect_mode': '',
	 'repay_type': u'\u6309\u6708\u5206\u671f',
	 'reward': u'\u672a\u8bbe\u7f6e\u5956\u52b1\u3002',
	 'term': u'1\u4e2a\u6708',
	 'transfer_claim': ''}
2015-09-14 15:02:02+0800 [honglingchuangtou] DEBUG: Crawled (200) <GET https://www.my089.com/Loan/Detail.aspx?sid=15091414574715393304080013499819> (referer: None)
2015-09-14 15:02:02+0800 [honglingchuangtou] DEBUG: Scraped from <200 https://www.my089.com/Loan/Detail.aspx?sid=15091414574715393304080013499819>
	{'amount': u'20,000.00',
	 'area': '',
	 'description': u'\u501f\u6b3e\u8be6\u60c5\uff1a\u8d44\u91d1\u5468\u8f6c,\u65e9\u4e0a09\u70b930\u4e4b\u524d\u8fd8\uff0c\u653e\u5fc3\u6295\uff01\uff01\u6700\u8fdf\u767d\u5929\u8fd8\uff01\u65e9\u4e0a09\u70b930\u4e4b\u524d\u8fd8\uff0c\u653e\u5fc3\u6295\uff01\uff01\u6700\u8fdf\u767d\u5929\u8fd8\uff01\u65e9\u4e0a09\u70b930\u4e4b\u524d\u8fd8\uff0c\u653e\u5fc3\u6295\uff01\uff01\u6700\u8fdf\u767d\u5929\u8fd8\uff01',
	 'income_rate': u'7.3%/\u5e74',
	 'link': 'https://www.my089.com/Loan/Detail.aspx?sid=15091414574715393304080013499819',
	 'min_amount': u'\uffe550.00 ',
	 'name': u'\u65e9\u4e0a09\u70b930\u4e4b\u524d\u8fd8\uff0c\u653e\u5fc3\u6295\uff01\uff01\u6700\u8fdf\u767d\u5929\u8fd8\uff01',
	 'process': u'0%',
	 'protect_mode': '',
	 'repay_type': u'\u4e00\u6b21\u6027\u8fd8\u6b3e',
	 'reward': u'\u672a\u8bbe\u7f6e\u5956\u52b1\u3002',
	 'term': u'5\u5929',
	 'transfer_claim': ''}
2015-09-14 15:02:05+0800 [honglingchuangtou] DEBUG: Crawled (200) <GET https://www.my089.com/Loan/Detail.aspx?sid=15091414562410192738300010699157> (referer: None)
2015-09-14 15:02:05+0800 [honglingchuangtou] DEBUG: Scraped from <200 https://www.my089.com/Loan/Detail.aspx?sid=15091414562410192738300010699157>
	{'amount': u'20,000.00',
	 'area': '',
	 'description': u'\u501f\u6b3e\u8be6\u60c5\uff1a\u7ad9\u5185\u5173\u8054\u7528\u6237\u540d\uff1a\u8fd8\u6b3e\u4fdd\u969c\uff1a \u51c0\u503c\u989d\u5ea6\u4fdd\u969c \u501f\u6b3e\u8be6\u60c5\uff1a\u7ad9\u5185\u5173\u8054\u7528\u6237\u540d\uff1a\u8fd8\u6b3e\u4fdd\u969c\uff1a \u51c0\u503c\u989d\u5ea6\u4fdd\u969c \u501f\u6b3e\u8be6\u60c5\uff1a\u7ad9\u5185\u5173\u8054\u7528\u6237\u540d\uff1a\u8fd8\u6b3e\u4fdd\u969c\uff1a \u51c0\u503c\u989d\u5ea6\u4fdd\u969c',
	 'income_rate': u'7.3%/\u5e74',
	 'link': 'https://www.my089.com/Loan/Detail.aspx?sid=15091414562410192738300010699157',
	 'min_amount': u'\uffe550.00 ',
	 'name': u'\u2605\u2605\u2605\u65e9\u4e0a8\u70b930\u5206\u8fd8\u6b3e!\u653e\u5fc3\u6295\u8d44!\u6700\u8fdf\u767d\u5929\u8fd8!\u2605\u2605\u2605',
	 'process': u'83%',
	 'protect_mode': '',
	 'repay_type': u'\u4e00\u6b21\u6027\u8fd8\u6b3e',
	 'reward': u'\u672a\u8bbe\u7f6e\u5956\u52b1\u3002',
	 'term': u'5\u5929',
	 'transfer_claim': ''}
2015-09-14 15:02:09+0800 [honglingchuangtou] DEBUG: Crawled (200) <GET https://www.my089.com/Loan/Detail.aspx?sid=15091414493894692455730016193904> (referer: None)
2015-09-14 15:02:09+0800 [honglingchuangtou] DEBUG: Scraped from <200 https://www.my089.com/Loan/Detail.aspx?sid=15091414493894692455730016193904>
	{'amount': u'10,000.00',
	 'area': '',
	 'description': u'\u501f\u6b3e\u8be6\u60c5\uff1a\u7ad9\u5185\u5173\u8054\u7528\u6237\u540d\uff1a\u8fd8\u6b3e\u4fdd\u969c\uff1aV5\u8bda\u4fe1\u7ea6\u6807\uff0c\u4e2d\u534812\u70b9\u8fd8\uff0c \u6700\u665a\u4e0b\u53485\u70b9\u4e4b\u524d\u8fd8\uff0c\u4ece\u672a\u5931\u4fe1\uff01V5\u8bda\u4fe1\u7ea6\u6807\uff0c\u4e2d\u534812\u70b9\u8fd8\uff0c \u6700\u665a\u4e0b\u53485\u70b9\u4e4b\u524d\u8fd8\uff0c\u4ece\u672a\u5931\u4fe1\uff01',
	 'income_rate': u'7.3%/\u5e74',
	 'link': 'https://www.my089.com/Loan/Detail.aspx?sid=15091414493894692455730016193904',
	 'min_amount': u'\uffe550.00 ',
	 'name': u'V5\u8bda\u4fe1\u7ea6\u6807\uff0c\u4e2d\u534812\u70b9\u8fd8\uff0c \u6700\u665a\u4e0b\u53485\u70b9\u4e4b\u524d\u8fd8\uff0c\u4ece\u672a\u5931\u4fe1\uff01',
	 'process': u'75%',
	 'protect_mode': '',
	 'repay_type': u'\u4e00\u6b21\u6027\u8fd8\u6b3e',
	 'reward': u'\u672a\u8bbe\u7f6e\u5956\u52b1\u3002',
	 'term': u'5\u5929',
	 'transfer_claim': ''}
2015-09-14 15:02:13+0800 [honglingchuangtou] DEBUG: Crawled (200) <GET https://www.my089.com/Loan/Detail.aspx?sid=15091414515766093165580010557949> (referer: None)
2015-09-14 15:02:13+0800 [honglingchuangtou] DEBUG: Scraped from <200 https://www.my089.com/Loan/Detail.aspx?sid=15091414515766093165580010557949>
	{'amount': u'30,000.00',
	 'area': '',
	 'description': u'\u501f \u6b3e \u8be6 \u60c5\uff1a\u8d44\u91d1\u5468\u8f6c1\u4e2a\u6708_******',
	 'income_rate': u'10.45%/\u5e74',
	 'link': 'https://www.my089.com/Loan/Detail.aspx?sid=15091414515766093165580010557949',
	 'min_amount': u'\uffe550.00 ',
	 'name': u'\u8d44\u91d1\u5468\u8f6c1\u4e2a\u6708_1509141454',
	 'process': u'100%',
	 'protect_mode': '',
	 'repay_type': u'\u6309\u6708\u5206\u671f',
	 'reward': u'\u672a\u8bbe\u7f6e\u5956\u52b1\u3002',
	 'term': u'1\u4e2a\u6708',
	 'transfer_claim': ''}
2015-09-14 15:02:18+0800 [honglingchuangtou] DEBUG: Crawled (200) <GET https://www.my089.com/Loan/Detail.aspx?sid=15091414573392692055790015741857> (referer: None)
2015-09-14 15:02:18+0800 [honglingchuangtou] DEBUG: Scraped from <200 https://www.my089.com/Loan/Detail.aspx?sid=15091414573392692055790015741857>
	{'amount': u'30,000.00',
	 'area': '',
	 'description': u'\u501f\u6b3e\u8be6\u60c5\uff1a\u7ad9\u5185\u5173\u8054\u7528\u6237\u540d\uff1a\u8fd8\u6b3e\u4fdd\u969c\uff1a\u968f\u501f\u968f\u8fd8\uff01\u5c3d\u65e9\u8fd8\u6b3e\uff01\u611f\u8c22\u652f\u6301\uff01\u968f\u501f\u968f\u8fd8\uff01\u5c3d\u65e9\u8fd8\u6b3e\uff01\u611f\u8c22\u652f\u6301\uff01',
	 'income_rate': u'7.3%/\u5e74',
	 'link': 'https://www.my089.com/Loan/Detail.aspx?sid=15091414573392692055790015741857',
	 'min_amount': u'\uffe550.00 ',
	 'name': u'\u968f\u501f\u968f\u8fd8\uff01\u5c3d\u65e9\u8fd8\u6b3e\uff01\u611f\u8c22\u652f\u6301\uff01',
	 'process': u'58%',
	 'protect_mode': '',
	 'repay_type': u'\u4e00\u6b21\u6027\u8fd8\u6b3e',
	 'reward': u'\u672a\u8bbe\u7f6e\u5956\u52b1\u3002',
	 'term': u'5\u5929',
	 'transfer_claim': ''}
2015-09-14 15:02:20+0800 [honglingchuangtou] DEBUG: Crawled (200) <GET https://www.my089.com/Loan/Detail.aspx?sid=15091414575216793935270017682644> (referer: None)
2015-09-14 15:02:20+0800 [honglingchuangtou] DEBUG: Scraped from <200 https://www.my089.com/Loan/Detail.aspx?sid=15091414575216793935270017682644>
	{'amount': u'10,000.00',
	 'area': '',
	 'description': u'\u501f\u6b3e\u8be6\u60c5\uff1a\u8d44\u91d1\u5468\u8f6c,\u8d44\u91d1\u5468\u8f6c1\u4e2a\u6708\uff0c\u2605V5\u8bda\u4fe1\u501f\u6b3e\u2605\u8d44\u91d1\u5468\u8f6c1\u4e2a\u6708\uff0c\u2605V5\u8bda\u4fe1\u501f\u6b3e\u2605\u8d44\u91d1\u5468\u8f6c1\u4e2a\u6708\uff0c\u2605V5\u8bda\u4fe1\u501f\u6b3e\u2605',
	 'income_rate': u'10.09%/\u5e74',
	 'link': 'https://www.my089.com/Loan/Detail.aspx?sid=15091414575216793935270017682644',
	 'min_amount': u'\uffe550.00 ',
	 'name': u'\u8d44\u91d1\u5468\u8f6c1\u4e2a\u6708\uff0c\u2605V5\u8bda\u4fe1\u501f\u6b3e\u2605',
	 'process': u'20%',
	 'protect_mode': '',
	 'repay_type': u'\u6309\u6708\u5206\u671f',
	 'reward': u'\u672a\u8bbe\u7f6e\u5956\u52b1\u3002',
	 'term': u'1\u4e2a\u6708',
	 'transfer_claim': ''}
2015-09-14 15:02:23+0800 [honglingchuangtou] DEBUG: Crawled (200) <GET https://www.my089.com/Loan/Detail.aspx?sid=15091414535040291880570016077919> (referer: None)
2015-09-14 15:02:23+0800 [honglingchuangtou] DEBUG: Scraped from <200 https://www.my089.com/Loan/Detail.aspx?sid=15091414535040291880570016077919>
	{'amount': u'50,000.00',
	 'area': '',
	 'description': u'\u501f \u6b3e \u8be6 \u60c5\uff1a\u8d44\u91d1\u5468\u8f6c5\u5929_******',
	 'income_rate': u'7.3%/\u5e74',
	 'link': 'https://www.my089.com/Loan/Detail.aspx?sid=15091414535040291880570016077919',
	 'min_amount': u'\uffe550.00 ',
	 'name': u'\u8d44\u91d1\u5468\u8f6c5\u5929_1509141453',
	 'process': u'41%',
	 'protect_mode': '',
	 'repay_type': u'\u4e00\u6b21\u6027\u8fd8\u6b3e',
	 'reward': u'\u672a\u8bbe\u7f6e\u5956\u52b1\u3002',
	 'term': u'5\u5929',
	 'transfer_claim': ''}
2015-09-14 15:02:25+0800 [honglingchuangtou] DEBUG: Crawled (200) <GET https://www.my089.com/Loan/Detail.aspx?sid=15091414522717992675480013198932> (referer: None)
2015-09-14 15:02:25+0800 [honglingchuangtou] DEBUG: Scraped from <200 https://www.my089.com/Loan/Detail.aspx?sid=15091414522717992675480013198932>
	{'amount': u'12,000.00',
	 'area': '',
	 'description': u'\u501f \u6b3e \u8be6 \u60c5\uff1a1\u4e2a\u6708_******',
	 'income_rate': u'10.41%/\u5e74',
	 'link': 'https://www.my089.com/Loan/Detail.aspx?sid=15091414522717992675480013198932',
	 'min_amount': u'\uffe550.00 ',
	 'name': u'1\u4e2a\u6708_1509141452',
	 'process': u'100%',
	 'protect_mode': '',
	 'repay_type': u'\u6309\u6708\u5206\u671f',
	 'reward': u'\u672a\u8bbe\u7f6e\u5956\u52b1\u3002',
	 'term': u'1\u4e2a\u6708',
	 'transfer_claim': ''}
2015-09-14 15:02:29+0800 [honglingchuangtou] DEBUG: Crawled (200) <GET https://www.my089.com/Loan/Detail.aspx?sid=15091414532829191946400016294960> (referer: None)
2015-09-14 15:02:29+0800 [honglingchuangtou] DEBUG: Scraped from <200 https://www.my089.com/Loan/Detail.aspx?sid=15091414532829191946400016294960>
	{'amount': u'10,000.00',
	 'area': '',
	 'description': u'\u501f \u6b3e \u8be6 \u60c5\uff1a\u8d44\u91d1\u5468\u8f6c1\u4e2a\u6708_******',
	 'income_rate': u'10.18%/\u5e74',
	 'link': 'https://www.my089.com/Loan/Detail.aspx?sid=15091414532829191946400016294960',
	 'min_amount': u'\uffe550.00 ',
	 'name': u'\u8d44\u91d1\u5468\u8f6c1\u4e2a\u6708_1509141454',
	 'process': u'10%',
	 'protect_mode': '',
	 'repay_type': u'\u6309\u6708\u5206\u671f',
	 'reward': u'\u672a\u8bbe\u7f6e\u5956\u52b1\u3002',
	 'term': u'1\u4e2a\u6708',
	 'transfer_claim': ''}
2015-09-14 15:02:33+0800 [honglingchuangtou] DEBUG: Crawled (200) <GET https://www.my089.com/Loan/Detail.aspx?sid=15091414475302993379440017461441> (referer: None)
2015-09-14 15:02:33+0800 [honglingchuangtou] DEBUG: Scraped from <200 https://www.my089.com/Loan/Detail.aspx?sid=15091414475302993379440017461441>
	{'amount': u'114,000.00',
	 'area': '',
	 'description': u'\u501f\u6b3e\u8be6\u60c5\uff1a\u7ad9\u5185\u5173\u8054\u7528\u6237\u540d\uff1a\u8fd8\u6b3e\u4fdd\u969c\uff1a******************11111',
	 'income_rate': u'7.3%/\u5e74',
	 'link': 'https://www.my089.com/Loan/Detail.aspx?sid=15091414475302993379440017461441',
	 'min_amount': u'\uffe550.00 ',
	 'name': u'\u767d\u5929\u8fd8\u6b3e',
	 'process': u'91%',
	 'protect_mode': '',
	 'repay_type': u'\u4e00\u6b21\u6027\u8fd8\u6b3e',
	 'reward': u'\u672a\u8bbe\u7f6e\u5956\u52b1\u3002',
	 'term': u'7\u5929',
	 'transfer_claim': ''}
2015-09-14 15:02:38+0800 [honglingchuangtou] DEBUG: Crawled (200) <GET https://www.my089.com/Loan/Detail.aspx?sid=15090921225433593513740015872613> (referer: None)
2015-09-14 15:02:38+0800 [honglingchuangtou] DEBUG: Scraped from <200 https://www.my089.com/Loan/Detail.aspx?sid=15090921225433593513740015872613>
	{'amount': u'10,000.00',
	 'area': '',
	 'description': u'\u501f \u6b3e \u8be6 \u60c5\uff1a\u8d44\u91d1\u5468\u8f6c3\u4e2a\u6708_******',
	 'income_rate': u'10.15%/\u5e74',
	 'link': 'https://www.my089.com/Loan/Detail.aspx?sid=15090921225433593513740015872613',
	 'min_amount': u'\uffe5100.00 ',
	 'name': u'\u8d44\u91d1\u5468\u8f6c3\u4e2a\u6708_1509141452',
	 'process': u'0%',
	 'protect_mode': '',
	 'repay_type': u'\u6309\u6708\u5230\u671f',
	 'reward': u'\u672a\u8bbe\u7f6e\u5956\u52b1\u3002',
	 'term': u'3\u4e2a\u6708',
	 'transfer_claim': ''}
2015-09-14 15:02:40+0800 [honglingchuangtou] DEBUG: Crawled (200) <GET https://www.my089.com/Loan/Detail.aspx?sid=15091414504828192406440012927525> (referer: None)
2015-09-14 15:02:40+0800 [honglingchuangtou] DEBUG: Scraped from <200 https://www.my089.com/Loan/Detail.aspx?sid=15091414504828192406440012927525>
	{'amount': u'10,000.00',
	 'area': '',
	 'description': u'\u501f\u6b3e\u8be6\u60c5\uff1a\u8d44\u91d1\u5468\u8f6c,\u3010\u4f18\u5148\u8fd8\u5929\u6807\uff0c\u5c0f\u6807\u6613\u6ee1\u3011\u3010\u4f18\u5148\u8fd8\u5929\u6807\uff0c\u5c0f\u6807\u6613\u6ee1\u3011\u3010\u4f18\u5148\u8fd8\u5929\u6807\uff0c\u5c0f\u6807\u6613\u6ee1\u3011',
	 'income_rate': u'7.3%/\u5e74',
	 'link': 'https://www.my089.com/Loan/Detail.aspx?sid=15091414504828192406440012927525',
	 'min_amount': u'\uffe550.00 ',
	 'name': u'\u3010\u4f18\u5148\u8fd8\u5929\u6807\uff0c\u5c0f\u6807\u6613\u6ee1\u3011',
	 'process': u'11%',
	 'protect_mode': '',
	 'repay_type': u'\u4e00\u6b21\u6027\u8fd8\u6b3e',
	 'reward': u'\u672a\u8bbe\u7f6e\u5956\u52b1\u3002',
	 'term': u'5\u5929',
	 'transfer_claim': ''}
2015-09-14 15:02:45+0800 [honglingchuangtou] DEBUG: Crawled (200) <GET https://www.my089.com/Loan/Detail.aspx?sid=15091414523267694319040011800247> (referer: None)
2015-09-14 15:02:45+0800 [honglingchuangtou] DEBUG: Scraped from <200 https://www.my089.com/Loan/Detail.aspx?sid=15091414523267694319040011800247>
	{'amount': u'20,000.00',
	 'area': '',
	 'description': u'\u501f \u6b3e \u8be6 \u60c5\uff1a\u8d44\u91d1\u5468\u8f6c5\u5929_******',
	 'income_rate': u'7.3%/\u5e74',
	 'link': 'https://www.my089.com/Loan/Detail.aspx?sid=15091414523267694319040011800247',
	 'min_amount': u'\uffe550.00 ',
	 'name': u'\u8d44\u91d1\u5468\u8f6c5\u5929_1509141452',
	 'process': u'1%',
	 'protect_mode': '',
	 'repay_type': u'\u4e00\u6b21\u6027\u8fd8\u6b3e',
	 'reward': u'\u672a\u8bbe\u7f6e\u5956\u52b1\u3002',
	 'term': u'5\u5929',
	 'transfer_claim': ''}
2015-09-14 15:02:45+0800 [honglingchuangtou] INFO: Crawled 34 pages (at 17 pages/min), scraped 34 items (at 17 items/min)
2015-09-14 15:02:48+0800 [honglingchuangtou] DEBUG: Crawled (200) <GET https://www.my089.com/Loan/Detail.aspx?sid=15091414560456193903750013687174> (referer: None)
2015-09-14 15:02:48+0800 [honglingchuangtou] DEBUG: Scraped from <200 https://www.my089.com/Loan/Detail.aspx?sid=15091414560456193903750013687174>
	{'amount': u'15,000.00',
	 'area': '',
	 'description': u'\u501f \u6b3e \u8be6 \u60c5\uff1a\u8d44\u91d1\u5468\u8f6c5\u5929_******',
	 'income_rate': u'7.3%/\u5e74',
	 'link': 'https://www.my089.com/Loan/Detail.aspx?sid=15091414560456193903750013687174',
	 'min_amount': u'\uffe550.00 ',
	 'name': u'\u8d44\u91d1\u5468\u8f6c5\u5929_1509141456',
	 'process': u'30%',
	 'protect_mode': '',
	 'repay_type': u'\u4e00\u6b21\u6027\u8fd8\u6b3e',
	 'reward': u'\u672a\u8bbe\u7f6e\u5956\u52b1\u3002',
	 'term': u'5\u5929',
	 'transfer_claim': ''}
2015-09-14 15:02:52+0800 [honglingchuangtou] DEBUG: Crawled (200) <GET https://www.my089.com/Loan/Detail.aspx?sid=15091414553046795769120015602594> (referer: None)
2015-09-14 15:02:52+0800 [honglingchuangtou] DEBUG: Scraped from <200 https://www.my089.com/Loan/Detail.aspx?sid=15091414553046795769120015602594>
	{'amount': u'10,000.00',
	 'area': '',
	 'description': u'\u501f \u6b3e \u8be6 \u60c5\uff1a\u8d44\u91d1\u5468\u8f6c5\u5929_******',
	 'income_rate': u'7.3%/\u5e74',
	 'link': 'https://www.my089.com/Loan/Detail.aspx?sid=15091414553046795769120015602594',
	 'min_amount': u'\uffe550.00 ',
	 'name': u'\u8d44\u91d1\u5468\u8f6c5\u5929_1509141455',
	 'process': u'0%',
	 'protect_mode': '',
	 'repay_type': u'\u4e00\u6b21\u6027\u8fd8\u6b3e',
	 'reward': u'\u672a\u8bbe\u7f6e\u5956\u52b1\u3002',
	 'term': u'5\u5929',
	 'transfer_claim': ''}
2015-09-14 15:02:56+0800 [honglingchuangtou] DEBUG: Crawled (200) <GET https://www.my089.com/Loan/Detail.aspx?sid=15091414560335992535640012808199> (referer: None)
2015-09-14 15:02:56+0800 [honglingchuangtou] DEBUG: Scraped from <200 https://www.my089.com/Loan/Detail.aspx?sid=15091414560335992535640012808199>
	{'amount': u'22,600.00',
	 'area': '',
	 'description': u'\u501f \u6b3e \u8be6 \u60c5\uff1a\u8d44\u91d1\u5468\u8f6c9\u5929_******',
	 'income_rate': u'7.3%/\u5e74',
	 'link': 'https://www.my089.com/Loan/Detail.aspx?sid=15091414560335992535640012808199',
	 'min_amount': u'\uffe550.00 ',
	 'name': u'\u8d44\u91d1\u5468\u8f6c9\u5929_1509141456',
	 'process': u'8%',
	 'protect_mode': '',
	 'repay_type': u'\u4e00\u6b21\u6027\u8fd8\u6b3e',
	 'reward': u'\u672a\u8bbe\u7f6e\u5956\u52b1\u3002',
	 'term': u'9\u5929',
	 'transfer_claim': ''}
2015-09-14 15:03:00+0800 [honglingchuangtou] DEBUG: Crawled (200) <GET https://www.my089.com/Loan/Detail.aspx?sid=15091414555287093489310014079017> (referer: None)
2015-09-14 15:03:00+0800 [honglingchuangtou] DEBUG: Scraped from <200 https://www.my089.com/Loan/Detail.aspx?sid=15091414555287093489310014079017>
	{'amount': u'50,000.00',
	 'area': '',
	 'description': u'\u501f \u6b3e \u8be6 \u60c5\uff1a1\u4e2a\u6708_******',
	 'income_rate': u'10.33%/\u5e74',
	 'link': 'https://www.my089.com/Loan/Detail.aspx?sid=15091414555287093489310014079017',
	 'min_amount': u'\uffe550.00 ',
	 'name': u'1\u4e2a\u6708_1509141455',
	 'process': u'44%',
	 'protect_mode': '',
	 'repay_type': u'\u6309\u6708\u5206\u671f',
	 'reward': u'\u672a\u8bbe\u7f6e\u5956\u52b1\u3002',
	 'term': u'1\u4e2a\u6708',
	 'transfer_claim': ''}
2015-09-14 15:03:04+0800 [honglingchuangtou] DEBUG: Crawled (200) <GET https://www.my089.com/Loan/Detail.aspx?sid=15091414532520995147240019970938> (referer: None)
2015-09-14 15:03:04+0800 [honglingchuangtou] DEBUG: Scraped from <200 https://www.my089.com/Loan/Detail.aspx?sid=15091414532520995147240019970938>
	{'amount': u'5,000.00',
	 'area': '',
	 'description': u'\u501f\u6b3e\u8be6\u60c5\uff1a\u7ad9\u5185\u5173\u8054\u7528\u6237\u540d\uff1a\u8fd8\u6b3e\u4fdd\u969c\uff1a \u51c0\u503c\u989d\u5ea6\u4fdd\u969c \u501f\u6b3e\u8be6\u60c5\uff1a\u7ad9\u5185\u5173\u8054\u7528\u6237\u540d\uff1a\u8fd8\u6b3e\u4fdd\u969c\uff1a \u51c0\u503c\u989d\u5ea6\u4fdd\u969c \u501f\u6b3e\u8be6\u60c5\uff1a\u7ad9\u5185\u5173\u8054\u7528\u6237\u540d\uff1a\u8fd8\u6b3e\u4fdd\u969c\uff1a \u51c0\u503c\u989d\u5ea6\u4fdd\u969c',
	 'income_rate': u'10%/\u5e74',
	 'link': 'https://www.my089.com/Loan/Detail.aspx?sid=15091414532520995147240019970938',
	 'min_amount': u'\uffe550.00 ',
	 'name': u'\u4e0d\u63d0\u73b0\u501f\u6b3e1\u4e2a\u6708.\u65e0\u98ce\u9669.\u767d\u5929\u8fd8',
	 'process': u'15%',
	 'protect_mode': '',
	 'repay_type': u'\u6309\u6708\u5230\u671f',
	 'reward': u'\u672a\u8bbe\u7f6e\u5956\u52b1\u3002',
	 'term': u'1\u4e2a\u6708',
	 'transfer_claim': ''}
2015-09-14 15:03:08+0800 [honglingchuangtou] DEBUG: Crawled (200) <GET https://www.my089.com/Loan/Detail.aspx?sid=15091414521144690959350014668838> (referer: None)
2015-09-14 15:03:08+0800 [honglingchuangtou] DEBUG: Scraped from <200 https://www.my089.com/Loan/Detail.aspx?sid=15091414521144690959350014668838>
	{'amount': u'10,000.00',
	 'area': '',
	 'description': u'\u501f \u6b3e \u8be6 \u60c5\uff1a\u8d44\u91d1\u5468\u8f6c1\u4e2a\u6708_******',
	 'income_rate': u'9.58%/\u5e74',
	 'link': 'https://www.my089.com/Loan/Detail.aspx?sid=15091414521144690959350014668838',
	 'min_amount': u'\uffe550.00 ',
	 'name': u'\u8d44\u91d1\u5468\u8f6c1\u4e2a\u6708_1509141452',
	 'process': u'0%',
	 'protect_mode': '',
	 'repay_type': u'\u6309\u6708\u5206\u671f',
	 'reward': u'\u672a\u8bbe\u7f6e\u5956\u52b1\u3002',
	 'term': u'1\u4e2a\u6708',
	 'transfer_claim': ''}
2015-09-14 15:03:11+0800 [honglingchuangtou] DEBUG: Crawled (200) <GET https://www.my089.com/Loan/Detail.aspx?sid=15091414525907893537470016781504> (referer: None)
2015-09-14 15:03:11+0800 [honglingchuangtou] DEBUG: Scraped from <200 https://www.my089.com/Loan/Detail.aspx?sid=15091414525907893537470016781504>
	{'amount': u'10,000.00',
	 'area': '',
	 'description': u'\u501f \u6b3e \u8be6 \u60c5\uff1a\u8d44\u91d1\u5468\u8f6c1\u4e2a\u6708_******',
	 'income_rate': u'10.01%/\u5e74',
	 'link': 'https://www.my089.com/Loan/Detail.aspx?sid=15091414525907893537470016781504',
	 'min_amount': u'\uffe550.00 ',
	 'name': u'\u8d44\u91d1\u5468\u8f6c1\u4e2a\u6708_1509141453',
	 'process': u'10%',
	 'protect_mode': '',
	 'repay_type': u'\u6309\u6708\u5206\u671f',
	 'reward': u'\u672a\u8bbe\u7f6e\u5956\u52b1\u3002',
	 'term': u'1\u4e2a\u6708',
	 'transfer_claim': ''}
2015-09-14 15:03:16+0800 [honglingchuangtou] DEBUG: Crawled (200) <GET https://www.my089.com/Loan/Detail.aspx?sid=15091414515157392577310019866212> (referer: None)
2015-09-14 15:03:16+0800 [honglingchuangtou] DEBUG: Scraped from <200 https://www.my089.com/Loan/Detail.aspx?sid=15091414515157392577310019866212>
	{'amount': u'3,380.00',
	 'area': '',
	 'description': u'\u501f \u6b3e \u8be6 \u60c5\uff1a\u8d44\u91d1\u5468\u8f6c7\u5929_******',
	 'income_rate': u'7.3%/\u5e74',
	 'link': 'https://www.my089.com/Loan/Detail.aspx?sid=15091414515157392577310019866212',
	 'min_amount': u'\uffe550.00 ',
	 'name': u'\u8d44\u91d1\u5468\u8f6c7\u5929_1509141452',
	 'process': u'0%',
	 'protect_mode': '',
	 'repay_type': u'\u4e00\u6b21\u6027\u8fd8\u6b3e',
	 'reward': u'\u672a\u8bbe\u7f6e\u5956\u52b1\u3002',
	 'term': u'7\u5929',
	 'transfer_claim': ''}
2015-09-14 15:03:20+0800 [honglingchuangtou] DEBUG: Crawled (200) <GET https://www.my089.com/Loan/Detail.aspx?sid=15091414552007392226690016270814> (referer: None)
2015-09-14 15:03:20+0800 [honglingchuangtou] DEBUG: Scraped from <200 https://www.my089.com/Loan/Detail.aspx?sid=15091414552007392226690016270814>
	{'amount': u'14,800.00',
	 'area': '',
	 'description': u'\u501f \u6b3e \u8be6 \u60c5\uff1a\u8d44\u91d1\u5468\u8f6c1\u4e2a\u6708_******',
	 'income_rate': u'10.08%/\u5e74',
	 'link': 'https://www.my089.com/Loan/Detail.aspx?sid=15091414552007392226690016270814',
	 'min_amount': u'\uffe550.00 ',
	 'name': u'\u8d44\u91d1\u5468\u8f6c1\u4e2a\u6708_1509141455',
	 'process': u'28%',
	 'protect_mode': '',
	 'repay_type': u'\u6309\u6708\u5206\u671f',
	 'reward': u'\u672a\u8bbe\u7f6e\u5956\u52b1\u3002',
	 'term': u'1\u4e2a\u6708',
	 'transfer_claim': ''}
2015-09-14 15:03:24+0800 [honglingchuangtou] DEBUG: Crawled (200) <GET https://www.my089.com/Loan/Detail.aspx?sid=15091414553327095041780014952329> (referer: None)
2015-09-14 15:03:24+0800 [honglingchuangtou] DEBUG: Scraped from <200 https://www.my089.com/Loan/Detail.aspx?sid=15091414553327095041780014952329>
	{'amount': u'5,000.00',
	 'area': '',
	 'description': u'\u501f \u6b3e \u8be6 \u60c5\uff1a\u8d44\u91d1\u5468\u8f6c1\u4e2a\u6708_******',
	 'income_rate': u'10.01%/\u5e74',
	 'link': 'https://www.my089.com/Loan/Detail.aspx?sid=15091414553327095041780014952329',
	 'min_amount': u'\uffe550.00 ',
	 'name': u'\u8d44\u91d1\u5468\u8f6c1\u4e2a\u6708_1509141455',
	 'process': u'18%',
	 'protect_mode': '',
	 'repay_type': u'\u6309\u6708\u5206\u671f',
	 'reward': u'\u672a\u8bbe\u7f6e\u5956\u52b1\u3002',
	 'term': u'1\u4e2a\u6708',
	 'transfer_claim': ''}
2015-09-14 15:03:29+0800 [honglingchuangtou] DEBUG: Crawled (200) <GET https://www.my089.com/Loan/Detail.aspx?sid=15091414574540794413330017560358> (referer: None)
2015-09-14 15:03:29+0800 [honglingchuangtou] DEBUG: Scraped from <200 https://www.my089.com/Loan/Detail.aspx?sid=15091414574540794413330017560358>
	{'amount': u'15,000.00',
	 'area': '',
	 'description': u'\u501f \u6b3e \u8be6 \u60c5\uff1a1\u4e2a\u6708_******',
	 'income_rate': u'10.4%/\u5e74',
	 'link': 'https://www.my089.com/Loan/Detail.aspx?sid=15091414574540794413330017560358',
	 'min_amount': u'\uffe550.00 ',
	 'name': u'1\u4e2a\u6708_1509141457',
	 'process': u'100%',
	 'protect_mode': '',
	 'repay_type': u'\u6309\u6708\u5206\u671f',
	 'reward': u'\u672a\u8bbe\u7f6e\u5956\u52b1\u3002',
	 'term': u'1\u4e2a\u6708',
	 'transfer_claim': ''}
2015-09-14 15:03:33+0800 [honglingchuangtou] DEBUG: Crawled (200) <GET https://www.my089.com/Loan/Detail.aspx?sid=15091414563643992008800017625755> (referer: None)
2015-09-14 15:03:33+0800 [honglingchuangtou] DEBUG: Scraped from <200 https://www.my089.com/Loan/Detail.aspx?sid=15091414563643992008800017625755>
	{'amount': u'10,000.00',
	 'area': '',
	 'description': u'\u501f\u6b3e\u8be6\u60c5\uff1a\u7ad9\u5185\u5173\u8054\u7528\u6237\u540d\uff1a\u8fd8\u6b3e\u4fdd\u969c\uff1a \u51c0\u503c\u989d\u5ea6\u4fdd\u969c \u501f\u6b3e\u8be6\u60c5\uff1a\u7ad9\u5185\u5173\u8054\u7528\u6237\u540d\uff1a\u8fd8\u6b3e\u4fdd\u969c\uff1a \u51c0\u503c\u989d\u5ea6\u4fdd\u969c \u501f\u6b3e\u8be6\u60c5\uff1a\u7ad9\u5185\u5173\u8054\u7528\u6237\u540d\uff1a\u8fd8\u6b3e\u4fdd\u969c\uff1a \u51c0\u503c\u989d\u5ea6\u4fdd\u969c',
	 'income_rate': u'7.3%/\u5e74',
	 'link': 'https://www.my089.com/Loan/Detail.aspx?sid=15091414563643992008800017625755',
	 'min_amount': u'\uffe550.00 ',
	 'name': u'\u767d\u5929\u8fd8\u6b3e\uff01\u52e4\u52e4\u6073\u6073\uff01\u62d2\u7edd\u71ac\u591c\uff01',
	 'process': u'4%',
	 'protect_mode': '',
	 'repay_type': u'\u4e00\u6b21\u6027\u8fd8\u6b3e',
	 'reward': u'\u672a\u8bbe\u7f6e\u5956\u52b1\u3002',
	 'term': u'15\u5929',
	 'transfer_claim': ''}
2015-09-14 15:03:37+0800 [honglingchuangtou] DEBUG: Crawled (200) <GET https://www.my089.com/Loan/Detail.aspx?sid=15091414502196692957470015687346> (referer: None)
2015-09-14 15:03:37+0800 [honglingchuangtou] DEBUG: Scraped from <200 https://www.my089.com/Loan/Detail.aspx?sid=15091414502196692957470015687346>
	{'amount': u'10,000.00',
	 'area': '',
	 'description': u'\u501f\u6b3e\u8be6\u60c5\uff1a\u7ad9\u5185\u5173\u8054\u7528\u6237\u540d\uff1a\u8fd8\u6b3e\u4fdd\u969c\uff1a \u51c0\u503c\u989d\u5ea6\u4fdd\u969c \u501f\u6b3e\u8be6\u60c5\uff1a\u7ad9\u5185\u5173\u8054\u7528\u6237\u540d\uff1a\u8fd8\u6b3e\u4fdd\u969c\uff1a \u51c0\u503c\u989d\u5ea6\u4fdd\u969c \u501f\u6b3e\u8be6\u60c5\uff1a\u7ad9\u5185\u5173\u8054\u7528\u6237\u540d\uff1a\u8fd8\u6b3e\u4fdd\u969c\uff1a \u51c0\u503c\u989d\u5ea6\u4fdd\u969c',
	 'income_rate': u'7.3%/\u5e74',
	 'link': 'https://www.my089.com/Loan/Detail.aspx?sid=15091414502196692957470015687346',
	 'min_amount': u'\uffe550.00 ',
	 'name': u'\u65e9\u4e0a9\u70b9\u5f00\u501f\uff0c\u6216\u5f53\u5929\u968f\u501f\u968f\u8fd8\uff0c\u4ece\u4e0d\u903e\u671f',
	 'process': u'1%',
	 'protect_mode': '',
	 'repay_type': u'\u4e00\u6b21\u6027\u8fd8\u6b3e',
	 'reward': u'\u672a\u8bbe\u7f6e\u5956\u52b1\u3002',
	 'term': u'5\u5929',
	 'transfer_claim': ''}
2015-09-14 15:03:41+0800 [honglingchuangtou] DEBUG: Crawled (200) <GET https://www.my089.com/Loan/Detail.aspx?sid=15091414560415694186850017662276> (referer: None)
2015-09-14 15:03:41+0800 [honglingchuangtou] DEBUG: Scraped from <200 https://www.my089.com/Loan/Detail.aspx?sid=15091414560415694186850017662276>
	{'amount': u'10,000.00',
	 'area': '',
	 'description': u'\u501f\u6b3e\u8be6\u60c5\uff1a\u8d44\u91d1\u5468\u8f6c,\u25a0\u25a0\u25a0\u25a0\u25a0\u4e0d\u71ac\u591c\uff0c\u65e9\u8fd8\u6b3e\u25a0\u25a0\u25a0\u25a0\u25a0\u25a0\u25a0\u25a0\u25a0\u25a0\u25a0\u4e0d\u71ac\u591c\uff0c\u65e9\u8fd8\u6b3e\u25a0\u25a0\u25a0\u25a0\u25a0\u25a0\u25a0\u25a0\u25a0\u25a0\u25a0\u4e0d\u71ac\u591c\uff0c\u65e9\u8fd8\u6b3e\u25a0\u25a0\u25a0\u25a0\u25a0\u25a0',
	 'income_rate': u'7.3%/\u5e74',
	 'link': 'https://www.my089.com/Loan/Detail.aspx?sid=15091414560415694186850017662276',
	 'min_amount': u'\uffe550.00 ',
	 'name': u'\u25a0\u25a0\u25a0\u25a0\u25a0\u4e0d\u71ac\u591c\uff0c\u65e9\u8fd8\u6b3e\u25a0\u25a0\u25a0\u25a0\u25a0\u25a0',
	 'process': u'12%',
	 'protect_mode': '',
	 'repay_type': u'\u4e00\u6b21\u6027\u8fd8\u6b3e',
	 'reward': u'\u672a\u8bbe\u7f6e\u5956\u52b1\u3002',
	 'term': u'5\u5929',
	 'transfer_claim': ''}
2015-09-14 15:03:45+0800 [honglingchuangtou] INFO: Crawled 48 pages (at 14 pages/min), scraped 48 items (at 14 items/min)
2015-09-14 15:03:45+0800 [honglingchuangtou] DEBUG: Crawled (200) <GET https://www.my089.com/Loan/Detail.aspx?sid=15091414553462391629680019714357> (referer: None)
2015-09-14 15:03:45+0800 [honglingchuangtou] DEBUG: Scraped from <200 https://www.my089.com/Loan/Detail.aspx?sid=15091414553462391629680019714357>
	{'amount': u'4,890.00',
	 'area': '',
	 'description': u'\u501f\u6b3e\u8be6\u60c5\uff1a\u7ad9\u5185\u5173\u8054\u7528\u6237\u540d\uff1a\u8fd8\u6b3e\u4fdd\u969c\uff1a \u51c0\u503c\u989d\u5ea6\u4fdd\u969c \u501f\u6b3e\u8be6\u60c5\uff1a\u7ad9\u5185\u5173\u8054\u7528\u6237\u540d\uff1a\u8fd8\u6b3e\u4fdd\u969c\uff1a \u51c0\u503c\u989d\u5ea6\u4fdd\u969c \u501f\u6b3e\u8be6\u60c5\uff1a\u7ad9\u5185\u5173\u8054\u7528\u6237\u540d\uff1a\u8fd8\u6b3e\u4fdd\u969c\uff1a \u51c0\u503c\u989d\u5ea6\u4fdd\u969c',
	 'income_rate': u'7.3%/\u5e74',
	 'link': 'https://www.my089.com/Loan/Detail.aspx?sid=15091414553462391629680019714357',
	 'min_amount': u'\uffe550.00 ',
	 'name': u'\u767d\u5929\u8fd8\u6b3e\uff0c\u53ea\u4f1a\u63d0\u524d\u8fd8\uff0c\u864e\u54e5\u7ea6\u6807\uff0c\u4fe1\u8a89\u4fdd\u8bc1\u3002',
	 'process': u'97%',
	 'protect_mode': '',
	 'repay_type': u'\u4e00\u6b21\u6027\u8fd8\u6b3e',
	 'reward': u'\u672a\u8bbe\u7f6e\u5956\u52b1\u3002',
	 'term': u'5\u5929',
	 'transfer_claim': ''}
2015-09-14 15:03:49+0800 [honglingchuangtou] DEBUG: Crawled (200) <GET https://www.my089.com/Loan/Detail.aspx?sid=15091414560802592486490010984765> (referer: None)
2015-09-14 15:03:49+0800 [honglingchuangtou] DEBUG: Scraped from <200 https://www.my089.com/Loan/Detail.aspx?sid=15091414560802592486490010984765>
	{'amount': u'35,000.00',
	 'area': '',
	 'description': u'\u501f \u6b3e \u8be6 \u60c5\uff1a\u8d44\u91d1\u5468\u8f6c19\u5929_******',
	 'income_rate': u'7.3%/\u5e74',
	 'link': 'https://www.my089.com/Loan/Detail.aspx?sid=15091414560802592486490010984765',
	 'min_amount': u'\uffe550.00 ',
	 'name': u'\u8d44\u91d1\u5468\u8f6c19\u5929_1509141456',
	 'process': u'0%',
	 'protect_mode': '',
	 'repay_type': u'\u4e00\u6b21\u6027\u8fd8\u6b3e',
	 'reward': u'\u672a\u8bbe\u7f6e\u5956\u52b1\u3002',
	 'term': u'19\u5929',
	 'transfer_claim': ''}
2015-09-14 15:03:53+0800 [honglingchuangtou] DEBUG: Crawled (200) <GET https://www.my089.com/Loan/Detail.aspx?sid=15091414550706992360330016545043> (referer: None)
2015-09-14 15:03:53+0800 [honglingchuangtou] DEBUG: Scraped from <200 https://www.my089.com/Loan/Detail.aspx?sid=15091414550706992360330016545043>
	{'amount': u'10,000.00',
	 'area': '',
	 'description': u'\u501f \u6b3e \u8be6 \u60c5\uff1a\u8d44\u91d1\u5468\u8f6c5\u5929_******',
	 'income_rate': u'7.3%/\u5e74',
	 'link': 'https://www.my089.com/Loan/Detail.aspx?sid=15091414550706992360330016545043',
	 'min_amount': u'\uffe550.00 ',
	 'name': u'\u8d44\u91d1\u5468\u8f6c5\u5929_1509141455',
	 'process': u'30%',
	 'protect_mode': '',
	 'repay_type': u'\u4e00\u6b21\u6027\u8fd8\u6b3e',
	 'reward': u'\u672a\u8bbe\u7f6e\u5956\u52b1\u3002',
	 'term': u'5\u5929',
	 'transfer_claim': ''}
2015-09-14 15:03:57+0800 [honglingchuangtou] DEBUG: Crawled (200) <GET https://www.my089.com/Loan/Detail.aspx?sid=15091414564306993349480011412076> (referer: None)
2015-09-14 15:03:57+0800 [honglingchuangtou] DEBUG: Scraped from <200 https://www.my089.com/Loan/Detail.aspx?sid=15091414564306993349480011412076>
	{'amount': u'5,000.00',
	 'area': '',
	 'description': u'\u501f\u6b3e\u8be6\u60c5\uff1a\u7ad9\u5185\u5173\u8054\u7528\u6237\u540d\uff1a\u8fd8\u6b3e\u4fdd\u969c\uff1a \u51c0\u503c\u989d\u5ea6\u4fdd\u969c \u501f\u6b3e\u8be6\u60c5\uff1a\u7ad9\u5185\u5173\u8054\u7528\u6237\u540d\uff1a\u8fd8\u6b3e\u4fdd\u969c\uff1a \u51c0\u503c\u989d\u5ea6\u4fdd\u969c \u501f\u6b3e\u8be6\u60c5\uff1a\u7ad9\u5185\u5173\u8054\u7528\u6237\u540d\uff1a\u8fd8\u6b3e\u4fdd\u969c\uff1a \u51c0\u503c\u989d\u5ea6\u4fdd\u969c',
	 'income_rate': u'3.65%/\u5e74',
	 'link': 'https://www.my089.com/Loan/Detail.aspx?sid=15091414564306993349480011412076',
	 'min_amount': u'\uffe550.00 ',
	 'name': u'\u65e9\u4e0a9\u70b9\u5f00\u501f\uff0c\u6216\u5f53\u5929\u968f\u501f\u968f\u8fd8\uff0c\u4ece\u4e0d\u903e\u671f',
	 'process': u'0%',
	 'protect_mode': '',
	 'repay_type': u'\u4e00\u6b21\u6027\u8fd8\u6b3e',
	 'reward': u'\u672a\u8bbe\u7f6e\u5956\u52b1\u3002',
	 'term': u'5\u5929',
	 'transfer_claim': ''}
2015-09-14 15:03:59+0800 [honglingchuangtou] DEBUG: Crawled (200) <GET https://www.my089.com/Loan/Detail.aspx?sid=15091414522010592063980016854901> (referer: None)
2015-09-14 15:03:59+0800 [honglingchuangtou] DEBUG: Scraped from <200 https://www.my089.com/Loan/Detail.aspx?sid=15091414522010592063980016854901>
	{'amount': u'5,000.00',
	 'area': '',
	 'description': u'\u501f \u6b3e \u8be6 \u60c5\uff1a \u8fd8 \u6b3e \u65b9 \u5f0f\uff1a \u8fd8 \u6b3e \u4fdd \u969c\uff1a\u5e10\u6237\u51c0\u989d\u5ea6\uff0c\u968f\u501f\u968f\u8fd8 ~ V5\u4fe1\u8a89 ~ \u4ece\u672a\u903e\u671f\uff01',
	 'income_rate': u'7.3%/\u5e74',
	 'link': 'https://www.my089.com/Loan/Detail.aspx?sid=15091414522010592063980016854901',
	 'min_amount': u'\uffe550.00 ',
	 'name': u'\u968f\u501f\u968f\u8fd8 ~ V5\u4fe1\u8a89 ~ \u4ece\u672a\u903e\u671f\uff01',
	 'process': u'100%',
	 'protect_mode': '',
	 'repay_type': u'\u4e00\u6b21\u6027\u8fd8\u6b3e',
	 'reward': u'\u672a\u8bbe\u7f6e\u5956\u52b1\u3002',
	 'term': u'5\u5929',
	 'transfer_claim': ''}
2015-09-14 15:04:03+0800 [honglingchuangtou] DEBUG: Crawled (200) <GET https://www.my089.com/Loan/Detail.aspx?sid=15091414574375991181990018429820> (referer: None)
2015-09-14 15:04:03+0800 [honglingchuangtou] DEBUG: Scraped from <200 https://www.my089.com/Loan/Detail.aspx?sid=15091414574375991181990018429820>
	{'amount': u'65,000.00',
	 'area': '',
	 'description': u'\u501f \u6b3e \u8be6 \u60c5\uff1a\u8d44\u91d1\u5468\u8f6c1\u4e2a\u6708_******',
	 'income_rate': u'10.33%/\u5e74',
	 'link': 'https://www.my089.com/Loan/Detail.aspx?sid=15091414574375991181990018429820',
	 'min_amount': u'\uffe550.00 ',
	 'name': u'\u8d44\u91d1\u5468\u8f6c1\u4e2a\u6708_1509141457',
	 'process': u'34%',
	 'protect_mode': '',
	 'repay_type': u'\u6309\u6708\u5206\u671f',
	 'reward': u'\u672a\u8bbe\u7f6e\u5956\u52b1\u3002',
	 'term': u'1\u4e2a\u6708',
	 'transfer_claim': ''}
2015-09-14 15:04:06+0800 [honglingchuangtou] DEBUG: Crawled (200) <GET https://www.my089.com/Loan/Detail.aspx?sid=15091414544421094166240014869341> (referer: None)
2015-09-14 15:04:06+0800 [honglingchuangtou] DEBUG: Scraped from <200 https://www.my089.com/Loan/Detail.aspx?sid=15091414544421094166240014869341>
	{'amount': u'10,000.00',
	 'area': '',
	 'description': u'\u501f \u6b3e \u8be6 \u60c5\uff1a\u8d44\u91d1\u5468\u8f6c1\u4e2a\u6708_******',
	 'income_rate': u'10.08%/\u5e74',
	 'link': 'https://www.my089.com/Loan/Detail.aspx?sid=15091414544421094166240014869341',
	 'min_amount': u'\uffe550.00 ',
	 'name': u'\u8d44\u91d1\u5468\u8f6c1\u4e2a\u6708_1509141454',
	 'process': u'10%',
	 'protect_mode': '',
	 'repay_type': u'\u6309\u6708\u5206\u671f',
	 'reward': u'\u672a\u8bbe\u7f6e\u5956\u52b1\u3002',
	 'term': u'1\u4e2a\u6708',
	 'transfer_claim': ''}
2015-09-14 15:04:11+0800 [honglingchuangtou] DEBUG: Crawled (200) <GET https://www.my089.com/Loan/Detail.aspx?sid=15091414511201591794890014675955> (referer: None)
2015-09-14 15:04:11+0800 [honglingchuangtou] DEBUG: Scraped from <200 https://www.my089.com/Loan/Detail.aspx?sid=15091414511201591794890014675955>
	{'amount': u'5,000.00',
	 'area': '',
	 'description': u'\u501f\u6b3e\u8be6\u60c5\uff1a\u8d44\u91d1\u5468\u8f6c,V5 \u771f\u8bda\u7ea6\u6807\uff01\u65e9\u4e0a9:30\u5206\u8fd8\u6b3e\uff01\u6700\u8fdf\u665a\u4e0a11\u70b9\u8fd8\u6e05\uff01V5 \u771f\u8bda\u7ea6\u6807\uff01\u65e9\u4e0a9:30\u5206\u8fd8\u6b3e\uff01\u6700\u8fdf\u665a\u4e0a11\u70b9\u8fd8\u6e05\uff01V5 \u771f\u8bda\u7ea6\u6807\uff01\u65e9\u4e0a9:30\u5206\u8fd8\u6b3e\uff01\u6700\u8fdf\u665a\u4e0a11\u70b9\u8fd8\u6e05\uff01',
	 'income_rate': u'7.3%/\u5e74',
	 'link': 'https://www.my089.com/Loan/Detail.aspx?sid=15091414511201591794890014675955',
	 'min_amount': u'\uffe550.00 ',
	 'name': u'V5 \u771f\u8bda\u7ea6\u6807\uff01\u65e9\u4e0a9:30\u5206\u8fd8\u6b3e\uff01\u6700\u8fdf\u665a\u4e0a11\u70b9\u8fd8\u6e05\uff01',
	 'process': u'70%',
	 'protect_mode': '',
	 'repay_type': u'\u4e00\u6b21\u6027\u8fd8\u6b3e',
	 'reward': u'\u672a\u8bbe\u7f6e\u5956\u52b1\u3002',
	 'term': u'5\u5929',
	 'transfer_claim': ''}
2015-09-14 15:04:13+0800 [honglingchuangtou] DEBUG: Crawled (200) <GET https://www.my089.com/Loan/Detail.aspx?sid=15082112201072893461480018572650> (referer: None)
2015-09-14 15:04:13+0800 [honglingchuangtou] DEBUG: Scraped from <200 https://www.my089.com/Loan/Detail.aspx?sid=15082112201072893461480018572650>
	{'amount': u'40,000.00',
	 'area': '',
	 'description': u'\u501f \u6b3e \u8be6 \u60c5\uff1a\u8d44\u91d1\u5468\u8f6c1\u4e2a\u6708_******\u8fd8 \u6b3e \u65b9 \u5f0f\uff1a\u6309\u6708\u5206\u671f\u8fd8 \u6b3e \u4fdd \u969c\uff1a\u5e10\u6237\u51c0\u989d\u5ea6',
	 'income_rate': u'5%/\u5e74',
	 'link': 'https://www.my089.com/Loan/Detail.aspx?sid=15082112201072893461480018572650',
	 'min_amount': u'\uffe550.00 ',
	 'name': u'\u5237\u520611111111',
	 'process': u'100%',
	 'protect_mode': '',
	 'repay_type': u'\u6309\u6708\u5206\u671f',
	 'reward': u'\u672a\u8bbe\u7f6e\u5956\u52b1\u3002',
	 'term': u'1\u4e2a\u6708',
	 'transfer_claim': ''}
2015-09-14 15:04:17+0800 [honglingchuangtou] DEBUG: Crawled (200) <GET https://www.my089.com/Loan/Detail.aspx?sid=15091414551473993896010013000229> (referer: None)
2015-09-14 15:04:17+0800 [honglingchuangtou] DEBUG: Scraped from <200 https://www.my089.com/Loan/Detail.aspx?sid=15091414551473993896010013000229>
	{'amount': u'5,000.00',
	 'area': '',
	 'description': u'\u501f\u6b3e\u8be6\u60c5\uff1a\u8d44\u91d1\u5468\u8f6c,\u65e9\u4e0a9:30\u6700\u8fdf\u4e0b\u53486:30\u8fd8!\u5982\u987b\u63d0\u73b0\u8bf7\u7ad9\u5185\u4fe1!\u65e9\u4e0a9:30\u6700\u8fdf\u4e0b\u53486:30\u8fd8!\u5982\u987b\u63d0\u73b0\u8bf7\u7ad9\u5185\u4fe1!\u65e9\u4e0a9:30\u6700\u8fdf\u4e0b\u53486:30\u8fd8!\u5982\u987b\u63d0\u73b0\u8bf7\u7ad9\u5185\u4fe1!',
	 'income_rate': u'3.65%/\u5e74',
	 'link': 'https://www.my089.com/Loan/Detail.aspx?sid=15091414551473993896010013000229',
	 'min_amount': u'\uffe550.00 ',
	 'name': u'\u65e9\u4e0a9:30\u6700\u8fdf\u4e0b\u53486:30\u8fd8!\u5982\u987b\u63d0\u73b0\u8bf7\u7ad9\u5185\u4fe1!',
	 'process': u'0%',
	 'protect_mode': '',
	 'repay_type': u'\u4e00\u6b21\u6027\u8fd8\u6b3e',
	 'reward': u'\u672a\u8bbe\u7f6e\u5956\u52b1\u3002',
	 'term': u'5\u5929',
	 'transfer_claim': ''}
2015-09-14 15:04:21+0800 [honglingchuangtou] DEBUG: Crawled (200) <GET https://www.my089.com/Loan/Detail.aspx?sid=15091414522795191694170015594739> (referer: None)
2015-09-14 15:04:21+0800 [honglingchuangtou] DEBUG: Scraped from <200 https://www.my089.com/Loan/Detail.aspx?sid=15091414522795191694170015594739>
	{'amount': u'50,000.00',
	 'area': '',
	 'description': u'\u501f \u6b3e \u8be6 \u60c5\uff1a\u8d44\u91d1\u5468\u8f6c7\u5929_******\u8fd8 \u6b3e \u65b9 \u5f0f\uff1a\u4e00\u6b21\u6027\u8fd8\u6b3e\u8fd8 \u6b3e \u4fdd \u969c\uff1a\u5e10\u6237\u51c0\u503c\u989d\u5ea6',
	 'income_rate': u'7.3%/\u5e74',
	 'link': 'https://www.my089.com/Loan/Detail.aspx?sid=15091414522795191694170015594739',
	 'min_amount': u'\uffe550.00 ',
	 'name': u'7\u5929,\u767d\u5929\u8fd8\u6b3e_1509141452',
	 'process': u'0%',
	 'protect_mode': '',
	 'repay_type': u'\u4e00\u6b21\u6027\u8fd8\u6b3e',
	 'reward': u'\u672a\u8bbe\u7f6e\u5956\u52b1\u3002',
	 'term': u'7\u5929',
	 'transfer_claim': ''}
2015-09-14 15:04:24+0800 [honglingchuangtou] DEBUG: Crawled (200) <GET https://www.my089.com/Loan/Detail.aspx?sid=15091414530636691824690012266794> (referer: None)
2015-09-14 15:04:24+0800 [honglingchuangtou] DEBUG: Scraped from <200 https://www.my089.com/Loan/Detail.aspx?sid=15091414530636691824690012266794>
	{'amount': u'10,000.00',
	 'area': '',
	 'description': u'\u501f \u6b3e \u8be6 \u60c5\uff1a\u8d44\u91d1\u5468\u8f6c1\u4e2a\u6708_******',
	 'income_rate': u'10.12%/\u5e74',
	 'link': 'https://www.my089.com/Loan/Detail.aspx?sid=15091414530636691824690012266794',
	 'min_amount': u'\uffe550.00 ',
	 'name': u'\u8d44\u91d1\u5468\u8f6c1\u4e2a\u6708_1509141453',
	 'process': u'10%',
	 'protect_mode': '',
	 'repay_type': u'\u6309\u6708\u5206\u671f',
	 'reward': u'\u672a\u8bbe\u7f6e\u5956\u52b1\u3002',
	 'term': u'1\u4e2a\u6708',
	 'transfer_claim': ''}
2015-09-14 15:04:28+0800 [honglingchuangtou] DEBUG: Crawled (200) <GET https://www.my089.com/Loan/Detail.aspx?sid=15091414514234993359340014003804> (referer: None)
2015-09-14 15:04:28+0800 [honglingchuangtou] DEBUG: Scraped from <200 https://www.my089.com/Loan/Detail.aspx?sid=15091414514234993359340014003804>
	{'amount': u'10,000.00',
	 'area': '',
	 'description': u'\u501f\u6b3e\u8be6\u60c5\uff1a\u8d44\u91d1\u5468\u8f6c,7\u70b9\u5f00\u501f\uff0c\u65e9\u501f\u968f\u8fd8\uff0c\u5c0f\u6807\u6613\u6ee1\uff017\u70b9\u5f00\u501f\uff0c\u65e9\u501f\u968f\u8fd8\uff0c\u5c0f\u6807\u6613\u6ee1\uff017\u70b9\u5f00\u501f\uff0c\u65e9\u501f\u968f\u8fd8\uff0c\u5c0f\u6807\u6613\u6ee1\uff01',
	 'income_rate': u'10.18%/\u5e74',
	 'link': 'https://www.my089.com/Loan/Detail.aspx?sid=15091414514234993359340014003804',
	 'min_amount': u'\uffe550.00 ',
	 'name': u'7\u70b9\u5f00\u501f\uff0c\u65e9\u501f\u968f\u8fd8\uff0c\u5c0f\u6807\u6613\u6ee1\uff01',
	 'process': u'10%',
	 'protect_mode': '',
	 'repay_type': u'\u6309\u6708\u5206\u671f',
	 'reward': u'\u672a\u8bbe\u7f6e\u5956\u52b1\u3002',
	 'term': u'1\u4e2a\u6708',
	 'transfer_claim': ''}
2015-09-14 15:04:33+0800 [honglingchuangtou] DEBUG: Crawled (200) <GET https://www.my089.com/Loan/Detail.aspx?sid=15091414461784296322980017554131> (referer: None)
2015-09-14 15:04:33+0800 [honglingchuangtou] DEBUG: Scraped from <200 https://www.my089.com/Loan/Detail.aspx?sid=15091414461784296322980017554131>
	{'amount': u'2,000.00',
	 'area': '',
	 'description': u'\u501f \u6b3e \u8be6 \u60c5\uff1a\u8d44\u91d1\u5468\u8f6c5\u5929_******',
	 'income_rate': u'3.65%/\u5e74',
	 'link': 'https://www.my089.com/Loan/Detail.aspx?sid=15091414461784296322980017554131',
	 'min_amount': u'\uffe550.00 ',
	 'name': u'\u8d44\u91d1\u5468\u8f6c5\u5929_1509141451',
	 'process': u'0%',
	 'protect_mode': '',
	 'repay_type': u'\u4e00\u6b21\u6027\u8fd8\u6b3e',
	 'reward': u'\u672a\u8bbe\u7f6e\u5956\u52b1\u3002',
	 'term': u'5\u5929',
	 'transfer_claim': ''}
2015-09-14 15:04:37+0800 [honglingchuangtou] DEBUG: Crawled (200) <GET https://www.my089.com/Loan/Detail.aspx?sid=15091414491631294507190018669854> (referer: None)
2015-09-14 15:04:37+0800 [honglingchuangtou] DEBUG: Scraped from <200 https://www.my089.com/Loan/Detail.aspx?sid=15091414491631294507190018669854>
	{'amount': u'40,000.00',
	 'area': '',
	 'description': u'************************************111',
	 'income_rate': u'5%/\u5e74',
	 'link': 'https://www.my089.com/Loan/Detail.aspx?sid=15091414491631294507190018669854',
	 'min_amount': u'\uffe550.00 ',
	 'name': u'\u5237\u5206\u7b2c\u4e00\u6807',
	 'process': u'100%',
	 'protect_mode': '',
	 'repay_type': u'\u6309\u6708\u5206\u671f',
	 'reward': u'\u672a\u8bbe\u7f6e\u5956\u52b1\u3002',
	 'term': u'1\u4e2a\u6708',
	 'transfer_claim': ''}
2015-09-14 15:04:41+0800 [honglingchuangtou] DEBUG: Crawled (200) <GET https://www.my089.com/Loan/Detail.aspx?sid=15091414552143392899670014321454> (referer: None)
2015-09-14 15:04:41+0800 [honglingchuangtou] DEBUG: Scraped from <200 https://www.my089.com/Loan/Detail.aspx?sid=15091414552143392899670014321454>
	{'amount': u'20,000.00',
	 'area': '',
	 'description': u'\u501f\u6b3e\u8be6\u60c5\uff1a\u8d44\u91d1\u5468\u8f6c,\u96f6\u70b9\u8d77\u501f~\u52e4\u52e4\u6073\u6073~\u8fb9\u501f\u8fb9\u8fd8\u96f6\u70b9\u8d77\u501f~\u52e4\u52e4\u6073\u6073~\u8fb9\u501f\u8fb9\u8fd8\u96f6\u70b9\u8d77\u501f~\u52e4\u52e4\u6073\u6073~\u8fb9\u501f\u8fb9\u8fd8',
	 'income_rate': u'7.3%/\u5e74',
	 'link': 'https://www.my089.com/Loan/Detail.aspx?sid=15091414552143392899670014321454',
	 'min_amount': u'\uffe550.00 ',
	 'name': u'\u96f6\u70b9\u8d77\u501f~\u52e4\u52e4\u6073\u6073~\u8fb9\u501f\u8fb9\u8fd8',
	 'process': u'0%',
	 'protect_mode': '',
	 'repay_type': u'\u4e00\u6b21\u6027\u8fd8\u6b3e',
	 'reward': u'\u672a\u8bbe\u7f6e\u5956\u52b1\u3002',
	 'term': u'5\u5929',
	 'transfer_claim': ''}
2015-09-14 15:04:44+0800 [honglingchuangtou] DEBUG: Crawled (200) <GET https://www.my089.com/Loan/Detail.aspx?sid=15091414573508890525780012165509> (referer: None)
<HonglingchuangtouSpider 'honglingchuangtou' at 0x7f8f313de550>
<HonglingchuangtouSpider 'honglingchuangtou' at 0x7f8f313de550>
<HonglingchuangtouSpider 'honglingchuangtou' at 0x7f8f313de550>
<HonglingchuangtouSpider 'honglingchuangtou' at 0x7f8f313de550>
<HonglingchuangtouSpider 'honglingchuangtou' at 0x7f8f313de550>
<HonglingchuangtouSpider 'honglingchuangtou' at 0x7f8f313de550>
<HonglingchuangtouSpider 'honglingchuangtou' at 0x7f8f313de550>
<HonglingchuangtouSpider 'honglingchuangtou' at 0x7f8f313de550>
<HonglingchuangtouSpider 'honglingchuangtou' at 0x7f8f313de550>
<HonglingchuangtouSpider 'honglingchuangtou' at 0x7f8f313de550>
<HonglingchuangtouSpider 'honglingchuangtou' at 0x7f8f313de550>
<HonglingchuangtouSpider 'honglingchuangtou' at 0x7f8f313de550>
<HonglingchuangtouSpider 'honglingchuangtou' at 0x7f8f313de550>
<HonglingchuangtouSpider 'honglingchuangtou' at 0x7f8f313de550>
<HonglingchuangtouSpider 'honglingchuangtou' at 0x7f8f313de550>
<HonglingchuangtouSpider 'honglingchuangtou' at 0x7f8f313de550>
<HonglingchuangtouSpider 'honglingchuangtou' at 0x7f8f313de550>
<HonglingchuangtouSpider 'honglingchuangtou' at 0x7f8f313de550>
<HonglingchuangtouSpider 'honglingchuangtou' at 0x7f8f313de550>
<HonglingchuangtouSpider 'honglingchuangtou' at 0x7f8f313de550>
<HonglingchuangtouSpider 'honglingchuangtou' at 0x7f8f313de550>
<HonglingchuangtouSpider 'honglingchuangtou' at 0x7f8f313de550>
<HonglingchuangtouSpider 'honglingchuangtou' at 0x7f8f313de550>
<HonglingchuangtouSpider 'honglingchuangtou' at 0x7f8f313de550>
<HonglingchuangtouSpider 'honglingchuangtou' at 0x7f8f313de550>
<HonglingchuangtouSpider 'honglingchuangtou' at 0x7f8f313de550>
<HonglingchuangtouSpider 'honglingchuangtou' at 0x7f8f313de550>
<HonglingchuangtouSpider 'honglingchuangtou' at 0x7f8f313de550>
<HonglingchuangtouSpider 'honglingchuangtou' at 0x7f8f313de550>
<HonglingchuangtouSpider 'honglingchuangtou' at 0x7f8f313de550>
<HonglingchuangtouSpider 'honglingchuangtou' at 0x7f8f313de550>
<HonglingchuangtouSpider 'honglingchuangtou' at 0x7f8f313de550>
<HonglingchuangtouSpider 'honglingchuangtou' at 0x7f8f313de550>
<HonglingchuangtouSpider 'honglingchuangtou' at 0x7f8f313de550>
<HonglingchuangtouSpider 'honglingchuangtou' at 0x7f8f313de550>
<HonglingchuangtouSpider 'honglingchuangtou' at 0x7f8f313de550>
<HonglingchuangtouSpider 'honglingchuangtou' at 0x7f8f313de550>
<HonglingchuangtouSpider 'honglingchuangtou' at 0x7f8f313de550>
<HonglingchuangtouSpider 'honglingchuangtou' at 0x7f8f313de550>
<HonglingchuangtouSpider 'honglingchuangtou' at 0x7f8f313de550>
<HonglingchuangtouSpider 'honglingchuangtou' at 0x7f8f313de550>
<HonglingchuangtouSpider 'honglingchuangtou' at 0x7f8f313de550>
<HonglingchuangtouSpider 'honglingchuangtou' at 0x7f8f313de550>
<HonglingchuangtouSpider 'honglingchuangtou' at 0x7f8f313de550>
<HonglingchuangtouSpider 'honglingchuangtou' at 0x7f8f313de550>
<HonglingchuangtouSpider 'honglingchuangtou' at 0x7f8f313de550>
<HonglingchuangtouSpider 'honglingchuangtou' at 0x7f8f313de550>
<HonglingchuangtouSpider 'honglingchuangtou' at 0x7f8f313de550>
<HonglingchuangtouSpider 'honglingchuangtou' at 0x7f8f313de550>
<HonglingchuangtouSpider 'honglingchuangtou' at 0x7f8f313de550>
<HonglingchuangtouSpider 'honglingchuangtou' at 0x7f8f313de550>
<HonglingchuangtouSpider 'honglingchuangtou' at 0x7f8f313de550>
<HonglingchuangtouSpider 'honglingchuangtou' at 0x7f8f313de550>
<HonglingchuangtouSpider 'honglingchuangtou' at 0x7f8f313de550>
<HonglingchuangtouSpider 'honglingchuangtou' at 0x7f8f313de550>
<HonglingchuangtouSpider 'honglingchuangtou' at 0x7f8f313de550>
<HonglingchuangtouSpider 'honglingchuangtou' at 0x7f8f313de550>
<HonglingchuangtouSpider 'honglingchuangtou' at 0x7f8f313de550>
<HonglingchuangtouSpider 'honglingchuangtou' at 0x7f8f313de550>
<HonglingchuangtouSpider 'honglingchuangtou' at 0x7f8f313de550>
<HonglingchuangtouSpider 'honglingchuangtou' at 0x7f8f313de550>
<HonglingchuangtouSpider 'honglingchuangtou' at 0x7f8f313de550>
<HonglingchuangtouSpider 'honglingchuangtou' at 0x7f8f313de550>
<HonglingchuangtouSpider 'honglingchuangtou' at 0x7f8f313de550>
2015-09-14 15:04:44+0800 [honglingchuangtou] DEBUG: Scraped from <200 https://www.my089.com/Loan/Detail.aspx?sid=15091414573508890525780012165509>
	{'amount': u'30,000.00',
	 'area': '',
	 'description': u'\u3002\u3002\u3002\u3002\u3002\u3002\u3002\u3002\u3002\u3002\u3002\u3002\u3002\u3002\u3002\u3002\u3002\u3002\u3002\u3002\u3002\u3002\u3002\u3002\u3002\u3002\u3002\u3002\u3002\u3002\u3002\u3002\u3002\u3002\u3002\u3002\u3002\u3002\u3002\u3002\u3002\u3002\u3002\u3002\u3002\u3002\u3002\u3002\u3002\u3002\u3002\u3002\u3002\u3002\u3002\u3002\u3002\u3002\u3002\u3002\u3002\u3002',
	 'income_rate': u'7.3%/\u5e74',
	 'link': 'https://www.my089.com/Loan/Detail.aspx?sid=15091414573508890525780012165509',
	 'min_amount': u'\uffe550.00 ',
	 'name': u'\u767d\u5929\u8fd8\u6b3e\uff0c\u5c3d\u65e9\u8fd8',
	 'process': u'0%',
	 'protect_mode': '',
	 'repay_type': u'\u4e00\u6b21\u6027\u8fd8\u6b3e',
	 'reward': u'\u672a\u8bbe\u7f6e\u5956\u52b1\u3002',
	 'term': u'5\u5929',
	 'transfer_claim': ''}
2015-09-14 15:04:45+0800 [honglingchuangtou] INFO: Crawled 65 pages (at 17 pages/min), scraped 65 items (at 17 items/min)
2015-09-14 15:04:48+0800 [honglingchuangtou] DEBUG: Crawled (200) <GET https://www.my089.com/Loan/Detail.aspx?sid=15091414580056592597570017887477> (referer: None)
2015-09-14 15:04:48+0800 [honglingchuangtou] DEBUG: Scraped from <200 https://www.my089.com/Loan/Detail.aspx?sid=15091414580056592597570017887477>
	{'amount': u'5,000.00',
	 'area': '',
	 'description': u'\u501f \u6b3e \u8be6 \u60c5\uff1a\u8d44\u91d1\u5468\u8f6c1\u4e2a\u6708_******',
	 'income_rate': u'10.01%/\u5e74',
	 'link': 'https://www.my089.com/Loan/Detail.aspx?sid=15091414580056592597570017887477',
	 'min_amount': u'\uffe550.00 ',
	 'name': u'\u8d44\u91d1\u5468\u8f6c1\u4e2a\u6708_1509141458',
	 'process': u'24%',
	 'protect_mode': '',
	 'repay_type': u'\u6309\u6708\u5206\u671f',
	 'reward': u'\u672a\u8bbe\u7f6e\u5956\u52b1\u3002',
	 'term': u'1\u4e2a\u6708',
	 'transfer_claim': ''}
2015-09-14 15:04:51+0800 [honglingchuangtou] DEBUG: Crawled (200) <GET https://www.my089.com/Loan/Detail.aspx?sid=15091414550202592449640017930786> (referer: None)
2015-09-14 15:04:51+0800 [honglingchuangtou] DEBUG: Scraped from <200 https://www.my089.com/Loan/Detail.aspx?sid=15091414550202592449640017930786>
	{'amount': u'10,000.00',
	 'area': '',
	 'description': u'\u501f \u6b3e \u8be6 \u60c5\uff1a\u8d44\u91d1\u5468\u8f6c1\u4e2a\u6708_******',
	 'income_rate': u'10.05%/\u5e74',
	 'link': 'https://www.my089.com/Loan/Detail.aspx?sid=15091414550202592449640017930786',
	 'min_amount': u'\uffe550.00 ',
	 'name': u'\u8d44\u91d1\u5468\u8f6c1\u4e2a\u6708_1509141455',
	 'process': u'11%',
	 'protect_mode': '',
	 'repay_type': u'\u6309\u6708\u5206\u671f',
	 'reward': u'\u672a\u8bbe\u7f6e\u5956\u52b1\u3002',
	 'term': u'1\u4e2a\u6708',
	 'transfer_claim': ''}
2015-09-14 15:04:55+0800 [honglingchuangtou] DEBUG: Crawled (200) <GET https://www.my089.com/Loan/Detail.aspx?sid=15091414531424694475390011772354> (referer: None)
2015-09-14 15:04:55+0800 [honglingchuangtou] DEBUG: Scraped from <200 https://www.my089.com/Loan/Detail.aspx?sid=15091414531424694475390011772354>
	{'amount': u'5,000.00',
	 'area': '',
	 'description': u'\u501f \u6b3e \u8be6 \u60c5\uff1a\u8d44\u91d1\u5468\u8f6c1\u4e2a\u6708_******',
	 'income_rate': u'10.01%/\u5e74',
	 'link': 'https://www.my089.com/Loan/Detail.aspx?sid=15091414531424694475390011772354',
	 'min_amount': u'\uffe550.00 ',
	 'name': u'\u8d44\u91d1\u5468\u8f6c1\u4e2a\u6708_1509141453',
	 'process': u'10%',
	 'protect_mode': '',
	 'repay_type': u'\u6309\u6708\u5206\u671f',
	 'reward': u'\u672a\u8bbe\u7f6e\u5956\u52b1\u3002',
	 'term': u'1\u4e2a\u6708',
	 'transfer_claim': ''}
2015-09-14 15:04:59+0800 [honglingchuangtou] DEBUG: Crawled (200) <GET https://www.my089.com/Loan/Detail.aspx?sid=15091414505981092081810017996627> (referer: None)
2015-09-14 15:04:59+0800 [honglingchuangtou] DEBUG: Scraped from <200 https://www.my089.com/Loan/Detail.aspx?sid=15091414505981092081810017996627>
	{'amount': u'10,000.00',
	 'area': '',
	 'description': u'\u501f \u6b3e \u8be6 \u60c5\uff1a\u8d44\u91d1\u5468\u8f6c5\u5929_******',
	 'income_rate': u'7.3%/\u5e74',
	 'link': 'https://www.my089.com/Loan/Detail.aspx?sid=15091414505981092081810017996627',
	 'min_amount': u'\uffe550.00 ',
	 'name': u'\u8d44\u91d1\u5468\u8f6c5\u5929_1509141451',
	 'process': u'33%',
	 'protect_mode': '',
	 'repay_type': u'\u4e00\u6b21\u6027\u8fd8\u6b3e',
	 'reward': u'\u672a\u8bbe\u7f6e\u5956\u52b1\u3002',
	 'term': u'5\u5929',
	 'transfer_claim': ''}
2015-09-14 15:05:03+0800 [honglingchuangtou] DEBUG: Crawled (200) <GET https://www.my089.com/Loan/Detail.aspx?sid=15091414582909091722370010064294> (referer: None)
2015-09-14 15:05:03+0800 [honglingchuangtou] DEBUG: Scraped from <200 https://www.my089.com/Loan/Detail.aspx?sid=15091414582909091722370010064294>
	{'amount': u'3,820.00',
	 'area': '',
	 'description': u'\u501f \u6b3e \u8be6 \u60c5\uff1a\u8d44\u91d1\u5468\u8f6c1\u4e2a\u6708_******',
	 'income_rate': u'10.41%/\u5e74',
	 'link': 'https://www.my089.com/Loan/Detail.aspx?sid=15091414582909091722370010064294',
	 'min_amount': u'\uffe550.00 ',
	 'name': u'\u8d44\u91d1\u5468\u8f6c1\u4e2a\u6708_1509141459',
	 'process': u'100%',
	 'protect_mode': '',
	 'repay_type': u'\u6309\u6708\u5206\u671f',
	 'reward': u'\u672a\u8bbe\u7f6e\u5956\u52b1\u3002',
	 'term': u'1\u4e2a\u6708',
	 'transfer_claim': ''}
2015-09-14 15:05:06+0800 [honglingchuangtou] DEBUG: Crawled (200) <GET https://www.my089.com/Loan/Detail.aspx?sid=15091414572908594520480018463279> (referer: None)
2015-09-14 15:05:06+0800 [honglingchuangtou] DEBUG: Scraped from <200 https://www.my089.com/Loan/Detail.aspx?sid=15091414572908594520480018463279>
	{'amount': u'5,800.00',
	 'area': '',
	 'description': u'\u501f \u6b3e \u8be6 \u60c5\uff1a1\u4e2a\u6708_******',
	 'income_rate': u'10.4%/\u5e74',
	 'link': 'https://www.my089.com/Loan/Detail.aspx?sid=15091414572908594520480018463279',
	 'min_amount': u'\uffe550.00 ',
	 'name': u'1\u4e2a\u6708_1509141457',
	 'process': u'100%',
	 'protect_mode': '',
	 'repay_type': u'\u6309\u6708\u5206\u671f',
	 'reward': u'\u672a\u8bbe\u7f6e\u5956\u52b1\u3002',
	 'term': u'1\u4e2a\u6708',
	 'transfer_claim': ''}
2015-09-14 15:05:10+0800 [honglingchuangtou] DEBUG: Crawled (200) <GET https://www.my089.com/Loan/Detail.aspx?sid=15091414505304591667640017669927> (referer: None)
2015-09-14 15:05:10+0800 [honglingchuangtou] DEBUG: Scraped from <200 https://www.my089.com/Loan/Detail.aspx?sid=15091414505304591667640017669927>
	{'amount': u'5,000.00',
	 'area': '',
	 'description': u'\u501f \u6b3e \u8be6 \u60c5\uff1a\u8d44\u91d1\u5468\u8f6c5\u5929_******',
	 'income_rate': u'7.3%/\u5e74',
	 'link': 'https://www.my089.com/Loan/Detail.aspx?sid=15091414505304591667640017669927',
	 'min_amount': u'\uffe550.00 ',
	 'name': u'\u8d44\u91d1\u5468\u8f6c5\u5929_1509141450',
	 'process': u'6%',
	 'protect_mode': '',
	 'repay_type': u'\u4e00\u6b21\u6027\u8fd8\u6b3e',
	 'reward': u'\u672a\u8bbe\u7f6e\u5956\u52b1\u3002',
	 'term': u'5\u5929',
	 'transfer_claim': ''}
2015-09-14 15:05:12+0800 [honglingchuangtou] DEBUG: Crawled (200) <GET https://www.my089.com/Loan/Detail.aspx?sid=15091414490972693064390019020673> (referer: None)
2015-09-14 15:05:12+0800 [honglingchuangtou] DEBUG: Scraped from <200 https://www.my089.com/Loan/Detail.aspx?sid=15091414490972693064390019020673>
	{'amount': u'50,000.00',
	 'area': '',
	 'description': u'\u501f\u6b3e\u8be6\u60c5\uff1a\u7ad9\u5185\u5173\u8054\u7528\u6237\u540d\uff1a\u8fd8\u6b3e\u4fdd\u969c\uff1a1\u4e2a\u6708\u8bda\u610f\u501f\u6b3e\uff0c\u63d0\u73b0\u524d\u65e9\u8fd8\u6b3e\u30021\u4e2a\u6708\u8bda\u610f\u501f\u6b3e\uff0c\u63d0\u73b0\u524d\u65e9\u8fd8\u6b3e\u30021\u4e2a\u6708\u8bda\u610f\u501f\u6b3e\uff0c\u63d0\u73b0\u524d\u65e9\u8fd8\u6b3e\u3002',
	 'income_rate': u'10.09%/\u5e74',
	 'link': 'https://www.my089.com/Loan/Detail.aspx?sid=15091414490972693064390019020673',
	 'min_amount': u'\uffe550.00 ',
	 'name': u'1\u4e2a\u6708\u8bda\u610f\u501f\u6b3e\uff0c\u63d0\u73b0\u524d\u65e9\u8fd8\u6b3e\u3002',
	 'process': u'10%',
	 'protect_mode': '',
	 'repay_type': u'\u6309\u6708\u5206\u671f',
	 'reward': u'\u672a\u8bbe\u7f6e\u5956\u52b1\u3002',
	 'term': u'1\u4e2a\u6708',
	 'transfer_claim': ''}
2015-09-14 15:05:15+0800 [honglingchuangtou] DEBUG: Crawled (200) <GET https://www.my089.com/Loan/Detail.aspx?sid=15091414521004893505340018029665> (referer: None)
2015-09-14 15:05:15+0800 [honglingchuangtou] DEBUG: Scraped from <200 https://www.my089.com/Loan/Detail.aspx?sid=15091414521004893505340018029665>
	{'amount': u'20,000.00',
	 'area': '',
	 'description': u'\u501f\u6b3e\u8be6\u60c5\uff1a\u7ad9\u5185\u5173\u8054\u7528\u6237\u540d\uff1a\u8fd8\u6b3e\u4fdd\u969c\uff1a \u51c0\u503c\u989d\u5ea6\u4fdd\u969c \u501f\u6b3e\u8be6\u60c5\uff1a\u7ad9\u5185\u5173\u8054\u7528\u6237\u540d\uff1a\u8fd8\u6b3e\u4fdd\u969c\uff1a \u51c0\u503c\u989d\u5ea6\u4fdd\u969c \u501f\u6b3e\u8be6\u60c5\uff1a\u7ad9\u5185\u5173\u8054\u7528\u6237\u540d\uff1a\u8fd8\u6b3e\u4fdd\u969c\uff1a \u51c0\u503c\u989d\u5ea6\u4fdd\u969c',
	 'income_rate': u'7.3%/\u5e74',
	 'link': 'https://www.my089.com/Loan/Detail.aspx?sid=15091414521004893505340018029665',
	 'min_amount': u'\uffe550.00 ',
	 'name': u'\u65e9\u8fd8\u6b3e\uff01\u4e0d\u71ac\u591c\uff01\u8bda\u5b9e\u5b88\u4fe1\uff01',
	 'process': u'100%',
	 'protect_mode': '',
	 'repay_type': u'\u4e00\u6b21\u6027\u8fd8\u6b3e',
	 'reward': u'\u672a\u8bbe\u7f6e\u5956\u52b1\u3002',
	 'term': u'5\u5929',
	 'transfer_claim': ''}
2015-09-14 15:05:19+0800 [honglingchuangtou] DEBUG: Crawled (200) <GET https://www.my089.com/Loan/Detail.aspx?sid=15091414562484191489850011435037> (referer: None)
2015-09-14 15:05:19+0800 [honglingchuangtou] DEBUG: Scraped from <200 https://www.my089.com/Loan/Detail.aspx?sid=15091414562484191489850011435037>
	{'amount': u'20,000.00',
	 'area': '',
	 'description': u'\u501f\u6b3e\u8be6\u60c5\uff1a\u7ad9\u5185\u5173\u8054\u7528\u6237\u540d\uff1a\u8fd8\u6b3e\u4fdd\u969c\uff1a \u51c0\u503c\u989d\u5ea6\u4fdd\u969c \u501f\u6b3e\u8be6\u60c5\uff1a\u7ad9\u5185\u5173\u8054\u7528\u6237\u540d\uff1a\u8fd8\u6b3e\u4fdd\u969c\uff1a \u51c0\u503c\u989d\u5ea6\u4fdd\u969c \u501f\u6b3e\u8be6\u60c5\uff1a\u7ad9\u5185\u5173\u8054\u7528\u6237\u540d\uff1a\u8fd8\u6b3e\u4fdd\u969c\uff1a \u51c0\u503c\u989d\u5ea6\u4fdd\u969c',
	 'income_rate': u'9.28%/\u5e74',
	 'link': 'https://www.my089.com/Loan/Detail.aspx?sid=15091414562484191489850011435037',
	 'min_amount': u'\uffe550.00 ',
	 'name': u'V5\u771f\u8bda\u7ea6\u6807\uff01\u5c3d\u65e9\u8fd8\u6b3e\uff01',
	 'process': u'15%',
	 'protect_mode': '',
	 'repay_type': u'\u6309\u6708\u5230\u671f',
	 'reward': u'\u672a\u8bbe\u7f6e\u5956\u52b1\u3002',
	 'term': u'1\u4e2a\u6708',
	 'transfer_claim': ''}
2015-09-14 15:05:22+0800 [honglingchuangtou] DEBUG: Crawled (200) <GET https://www.my089.com/Loan/Detail.aspx?sid=15091414553319692491170019436272> (referer: None)
2015-09-14 15:05:22+0800 [honglingchuangtou] DEBUG: Scraped from <200 https://www.my089.com/Loan/Detail.aspx?sid=15091414553319692491170019436272>
	{'amount': u'5,000.00',
	 'area': '',
	 'description': u'\u501f \u6b3e \u8be6 \u60c5\uff1a\u8d44\u91d1\u5468\u8f6c1\u4e2a\u6708_******',
	 'income_rate': u'10.01%/\u5e74',
	 'link': 'https://www.my089.com/Loan/Detail.aspx?sid=15091414553319692491170019436272',
	 'min_amount': u'\uffe550.00 ',
	 'name': u'\u8d44\u91d1\u5468\u8f6c1\u4e2a\u6708_1509141455',
	 'process': u'42%',
	 'protect_mode': '',
	 'repay_type': u'\u6309\u6708\u5206\u671f',
	 'reward': u'\u672a\u8bbe\u7f6e\u5956\u52b1\u3002',
	 'term': u'1\u4e2a\u6708',
	 'transfer_claim': ''}
2015-09-14 15:05:25+0800 [honglingchuangtou] DEBUG: Crawled (200) <GET https://www.my089.com/Loan/Detail.aspx?sid=15091414502047691466350015557241> (referer: None)
2015-09-14 15:05:26+0800 [honglingchuangtou] DEBUG: Scraped from <200 https://www.my089.com/Loan/Detail.aspx?sid=15091414502047691466350015557241>
	{'amount': u'30,000.00',
	 'area': '',
	 'description': u'\u501f \u6b3e \u8be6 \u60c5\uff1a\u8d44\u91d1\u5468\u8f6c1\u4e2a\u6708_******',
	 'income_rate': u'10.35%/\u5e74',
	 'link': 'https://www.my089.com/Loan/Detail.aspx?sid=15091414502047691466350015557241',
	 'min_amount': u'\uffe550.00 ',
	 'name': u'\u8d44\u91d1\u5468\u8f6c1\u4e2a\u6708_1509141450',
	 'process': u'96%',
	 'protect_mode': '',
	 'repay_type': u'\u6309\u6708\u5206\u671f',
	 'reward': u'\u672a\u8bbe\u7f6e\u5956\u52b1\u3002',
	 'term': u'1\u4e2a\u6708',
	 'transfer_claim': ''}
2015-09-14 15:05:29+0800 [honglingchuangtou] DEBUG: Crawled (200) <GET https://www.my089.com/Loan/Detail.aspx?sid=15091414552896293902630017511557> (referer: None)
2015-09-14 15:05:29+0800 [honglingchuangtou] DEBUG: Scraped from <200 https://www.my089.com/Loan/Detail.aspx?sid=15091414552896293902630017511557>
	{'amount': u'2,900.00',
	 'area': '',
	 'description': u'\u501f\u6b3e\u8be6\u60c5\uff1a\u8d44\u91d1\u5468\u8f6c,\u65e9\u4e0a8\u70b930\u5206\u8fd8\u6b3e!\u653e\u5fc3\u6295\u8d44!\u6700\u8fdf\u767d\u5929\u8fd8!\u65e9\u4e0a8\u70b930\u5206\u8fd8\u6b3e!\u653e\u5fc3\u6295\u8d44!\u6700\u8fdf\u767d\u5929\u8fd8!\u65e9\u4e0a8\u70b930\u5206\u8fd8\u6b3e!\u653e\u5fc3\u6295\u8d44!\u6700\u8fdf\u767d\u5929\u8fd8!',
	 'income_rate': u'7.3%/\u5e74',
	 'link': 'https://www.my089.com/Loan/Detail.aspx?sid=15091414552896293902630017511557',
	 'min_amount': u'\uffe550.00 ',
	 'name': u'\u65e9\u4e0a8\u70b930\u5206\u8fd8\u6b3e!\u653e\u5fc3\u6295\u8d44!\u6700\u8fdf\u767d\u5929\u8fd8!',
	 'process': u'100%',
	 'protect_mode': '',
	 'repay_type': u'\u4e00\u6b21\u6027\u8fd8\u6b3e',
	 'reward': u'\u672a\u8bbe\u7f6e\u5956\u52b1\u3002',
	 'term': u'5\u5929',
	 'transfer_claim': ''}
2015-09-14 15:05:33+0800 [honglingchuangtou] DEBUG: Crawled (200) <GET https://www.my089.com/Loan/Detail.aspx?sid=15091414555060191705350019124925> (referer: None)
2015-09-14 15:05:33+0800 [honglingchuangtou] DEBUG: Scraped from <200 https://www.my089.com/Loan/Detail.aspx?sid=15091414555060191705350019124925>
	{'amount': u'5,000.00',
	 'area': '',
	 'description': u'\u501f\u6b3e\u8be6\u60c5\uff1a\u7ad9\u5185\u5173\u8054\u7528\u6237\u540d\uff1a\u8fd8\u6b3e\u4fdd\u969c\uff1a \u51c0\u503c\u989d\u5ea6\u4fdd\u969c \u501f\u6b3e\u8be6\u60c5\uff1a\u7ad9\u5185\u5173\u8054\u7528\u6237\u540d\uff1a\u8fd8\u6b3e\u4fdd\u969c\uff1a \u51c0\u503c\u989d\u5ea6\u4fdd\u969c \u501f\u6b3e\u8be6\u60c5\uff1a\u7ad9\u5185\u5173\u8054\u7528\u6237\u540d\uff1a\u8fd8\u6b3e\u4fdd\u969c\uff1a \u51c0\u503c\u989d\u5ea6\u4fdd\u969c',
	 'income_rate': u'3.65%/\u5e74',
	 'link': 'https://www.my089.com/Loan/Detail.aspx?sid=15091414555060191705350019124925',
	 'min_amount': u'\uffe550.00 ',
	 'name': u'\u2605\u2605\u2605\u65e9\u4e0a8\u70b930\u5206\u8fd8\u6b3e!\u653e\u5fc3\u6295\u8d44!\u6700\u8fdf\u767d\u5929\u8fd8!\u2605\u2605\u2605',
	 'process': u'0%',
	 'protect_mode': '',
	 'repay_type': u'\u4e00\u6b21\u6027\u8fd8\u6b3e',
	 'reward': u'\u672a\u8bbe\u7f6e\u5956\u52b1\u3002',
	 'term': u'5\u5929',
	 'transfer_claim': ''}
2015-09-14 15:05:37+0800 [honglingchuangtou] DEBUG: Crawled (200) <GET https://www.my089.com/Loan/Detail.aspx?sid=15091414503192791735510017111425> (referer: None)
2015-09-14 15:05:37+0800 [honglingchuangtou] DEBUG: Scraped from <200 https://www.my089.com/Loan/Detail.aspx?sid=15091414503192791735510017111425>
	{'amount': u'40,000.00',
	 'area': '',
	 'description': u'\u501f\u6b3e\u8be6\u60c5\uff1a\u8d44\u91d1\u5468\u8f6c,\u767d\u5929\u8fd8\u6b3e\uff0c\u4fdd\u8bc1\u4fe1\u8a89\uff01\u767d\u5929\u8fd8\u6b3e\uff0c\u4fdd\u8bc1\u4fe1\u8a89\uff01\u767d\u5929\u8fd8\u6b3e\uff0c\u4fdd\u8bc1\u4fe1\u8a89\uff01',
	 'income_rate': u'10.22%/\u5e74',
	 'link': 'https://www.my089.com/Loan/Detail.aspx?sid=15091414503192791735510017111425',
	 'min_amount': u'\uffe550.00 ',
	 'name': u'\u767d\u5929\u8fd8\u6b3e\uff0c\u4fdd\u8bc1\u4fe1\u8a89\uff01',
	 'process': u'80%',
	 'protect_mode': '',
	 'repay_type': u'\u6309\u6708\u5230\u671f',
	 'reward': u'\u672a\u8bbe\u7f6e\u5956\u52b1\u3002',
	 'term': u'3\u4e2a\u6708',
	 'transfer_claim': ''}
2015-09-14 15:05:41+0800 [honglingchuangtou] DEBUG: Crawled (200) <GET https://www.my089.com/Loan/Detail.aspx?sid=15091414551700494067600017172850> (referer: None)
2015-09-14 15:05:41+0800 [honglingchuangtou] DEBUG: Scraped from <200 https://www.my089.com/Loan/Detail.aspx?sid=15091414551700494067600017172850>
	{'amount': u'50,000.00',
	 'area': '',
	 'description': u'\u501f \u6b3e \u8be6 \u60c5\uff1a\u8d44\u91d1\u5468\u8f6c1\u4e2a\u6708_******',
	 'income_rate': u'10.44%/\u5e74',
	 'link': 'https://www.my089.com/Loan/Detail.aspx?sid=15091414551700494067600017172850',
	 'min_amount': u'\uffe550.00 ',
	 'name': u'\u8d44\u91d1\u5468\u8f6c1\u4e2a\u6708_1509141455',
	 'process': u'100%',
	 'protect_mode': '',
	 'repay_type': u'\u6309\u6708\u5206\u671f',
	 'reward': u'\u672a\u8bbe\u7f6e\u5956\u52b1\u3002',
	 'term': u'1\u4e2a\u6708',
	 'transfer_claim': ''}
2015-09-14 15:05:42+0800 [honglingchuangtou] DEBUG: Crawled (200) <GET https://www.my089.com/Loan/Detail.aspx?sid=15091414513192592082240017380886> (referer: None)
2015-09-14 15:05:42+0800 [honglingchuangtou] DEBUG: Scraped from <200 https://www.my089.com/Loan/Detail.aspx?sid=15091414513192592082240017380886>
	{'amount': u'100,000.00',
	 'area': '',
	 'description': u'\u501f \u6b3e \u8be6 \u60c5\uff1a1\u4e2a\u6708_******',
	 'income_rate': u'10.4%/\u5e74',
	 'link': 'https://www.my089.com/Loan/Detail.aspx?sid=15091414513192592082240017380886',
	 'min_amount': u'\uffe550.00 ',
	 'name': u'1\u4e2a\u6708_1509141451',
	 'process': u'100%',
	 'protect_mode': '',
	 'repay_type': u'\u6309\u6708\u5206\u671f',
	 'reward': u'\u672a\u8bbe\u7f6e\u5956\u52b1\u3002',
	 'term': u'1\u4e2a\u6708',
	 'transfer_claim': ''}
2015-09-14 15:05:44+0800 [honglingchuangtou] DEBUG: Crawled (200) <GET https://www.my089.com/Loan/Detail.aspx?sid=15091414573679093229510017734509> (referer: None)
2015-09-14 15:05:44+0800 [honglingchuangtou] DEBUG: Scraped from <200 https://www.my089.com/Loan/Detail.aspx?sid=15091414573679093229510017734509>
	{'amount': u'20,000.00',
	 'area': '',
	 'description': u'\u501f\u6b3e\u8be6\u60c5\uff1a\u8d44\u91d1\u5468\u8f6c,\u3010\u8bda\u4fe1TOM \u4e0b\u53485\u70b9\u524d\u8fd8\u3011\u3010\u8bda\u4fe1TOM \u4e0b\u53485\u70b9\u524d\u8fd8\u3011\u3010\u8bda\u4fe1TOM \u4e0b\u53485\u70b9\u524d\u8fd8\u3011',
	 'income_rate': u'7.3%/\u5e74',
	 'link': 'https://www.my089.com/Loan/Detail.aspx?sid=15091414573679093229510017734509',
	 'min_amount': u'\uffe550.00 ',
	 'name': u'\u3010\u8bda\u4fe1TOM \u4e0b\u53485\u70b9\u524d\u8fd8\u3011',
	 'process': u'100%',
	 'protect_mode': '',
	 'repay_type': u'\u4e00\u6b21\u6027\u8fd8\u6b3e',
	 'reward': u'\u672a\u8bbe\u7f6e\u5956\u52b1\u3002',
	 'term': u'10\u5929',
	 'transfer_claim': ''}
2015-09-14 15:05:45+0800 [honglingchuangtou] INFO: Crawled 83 pages (at 18 pages/min), scraped 83 items (at 18 items/min)
2015-09-14 15:05:48+0800 [honglingchuangtou] DEBUG: Crawled (200) <GET https://www.my089.com/Loan/Detail.aspx?sid=15091414553941892551990018531225> (referer: None)
2015-09-14 15:05:48+0800 [honglingchuangtou] DEBUG: Scraped from <200 https://www.my089.com/Loan/Detail.aspx?sid=15091414553941892551990018531225>
	{'amount': u'4,250.00',
	 'area': '',
	 'description': u'\u501f\u6b3e\u8be6\u60c5\uff1a\u7ad9\u5185\u5173\u8054\u7528\u6237\u540d\uff1a\u8fd8\u6b3e\u4fdd\u969c\uff1a \u51c0\u503c\u989d\u5ea6\u4fdd\u969c \u501f\u6b3e\u8be6\u60c5\uff1a\u7ad9\u5185\u5173\u8054\u7528\u6237\u540d\uff1a\u8fd8\u6b3e\u4fdd\u969c\uff1a \u51c0\u503c\u989d\u5ea6\u4fdd\u969c \u501f\u6b3e\u8be6\u60c5\uff1a\u7ad9\u5185\u5173\u8054\u7528\u6237\u540d\uff1a\u8fd8\u6b3e\u4fdd\u969c\uff1a \u51c0\u503c\u989d\u5ea6\u4fdd\u969c',
	 'income_rate': u'7.3%/\u5e74',
	 'link': 'https://www.my089.com/Loan/Detail.aspx?sid=15091414553941892551990018531225',
	 'min_amount': u'\uffe550.00 ',
	 'name': u'\u767d\u5929\u8fd8\u6b3e\uff0c\u4fe1\u8a89\u4fdd\u8bc1\uff0c\u5f53\u5929\u6709\u5feb\u501f\uff0c\u65e9\u4e0a\u8fd8\u6b3e',
	 'process': u'0%',
	 'protect_mode': '',
	 'repay_type': u'\u4e00\u6b21\u6027\u8fd8\u6b3e',
	 'reward': u'\u672a\u8bbe\u7f6e\u5956\u52b1\u3002',
	 'term': u'5\u5929',
	 'transfer_claim': ''}
2015-09-14 15:05:51+0800 [honglingchuangtou] DEBUG: Crawled (200) <GET https://www.my089.com/Loan/Detail.aspx?sid=15091414573271591822970018770495> (referer: None)
2015-09-14 15:05:51+0800 [honglingchuangtou] DEBUG: Scraped from <200 https://www.my089.com/Loan/Detail.aspx?sid=15091414573271591822970018770495>
	{'amount': u'16,000.00',
	 'area': '',
	 'description': u'\u501f \u6b3e \u8be6 \u60c5\uff1a\u8d44\u91d1\u5468\u8f6c1\u4e2a\u6708_******',
	 'income_rate': u'10.4%/\u5e74',
	 'link': 'https://www.my089.com/Loan/Detail.aspx?sid=15091414573271591822970018770495',
	 'min_amount': u'\uffe550.00 ',
	 'name': u'\u8d44\u91d1\u5468\u8f6c1\u4e2a\u6708_1509141458',
	 'process': u'100%',
	 'protect_mode': '',
	 'repay_type': u'\u6309\u6708\u5206\u671f',
	 'reward': u'\u672a\u8bbe\u7f6e\u5956\u52b1\u3002',
	 'term': u'1\u4e2a\u6708',
	 'transfer_claim': ''}
2015-09-14 15:05:54+0800 [honglingchuangtou] DEBUG: Crawled (200) <GET https://www.my089.com/Loan/Detail.aspx?sid=15091414510995693466560010830541> (referer: None)
2015-09-14 15:05:54+0800 [honglingchuangtou] DEBUG: Scraped from <200 https://www.my089.com/Loan/Detail.aspx?sid=15091414510995693466560010830541>
	{'amount': u'10,000.00',
	 'area': '',
	 'description': u'\u501f \u6b3e \u8be6 \u60c5\uff1a\u8d44\u91d1\u5468\u8f6c1\u4e2a\u6708_******',
	 'income_rate': u'10%/\u5e74',
	 'link': 'https://www.my089.com/Loan/Detail.aspx?sid=15091414510995693466560010830541',
	 'min_amount': u'\uffe550.00 ',
	 'name': u'\u8d44\u91d1\u5468\u8f6c1\u4e2a\u6708_1509141451',
	 'process': u'15%',
	 'protect_mode': '',
	 'repay_type': u'\u6309\u6708\u5206\u671f',
	 'reward': u'\u672a\u8bbe\u7f6e\u5956\u52b1\u3002',
	 'term': u'1\u4e2a\u6708',
	 'transfer_claim': ''}
2015-09-14 15:05:57+0800 [honglingchuangtou] DEBUG: Crawled (200) <GET https://www.my089.com/Loan/Detail.aspx?sid=15091414573472593541730012550218> (referer: None)
2015-09-14 15:05:57+0800 [honglingchuangtou] DEBUG: Scraped from <200 https://www.my089.com/Loan/Detail.aspx?sid=15091414573472593541730012550218>
	{'amount': u'200,000.00',
	 'area': '',
	 'description': u'\u501f \u6b3e \u8be6 \u60c5\uff1a\u8d44\u91d1\u5468\u8f6c5\u5929_******',
	 'income_rate': u'7.3%/\u5e74',
	 'link': 'https://www.my089.com/Loan/Detail.aspx?sid=15091414573472593541730012550218',
	 'min_amount': u'\uffe550.00 ',
	 'name': u'\u8d44\u91d1\u5468\u8f6c5\u5929_1509141457',
	 'process': u'10%',
	 'protect_mode': '',
	 'repay_type': u'\u4e00\u6b21\u6027\u8fd8\u6b3e',
	 'reward': u'\u672a\u8bbe\u7f6e\u5956\u52b1\u3002',
	 'term': u'5\u5929',
	 'transfer_claim': ''}
2015-09-14 15:06:00+0800 [honglingchuangtou] DEBUG: Crawled (200) <GET https://www.my089.com/Loan/Detail.aspx?sid=15091414500746592592830019923772> (referer: None)
2015-09-14 15:06:00+0800 [honglingchuangtou] DEBUG: Scraped from <200 https://www.my089.com/Loan/Detail.aspx?sid=15091414500746592592830019923772>
	{'amount': u'30,000.00',
	 'area': '',
	 'description': u'\u501f \u6b3e \u8be6 \u60c5\uff1a\u8d44\u91d1\u5468\u8f6c5\u5929_******',
	 'income_rate': u'7.3%/\u5e74',
	 'link': 'https://www.my089.com/Loan/Detail.aspx?sid=15091414500746592592830019923772',
	 'min_amount': u'\uffe550.00 ',
	 'name': u'\u8d44\u91d1\u5468\u8f6c5\u5929_1509141450',
	 'process': u'0%',
	 'protect_mode': '',
	 'repay_type': u'\u4e00\u6b21\u6027\u8fd8\u6b3e',
	 'reward': u'\u672a\u8bbe\u7f6e\u5956\u52b1\u3002',
	 'term': u'5\u5929',
	 'transfer_claim': ''}
2015-09-14 15:06:04+0800 [honglingchuangtou] DEBUG: Crawled (200) <GET https://www.my089.com/Loan/Detail.aspx?sid=15091414514658791159230011456358> (referer: None)
2015-09-14 15:06:04+0800 [honglingchuangtou] DEBUG: Scraped from <200 https://www.my089.com/Loan/Detail.aspx?sid=15091414514658791159230011456358>
	{'amount': u'500.00',
	 'area': '',
	 'description': u'\u501f\u6b3e\u8be6\u60c5\uff1a\u8d44\u91d1\u5468\u8f6c,\u4e0a\u5348\u5fc5\u8fd8\uff0cV5\u4fe1\u8a89\u65e0\u4ef7\u4e0a\u5348\u5fc5\u8fd8\uff0cV5\u4fe1\u8a89\u65e0\u4ef7\u4e0a\u5348\u5fc5\u8fd8\uff0cV5\u4fe1\u8a89\u65e0\u4ef7',
	 'income_rate': u'3.65%/\u5e74',
	 'link': 'https://www.my089.com/Loan/Detail.aspx?sid=15091414514658791159230011456358',
	 'min_amount': u'\uffe550.00 ',
	 'name': u'\u4e0a\u5348\u5fc5\u8fd8\uff0cV5\u4fe1\u8a89\u65e0\u4ef7',
	 'process': u'0%',
	 'protect_mode': '',
	 'repay_type': u'\u4e00\u6b21\u6027\u8fd8\u6b3e',
	 'reward': u'\u672a\u8bbe\u7f6e\u5956\u52b1\u3002',
	 'term': u'5\u5929',
	 'transfer_claim': ''}
2015-09-14 15:06:08+0800 [honglingchuangtou] DEBUG: Crawled (200) <GET https://www.my089.com/Loan/Detail.aspx?sid=15091414573618991545810011327162> (referer: None)
2015-09-14 15:06:08+0800 [honglingchuangtou] DEBUG: Scraped from <200 https://www.my089.com/Loan/Detail.aspx?sid=15091414573618991545810011327162>
	{'amount': u'20,000.00',
	 'area': '',
	 'description': u'\u501f\u6b3e\u8be6\u60c5\uff1a\u7ad9\u5185\u5173\u8054\u7528\u6237\u540d\uff1a\u8fd8\u6b3e\u4fdd\u969c\uff1a \u51c0\u503c\u989d\u5ea6\u4fdd\u969c \u501f\u6b3e\u8be6\u60c5\uff1a\u7ad9\u5185\u5173\u8054\u7528\u6237\u540d\uff1a\u8fd8\u6b3e\u4fdd\u969c\uff1a \u51c0\u503c\u989d\u5ea6\u4fdd\u969c \u501f\u6b3e\u8be6\u60c5\uff1a\u7ad9\u5185\u5173\u8054\u7528\u6237\u540d\uff1a\u8fd8\u6b3e\u4fdd\u969c\uff1a \u51c0\u503c\u989d\u5ea6\u4fdd\u969c',
	 'income_rate': u'7.3%/\u5e74',
	 'link': 'https://www.my089.com/Loan/Detail.aspx?sid=15091414573618991545810011327162',
	 'min_amount': u'\uffe550.00 ',
	 'name': u'V5\u4fe1\u8a89\u4fdd\u8bc1\uff0c\u5c3d\u65e9\u8fd8\u6b3e\uff0c\u4ece\u672a\u903e\u671f\uff01',
	 'process': u'73%',
	 'protect_mode': '',
	 'repay_type': u'\u4e00\u6b21\u6027\u8fd8\u6b3e',
	 'reward': u'\u672a\u8bbe\u7f6e\u5956\u52b1\u3002',
	 'term': u'5\u5929',
	 'transfer_claim': ''}
2015-09-14 15:06:08+0800 [honglingchuangtou] INFO: Closing spider (finished)
2015-09-14 15:06:08+0800 [honglingchuangtou] INFO: Dumping Scrapy stats:
	{'downloader/request_bytes': 27698,
	 'downloader/request_count': 90,
	 'downloader/request_method_count/GET': 90,
	 'downloader/response_bytes': 740255,
	 'downloader/response_count': 90,
	 'downloader/response_status_count/200': 90,
	 'finish_reason': 'finished',
	 'finish_time': datetime.datetime(2015, 9, 14, 7, 6, 8, 231929),
	 'item_scraped_count': 90,
	 'log_count/DEBUG': 182,
	 'log_count/INFO': 12,
	 'response_received_count': 90,
	 'scheduler/dequeued': 90,
	 'scheduler/dequeued/memory': 90,
	 'scheduler/enqueued': 90,
	 'scheduler/enqueued/memory': 90,
	 'start_time': datetime.datetime(2015, 9, 14, 7, 0, 45, 571038)}
2015-09-14 15:06:08+0800 [honglingchuangtou] INFO: Spider closed (finished)
<HonglingchuangtouSpider 'honglingchuangtou' at 0x7f8f313de550>
<HonglingchuangtouSpider 'honglingchuangtou' at 0x7f8f313de550>
<HonglingchuangtouSpider 'honglingchuangtou' at 0x7f8f313de550>
<HonglingchuangtouSpider 'honglingchuangtou' at 0x7f8f313de550>
<HonglingchuangtouSpider 'honglingchuangtou' at 0x7f8f313de550>
<HonglingchuangtouSpider 'honglingchuangtou' at 0x7f8f313de550>
<HonglingchuangtouSpider 'honglingchuangtou' at 0x7f8f313de550>
<HonglingchuangtouSpider 'honglingchuangtou' at 0x7f8f313de550>
<HonglingchuangtouSpider 'honglingchuangtou' at 0x7f8f313de550>
<HonglingchuangtouSpider 'honglingchuangtou' at 0x7f8f313de550>
<HonglingchuangtouSpider 'honglingchuangtou' at 0x7f8f313de550>
<HonglingchuangtouSpider 'honglingchuangtou' at 0x7f8f313de550>
<HonglingchuangtouSpider 'honglingchuangtou' at 0x7f8f313de550>
<HonglingchuangtouSpider 'honglingchuangtou' at 0x7f8f313de550>
<HonglingchuangtouSpider 'honglingchuangtou' at 0x7f8f313de550>
<HonglingchuangtouSpider 'honglingchuangtou' at 0x7f8f313de550>
<HonglingchuangtouSpider 'honglingchuangtou' at 0x7f8f313de550>
<HonglingchuangtouSpider 'honglingchuangtou' at 0x7f8f313de550>
<HonglingchuangtouSpider 'honglingchuangtou' at 0x7f8f313de550>
<HonglingchuangtouSpider 'honglingchuangtou' at 0x7f8f313de550>
<HonglingchuangtouSpider 'honglingchuangtou' at 0x7f8f313de550>
<HonglingchuangtouSpider 'honglingchuangtou' at 0x7f8f313de550>
<HonglingchuangtouSpider 'honglingchuangtou' at 0x7f8f313de550>
<HonglingchuangtouSpider 'honglingchuangtou' at 0x7f8f313de550>
<HonglingchuangtouSpider 'honglingchuangtou' at 0x7f8f313de550>
<HonglingchuangtouSpider 'honglingchuangtou' at 0x7f8f313de550>
2015-09-14 15:06:18 爬取结束-------------honglingchuangtou---------------------------------------
