2015-09-14 14:59:39 开始运行爬虫----------paipaidai2---------------------------------------
2015-09-14 14:59:41+0800 [scrapy] INFO: Scrapy 0.24.4 started (bot: paipaidai)
2015-09-14 14:59:41+0800 [scrapy] INFO: Optional features available: ssl, http11, boto, django
2015-09-14 14:59:41+0800 [scrapy] INFO: Overridden settings: {'NEWSPIDER_MODULE': 'paipaidai.spiders', 'SPIDER_MODULES': ['paipaidai.spiders'], 'BOT_NAME': 'paipaidai'}
2015-09-14 14:59:41+0800 [scrapy] INFO: Enabled extensions: LogStats, TelnetConsole, CloseSpider, WebService, CoreStats, SpiderState
2015-09-14 14:59:42+0800 [scrapy] INFO: Enabled downloader middlewares: HttpAuthMiddleware, DownloadTimeoutMiddleware, UserAgentMiddleware, RetryMiddleware, DefaultHeadersMiddleware, MetaRefreshMiddleware, HttpCompressionMiddleware, RedirectMiddleware, CookiesMiddleware, ChunkedTransferMiddleware, DownloaderStats
2015-09-14 14:59:42+0800 [scrapy] INFO: Enabled spider middlewares: HttpErrorMiddleware, OffsiteMiddleware, RefererMiddleware, UrlLengthMiddleware, DepthMiddleware
2015-09-14 14:59:42+0800 [scrapy] INFO: Enabled item pipelines: PaipaidaiPipeline
2015-09-14 14:59:42+0800 [paipaidai2] INFO: Spider opened
2015-09-14 14:59:42+0800 [paipaidai2] INFO: Crawled 0 pages (at 0 pages/min), scraped 0 items (at 0 items/min)
2015-09-14 14:59:42+0800 [scrapy] DEBUG: Telnet console listening on 127.0.0.1:6033
2015-09-14 14:59:42+0800 [scrapy] DEBUG: Web service listening on 127.0.0.1:6090
2015-09-14 14:59:47+0800 [paipaidai2] DEBUG: Redirecting (302) to <GET http://invest.ppdai.com/loan/list> from <GET http://www.ppdai.com/lend/12_s0_p3>
2015-09-14 14:59:50+0800 [paipaidai2] DEBUG: Retrying <GET http://www.ppdai.com/lend/13_s0_p4> (failed 1 times): 503 Service Unavailable
2015-09-14 14:59:51+0800 [paipaidai2] DEBUG: Redirecting (302) to <GET http://invest.ppdai.com/loan/list> from <GET http://www.ppdai.com/lend/12_s0_p4>
2015-09-14 14:59:55+0800 [paipaidai2] DEBUG: Redirecting (302) to <GET http://invest.ppdai.com/loan/list> from <GET http://www.ppdai.com/lend/13_s0_p3>
2015-09-14 14:59:55+0800 [paipaidai2] DEBUG: Retrying <GET http://www.ppdai.com/lend/14_s0_p4> (failed 1 times): 503 Service Unavailable
2015-09-14 14:59:57+0800 [paipaidai2] DEBUG: Redirecting (302) to <GET http://invest.ppdai.com/loan/list> from <GET http://www.ppdai.com/lend/14_s0_p3>
2015-09-14 15:00:02+0800 [paipaidai2] DEBUG: Retrying <GET http://www.ppdai.com/lend/3_s0_p3> (failed 1 times): 503 Service Unavailable
2015-09-14 15:00:03+0800 [paipaidai2] DEBUG: Redirecting (302) to <GET http://invest.ppdai.com/loan/list> from <GET http://www.ppdai.com/lend/8_s0_p3>
2015-09-14 15:00:05+0800 [paipaidai2] DEBUG: Redirecting (302) to <GET http://invest.ppdai.com/loan/list> from <GET http://www.ppdai.com/lend/8_s0_p4>
2015-09-14 15:00:05+0800 [paipaidai2] DEBUG: Retrying <GET http://www.ppdai.com/lend/3_s0_p4> (failed 1 times): 503 Service Unavailable
2015-09-14 15:00:08+0800 [paipaidai2] DEBUG: Retrying <GET http://www.ppdai.com/lend/15_s0_p3> (failed 1 times): 503 Service Unavailable
2015-09-14 15:00:09+0800 [paipaidai2] DEBUG: Retrying <GET http://www.ppdai.com/lend/15_s0_p4> (failed 1 times): 503 Service Unavailable
2015-09-14 15:00:12+0800 [paipaidai2] DEBUG: Retrying <GET http://www.ppdai.com/lend/16_s0_p3> (failed 1 times): 503 Service Unavailable
2015-09-14 15:00:20+0800 [paipaidai2] DEBUG: Redirecting (302) to <GET http://invest.ppdai.com/loan/list> from <GET http://www.ppdai.com/lend/16_s0_p4>
2015-09-14 15:00:20+0800 [paipaidai2] DEBUG: Retrying <GET http://www.ppdai.com/lend/13_s0_p4> (failed 2 times): 503 Service Unavailable
2015-09-14 15:00:23+0800 [paipaidai2] DEBUG: Crawled (200) <GET http://invest.ppdai.com/loan/list> (referer: None)
2015-09-14 15:00:23+0800 [paipaidai2] DEBUG: Retrying <GET http://invest.ppdai.com/loan/list> (failed 1 times): 503 Service Unavailable
2015-09-14 15:00:26+0800 [paipaidai2] DEBUG: Retrying <GET http://invest.ppdai.com/loan/list> (failed 1 times): 503 Service Unavailable
2015-09-14 15:00:29+0800 [paipaidai2] DEBUG: Retrying <GET http://www.ppdai.com/lend/14_s0_p4> (failed 2 times): 503 Service Unavailable
2015-09-14 15:00:32+0800 [paipaidai2] DEBUG: Retrying <GET http://invest.ppdai.com/loan/list> (failed 1 times): 503 Service Unavailable
2015-09-14 15:00:34+0800 [paipaidai2] DEBUG: Retrying <GET http://www.ppdai.com/lend/3_s0_p3> (failed 2 times): 503 Service Unavailable
2015-09-14 15:00:38+0800 [paipaidai2] DEBUG: Retrying <GET http://invest.ppdai.com/loan/list> (failed 1 times): 503 Service Unavailable
2015-09-14 15:00:40+0800 [paipaidai2] DEBUG: Retrying <GET http://invest.ppdai.com/loan/list> (failed 1 times): 503 Service Unavailable
2015-09-14 15:00:42+0800 [paipaidai2] INFO: Crawled 1 pages (at 1 pages/min), scraped 0 items (at 0 items/min)
2015-09-14 15:00:43+0800 [paipaidai2] DEBUG: Retrying <GET http://www.ppdai.com/lend/3_s0_p4> (failed 2 times): 503 Service Unavailable
2015-09-14 15:00:51+0800 [paipaidai2] DEBUG: Redirecting (302) to <GET http://invest.ppdai.com/loan/list> from <GET http://www.ppdai.com/lend/15_s0_p3>
2015-09-14 15:00:54+0800 [paipaidai2] DEBUG: Redirecting (302) to <GET http://invest.ppdai.com/loan/list> from <GET http://www.ppdai.com/lend/15_s0_p4>
2015-09-14 15:00:56+0800 [paipaidai2] DEBUG: Redirecting (302) to <GET http://invest.ppdai.com/loan/list> from <GET http://www.ppdai.com/lend/16_s0_p3>
2015-09-14 15:00:57+0800 [paipaidai2] DEBUG: Crawled (200) <GET http://www.ppdai.com/list/4222360> (referer: http://invest.ppdai.com/loan/list)
2015-09-14 15:00:57+0800 [paipaidai2] ERROR: Spider error processing <GET http://www.ppdai.com/list/4222360>
	Traceback (most recent call last):
	  File "/usr/local/lib/python2.7/dist-packages/twisted/internet/base.py", line 824, in runUntilCurrent
	    call.func(*call.args, **call.kw)
	  File "/usr/local/lib/python2.7/dist-packages/twisted/internet/task.py", line 638, in _tick
	    taskObj._oneWorkUnit()
	  File "/usr/local/lib/python2.7/dist-packages/twisted/internet/task.py", line 484, in _oneWorkUnit
	    result = next(self._iterator)
	  File "/usr/local/lib/python2.7/dist-packages/scrapy/utils/defer.py", line 57, in <genexpr>
	    work = (callable(elem, *args, **named) for elem in iterable)
	--- <exception caught here> ---
	  File "/usr/local/lib/python2.7/dist-packages/scrapy/utils/defer.py", line 96, in iter_errback
	    yield next(it)
	  File "/usr/local/lib/python2.7/dist-packages/scrapy/contrib/spidermiddleware/offsite.py", line 26, in process_spider_output
	    for x in result:
	  File "/usr/local/lib/python2.7/dist-packages/scrapy/contrib/spidermiddleware/referer.py", line 22, in <genexpr>
	    return (_set_referer(r) for r in result or ())
	  File "/usr/local/lib/python2.7/dist-packages/scrapy/contrib/spidermiddleware/urllength.py", line 33, in <genexpr>
	    return (r for r in result or () if _filter(r))
	  File "/usr/local/lib/python2.7/dist-packages/scrapy/contrib/spidermiddleware/depth.py", line 50, in <genexpr>
	    return (r for r in result or () if _filter(r))
	  File "/usr/local/lib/python2.7/dist-packages/scrapy/contrib/spiders/crawl.py", line 69, in _parse_response
	    for requests_or_item in iterate_spider_output(cb_res):
	  File "/usr/scrapy/crawl/paipaidai/paipaidai/spiders/base2.py", line 56, in parse_page
	    item['amount'] = sel.xpath('//dd[@id=\"listRestMoney\"]/text()').extract()[0].strip()
	exceptions.IndexError: list index out of range
	
2015-09-14 15:00:58+0800 [paipaidai2] DEBUG: Crawled (200) <GET http://invest.ppdai.com/loan/list> (referer: None)
2015-09-14 15:00:58+0800 [paipaidai2] DEBUG: Filtered duplicate request: <GET http://www.ppdai.com/list/4222360> - no more duplicates will be shown (see DUPEFILTER_DEBUG to show all duplicates)
2015-09-14 15:00:59+0800 [paipaidai2] DEBUG: Redirecting (302) to <GET http://invest.ppdai.com/loan/list> from <GET http://www.ppdai.com/lend/13_s0_p4>
2015-09-14 15:01:00+0800 [paipaidai2] DEBUG: Crawled (200) <GET http://www.ppdai.com/list/4020186> (referer: http://invest.ppdai.com/loan/list)
2015-09-14 15:01:00+0800 [paipaidai2] ERROR: Spider error processing <GET http://www.ppdai.com/list/4020186>
	Traceback (most recent call last):
	  File "/usr/local/lib/python2.7/dist-packages/twisted/internet/base.py", line 824, in runUntilCurrent
	    call.func(*call.args, **call.kw)
	  File "/usr/local/lib/python2.7/dist-packages/twisted/internet/task.py", line 638, in _tick
	    taskObj._oneWorkUnit()
	  File "/usr/local/lib/python2.7/dist-packages/twisted/internet/task.py", line 484, in _oneWorkUnit
	    result = next(self._iterator)
	  File "/usr/local/lib/python2.7/dist-packages/scrapy/utils/defer.py", line 57, in <genexpr>
	    work = (callable(elem, *args, **named) for elem in iterable)
	--- <exception caught here> ---
	  File "/usr/local/lib/python2.7/dist-packages/scrapy/utils/defer.py", line 96, in iter_errback
	    yield next(it)
	  File "/usr/local/lib/python2.7/dist-packages/scrapy/contrib/spidermiddleware/offsite.py", line 26, in process_spider_output
	    for x in result:
	  File "/usr/local/lib/python2.7/dist-packages/scrapy/contrib/spidermiddleware/referer.py", line 22, in <genexpr>
	    return (_set_referer(r) for r in result or ())
	  File "/usr/local/lib/python2.7/dist-packages/scrapy/contrib/spidermiddleware/urllength.py", line 33, in <genexpr>
	    return (r for r in result or () if _filter(r))
	  File "/usr/local/lib/python2.7/dist-packages/scrapy/contrib/spidermiddleware/depth.py", line 50, in <genexpr>
	    return (r for r in result or () if _filter(r))
	  File "/usr/local/lib/python2.7/dist-packages/scrapy/contrib/spiders/crawl.py", line 69, in _parse_response
	    for requests_or_item in iterate_spider_output(cb_res):
	  File "/usr/scrapy/crawl/paipaidai/paipaidai/spiders/base2.py", line 56, in parse_page
	    item['amount'] = sel.xpath('//dd[@id=\"listRestMoney\"]/text()').extract()[0].strip()
	exceptions.IndexError: list index out of range
	
2015-09-14 15:01:02+0800 [paipaidai2] DEBUG: Crawled (200) <GET http://www.ppdai.com/list/4014443> (referer: http://invest.ppdai.com/loan/list)
2015-09-14 15:01:02+0800 [paipaidai2] ERROR: Spider error processing <GET http://www.ppdai.com/list/4014443>
	Traceback (most recent call last):
	  File "/usr/local/lib/python2.7/dist-packages/twisted/internet/base.py", line 824, in runUntilCurrent
	    call.func(*call.args, **call.kw)
	  File "/usr/local/lib/python2.7/dist-packages/twisted/internet/task.py", line 638, in _tick
	    taskObj._oneWorkUnit()
	  File "/usr/local/lib/python2.7/dist-packages/twisted/internet/task.py", line 484, in _oneWorkUnit
	    result = next(self._iterator)
	  File "/usr/local/lib/python2.7/dist-packages/scrapy/utils/defer.py", line 57, in <genexpr>
	    work = (callable(elem, *args, **named) for elem in iterable)
	--- <exception caught here> ---
	  File "/usr/local/lib/python2.7/dist-packages/scrapy/utils/defer.py", line 96, in iter_errback
	    yield next(it)
	  File "/usr/local/lib/python2.7/dist-packages/scrapy/contrib/spidermiddleware/offsite.py", line 26, in process_spider_output
	    for x in result:
	  File "/usr/local/lib/python2.7/dist-packages/scrapy/contrib/spidermiddleware/referer.py", line 22, in <genexpr>
	    return (_set_referer(r) for r in result or ())
	  File "/usr/local/lib/python2.7/dist-packages/scrapy/contrib/spidermiddleware/urllength.py", line 33, in <genexpr>
	    return (r for r in result or () if _filter(r))
	  File "/usr/local/lib/python2.7/dist-packages/scrapy/contrib/spidermiddleware/depth.py", line 50, in <genexpr>
	    return (r for r in result or () if _filter(r))
	  File "/usr/local/lib/python2.7/dist-packages/scrapy/contrib/spiders/crawl.py", line 69, in _parse_response
	    for requests_or_item in iterate_spider_output(cb_res):
	  File "/usr/scrapy/crawl/paipaidai/paipaidai/spiders/base2.py", line 56, in parse_page
	    item['amount'] = sel.xpath('//dd[@id=\"listRestMoney\"]/text()').extract()[0].strip()
	exceptions.IndexError: list index out of range
	
2015-09-14 15:01:04+0800 [paipaidai2] DEBUG: Crawled (200) <GET http://invest.ppdai.com/loan/list> (referer: None)
2015-09-14 15:01:07+0800 [paipaidai2] DEBUG: Crawled (200) <GET http://invest.ppdai.com/loan/list> (referer: None)
2015-09-14 15:01:09+0800 [paipaidai2] DEBUG: Crawled (200) <GET http://www.ppdai.com/list/4185554> (referer: http://invest.ppdai.com/loan/list)
2015-09-14 15:01:09+0800 [paipaidai2] ERROR: Spider error processing <GET http://www.ppdai.com/list/4185554>
	Traceback (most recent call last):
	  File "/usr/local/lib/python2.7/dist-packages/twisted/internet/base.py", line 824, in runUntilCurrent
	    call.func(*call.args, **call.kw)
	  File "/usr/local/lib/python2.7/dist-packages/twisted/internet/task.py", line 638, in _tick
	    taskObj._oneWorkUnit()
	  File "/usr/local/lib/python2.7/dist-packages/twisted/internet/task.py", line 484, in _oneWorkUnit
	    result = next(self._iterator)
	  File "/usr/local/lib/python2.7/dist-packages/scrapy/utils/defer.py", line 57, in <genexpr>
	    work = (callable(elem, *args, **named) for elem in iterable)
	--- <exception caught here> ---
	  File "/usr/local/lib/python2.7/dist-packages/scrapy/utils/defer.py", line 96, in iter_errback
	    yield next(it)
	  File "/usr/local/lib/python2.7/dist-packages/scrapy/contrib/spidermiddleware/offsite.py", line 26, in process_spider_output
	    for x in result:
	  File "/usr/local/lib/python2.7/dist-packages/scrapy/contrib/spidermiddleware/referer.py", line 22, in <genexpr>
	    return (_set_referer(r) for r in result or ())
	  File "/usr/local/lib/python2.7/dist-packages/scrapy/contrib/spidermiddleware/urllength.py", line 33, in <genexpr>
	    return (r for r in result or () if _filter(r))
	  File "/usr/local/lib/python2.7/dist-packages/scrapy/contrib/spidermiddleware/depth.py", line 50, in <genexpr>
	    return (r for r in result or () if _filter(r))
	  File "/usr/local/lib/python2.7/dist-packages/scrapy/contrib/spiders/crawl.py", line 69, in _parse_response
	    for requests_or_item in iterate_spider_output(cb_res):
	  File "/usr/scrapy/crawl/paipaidai/paipaidai/spiders/base2.py", line 56, in parse_page
	    item['amount'] = sel.xpath('//dd[@id=\"listRestMoney\"]/text()').extract()[0].strip()
	exceptions.IndexError: list index out of range
	
2015-09-14 15:01:14+0800 [paipaidai2] DEBUG: Crawled (200) <GET http://invest.ppdai.com/loan/list> (referer: None)
2015-09-14 15:01:15+0800 [paipaidai2] DEBUG: Crawled (200) <GET http://www.ppdai.com/list/4096760> (referer: http://invest.ppdai.com/loan/list)
2015-09-14 15:01:15+0800 [paipaidai2] ERROR: Spider error processing <GET http://www.ppdai.com/list/4096760>
	Traceback (most recent call last):
	  File "/usr/local/lib/python2.7/dist-packages/twisted/internet/base.py", line 824, in runUntilCurrent
	    call.func(*call.args, **call.kw)
	  File "/usr/local/lib/python2.7/dist-packages/twisted/internet/task.py", line 638, in _tick
	    taskObj._oneWorkUnit()
	  File "/usr/local/lib/python2.7/dist-packages/twisted/internet/task.py", line 484, in _oneWorkUnit
	    result = next(self._iterator)
	  File "/usr/local/lib/python2.7/dist-packages/scrapy/utils/defer.py", line 57, in <genexpr>
	    work = (callable(elem, *args, **named) for elem in iterable)
	--- <exception caught here> ---
	  File "/usr/local/lib/python2.7/dist-packages/scrapy/utils/defer.py", line 96, in iter_errback
	    yield next(it)
	  File "/usr/local/lib/python2.7/dist-packages/scrapy/contrib/spidermiddleware/offsite.py", line 26, in process_spider_output
	    for x in result:
	  File "/usr/local/lib/python2.7/dist-packages/scrapy/contrib/spidermiddleware/referer.py", line 22, in <genexpr>
	    return (_set_referer(r) for r in result or ())
	  File "/usr/local/lib/python2.7/dist-packages/scrapy/contrib/spidermiddleware/urllength.py", line 33, in <genexpr>
	    return (r for r in result or () if _filter(r))
	  File "/usr/local/lib/python2.7/dist-packages/scrapy/contrib/spidermiddleware/depth.py", line 50, in <genexpr>
	    return (r for r in result or () if _filter(r))
	  File "/usr/local/lib/python2.7/dist-packages/scrapy/contrib/spiders/crawl.py", line 69, in _parse_response
	    for requests_or_item in iterate_spider_output(cb_res):
	  File "/usr/scrapy/crawl/paipaidai/paipaidai/spiders/base2.py", line 56, in parse_page
	    item['amount'] = sel.xpath('//dd[@id=\"listRestMoney\"]/text()').extract()[0].strip()
	exceptions.IndexError: list index out of range
	
2015-09-14 15:01:21+0800 [paipaidai2] DEBUG: Crawled (200) <GET http://invest.ppdai.com/loan/list> (referer: None)
2015-09-14 15:01:22+0800 [paipaidai2] DEBUG: Crawled (200) <GET http://www.ppdai.com/list/4094437> (referer: http://invest.ppdai.com/loan/list)
2015-09-14 15:01:22+0800 [paipaidai2] ERROR: Spider error processing <GET http://www.ppdai.com/list/4094437>
	Traceback (most recent call last):
	  File "/usr/local/lib/python2.7/dist-packages/twisted/internet/base.py", line 824, in runUntilCurrent
	    call.func(*call.args, **call.kw)
	  File "/usr/local/lib/python2.7/dist-packages/twisted/internet/task.py", line 638, in _tick
	    taskObj._oneWorkUnit()
	  File "/usr/local/lib/python2.7/dist-packages/twisted/internet/task.py", line 484, in _oneWorkUnit
	    result = next(self._iterator)
	  File "/usr/local/lib/python2.7/dist-packages/scrapy/utils/defer.py", line 57, in <genexpr>
	    work = (callable(elem, *args, **named) for elem in iterable)
	--- <exception caught here> ---
	  File "/usr/local/lib/python2.7/dist-packages/scrapy/utils/defer.py", line 96, in iter_errback
	    yield next(it)
	  File "/usr/local/lib/python2.7/dist-packages/scrapy/contrib/spidermiddleware/offsite.py", line 26, in process_spider_output
	    for x in result:
	  File "/usr/local/lib/python2.7/dist-packages/scrapy/contrib/spidermiddleware/referer.py", line 22, in <genexpr>
	    return (_set_referer(r) for r in result or ())
	  File "/usr/local/lib/python2.7/dist-packages/scrapy/contrib/spidermiddleware/urllength.py", line 33, in <genexpr>
	    return (r for r in result or () if _filter(r))
	  File "/usr/local/lib/python2.7/dist-packages/scrapy/contrib/spidermiddleware/depth.py", line 50, in <genexpr>
	    return (r for r in result or () if _filter(r))
	  File "/usr/local/lib/python2.7/dist-packages/scrapy/contrib/spiders/crawl.py", line 69, in _parse_response
	    for requests_or_item in iterate_spider_output(cb_res):
	  File "/usr/scrapy/crawl/paipaidai/paipaidai/spiders/base2.py", line 56, in parse_page
	    item['amount'] = sel.xpath('//dd[@id=\"listRestMoney\"]/text()').extract()[0].strip()
	exceptions.IndexError: list index out of range
	
2015-09-14 15:01:25+0800 [paipaidai2] DEBUG: Crawled (200) <GET http://invest.ppdai.com/loan/list> (referer: None)
2015-09-14 15:01:28+0800 [paipaidai2] DEBUG: Crawled (200) <GET http://invest.ppdai.com/loan/list> (referer: None)
2015-09-14 15:01:30+0800 [paipaidai2] DEBUG: Crawled (200) <GET http://invest.ppdai.com/loan/list> (referer: None)
2015-09-14 15:01:33+0800 [paipaidai2] DEBUG: Crawled (200) <GET http://www.ppdai.com/list/4215152> (referer: http://invest.ppdai.com/loan/list)
2015-09-14 15:01:33+0800 [paipaidai2] ERROR: Spider error processing <GET http://www.ppdai.com/list/4215152>
	Traceback (most recent call last):
	  File "/usr/local/lib/python2.7/dist-packages/twisted/internet/base.py", line 824, in runUntilCurrent
	    call.func(*call.args, **call.kw)
	  File "/usr/local/lib/python2.7/dist-packages/twisted/internet/task.py", line 638, in _tick
	    taskObj._oneWorkUnit()
	  File "/usr/local/lib/python2.7/dist-packages/twisted/internet/task.py", line 484, in _oneWorkUnit
	    result = next(self._iterator)
	  File "/usr/local/lib/python2.7/dist-packages/scrapy/utils/defer.py", line 57, in <genexpr>
	    work = (callable(elem, *args, **named) for elem in iterable)
	--- <exception caught here> ---
	  File "/usr/local/lib/python2.7/dist-packages/scrapy/utils/defer.py", line 96, in iter_errback
	    yield next(it)
	  File "/usr/local/lib/python2.7/dist-packages/scrapy/contrib/spidermiddleware/offsite.py", line 26, in process_spider_output
	    for x in result:
	  File "/usr/local/lib/python2.7/dist-packages/scrapy/contrib/spidermiddleware/referer.py", line 22, in <genexpr>
	    return (_set_referer(r) for r in result or ())
	  File "/usr/local/lib/python2.7/dist-packages/scrapy/contrib/spidermiddleware/urllength.py", line 33, in <genexpr>
	    return (r for r in result or () if _filter(r))
	  File "/usr/local/lib/python2.7/dist-packages/scrapy/contrib/spidermiddleware/depth.py", line 50, in <genexpr>
	    return (r for r in result or () if _filter(r))
	  File "/usr/local/lib/python2.7/dist-packages/scrapy/contrib/spiders/crawl.py", line 69, in _parse_response
	    for requests_or_item in iterate_spider_output(cb_res):
	  File "/usr/scrapy/crawl/paipaidai/paipaidai/spiders/base2.py", line 56, in parse_page
	    item['amount'] = sel.xpath('//dd[@id=\"listRestMoney\"]/text()').extract()[0].strip()
	exceptions.IndexError: list index out of range
	
2015-09-14 15:01:33+0800 [paipaidai2] DEBUG: Crawled (200) <GET http://invest.ppdai.com/loan/list> (referer: None)
2015-09-14 15:01:35+0800 [paipaidai2] DEBUG: Crawled (200) <GET http://www.ppdai.com/list/4225589> (referer: http://invest.ppdai.com/loan/list)
2015-09-14 15:01:35+0800 [paipaidai2] ERROR: Spider error processing <GET http://www.ppdai.com/list/4225589>
	Traceback (most recent call last):
	  File "/usr/local/lib/python2.7/dist-packages/twisted/internet/base.py", line 824, in runUntilCurrent
	    call.func(*call.args, **call.kw)
	  File "/usr/local/lib/python2.7/dist-packages/twisted/internet/task.py", line 638, in _tick
	    taskObj._oneWorkUnit()
	  File "/usr/local/lib/python2.7/dist-packages/twisted/internet/task.py", line 484, in _oneWorkUnit
	    result = next(self._iterator)
	  File "/usr/local/lib/python2.7/dist-packages/scrapy/utils/defer.py", line 57, in <genexpr>
	    work = (callable(elem, *args, **named) for elem in iterable)
	--- <exception caught here> ---
	  File "/usr/local/lib/python2.7/dist-packages/scrapy/utils/defer.py", line 96, in iter_errback
	    yield next(it)
	  File "/usr/local/lib/python2.7/dist-packages/scrapy/contrib/spidermiddleware/offsite.py", line 26, in process_spider_output
	    for x in result:
	  File "/usr/local/lib/python2.7/dist-packages/scrapy/contrib/spidermiddleware/referer.py", line 22, in <genexpr>
	    return (_set_referer(r) for r in result or ())
	  File "/usr/local/lib/python2.7/dist-packages/scrapy/contrib/spidermiddleware/urllength.py", line 33, in <genexpr>
	    return (r for r in result or () if _filter(r))
	  File "/usr/local/lib/python2.7/dist-packages/scrapy/contrib/spidermiddleware/depth.py", line 50, in <genexpr>
	    return (r for r in result or () if _filter(r))
	  File "/usr/local/lib/python2.7/dist-packages/scrapy/contrib/spiders/crawl.py", line 69, in _parse_response
	    for requests_or_item in iterate_spider_output(cb_res):
	  File "/usr/scrapy/crawl/paipaidai/paipaidai/spiders/base2.py", line 56, in parse_page
	    item['amount'] = sel.xpath('//dd[@id=\"listRestMoney\"]/text()').extract()[0].strip()
	exceptions.IndexError: list index out of range
	
2015-09-14 15:01:38+0800 [paipaidai2] DEBUG: Crawled (200) <GET http://invest.ppdai.com/loan/list> (referer: None)
2015-09-14 15:01:40+0800 [paipaidai2] DEBUG: Crawled (200) <GET http://www.ppdai.com/list/4148830> (referer: http://invest.ppdai.com/loan/list)
2015-09-14 15:01:40+0800 [paipaidai2] ERROR: Spider error processing <GET http://www.ppdai.com/list/4148830>
	Traceback (most recent call last):
	  File "/usr/local/lib/python2.7/dist-packages/twisted/internet/base.py", line 824, in runUntilCurrent
	    call.func(*call.args, **call.kw)
	  File "/usr/local/lib/python2.7/dist-packages/twisted/internet/task.py", line 638, in _tick
	    taskObj._oneWorkUnit()
	  File "/usr/local/lib/python2.7/dist-packages/twisted/internet/task.py", line 484, in _oneWorkUnit
	    result = next(self._iterator)
	  File "/usr/local/lib/python2.7/dist-packages/scrapy/utils/defer.py", line 57, in <genexpr>
	    work = (callable(elem, *args, **named) for elem in iterable)
	--- <exception caught here> ---
	  File "/usr/local/lib/python2.7/dist-packages/scrapy/utils/defer.py", line 96, in iter_errback
	    yield next(it)
	  File "/usr/local/lib/python2.7/dist-packages/scrapy/contrib/spidermiddleware/offsite.py", line 26, in process_spider_output
	    for x in result:
	  File "/usr/local/lib/python2.7/dist-packages/scrapy/contrib/spidermiddleware/referer.py", line 22, in <genexpr>
	    return (_set_referer(r) for r in result or ())
	  File "/usr/local/lib/python2.7/dist-packages/scrapy/contrib/spidermiddleware/urllength.py", line 33, in <genexpr>
	    return (r for r in result or () if _filter(r))
	  File "/usr/local/lib/python2.7/dist-packages/scrapy/contrib/spidermiddleware/depth.py", line 50, in <genexpr>
	    return (r for r in result or () if _filter(r))
	  File "/usr/local/lib/python2.7/dist-packages/scrapy/contrib/spiders/crawl.py", line 69, in _parse_response
	    for requests_or_item in iterate_spider_output(cb_res):
	  File "/usr/scrapy/crawl/paipaidai/paipaidai/spiders/base2.py", line 56, in parse_page
	    item['amount'] = sel.xpath('//dd[@id=\"listRestMoney\"]/text()').extract()[0].strip()
	exceptions.IndexError: list index out of range
	
2015-09-14 15:01:42+0800 [paipaidai2] DEBUG: Crawled (200) <GET http://www.ppdai.com/list/4227002> (referer: http://invest.ppdai.com/loan/list)
2015-09-14 15:01:42+0800 [paipaidai2] ERROR: Spider error processing <GET http://www.ppdai.com/list/4227002>
	Traceback (most recent call last):
	  File "/usr/local/lib/python2.7/dist-packages/twisted/internet/base.py", line 824, in runUntilCurrent
	    call.func(*call.args, **call.kw)
	  File "/usr/local/lib/python2.7/dist-packages/twisted/internet/task.py", line 638, in _tick
	    taskObj._oneWorkUnit()
	  File "/usr/local/lib/python2.7/dist-packages/twisted/internet/task.py", line 484, in _oneWorkUnit
	    result = next(self._iterator)
	  File "/usr/local/lib/python2.7/dist-packages/scrapy/utils/defer.py", line 57, in <genexpr>
	    work = (callable(elem, *args, **named) for elem in iterable)
	--- <exception caught here> ---
	  File "/usr/local/lib/python2.7/dist-packages/scrapy/utils/defer.py", line 96, in iter_errback
	    yield next(it)
	  File "/usr/local/lib/python2.7/dist-packages/scrapy/contrib/spidermiddleware/offsite.py", line 26, in process_spider_output
	    for x in result:
	  File "/usr/local/lib/python2.7/dist-packages/scrapy/contrib/spidermiddleware/referer.py", line 22, in <genexpr>
	    return (_set_referer(r) for r in result or ())
	  File "/usr/local/lib/python2.7/dist-packages/scrapy/contrib/spidermiddleware/urllength.py", line 33, in <genexpr>
	    return (r for r in result or () if _filter(r))
	  File "/usr/local/lib/python2.7/dist-packages/scrapy/contrib/spidermiddleware/depth.py", line 50, in <genexpr>
	    return (r for r in result or () if _filter(r))
	  File "/usr/local/lib/python2.7/dist-packages/scrapy/contrib/spiders/crawl.py", line 69, in _parse_response
	    for requests_or_item in iterate_spider_output(cb_res):
	  File "/usr/scrapy/crawl/paipaidai/paipaidai/spiders/base2.py", line 56, in parse_page
	    item['amount'] = sel.xpath('//dd[@id=\"listRestMoney\"]/text()').extract()[0].strip()
	exceptions.IndexError: list index out of range
	
2015-09-14 15:01:42+0800 [paipaidai2] INFO: Crawled 21 pages (at 20 pages/min), scraped 0 items (at 0 items/min)
2015-09-14 15:01:45+0800 [paipaidai2] DEBUG: Crawled (200) <GET http://www.ppdai.com/list/4037540> (referer: http://invest.ppdai.com/loan/list)
2015-09-14 15:01:45+0800 [paipaidai2] ERROR: Spider error processing <GET http://www.ppdai.com/list/4037540>
	Traceback (most recent call last):
	  File "/usr/local/lib/python2.7/dist-packages/twisted/internet/base.py", line 824, in runUntilCurrent
	    call.func(*call.args, **call.kw)
	  File "/usr/local/lib/python2.7/dist-packages/twisted/internet/task.py", line 638, in _tick
	    taskObj._oneWorkUnit()
	  File "/usr/local/lib/python2.7/dist-packages/twisted/internet/task.py", line 484, in _oneWorkUnit
	    result = next(self._iterator)
	  File "/usr/local/lib/python2.7/dist-packages/scrapy/utils/defer.py", line 57, in <genexpr>
	    work = (callable(elem, *args, **named) for elem in iterable)
	--- <exception caught here> ---
	  File "/usr/local/lib/python2.7/dist-packages/scrapy/utils/defer.py", line 96, in iter_errback
	    yield next(it)
	  File "/usr/local/lib/python2.7/dist-packages/scrapy/contrib/spidermiddleware/offsite.py", line 26, in process_spider_output
	    for x in result:
	  File "/usr/local/lib/python2.7/dist-packages/scrapy/contrib/spidermiddleware/referer.py", line 22, in <genexpr>
	    return (_set_referer(r) for r in result or ())
	  File "/usr/local/lib/python2.7/dist-packages/scrapy/contrib/spidermiddleware/urllength.py", line 33, in <genexpr>
	    return (r for r in result or () if _filter(r))
	  File "/usr/local/lib/python2.7/dist-packages/scrapy/contrib/spidermiddleware/depth.py", line 50, in <genexpr>
	    return (r for r in result or () if _filter(r))
	  File "/usr/local/lib/python2.7/dist-packages/scrapy/contrib/spiders/crawl.py", line 69, in _parse_response
	    for requests_or_item in iterate_spider_output(cb_res):
	  File "/usr/scrapy/crawl/paipaidai/paipaidai/spiders/base2.py", line 56, in parse_page
	    item['amount'] = sel.xpath('//dd[@id=\"listRestMoney\"]/text()').extract()[0].strip()
	exceptions.IndexError: list index out of range
	
2015-09-14 15:01:46+0800 [paipaidai2] DEBUG: Crawled (200) <GET http://www.ppdai.com/list/4208113> (referer: http://invest.ppdai.com/loan/list)
2015-09-14 15:01:46+0800 [paipaidai2] ERROR: Spider error processing <GET http://www.ppdai.com/list/4208113>
	Traceback (most recent call last):
	  File "/usr/local/lib/python2.7/dist-packages/twisted/internet/base.py", line 824, in runUntilCurrent
	    call.func(*call.args, **call.kw)
	  File "/usr/local/lib/python2.7/dist-packages/twisted/internet/task.py", line 638, in _tick
	    taskObj._oneWorkUnit()
	  File "/usr/local/lib/python2.7/dist-packages/twisted/internet/task.py", line 484, in _oneWorkUnit
	    result = next(self._iterator)
	  File "/usr/local/lib/python2.7/dist-packages/scrapy/utils/defer.py", line 57, in <genexpr>
	    work = (callable(elem, *args, **named) for elem in iterable)
	--- <exception caught here> ---
	  File "/usr/local/lib/python2.7/dist-packages/scrapy/utils/defer.py", line 96, in iter_errback
	    yield next(it)
	  File "/usr/local/lib/python2.7/dist-packages/scrapy/contrib/spidermiddleware/offsite.py", line 26, in process_spider_output
	    for x in result:
	  File "/usr/local/lib/python2.7/dist-packages/scrapy/contrib/spidermiddleware/referer.py", line 22, in <genexpr>
	    return (_set_referer(r) for r in result or ())
	  File "/usr/local/lib/python2.7/dist-packages/scrapy/contrib/spidermiddleware/urllength.py", line 33, in <genexpr>
	    return (r for r in result or () if _filter(r))
	  File "/usr/local/lib/python2.7/dist-packages/scrapy/contrib/spidermiddleware/depth.py", line 50, in <genexpr>
	    return (r for r in result or () if _filter(r))
	  File "/usr/local/lib/python2.7/dist-packages/scrapy/contrib/spiders/crawl.py", line 69, in _parse_response
	    for requests_or_item in iterate_spider_output(cb_res):
	  File "/usr/scrapy/crawl/paipaidai/paipaidai/spiders/base2.py", line 56, in parse_page
	    item['amount'] = sel.xpath('//dd[@id=\"listRestMoney\"]/text()').extract()[0].strip()
	exceptions.IndexError: list index out of range
	
2015-09-14 15:01:48+0800 [paipaidai2] DEBUG: Crawled (200) <GET http://www.ppdai.com/list/4211471> (referer: http://invest.ppdai.com/loan/list)
2015-09-14 15:01:48+0800 [paipaidai2] ERROR: Spider error processing <GET http://www.ppdai.com/list/4211471>
	Traceback (most recent call last):
	  File "/usr/local/lib/python2.7/dist-packages/twisted/internet/base.py", line 824, in runUntilCurrent
	    call.func(*call.args, **call.kw)
	  File "/usr/local/lib/python2.7/dist-packages/twisted/internet/task.py", line 638, in _tick
	    taskObj._oneWorkUnit()
	  File "/usr/local/lib/python2.7/dist-packages/twisted/internet/task.py", line 484, in _oneWorkUnit
	    result = next(self._iterator)
	  File "/usr/local/lib/python2.7/dist-packages/scrapy/utils/defer.py", line 57, in <genexpr>
	    work = (callable(elem, *args, **named) for elem in iterable)
	--- <exception caught here> ---
	  File "/usr/local/lib/python2.7/dist-packages/scrapy/utils/defer.py", line 96, in iter_errback
	    yield next(it)
	  File "/usr/local/lib/python2.7/dist-packages/scrapy/contrib/spidermiddleware/offsite.py", line 26, in process_spider_output
	    for x in result:
	  File "/usr/local/lib/python2.7/dist-packages/scrapy/contrib/spidermiddleware/referer.py", line 22, in <genexpr>
	    return (_set_referer(r) for r in result or ())
	  File "/usr/local/lib/python2.7/dist-packages/scrapy/contrib/spidermiddleware/urllength.py", line 33, in <genexpr>
	    return (r for r in result or () if _filter(r))
	  File "/usr/local/lib/python2.7/dist-packages/scrapy/contrib/spidermiddleware/depth.py", line 50, in <genexpr>
	    return (r for r in result or () if _filter(r))
	  File "/usr/local/lib/python2.7/dist-packages/scrapy/contrib/spiders/crawl.py", line 69, in _parse_response
	    for requests_or_item in iterate_spider_output(cb_res):
	  File "/usr/scrapy/crawl/paipaidai/paipaidai/spiders/base2.py", line 56, in parse_page
	    item['amount'] = sel.xpath('//dd[@id=\"listRestMoney\"]/text()').extract()[0].strip()
	exceptions.IndexError: list index out of range
	
2015-09-14 15:01:49+0800 [paipaidai2] DEBUG: Crawled (200) <GET http://www.ppdai.com/list/4033351> (referer: http://invest.ppdai.com/loan/list)
2015-09-14 15:01:49+0800 [paipaidai2] ERROR: Spider error processing <GET http://www.ppdai.com/list/4033351>
	Traceback (most recent call last):
	  File "/usr/local/lib/python2.7/dist-packages/twisted/internet/base.py", line 824, in runUntilCurrent
	    call.func(*call.args, **call.kw)
	  File "/usr/local/lib/python2.7/dist-packages/twisted/internet/task.py", line 638, in _tick
	    taskObj._oneWorkUnit()
	  File "/usr/local/lib/python2.7/dist-packages/twisted/internet/task.py", line 484, in _oneWorkUnit
	    result = next(self._iterator)
	  File "/usr/local/lib/python2.7/dist-packages/scrapy/utils/defer.py", line 57, in <genexpr>
	    work = (callable(elem, *args, **named) for elem in iterable)
	--- <exception caught here> ---
	  File "/usr/local/lib/python2.7/dist-packages/scrapy/utils/defer.py", line 96, in iter_errback
	    yield next(it)
	  File "/usr/local/lib/python2.7/dist-packages/scrapy/contrib/spidermiddleware/offsite.py", line 26, in process_spider_output
	    for x in result:
	  File "/usr/local/lib/python2.7/dist-packages/scrapy/contrib/spidermiddleware/referer.py", line 22, in <genexpr>
	    return (_set_referer(r) for r in result or ())
	  File "/usr/local/lib/python2.7/dist-packages/scrapy/contrib/spidermiddleware/urllength.py", line 33, in <genexpr>
	    return (r for r in result or () if _filter(r))
	  File "/usr/local/lib/python2.7/dist-packages/scrapy/contrib/spidermiddleware/depth.py", line 50, in <genexpr>
	    return (r for r in result or () if _filter(r))
	  File "/usr/local/lib/python2.7/dist-packages/scrapy/contrib/spiders/crawl.py", line 69, in _parse_response
	    for requests_or_item in iterate_spider_output(cb_res):
	  File "/usr/scrapy/crawl/paipaidai/paipaidai/spiders/base2.py", line 56, in parse_page
	    item['amount'] = sel.xpath('//dd[@id=\"listRestMoney\"]/text()').extract()[0].strip()
	exceptions.IndexError: list index out of range
	
2015-09-14 15:01:52+0800 [paipaidai2] DEBUG: Crawled (200) <GET http://www.ppdai.com/list/4167945> (referer: http://invest.ppdai.com/loan/list)
2015-09-14 15:01:52+0800 [paipaidai2] ERROR: Spider error processing <GET http://www.ppdai.com/list/4167945>
	Traceback (most recent call last):
	  File "/usr/local/lib/python2.7/dist-packages/twisted/internet/base.py", line 824, in runUntilCurrent
	    call.func(*call.args, **call.kw)
	  File "/usr/local/lib/python2.7/dist-packages/twisted/internet/task.py", line 638, in _tick
	    taskObj._oneWorkUnit()
	  File "/usr/local/lib/python2.7/dist-packages/twisted/internet/task.py", line 484, in _oneWorkUnit
	    result = next(self._iterator)
	  File "/usr/local/lib/python2.7/dist-packages/scrapy/utils/defer.py", line 57, in <genexpr>
	    work = (callable(elem, *args, **named) for elem in iterable)
	--- <exception caught here> ---
	  File "/usr/local/lib/python2.7/dist-packages/scrapy/utils/defer.py", line 96, in iter_errback
	    yield next(it)
	  File "/usr/local/lib/python2.7/dist-packages/scrapy/contrib/spidermiddleware/offsite.py", line 26, in process_spider_output
	    for x in result:
	  File "/usr/local/lib/python2.7/dist-packages/scrapy/contrib/spidermiddleware/referer.py", line 22, in <genexpr>
	    return (_set_referer(r) for r in result or ())
	  File "/usr/local/lib/python2.7/dist-packages/scrapy/contrib/spidermiddleware/urllength.py", line 33, in <genexpr>
	    return (r for r in result or () if _filter(r))
	  File "/usr/local/lib/python2.7/dist-packages/scrapy/contrib/spidermiddleware/depth.py", line 50, in <genexpr>
	    return (r for r in result or () if _filter(r))
	  File "/usr/local/lib/python2.7/dist-packages/scrapy/contrib/spiders/crawl.py", line 69, in _parse_response
	    for requests_or_item in iterate_spider_output(cb_res):
	  File "/usr/scrapy/crawl/paipaidai/paipaidai/spiders/base2.py", line 56, in parse_page
	    item['amount'] = sel.xpath('//dd[@id=\"listRestMoney\"]/text()').extract()[0].strip()
	exceptions.IndexError: list index out of range
	
2015-09-14 15:01:54+0800 [paipaidai2] DEBUG: Crawled (200) <GET http://www.ppdai.com/list/4186674> (referer: http://invest.ppdai.com/loan/list)
2015-09-14 15:01:54+0800 [paipaidai2] ERROR: Spider error processing <GET http://www.ppdai.com/list/4186674>
	Traceback (most recent call last):
	  File "/usr/local/lib/python2.7/dist-packages/twisted/internet/base.py", line 824, in runUntilCurrent
	    call.func(*call.args, **call.kw)
	  File "/usr/local/lib/python2.7/dist-packages/twisted/internet/task.py", line 638, in _tick
	    taskObj._oneWorkUnit()
	  File "/usr/local/lib/python2.7/dist-packages/twisted/internet/task.py", line 484, in _oneWorkUnit
	    result = next(self._iterator)
	  File "/usr/local/lib/python2.7/dist-packages/scrapy/utils/defer.py", line 57, in <genexpr>
	    work = (callable(elem, *args, **named) for elem in iterable)
	--- <exception caught here> ---
	  File "/usr/local/lib/python2.7/dist-packages/scrapy/utils/defer.py", line 96, in iter_errback
	    yield next(it)
	  File "/usr/local/lib/python2.7/dist-packages/scrapy/contrib/spidermiddleware/offsite.py", line 26, in process_spider_output
	    for x in result:
	  File "/usr/local/lib/python2.7/dist-packages/scrapy/contrib/spidermiddleware/referer.py", line 22, in <genexpr>
	    return (_set_referer(r) for r in result or ())
	  File "/usr/local/lib/python2.7/dist-packages/scrapy/contrib/spidermiddleware/urllength.py", line 33, in <genexpr>
	    return (r for r in result or () if _filter(r))
	  File "/usr/local/lib/python2.7/dist-packages/scrapy/contrib/spidermiddleware/depth.py", line 50, in <genexpr>
	    return (r for r in result or () if _filter(r))
	  File "/usr/local/lib/python2.7/dist-packages/scrapy/contrib/spiders/crawl.py", line 69, in _parse_response
	    for requests_or_item in iterate_spider_output(cb_res):
	  File "/usr/scrapy/crawl/paipaidai/paipaidai/spiders/base2.py", line 56, in parse_page
	    item['amount'] = sel.xpath('//dd[@id=\"listRestMoney\"]/text()').extract()[0].strip()
	exceptions.IndexError: list index out of range
	
2015-09-14 15:01:57+0800 [paipaidai2] DEBUG: Crawled (200) <GET http://www.ppdai.com/list/3919008> (referer: http://invest.ppdai.com/loan/list)
2015-09-14 15:01:57+0800 [paipaidai2] ERROR: Spider error processing <GET http://www.ppdai.com/list/3919008>
	Traceback (most recent call last):
	  File "/usr/local/lib/python2.7/dist-packages/twisted/internet/base.py", line 824, in runUntilCurrent
	    call.func(*call.args, **call.kw)
	  File "/usr/local/lib/python2.7/dist-packages/twisted/internet/task.py", line 638, in _tick
	    taskObj._oneWorkUnit()
	  File "/usr/local/lib/python2.7/dist-packages/twisted/internet/task.py", line 484, in _oneWorkUnit
	    result = next(self._iterator)
	  File "/usr/local/lib/python2.7/dist-packages/scrapy/utils/defer.py", line 57, in <genexpr>
	    work = (callable(elem, *args, **named) for elem in iterable)
	--- <exception caught here> ---
	  File "/usr/local/lib/python2.7/dist-packages/scrapy/utils/defer.py", line 96, in iter_errback
	    yield next(it)
	  File "/usr/local/lib/python2.7/dist-packages/scrapy/contrib/spidermiddleware/offsite.py", line 26, in process_spider_output
	    for x in result:
	  File "/usr/local/lib/python2.7/dist-packages/scrapy/contrib/spidermiddleware/referer.py", line 22, in <genexpr>
	    return (_set_referer(r) for r in result or ())
	  File "/usr/local/lib/python2.7/dist-packages/scrapy/contrib/spidermiddleware/urllength.py", line 33, in <genexpr>
	    return (r for r in result or () if _filter(r))
	  File "/usr/local/lib/python2.7/dist-packages/scrapy/contrib/spidermiddleware/depth.py", line 50, in <genexpr>
	    return (r for r in result or () if _filter(r))
	  File "/usr/local/lib/python2.7/dist-packages/scrapy/contrib/spiders/crawl.py", line 69, in _parse_response
	    for requests_or_item in iterate_spider_output(cb_res):
	  File "/usr/scrapy/crawl/paipaidai/paipaidai/spiders/base2.py", line 56, in parse_page
	    item['amount'] = sel.xpath('//dd[@id=\"listRestMoney\"]/text()').extract()[0].strip()
	exceptions.IndexError: list index out of range
	
2015-09-14 15:02:00+0800 [paipaidai2] DEBUG: Redirecting (302) to <GET http://invest.ppdai.com/loan/list> from <GET http://www.ppdai.com/lend/3_s0_p4>
2015-09-14 15:02:03+0800 [paipaidai2] DEBUG: Redirecting (302) to <GET http://invest.ppdai.com/loan/list> from <GET http://www.ppdai.com/lend/3_s0_p3>
2015-09-14 15:02:05+0800 [paipaidai2] DEBUG: Redirecting (302) to <GET http://invest.ppdai.com/loan/list> from <GET http://www.ppdai.com/lend/14_s0_p4>
2015-09-14 15:02:06+0800 [paipaidai2] DEBUG: Crawled (200) <GET http://invest.ppdai.com/loan/list> (referer: None)
2015-09-14 15:02:08+0800 [paipaidai2] DEBUG: Crawled (200) <GET http://invest.ppdai.com/loan/list> (referer: None)
2015-09-14 15:02:12+0800 [paipaidai2] DEBUG: Crawled (200) <GET http://invest.ppdai.com/loan/list> (referer: None)
2015-09-14 15:02:12+0800 [paipaidai2] INFO: Closing spider (finished)
2015-09-14 15:02:12+0800 [paipaidai2] INFO: Dumping Scrapy stats:
	{'downloader/request_bytes': 16249,
	 'downloader/request_count': 61,
	 'downloader/request_method_count/GET': 61,
	 'downloader/response_bytes': 278376,
	 'downloader/response_count': 61,
	 'downloader/response_status_count/200': 31,
	 'downloader/response_status_count/302': 14,
	 'downloader/response_status_count/503': 16,
	 'dupefilter/filtered': 123,
	 'finish_reason': 'finished',
	 'finish_time': datetime.datetime(2015, 9, 14, 7, 2, 12, 170641),
	 'log_count/DEBUG': 64,
	 'log_count/ERROR': 17,
	 'log_count/INFO': 9,
	 'request_depth_max': 1,
	 'response_received_count': 31,
	 'scheduler/dequeued': 61,
	 'scheduler/dequeued/memory': 61,
	 'scheduler/enqueued': 61,
	 'scheduler/enqueued/memory': 61,
	 'spider_exceptions/IndexError': 17,
	 'start_time': datetime.datetime(2015, 9, 14, 6, 59, 42, 960546)}
2015-09-14 15:02:12+0800 [paipaidai2] INFO: Spider closed (finished)
2015-09-14 15:02:22 爬取结束-------------paipaidai2---------------------------------------
