2015-09-15 10:53:23 开始运行爬虫----------ppmoney---------------------------------------
2015-09-15 10:53:24+0800 [scrapy] INFO: Scrapy 0.24.4 started (bot: ppmoney)
2015-09-15 10:53:24+0800 [scrapy] INFO: Optional features available: ssl, http11, boto, django
2015-09-15 10:53:24+0800 [scrapy] INFO: Overridden settings: {'NEWSPIDER_MODULE': 'ppmoney.spiders', 'SPIDER_MODULES': ['ppmoney.spiders'], 'BOT_NAME': 'ppmoney'}
2015-09-15 10:53:25+0800 [scrapy] INFO: Enabled extensions: LogStats, TelnetConsole, CloseSpider, WebService, CoreStats, SpiderState
2015-09-15 10:53:26+0800 [scrapy] INFO: Enabled downloader middlewares: HttpAuthMiddleware, DownloadTimeoutMiddleware, UserAgentMiddleware, RetryMiddleware, DefaultHeadersMiddleware, MetaRefreshMiddleware, HttpCompressionMiddleware, RedirectMiddleware, CookiesMiddleware, ChunkedTransferMiddleware, DownloaderStats
2015-09-15 10:53:26+0800 [scrapy] INFO: Enabled spider middlewares: HttpErrorMiddleware, OffsiteMiddleware, RefererMiddleware, UrlLengthMiddleware, DepthMiddleware
2015-09-15 10:53:26+0800 [scrapy] INFO: Enabled item pipelines: PpmoneyPipeline
2015-09-15 10:53:26+0800 [ppmoney] INFO: Spider opened
2015-09-15 10:53:26+0800 [ppmoney] INFO: Crawled 0 pages (at 0 pages/min), scraped 0 items (at 0 items/min)
2015-09-15 10:53:26+0800 [scrapy] DEBUG: Telnet console listening on 127.0.0.1:6024
2015-09-15 10:53:26+0800 [scrapy] DEBUG: Web service listening on 127.0.0.1:6081
2015-09-15 10:53:26+0800 [ppmoney] DEBUG: Crawled (200) <GET http://www.ppmoney.com/xiaodaibao?page=1> (referer: None)
2015-09-15 10:53:30+0800 [ppmoney] DEBUG: Crawled (200) <GET http://www.ppmoney.com/xiaodaibao?page=2> (referer: None)
2015-09-15 10:53:34+0800 [ppmoney] DEBUG: Crawled (200) <GET http://www.ppmoney.com/xiaodaibao?page=3> (referer: None)
2015-09-15 10:53:38+0800 [ppmoney] DEBUG: Crawled (200) <GET http://www.ppmoney.com/xiaodaibao?page=4> (referer: None)
2015-09-15 10:53:42+0800 [ppmoney] DEBUG: Crawled (200) <GET http://www.ppmoney.com/xiaodaibao?page=5> (referer: None)
2015-09-15 10:53:45+0800 [ppmoney] DEBUG: Crawled (200) <GET http://www.ppmoney.com/xiaodaibao?page=6> (referer: None)
2015-09-15 10:53:49+0800 [ppmoney] DEBUG: Crawled (200) <GET http://www.ppmoney.com/xiaodaibao?page=7> (referer: None)
2015-09-15 10:53:52+0800 [ppmoney] DEBUG: Crawled (200) <GET http://www.ppmoney.com/xiaodaibao?page=8> (referer: None)
2015-09-15 10:53:56+0800 [ppmoney] DEBUG: Crawled (200) <GET http://www.ppmoney.com/xiaodaibao?page=9> (referer: None)
2015-09-15 10:54:00+0800 [ppmoney] DEBUG: Crawled (200) <GET http://www.ppmoney.com/zhitoubao?page=1> (referer: None)
2015-09-15 10:54:05+0800 [ppmoney] DEBUG: Crawled (200) <GET http://www.ppmoney.com/zhitoubao?page=2> (referer: None)
2015-09-15 10:54:09+0800 [ppmoney] DEBUG: Crawled (200) <GET http://www.ppmoney.com/zhitoubao?page=3> (referer: None)
2015-09-15 10:54:13+0800 [ppmoney] DEBUG: Crawled (200) <GET http://www.ppmoney.com/zhitoubao?page=4> (referer: None)
2015-09-15 10:54:17+0800 [ppmoney] DEBUG: Crawled (200) <GET http://www.ppmoney.com/zhitoubao?page=5> (referer: None)
2015-09-15 10:54:20+0800 [ppmoney] DEBUG: Crawled (200) <GET http://www.ppmoney.com/zhitoubao?page=6> (referer: None)
2015-09-15 10:54:25+0800 [ppmoney] DEBUG: Crawled (200) <GET http://www.ppmoney.com/zhitoubao?page=7> (referer: None)
2015-09-15 10:54:26+0800 [ppmoney] INFO: Crawled 16 pages (at 16 pages/min), scraped 0 items (at 0 items/min)
2015-09-15 10:54:28+0800 [ppmoney] DEBUG: Crawled (200) <GET http://www.ppmoney.com/zhitoubao?page=8> (referer: None)
2015-09-15 10:54:31+0800 [ppmoney] DEBUG: Crawled (200) <GET http://www.ppmoney.com/zhitoubao?page=9> (referer: None)
2015-09-15 10:54:31+0800 [ppmoney] INFO: Closing spider (finished)
2015-09-15 10:54:31+0800 [ppmoney] INFO: Dumping Scrapy stats:
	{'downloader/request_bytes': 4149,
	 'downloader/request_count': 18,
	 'downloader/request_method_count/GET': 18,
	 'downloader/response_bytes': 143819,
	 'downloader/response_count': 18,
	 'downloader/response_status_count/200': 18,
	 'finish_reason': 'finished',
	 'finish_time': datetime.datetime(2015, 9, 15, 2, 54, 31, 807080),
	 'log_count/DEBUG': 20,
	 'log_count/INFO': 8,
	 'response_received_count': 18,
	 'scheduler/dequeued': 18,
	 'scheduler/dequeued/memory': 18,
	 'scheduler/enqueued': 18,
	 'scheduler/enqueued/memory': 18,
	 'start_time': datetime.datetime(2015, 9, 15, 2, 53, 26, 545946)}
2015-09-15 10:54:31+0800 [ppmoney] INFO: Spider closed (finished)
2015-09-15 10:54:41 爬取结束-------------ppmoney---------------------------------------
