2015-09-14 14:59:37 开始运行爬虫----------jimuhezi---------------------------------------
2015-09-14 14:59:47+0800 [scrapy] INFO: Scrapy 0.24.4 started (bot: jimuhezi)
2015-09-14 14:59:47+0800 [scrapy] INFO: Optional features available: ssl, http11, boto, django
2015-09-14 14:59:47+0800 [scrapy] INFO: Overridden settings: {'NEWSPIDER_MODULE': 'jimuhezi.spiders', 'SPIDER_MODULES': ['jimuhezi.spiders'], 'BOT_NAME': 'jimuhezi'}
2015-09-14 14:59:47+0800 [scrapy] INFO: Enabled extensions: LogStats, TelnetConsole, CloseSpider, WebService, CoreStats, SpiderState
2015-09-14 14:59:48+0800 [scrapy] INFO: Enabled downloader middlewares: HttpAuthMiddleware, DownloadTimeoutMiddleware, UserAgentMiddleware, RetryMiddleware, DefaultHeadersMiddleware, MetaRefreshMiddleware, HttpCompressionMiddleware, RedirectMiddleware, CookiesMiddleware, ChunkedTransferMiddleware, DownloaderStats
2015-09-14 14:59:48+0800 [scrapy] INFO: Enabled spider middlewares: HttpErrorMiddleware, OffsiteMiddleware, RefererMiddleware, UrlLengthMiddleware, DepthMiddleware
2015-09-14 14:59:48+0800 [scrapy] INFO: Enabled item pipelines: JimuheziPipeline
2015-09-14 14:59:48+0800 [jimuhezi] INFO: Spider opened
2015-09-14 14:59:48+0800 [jimuhezi] INFO: Crawled 0 pages (at 0 pages/min), scraped 0 items (at 0 items/min)
2015-09-14 14:59:48+0800 [scrapy] DEBUG: Telnet console listening on 127.0.0.1:6041
2015-09-14 14:59:48+0800 [scrapy] DEBUG: Web service listening on 127.0.0.1:6098
2015-09-14 14:59:48+0800 [jimuhezi] DEBUG: Crawled (200) <GET https://www.jimubox.com/Project/Index/61957> (referer: None)
2015-09-14 14:59:48+0800 [jimuhezi] DEBUG: Scraped from <200 https://www.jimubox.com/Project/Index/61957>
	{'amount': u'28.4\u4e07',
	 'area': u'8%',
	 'description': u'\u672c\u9879\u76ee\u4e3a\u4e2a\u4eba\u8d37\u6b3e\u4ea7\u54c1\u3002\u8d2d\u8f66\u4eba\u4e0e\u79ef\u6728\u76d2\u5b50\u6838\u51c6\u7684\u5408\u4f5c\u65b9\u7b7e\u8ba2\u5206\u671f\u4ed8\u6b3e\u8d2d\u8f66\u670d\u52a1\u534f\u8bae\uff0c\u59d4\u6258\u5206\u671f\u4ed8\u6b3e\u8d2d\u8f66\u3002\u7531\u4e8e\u94f6\u884c\u6309\u63ed\u8d37\u6b3e\u5ba1\u6279\u9700\u8981\u4e00\u5b9a\u7684\u65f6\u95f4\uff0c\u79ef\u6728\u76d2\u5b50\u6838\u51c6\u7684\u5408\u4f5c\u65b9\u53d7\u8d2d\u8f66\u4eba\u59d4\u6258\u5728\u6309\u63ed\u8d37\u6b3e\u989d\u5ea6\u5185\u5411\u79ef\u6728\u76d2\u5b50\u7533\u8bf7\u878d\u8d44\uff0c\u7528\u4e8e\u94f6\u884c\u6309\u63ed\u8d37\u6b3e\u653e\u6b3e\u524d\u7684\u57ab\u8d44\u4ee3\u8d2d\u3002',
	 'income_rate': u'8',
	 'link': 'https://www.jimubox.com/Project/Index/61957',
	 'min_amount': '',
	 'name': u'\u8f66\u8f86\u5468\u8f6c\u8d37115804-1-1',
	 'process': '100',
	 'protect_mode': '',
	 'repay_type': u'\u4e00\u6b21\u8fd8\u672c\u4ed8\u606f',
	 'reward': '',
	 'term': u'1.83\u4e2a\u6708',
	 'transfer_claim': u'525Li'}
2015-09-14 14:59:50+0800 [jimuhezi] DEBUG: Crawled (200) <GET https://www.jimubox.com/Project/Index/61956> (referer: None)
2015-09-14 14:59:50+0800 [jimuhezi] DEBUG: Scraped from <200 https://www.jimubox.com/Project/Index/61956>
	{'amount': u'11.22\u4e07',
	 'area': u'8%',
	 'description': u'\u672c\u9879\u76ee\u4e3a\u4e2a\u4eba\u8d37\u6b3e\u4ea7\u54c1\u3002\u8d2d\u8f66\u4eba\u4e0e\u79ef\u6728\u76d2\u5b50\u6838\u51c6\u7684\u5408\u4f5c\u65b9\u7b7e\u8ba2\u5206\u671f\u4ed8\u6b3e\u8d2d\u8f66\u670d\u52a1\u534f\u8bae\uff0c\u59d4\u6258\u5206\u671f\u4ed8\u6b3e\u8d2d\u8f66\u3002\u7531\u4e8e\u94f6\u884c\u6309\u63ed\u8d37\u6b3e\u5ba1\u6279\u9700\u8981\u4e00\u5b9a\u7684\u65f6\u95f4\uff0c\u79ef\u6728\u76d2\u5b50\u6838\u51c6\u7684\u5408\u4f5c\u65b9\u53d7\u8d2d\u8f66\u4eba\u59d4\u6258\u5728\u6309\u63ed\u8d37\u6b3e\u989d\u5ea6\u5185\u5411\u79ef\u6728\u76d2\u5b50\u7533\u8bf7\u878d\u8d44\uff0c\u7528\u4e8e\u94f6\u884c\u6309\u63ed\u8d37\u6b3e\u653e\u6b3e\u524d\u7684\u57ab\u8d44\u4ee3\u8d2d\u3002',
	 'income_rate': u'8',
	 'link': 'https://www.jimubox.com/Project/Index/61956',
	 'min_amount': '',
	 'name': u'\u8f66\u8f86\u5468\u8f6c\u8d37115803-1-1',
	 'process': '100',
	 'protect_mode': '',
	 'repay_type': u'\u4e00\u6b21\u8fd8\u672c\u4ed8\u606f',
	 'reward': '',
	 'term': u'1.83\u4e2a\u6708',
	 'transfer_claim': u'MINI'}
2015-09-14 14:59:51+0800 [jimuhezi] DEBUG: Crawled (200) <GET https://www.jimubox.com/Project/Index/61955> (referer: None)
2015-09-14 14:59:51+0800 [jimuhezi] DEBUG: Scraped from <200 https://www.jimubox.com/Project/Index/61955>
	{'amount': u'27.3\u4e07',
	 'area': u'2015-12-17',
	 'description': u'\u672c\u9879\u76ee\u4e3a\u4e8c\u624b\u8f66\u7ecf\u9500\u5546\u5468\u8f6c\u878d\u8d44\u4ea7\u54c1\u3002\u672c\u4ea7\u54c1\u9879\u4e0b\u7684\u501f\u6b3e\u4eba\u4e3b\u8425\u4e1a\u52a1\u4e3a\u4e8c\u624b\u8f66\u6536\u8d2d\u53ca\u9500\u552e\uff0c\u501f\u6b3e\u7528\u9014\u4e3a\u7ecf\u8425\u5468\u8f6c\uff0c\u8fd8\u6b3e\u6765\u6e90\u4e3a\u9500\u552e\u8f66\u8f86\u7684\u7ecf\u8425\u6536\u5165\u3002\u7531\u79ef\u6728\u76d2\u5b50\u8ba4\u8bc1\u7684\u5408\u4f5c\u65b9\u5411\u5e73\u53f0\u63a8\u8350\u4f18\u8d28\u4e8c\u624b\u8f66\u7ecf\u9500\u5546\uff0c\u5e76\u5bf9\u878d\u8d44\u4eba\u7684\u5e93\u5b58\u8f66\u8f86\u8fdb\u884c\u76d1\u7ba1\uff0c\u76d1\u7ba1\u65b9\u5c31\u4e0a\u8ff0\u76d1\u7ba1\u8f66\u8f86\u91c7\u53d6\u76f8\u5173\u63aa\u65bd\uff0c\u6258\u7ba1\u8f66\u8f86\u8bc1\u7167\u3001\u4fdd\u8bc1\u8f66\u8f86\u5b89\u5168\uff0c\u5e76\u76d1\u6d4b\u8f66\u8f86\u9500\u552e\u53ca\u8f66\u5546\u8d44\u91d1\u56de\u6d41\u60c5\u51b5\u6566\u4fc3\u8f66\u5546\u5c65\u884c\u8fd8\u6b3e\u4e49\u52a1\u3002',
	 'income_rate': u'8',
	 'link': 'https://www.jimubox.com/Project/Index/61955',
	 'min_amount': '',
	 'name': u'\u8f66\u5546\u5468\u8f6c\u8d37115590-1-1',
	 'process': '100',
	 'protect_mode': '',
	 'repay_type': u'\u5148\u606f\u540e\u672c',
	 'reward': '',
	 'term': u'3\u4e2a\u6708',
	 'transfer_claim': u'\u5965\u8fea \u5965\u8feaQ7 2012\u6b3e 3.0 TFSI \u6280\u672f\u578b(200kW)'}
2015-09-14 14:59:52+0800 [jimuhezi] DEBUG: Crawled (200) <GET https://www.jimubox.com/Project/Index/61954> (referer: None)
2015-09-14 14:59:52+0800 [jimuhezi] DEBUG: Scraped from <200 https://www.jimubox.com/Project/Index/61954>
	{'amount': u'30.1\u4e07',
	 'area': u'2015-12-17',
	 'description': u'\u672c\u9879\u76ee\u4e3a\u4e8c\u624b\u8f66\u7ecf\u9500\u5546\u5468\u8f6c\u878d\u8d44\u4ea7\u54c1\u3002\u672c\u4ea7\u54c1\u9879\u4e0b\u7684\u501f\u6b3e\u4eba\u4e3b\u8425\u4e1a\u52a1\u4e3a\u4e8c\u624b\u8f66\u6536\u8d2d\u53ca\u9500\u552e\uff0c\u501f\u6b3e\u7528\u9014\u4e3a\u7ecf\u8425\u5468\u8f6c\uff0c\u8fd8\u6b3e\u6765\u6e90\u4e3a\u9500\u552e\u8f66\u8f86\u7684\u7ecf\u8425\u6536\u5165\u3002\u7531\u79ef\u6728\u76d2\u5b50\u8ba4\u8bc1\u7684\u5408\u4f5c\u65b9\u5411\u5e73\u53f0\u63a8\u8350\u4f18\u8d28\u4e8c\u624b\u8f66\u7ecf\u9500\u5546\uff0c\u5e76\u5bf9\u878d\u8d44\u4eba\u7684\u5e93\u5b58\u8f66\u8f86\u8fdb\u884c\u76d1\u7ba1\uff0c\u76d1\u7ba1\u65b9\u5c31\u4e0a\u8ff0\u76d1\u7ba1\u8f66\u8f86\u91c7\u53d6\u76f8\u5173\u63aa\u65bd\uff0c\u6258\u7ba1\u8f66\u8f86\u8bc1\u7167\u3001\u4fdd\u8bc1\u8f66\u8f86\u5b89\u5168\uff0c\u5e76\u76d1\u6d4b\u8f66\u8f86\u9500\u552e\u53ca\u8f66\u5546\u8d44\u91d1\u56de\u6d41\u60c5\u51b5\u6566\u4fc3\u8f66\u5546\u5c65\u884c\u8fd8\u6b3e\u4e49\u52a1\u3002',
	 'income_rate': u'8',
	 'link': 'https://www.jimubox.com/Project/Index/61954',
	 'min_amount': '',
	 'name': u'\u8f66\u5546\u5468\u8f6c\u8d37115591-1-1',
	 'process': '100',
	 'protect_mode': '',
	 'repay_type': u'\u5148\u606f\u540e\u672c',
	 'reward': '',
	 'term': u'3\u4e2a\u6708',
	 'transfer_claim': u'\u5b9d\u9a6c \u5b9d\u9a6cX5 2013\u6b3e eDrive Concept'}
2015-09-14 14:59:54+0800 [jimuhezi] DEBUG: Crawled (200) <GET https://www.jimubox.com/Project/Index/61939> (referer: None)
2015-09-14 14:59:54+0800 [jimuhezi] DEBUG: Scraped from <200 https://www.jimubox.com/Project/Index/61939>
	{'amount': u'19.6\u4e07',
	 'area': u'8%',
	 'description': u'\u672c\u9879\u76ee\u4e3a\u4e2a\u4eba\u8d37\u6b3e\u4ea7\u54c1\u3002\u8d2d\u8f66\u4eba\u4e0e\u79ef\u6728\u76d2\u5b50\u6838\u51c6\u7684\u5408\u4f5c\u65b9\u7b7e\u8ba2\u5206\u671f\u4ed8\u6b3e\u8d2d\u8f66\u670d\u52a1\u534f\u8bae\uff0c\u59d4\u6258\u5206\u671f\u4ed8\u6b3e\u8d2d\u8f66\u3002\u7531\u4e8e\u94f6\u884c\u6309\u63ed\u8d37\u6b3e\u5ba1\u6279\u9700\u8981\u4e00\u5b9a\u7684\u65f6\u95f4\uff0c\u79ef\u6728\u76d2\u5b50\u6838\u51c6\u7684\u5408\u4f5c\u65b9\u53d7\u8d2d\u8f66\u4eba\u59d4\u6258\u5728\u6309\u63ed\u8d37\u6b3e\u989d\u5ea6\u5185\u5411\u79ef\u6728\u76d2\u5b50\u7533\u8bf7\u878d\u8d44\uff0c\u7528\u4e8e\u94f6\u884c\u6309\u63ed\u8d37\u6b3e\u653e\u6b3e\u524d\u7684\u57ab\u8d44\u4ee3\u8d2d\u3002',
	 'income_rate': u'8',
	 'link': 'https://www.jimubox.com/Project/Index/61939',
	 'min_amount': '',
	 'name': u'\u8f66\u8f86\u5468\u8f6c\u8d37115671-1-1',
	 'process': '100',
	 'protect_mode': '',
	 'repay_type': u'\u4e00\u6b21\u8fd8\u672c\u4ed8\u606f',
	 'reward': '',
	 'term': u'1.83\u4e2a\u6708',
	 'transfer_claim': u'320Li'}
2015-09-14 14:59:55+0800 [jimuhezi] DEBUG: Crawled (200) <GET https://www.jimubox.com/Project/Index/61952> (referer: None)
2015-09-14 14:59:55+0800 [jimuhezi] DEBUG: Scraped from <200 https://www.jimubox.com/Project/Index/61952>
	{'amount': u'9.1\u4e07',
	 'area': u'2015-12-17',
	 'description': u'\u672c\u9879\u76ee\u4e3a\u4e8c\u624b\u8f66\u7ecf\u9500\u5546\u5468\u8f6c\u878d\u8d44\u4ea7\u54c1\u3002\u672c\u4ea7\u54c1\u9879\u4e0b\u7684\u501f\u6b3e\u4eba\u4e3b\u8425\u4e1a\u52a1\u4e3a\u4e8c\u624b\u8f66\u6536\u8d2d\u53ca\u9500\u552e\uff0c\u501f\u6b3e\u7528\u9014\u4e3a\u7ecf\u8425\u5468\u8f6c\uff0c\u8fd8\u6b3e\u6765\u6e90\u4e3a\u9500\u552e\u8f66\u8f86\u7684\u7ecf\u8425\u6536\u5165\u3002\u7531\u79ef\u6728\u76d2\u5b50\u8ba4\u8bc1\u7684\u5408\u4f5c\u65b9\u5411\u5e73\u53f0\u63a8\u8350\u4f18\u8d28\u4e8c\u624b\u8f66\u7ecf\u9500\u5546\uff0c\u5e76\u5bf9\u878d\u8d44\u4eba\u7684\u5e93\u5b58\u8f66\u8f86\u8fdb\u884c\u76d1\u7ba1\uff0c\u76d1\u7ba1\u65b9\u5c31\u4e0a\u8ff0\u76d1\u7ba1\u8f66\u8f86\u91c7\u53d6\u76f8\u5173\u63aa\u65bd\uff0c\u6258\u7ba1\u8f66\u8f86\u8bc1\u7167\u3001\u4fdd\u8bc1\u8f66\u8f86\u5b89\u5168\uff0c\u5e76\u76d1\u6d4b\u8f66\u8f86\u9500\u552e\u53ca\u8f66\u5546\u8d44\u91d1\u56de\u6d41\u60c5\u51b5\u6566\u4fc3\u8f66\u5546\u5c65\u884c\u8fd8\u6b3e\u4e49\u52a1\u3002',
	 'income_rate': u'8',
	 'link': 'https://www.jimubox.com/Project/Index/61952',
	 'min_amount': '',
	 'name': u'\u8f66\u5546\u5468\u8f6c\u8d37115656-1-1',
	 'process': '100',
	 'protect_mode': '',
	 'repay_type': u'\u5148\u606f\u540e\u672c',
	 'reward': '',
	 'term': u'3\u4e2a\u6708',
	 'transfer_claim': u'\u5954\u9a70 \u5954\u9a70C\u7ea7 2008\u6b3e C 230 \u65f6\u5c1a\u578b'}
2015-09-14 14:59:56+0800 [jimuhezi] DEBUG: Crawled (200) <GET https://www.jimubox.com/Project/Index/61951> (referer: None)
2015-09-14 14:59:56+0800 [jimuhezi] DEBUG: Scraped from <200 https://www.jimubox.com/Project/Index/61951>
	{'amount': u'7\u4e07',
	 'area': u'2015-12-17',
	 'description': u'\u672c\u9879\u76ee\u4e3a\u4e8c\u624b\u8f66\u7ecf\u9500\u5546\u5468\u8f6c\u878d\u8d44\u4ea7\u54c1\u3002\u672c\u4ea7\u54c1\u9879\u4e0b\u7684\u501f\u6b3e\u4eba\u4e3b\u8425\u4e1a\u52a1\u4e3a\u4e8c\u624b\u8f66\u6536\u8d2d\u53ca\u9500\u552e\uff0c\u501f\u6b3e\u7528\u9014\u4e3a\u7ecf\u8425\u5468\u8f6c\uff0c\u8fd8\u6b3e\u6765\u6e90\u4e3a\u9500\u552e\u8f66\u8f86\u7684\u7ecf\u8425\u6536\u5165\u3002\u7531\u79ef\u6728\u76d2\u5b50\u8ba4\u8bc1\u7684\u5408\u4f5c\u65b9\u5411\u5e73\u53f0\u63a8\u8350\u4f18\u8d28\u4e8c\u624b\u8f66\u7ecf\u9500\u5546\uff0c\u5e76\u5bf9\u878d\u8d44\u4eba\u7684\u5e93\u5b58\u8f66\u8f86\u8fdb\u884c\u76d1\u7ba1\uff0c\u76d1\u7ba1\u65b9\u5c31\u4e0a\u8ff0\u76d1\u7ba1\u8f66\u8f86\u91c7\u53d6\u76f8\u5173\u63aa\u65bd\uff0c\u6258\u7ba1\u8f66\u8f86\u8bc1\u7167\u3001\u4fdd\u8bc1\u8f66\u8f86\u5b89\u5168\uff0c\u5e76\u76d1\u6d4b\u8f66\u8f86\u9500\u552e\u53ca\u8f66\u5546\u8d44\u91d1\u56de\u6d41\u60c5\u51b5\u6566\u4fc3\u8f66\u5546\u5c65\u884c\u8fd8\u6b3e\u4e49\u52a1\u3002',
	 'income_rate': u'8',
	 'link': 'https://www.jimubox.com/Project/Index/61951',
	 'min_amount': '',
	 'name': u'\u8f66\u5546\u5468\u8f6c\u8d37115659-1-1',
	 'process': '100',
	 'protect_mode': '',
	 'repay_type': u'\u5148\u606f\u540e\u672c',
	 'reward': '',
	 'term': u'3\u4e2a\u6708',
	 'transfer_claim': u'\u5927\u4f17 \u5e15\u8428\u7279 2011\u6b3e 1.8TSI DSG\u5c0a\u8363\u7248'}
2015-09-14 14:59:58+0800 [jimuhezi] DEBUG: Crawled (200) <GET https://www.jimubox.com/Project/Index/61935> (referer: None)
2015-09-14 14:59:58+0800 [jimuhezi] DEBUG: Scraped from <200 https://www.jimubox.com/Project/Index/61935>
	{'amount': u'12.53\u4e07',
	 'area': u'2015-12-17',
	 'description': u'\u672c\u9879\u76ee\u4e3a\u4e8c\u624b\u8f66\u7ecf\u9500\u5546\u5468\u8f6c\u878d\u8d44\u4ea7\u54c1\u3002\u672c\u4ea7\u54c1\u9879\u4e0b\u7684\u501f\u6b3e\u4eba\u4e3b\u8425\u4e1a\u52a1\u4e3a\u4e8c\u624b\u8f66\u6536\u8d2d\u53ca\u9500\u552e\uff0c\u501f\u6b3e\u7528\u9014\u4e3a\u7ecf\u8425\u5468\u8f6c\uff0c\u8fd8\u6b3e\u6765\u6e90\u4e3a\u9500\u552e\u8f66\u8f86\u7684\u7ecf\u8425\u6536\u5165\u3002\u7531\u79ef\u6728\u76d2\u5b50\u8ba4\u8bc1\u7684\u5408\u4f5c\u65b9\u5411\u5e73\u53f0\u63a8\u8350\u4f18\u8d28\u4e8c\u624b\u8f66\u7ecf\u9500\u5546\uff0c\u5e76\u5bf9\u878d\u8d44\u4eba\u7684\u5e93\u5b58\u8f66\u8f86\u8fdb\u884c\u76d1\u7ba1\uff0c\u76d1\u7ba1\u65b9\u5c31\u4e0a\u8ff0\u76d1\u7ba1\u8f66\u8f86\u91c7\u53d6\u76f8\u5173\u63aa\u65bd\uff0c\u6258\u7ba1\u8f66\u8f86\u8bc1\u7167\u3001\u4fdd\u8bc1\u8f66\u8f86\u5b89\u5168\uff0c\u5e76\u76d1\u6d4b\u8f66\u8f86\u9500\u552e\u53ca\u8f66\u5546\u8d44\u91d1\u56de\u6d41\u60c5\u51b5\u6566\u4fc3\u8f66\u5546\u5c65\u884c\u8fd8\u6b3e\u4e49\u52a1\u3002',
	 'income_rate': u'8',
	 'link': 'https://www.jimubox.com/Project/Index/61935',
	 'min_amount': '',
	 'name': u'\u8f66\u5546\u5468\u8f6c\u8d37115667-1-1',
	 'process': '100',
	 'protect_mode': '',
	 'repay_type': u'\u5148\u606f\u540e\u672c',
	 'reward': '',
	 'term': u'3\u4e2a\u6708',
	 'transfer_claim': u'\u672c\u7530 \u6b4c\u8bd7\u56fe 2012\u6b3e 2.4L \u8c6a\u534e\u7248'}
2015-09-14 14:59:59+0800 [jimuhezi] DEBUG: Crawled (200) <GET https://www.jimubox.com/Project/Index/61934> (referer: None)
2015-09-14 14:59:59+0800 [jimuhezi] DEBUG: Scraped from <200 https://www.jimubox.com/Project/Index/61934>
	{'amount': u'28\u4e07',
	 'area': u'2015-12-17',
	 'description': u'\u672c\u9879\u76ee\u4e3a\u4e8c\u624b\u8f66\u7ecf\u9500\u5546\u5468\u8f6c\u878d\u8d44\u4ea7\u54c1\u3002\u672c\u4ea7\u54c1\u9879\u4e0b\u7684\u501f\u6b3e\u4eba\u4e3b\u8425\u4e1a\u52a1\u4e3a\u4e8c\u624b\u8f66\u6536\u8d2d\u53ca\u9500\u552e\uff0c\u501f\u6b3e\u7528\u9014\u4e3a\u7ecf\u8425\u5468\u8f6c\uff0c\u8fd8\u6b3e\u6765\u6e90\u4e3a\u9500\u552e\u8f66\u8f86\u7684\u7ecf\u8425\u6536\u5165\u3002\u7531\u79ef\u6728\u76d2\u5b50\u8ba4\u8bc1\u7684\u5408\u4f5c\u65b9\u5411\u5e73\u53f0\u63a8\u8350\u4f18\u8d28\u4e8c\u624b\u8f66\u7ecf\u9500\u5546\uff0c\u5e76\u5bf9\u878d\u8d44\u4eba\u7684\u5e93\u5b58\u8f66\u8f86\u8fdb\u884c\u76d1\u7ba1\uff0c\u76d1\u7ba1\u65b9\u5c31\u4e0a\u8ff0\u76d1\u7ba1\u8f66\u8f86\u91c7\u53d6\u76f8\u5173\u63aa\u65bd\uff0c\u6258\u7ba1\u8f66\u8f86\u8bc1\u7167\u3001\u4fdd\u8bc1\u8f66\u8f86\u5b89\u5168\uff0c\u5e76\u76d1\u6d4b\u8f66\u8f86\u9500\u552e\u53ca\u8f66\u5546\u8d44\u91d1\u56de\u6d41\u60c5\u51b5\u6566\u4fc3\u8f66\u5546\u5c65\u884c\u8fd8\u6b3e\u4e49\u52a1\u3002',
	 'income_rate': u'8',
	 'link': 'https://www.jimubox.com/Project/Index/61934',
	 'min_amount': '',
	 'name': u'\u8f66\u5546\u5468\u8f6c\u8d37115668-1-1',
	 'process': '100',
	 'protect_mode': '',
	 'repay_type': u'\u5148\u606f\u540e\u672c',
	 'reward': '',
	 'term': u'3\u4e2a\u6708',
	 'transfer_claim': u'\u5b9d\u9a6c \u5b9d\u9a6cX5 2011\u6b3e  xDrive50i \u8c6a\u534e\u578b'}
2015-09-14 15:00:00+0800 [jimuhezi] DEBUG: Crawled (200) <GET https://www.jimubox.com/Project/Index/61937> (referer: None)
2015-09-14 15:00:00+0800 [jimuhezi] DEBUG: Scraped from <200 https://www.jimubox.com/Project/Index/61937>
	{'amount': u'20.3\u4e07',
	 'area': u'2015-12-17',
	 'description': u'\u672c\u9879\u76ee\u4e3a\u4e8c\u624b\u8f66\u7ecf\u9500\u5546\u5468\u8f6c\u878d\u8d44\u4ea7\u54c1\u3002\u672c\u4ea7\u54c1\u9879\u4e0b\u7684\u501f\u6b3e\u4eba\u4e3b\u8425\u4e1a\u52a1\u4e3a\u4e8c\u624b\u8f66\u6536\u8d2d\u53ca\u9500\u552e\uff0c\u501f\u6b3e\u7528\u9014\u4e3a\u7ecf\u8425\u5468\u8f6c\uff0c\u8fd8\u6b3e\u6765\u6e90\u4e3a\u9500\u552e\u8f66\u8f86\u7684\u7ecf\u8425\u6536\u5165\u3002\u7531\u79ef\u6728\u76d2\u5b50\u8ba4\u8bc1\u7684\u5408\u4f5c\u65b9\u5411\u5e73\u53f0\u63a8\u8350\u4f18\u8d28\u4e8c\u624b\u8f66\u7ecf\u9500\u5546\uff0c\u5e76\u5bf9\u878d\u8d44\u4eba\u7684\u5e93\u5b58\u8f66\u8f86\u8fdb\u884c\u76d1\u7ba1\uff0c\u76d1\u7ba1\u65b9\u5c31\u4e0a\u8ff0\u76d1\u7ba1\u8f66\u8f86\u91c7\u53d6\u76f8\u5173\u63aa\u65bd\uff0c\u6258\u7ba1\u8f66\u8f86\u8bc1\u7167\u3001\u4fdd\u8bc1\u8f66\u8f86\u5b89\u5168\uff0c\u5e76\u76d1\u6d4b\u8f66\u8f86\u9500\u552e\u53ca\u8f66\u5546\u8d44\u91d1\u56de\u6d41\u60c5\u51b5\u6566\u4fc3\u8f66\u5546\u5c65\u884c\u8fd8\u6b3e\u4e49\u52a1\u3002',
	 'income_rate': u'8',
	 'link': 'https://www.jimubox.com/Project/Index/61937',
	 'min_amount': '',
	 'name': u'\u8f66\u5546\u5468\u8f6c\u8d37115664-1-1',
	 'process': '100',
	 'protect_mode': '',
	 'repay_type': u'\u5148\u606f\u540e\u672c',
	 'reward': '',
	 'term': u'3\u4e2a\u6708',
	 'transfer_claim': u'\u8def\u864e \u63fd\u80dc\u6781\u5149(\u8fdb\u53e3) 2013\u6b3e 2.0T 5\u95e8\u71a0\u52a8\u9650\u91cf\u7248'}
2015-09-14 15:00:01+0800 [jimuhezi] DEBUG: Crawled (200) <GET https://www.jimubox.com/Project/Index/61936> (referer: None)
2015-09-14 15:00:01+0800 [jimuhezi] DEBUG: Scraped from <200 https://www.jimubox.com/Project/Index/61936>
	{'amount': u'9.1\u4e07',
	 'area': u'2015-12-17',
	 'description': u'\u672c\u9879\u76ee\u4e3a\u4e8c\u624b\u8f66\u7ecf\u9500\u5546\u5468\u8f6c\u878d\u8d44\u4ea7\u54c1\u3002\u672c\u4ea7\u54c1\u9879\u4e0b\u7684\u501f\u6b3e\u4eba\u4e3b\u8425\u4e1a\u52a1\u4e3a\u4e8c\u624b\u8f66\u6536\u8d2d\u53ca\u9500\u552e\uff0c\u501f\u6b3e\u7528\u9014\u4e3a\u7ecf\u8425\u5468\u8f6c\uff0c\u8fd8\u6b3e\u6765\u6e90\u4e3a\u9500\u552e\u8f66\u8f86\u7684\u7ecf\u8425\u6536\u5165\u3002\u7531\u79ef\u6728\u76d2\u5b50\u8ba4\u8bc1\u7684\u5408\u4f5c\u65b9\u5411\u5e73\u53f0\u63a8\u8350\u4f18\u8d28\u4e8c\u624b\u8f66\u7ecf\u9500\u5546\uff0c\u5e76\u5bf9\u878d\u8d44\u4eba\u7684\u5e93\u5b58\u8f66\u8f86\u8fdb\u884c\u76d1\u7ba1\uff0c\u76d1\u7ba1\u65b9\u5c31\u4e0a\u8ff0\u76d1\u7ba1\u8f66\u8f86\u91c7\u53d6\u76f8\u5173\u63aa\u65bd\uff0c\u6258\u7ba1\u8f66\u8f86\u8bc1\u7167\u3001\u4fdd\u8bc1\u8f66\u8f86\u5b89\u5168\uff0c\u5e76\u76d1\u6d4b\u8f66\u8f86\u9500\u552e\u53ca\u8f66\u5546\u8d44\u91d1\u56de\u6d41\u60c5\u51b5\u6566\u4fc3\u8f66\u5546\u5c65\u884c\u8fd8\u6b3e\u4e49\u52a1\u3002',
	 'income_rate': u'8',
	 'link': 'https://www.jimubox.com/Project/Index/61936',
	 'min_amount': '',
	 'name': u'\u8f66\u5546\u5468\u8f6c\u8d37115666-1-1',
	 'process': '100',
	 'protect_mode': '',
	 'repay_type': u'\u5148\u606f\u540e\u672c',
	 'reward': '',
	 'term': u'3\u4e2a\u6708',
	 'transfer_claim': u'\u7eb3\u667a\u6377 \u59277 MPV 2015\u6b3e 2.0T \u8c6a\u534e\u578b'}
2015-09-14 15:00:02+0800 [jimuhezi] DEBUG: Crawled (200) <GET https://www.jimubox.com/Project/Index/61931> (referer: None)
2015-09-14 15:00:03+0800 [jimuhezi] DEBUG: Scraped from <200 https://www.jimubox.com/Project/Index/61931>
	{'amount': u'21.7\u4e07',
	 'area': u'2015-12-16',
	 'description': u'\u672c\u9879\u76ee\u4e3a\u4e8c\u624b\u8f66\u7ecf\u9500\u5546\u5468\u8f6c\u878d\u8d44\u4ea7\u54c1\u3002\u672c\u4ea7\u54c1\u9879\u4e0b\u7684\u501f\u6b3e\u4eba\u4e3b\u8425\u4e1a\u52a1\u4e3a\u4e8c\u624b\u8f66\u6536\u8d2d\u53ca\u9500\u552e\uff0c\u501f\u6b3e\u7528\u9014\u4e3a\u7ecf\u8425\u5468\u8f6c\uff0c\u8fd8\u6b3e\u6765\u6e90\u4e3a\u9500\u552e\u8f66\u8f86\u7684\u7ecf\u8425\u6536\u5165\u3002\u7531\u79ef\u6728\u76d2\u5b50\u8ba4\u8bc1\u7684\u5408\u4f5c\u65b9\u5411\u5e73\u53f0\u63a8\u8350\u4f18\u8d28\u4e8c\u624b\u8f66\u7ecf\u9500\u5546\uff0c\u5e76\u5bf9\u878d\u8d44\u4eba\u7684\u5e93\u5b58\u8f66\u8f86\u8fdb\u884c\u76d1\u7ba1\uff0c\u76d1\u7ba1\u65b9\u5c31\u4e0a\u8ff0\u76d1\u7ba1\u8f66\u8f86\u91c7\u53d6\u76f8\u5173\u63aa\u65bd\uff0c\u6258\u7ba1\u8f66\u8f86\u8bc1\u7167\u3001\u4fdd\u8bc1\u8f66\u8f86\u5b89\u5168\uff0c\u5e76\u76d1\u6d4b\u8f66\u8f86\u9500\u552e\u53ca\u8f66\u5546\u8d44\u91d1\u56de\u6d41\u60c5\u51b5\u6566\u4fc3\u8f66\u5546\u5c65\u884c\u8fd8\u6b3e\u4e49\u52a1\u3002',
	 'income_rate': u'8',
	 'link': 'https://www.jimubox.com/Project/Index/61931',
	 'min_amount': '',
	 'name': u'\u8f66\u5546\u5468\u8f6c\u8d37115460-1-1',
	 'process': '100',
	 'protect_mode': '',
	 'repay_type': u'\u5148\u606f\u540e\u672c',
	 'reward': '',
	 'term': u'3\u4e2a\u6708',
	 'transfer_claim': u'\u51ef\u8fea\u62c9\u514b \u51ef\u8fea\u62c9\u514bSRX 2014\u6b3e 3.0L \u8c6a\u534e\u578b'}
2015-09-14 15:00:04+0800 [jimuhezi] DEBUG: Crawled (200) <GET https://www.jimubox.com/Project/Index/61930> (referer: None)
2015-09-14 15:00:04+0800 [jimuhezi] DEBUG: Scraped from <200 https://www.jimubox.com/Project/Index/61930>
	{'amount': u'15.75\u4e07',
	 'area': u'2015-12-16',
	 'description': u'\u672c\u9879\u76ee\u4e3a\u4e8c\u624b\u8f66\u7ecf\u9500\u5546\u5468\u8f6c\u878d\u8d44\u4ea7\u54c1\u3002\u672c\u4ea7\u54c1\u9879\u4e0b\u7684\u501f\u6b3e\u4eba\u4e3b\u8425\u4e1a\u52a1\u4e3a\u4e8c\u624b\u8f66\u6536\u8d2d\u53ca\u9500\u552e\uff0c\u501f\u6b3e\u7528\u9014\u4e3a\u7ecf\u8425\u5468\u8f6c\uff0c\u8fd8\u6b3e\u6765\u6e90\u4e3a\u9500\u552e\u8f66\u8f86\u7684\u7ecf\u8425\u6536\u5165\u3002\u7531\u79ef\u6728\u76d2\u5b50\u8ba4\u8bc1\u7684\u5408\u4f5c\u65b9\u5411\u5e73\u53f0\u63a8\u8350\u4f18\u8d28\u4e8c\u624b\u8f66\u7ecf\u9500\u5546\uff0c\u5e76\u5bf9\u878d\u8d44\u4eba\u7684\u5e93\u5b58\u8f66\u8f86\u8fdb\u884c\u76d1\u7ba1\uff0c\u76d1\u7ba1\u65b9\u5c31\u4e0a\u8ff0\u76d1\u7ba1\u8f66\u8f86\u91c7\u53d6\u76f8\u5173\u63aa\u65bd\uff0c\u6258\u7ba1\u8f66\u8f86\u8bc1\u7167\u3001\u4fdd\u8bc1\u8f66\u8f86\u5b89\u5168\uff0c\u5e76\u76d1\u6d4b\u8f66\u8f86\u9500\u552e\u53ca\u8f66\u5546\u8d44\u91d1\u56de\u6d41\u60c5\u51b5\u6566\u4fc3\u8f66\u5546\u5c65\u884c\u8fd8\u6b3e\u4e49\u52a1\u3002',
	 'income_rate': u'8',
	 'link': 'https://www.jimubox.com/Project/Index/61930',
	 'min_amount': '',
	 'name': u'\u8f66\u5546\u5468\u8f6c\u8d37115461-1-1',
	 'process': '100',
	 'protect_mode': '',
	 'repay_type': u'\u5148\u606f\u540e\u672c',
	 'reward': '',
	 'term': u'3\u4e2a\u6708',
	 'transfer_claim': u'\u51ef\u8fea\u62c9\u514b \u51ef\u8fea\u62c9\u514bXTS 2014\u6b3e 28T \u8212\u9002\u578b'}
2015-09-14 15:00:05+0800 [jimuhezi] DEBUG: Crawled (200) <GET https://www.jimubox.com/Project/Index/61959> (referer: None)
2015-09-14 15:00:05+0800 [jimuhezi] DEBUG: Scraped from <200 https://www.jimubox.com/Project/Index/61959>
	{'amount': u'13.05\u4e07',
	 'area': u'8%',
	 'description': u'\u672c\u9879\u76ee\u4e3a\u4e2a\u4eba\u8d37\u6b3e\u4ea7\u54c1\u3002\u8d2d\u8f66\u4eba\u4e0e\u79ef\u6728\u76d2\u5b50\u6838\u51c6\u7684\u5408\u4f5c\u65b9\u7b7e\u8ba2\u5206\u671f\u4ed8\u6b3e\u8d2d\u8f66\u670d\u52a1\u534f\u8bae\uff0c\u59d4\u6258\u5206\u671f\u4ed8\u6b3e\u8d2d\u8f66\u3002\u7531\u4e8e\u94f6\u884c\u6309\u63ed\u8d37\u6b3e\u5ba1\u6279\u9700\u8981\u4e00\u5b9a\u7684\u65f6\u95f4\uff0c\u79ef\u6728\u76d2\u5b50\u6838\u51c6\u7684\u5408\u4f5c\u65b9\u53d7\u8d2d\u8f66\u4eba\u59d4\u6258\u5728\u6309\u63ed\u8d37\u6b3e\u989d\u5ea6\u5185\u5411\u79ef\u6728\u76d2\u5b50\u7533\u8bf7\u878d\u8d44\uff0c\u7528\u4e8e\u94f6\u884c\u6309\u63ed\u8d37\u6b3e\u653e\u6b3e\u524d\u7684\u57ab\u8d44\u4ee3\u8d2d\u3002',
	 'income_rate': u'8',
	 'link': 'https://www.jimubox.com/Project/Index/61959',
	 'min_amount': '',
	 'name': u'\u8f66\u8f86\u5468\u8f6c\u8d37115806-1-1',
	 'process': '100',
	 'protect_mode': '',
	 'repay_type': u'\u4e00\u6b21\u8fd8\u672c\u4ed8\u606f',
	 'reward': '',
	 'term': u'1.83\u4e2a\u6708',
	 'transfer_claim': u'320i'}
2015-09-14 15:00:06+0800 [jimuhezi] DEBUG: Crawled (200) <GET https://www.jimubox.com/Project/Index/61958> (referer: None)
2015-09-14 15:00:06+0800 [jimuhezi] DEBUG: Scraped from <200 https://www.jimubox.com/Project/Index/61958>
	{'amount': u'35.5\u4e07',
	 'area': u'8%',
	 'description': u'\u672c\u9879\u76ee\u4e3a\u4e2a\u4eba\u8d37\u6b3e\u4ea7\u54c1\u3002\u8d2d\u8f66\u4eba\u4e0e\u79ef\u6728\u76d2\u5b50\u6838\u51c6\u7684\u5408\u4f5c\u65b9\u7b7e\u8ba2\u5206\u671f\u4ed8\u6b3e\u8d2d\u8f66\u670d\u52a1\u534f\u8bae\uff0c\u59d4\u6258\u5206\u671f\u4ed8\u6b3e\u8d2d\u8f66\u3002\u7531\u4e8e\u94f6\u884c\u6309\u63ed\u8d37\u6b3e\u5ba1\u6279\u9700\u8981\u4e00\u5b9a\u7684\u65f6\u95f4\uff0c\u79ef\u6728\u76d2\u5b50\u6838\u51c6\u7684\u5408\u4f5c\u65b9\u53d7\u8d2d\u8f66\u4eba\u59d4\u6258\u5728\u6309\u63ed\u8d37\u6b3e\u989d\u5ea6\u5185\u5411\u79ef\u6728\u76d2\u5b50\u7533\u8bf7\u878d\u8d44\uff0c\u7528\u4e8e\u94f6\u884c\u6309\u63ed\u8d37\u6b3e\u653e\u6b3e\u524d\u7684\u57ab\u8d44\u4ee3\u8d2d\u3002',
	 'income_rate': u'8',
	 'link': 'https://www.jimubox.com/Project/Index/61958',
	 'min_amount': '',
	 'name': u'\u8f66\u8f86\u5468\u8f6c\u8d37115805-1-1',
	 'process': '100',
	 'protect_mode': '',
	 'repay_type': u'\u4e00\u6b21\u8fd8\u672c\u4ed8\u606f',
	 'reward': '',
	 'term': u'1.83\u4e2a\u6708',
	 'transfer_claim': u'X5 35i'}
2015-09-14 15:00:07+0800 [jimuhezi] DEBUG: Crawled (200) <GET https://www.jimubox.com/Project/Index/61773> (referer: None)
2015-09-14 15:00:07+0800 [jimuhezi] DEBUG: Scraped from <200 https://www.jimubox.com/Project/Index/61773>
	{'amount': u'20\u4e07',
	 'area': u'8%',
	 'description': u'\u672c\u9879\u76ee\u4e3a\u4e2a\u4eba\u8d37\u6b3e\u4ea7\u54c1\u3002\u8d2d\u8f66\u4eba\u4e0e\u79ef\u6728\u76d2\u5b50\u6838\u51c6\u7684\u5408\u4f5c\u65b9\u7b7e\u8ba2\u5206\u671f\u4ed8\u6b3e\u8d2d\u8f66\u670d\u52a1\u534f\u8bae\uff0c\u59d4\u6258\u5206\u671f\u4ed8\u6b3e\u8d2d\u8f66\u3002\u7531\u4e8e\u94f6\u884c\u6309\u63ed\u8d37\u6b3e\u5ba1\u6279\u9700\u8981\u4e00\u5b9a\u7684\u65f6\u95f4\uff0c\u79ef\u6728\u76d2\u5b50\u6838\u51c6\u7684\u5408\u4f5c\u65b9\u53d7\u8d2d\u8f66\u4eba\u59d4\u6258\u5728\u6309\u63ed\u8d37\u6b3e\u989d\u5ea6\u5185\u5411\u79ef\u6728\u76d2\u5b50\u7533\u8bf7\u878d\u8d44\uff0c\u7528\u4e8e\u94f6\u884c\u6309\u63ed\u8d37\u6b3e\u653e\u6b3e\u524d\u7684\u57ab\u8d44\u4ee3\u8d2d\u3002',
	 'income_rate': u'8',
	 'link': 'https://www.jimubox.com/Project/Index/61773',
	 'min_amount': '',
	 'name': u'\u8f66\u8f86\u5468\u8f6c\u8d37115328-1-1',
	 'process': '100',
	 'protect_mode': '',
	 'repay_type': u'\u4e00\u6b21\u8fd8\u672c\u4ed8\u606f',
	 'reward': '',
	 'term': u'1.83\u4e2a\u6708',
	 'transfer_claim': u'320Li\u65f6\u5c1a'}
2015-09-14 15:00:09+0800 [jimuhezi] DEBUG: Crawled (200) <GET https://www.jimubox.com/Project/Index/61921> (referer: None)
2015-09-14 15:00:09+0800 [jimuhezi] DEBUG: Scraped from <200 https://www.jimubox.com/Project/Index/61921>
	{'amount': u'3.57\u4e07',
	 'area': u'\u5df2\u8ba4\u8bc1',
	 'description': u'\u672c\u9879\u76ee\u4e3a\u4e2a\u4eba\u5c0f\u989d\u4fe1\u7528\u878d\u8d44\u4ea7\u54c1\uff0c\u878d\u8d44\u4eba\u5411\u79ef\u6728\u76d2\u5b50\u6838\u51c6\u7684\u5408\u4f5c\u65b9\u63d0\u4ea4\u8d37\u6b3e\u7533\u8bf7\uff0c\u5408\u4f5c\u65b9\u6309\u7167\u79ef\u6728\u76d2\u5b50\u8ba4\u53ef\u7684\u6807\u51c6\u8fdb\u884c\u8d37\u524d\u8c03\u67e5\u53ca\u5ba1\u6279\uff0c\u5e76\u8fdb\u884c\u8fd8\u6b3e\u7ba1\u7406\u3002\u79ef\u6728\u76d2\u5b50\u4e3a\u5176\u5b8c\u6210\u4e0a\u7ebf\u878d\u8d44\u670d\u52a1\uff0c\u6295\u8d44\u4eba\u4f5c\u4e3a\u8d44\u91d1\u63d0\u4f9b\u65b9\u5411\u878d\u8d44\u4eba\u652f\u4ed8\u76f8\u5e94\u501f\u6b3e\u3002',
	 'income_rate': u'11',
	 'link': 'https://www.jimubox.com/Project/Index/61921',
	 'min_amount': '',
	 'name': u'\u4e2a\u4eba\u7ecf\u8425\u8d37115548-1-1',
	 'process': '100',
	 'protect_mode': '',
	 'repay_type': u'\u7b49\u989d\u672c\u606f',
	 'reward': '',
	 'term': u'12\u4e2a\u6708',
	 'transfer_claim': u'\u6b64\u9879\u76ee\u57282015-12-11 19:03:02\r\n                    \u540e\u5141\u8bb8\u503a\u6743\u8f6c\u8ba9'}
2015-09-14 15:00:10+0800 [jimuhezi] DEBUG: Crawled (200) <GET https://www.jimubox.com/Project/Index/61920> (referer: None)
2015-09-14 15:00:10+0800 [jimuhezi] DEBUG: Scraped from <200 https://www.jimubox.com/Project/Index/61920>
	{'amount': u'3.57\u4e07',
	 'area': u'\u5df2\u8ba4\u8bc1',
	 'description': u'\u672c\u9879\u76ee\u4e3a\u4e2a\u4eba\u5c0f\u989d\u4fe1\u7528\u878d\u8d44\u4ea7\u54c1\uff0c\u878d\u8d44\u4eba\u5411\u79ef\u6728\u76d2\u5b50\u6838\u51c6\u7684\u5408\u4f5c\u65b9\u63d0\u4ea4\u8d37\u6b3e\u7533\u8bf7\uff0c\u5408\u4f5c\u65b9\u6309\u7167\u79ef\u6728\u76d2\u5b50\u8ba4\u53ef\u7684\u6807\u51c6\u8fdb\u884c\u8d37\u524d\u8c03\u67e5\u53ca\u5ba1\u6279\uff0c\u5e76\u8fdb\u884c\u8fd8\u6b3e\u7ba1\u7406\u3002\u79ef\u6728\u76d2\u5b50\u4e3a\u5176\u5b8c\u6210\u4e0a\u7ebf\u878d\u8d44\u670d\u52a1\uff0c\u6295\u8d44\u4eba\u4f5c\u4e3a\u8d44\u91d1\u63d0\u4f9b\u65b9\u5411\u878d\u8d44\u4eba\u652f\u4ed8\u76f8\u5e94\u501f\u6b3e\u3002',
	 'income_rate': u'11',
	 'link': 'https://www.jimubox.com/Project/Index/61920',
	 'min_amount': '',
	 'name': u'\u4e2a\u4eba\u7ecf\u8425\u8d37113963-1-1',
	 'process': '100',
	 'protect_mode': '',
	 'repay_type': u'\u7b49\u989d\u672c\u606f',
	 'reward': '',
	 'term': u'12\u4e2a\u6708',
	 'transfer_claim': u'\u6b64\u9879\u76ee\u57282015-12-11 19:02:41\r\n                    \u540e\u5141\u8bb8\u503a\u6743\u8f6c\u8ba9'}
2015-09-14 15:00:11+0800 [jimuhezi] DEBUG: Crawled (200) <GET https://www.jimubox.com/Project/Index/61791> (referer: None)
2015-09-14 15:00:11+0800 [jimuhezi] DEBUG: Scraped from <200 https://www.jimubox.com/Project/Index/61791>
	{'amount': u'230\u4e07',
	 'area': u'\u7ecf\u8425\u5468\u8f6c',
	 'description': u'\u672c\u9879\u76ee\u4e3a\u623f\u4ea7\u5468\u8f6c\u878d\u8d44\u4ea7\u54c1\uff0c\u501f\u6b3e\u4eba\u5411\u94f6\u884c\u62b5\u62bc\u623f\u4ea7\u8fdb\u884c\u62b5\u62bc\u8d37\u6b3e\uff0c\u7528\u4e8e\u501f\u6b3e\u4eba\u7684\u7ecf\u8425\u5468\u8f6c\uff0c\u94f6\u884c\u5df2\u786e\u8ba4\u6279\u51c6\u8d37\u6b3e\uff0c\u79ef\u6728\u76d2\u5b50\u98ce\u9669\u7ba1\u7406\u59d4\u5458\u4f1a\u5df2\u9a8c\u8bab\uff0c\u6279\u5355\u91d1\u989d230\u4e07\u5143\u3002 \u7531\u4e8e\u501f\u6b3e\u4eba\u6025\u9700\u8d44\u91d1\uff0c\u94f6\u884c\u529e\u7406\u623f\u4ea7\u62b5\u62bc\u767b\u8bb0\u548c\u653e\u6b3e\u8fd8\u9700\u8981\u65f6\u95f4\uff0c\u6545\u9700\u8981\u8d44\u91d1\u8fdb\u884c\u77ed\u671f\u5468\u8f6c\u3002\u672c\u9879\u76ee\u623f\u4ea7\u5e02\u573a\u9884\u4f30\u4ef7\u503c\u7ea6373\u4e07\u5143\u3002',
	 'income_rate': u'8',
	 'link': 'https://www.jimubox.com/Project/Index/61791',
	 'min_amount': '',
	 'name': u'\u623f\u4ea7\u5468\u8f6c\u8d37115403-1-1',
	 'process': '100',
	 'protect_mode': '',
	 'repay_type': u'\u5148\u606f\u540e\u672c',
	 'reward': '',
	 'term': u'2\u4e2a\u6708',
	 'transfer_claim': u'\u6b64\u9879\u76ee\u57282015-09-14 10:04:46\r\n                    \u540e\u5141\u8bb8\u503a\u6743\u8f6c\u8ba9'}
2015-09-14 15:00:12+0800 [jimuhezi] DEBUG: Crawled (200) <GET https://www.jimubox.com/Project/Index/61953> (referer: None)
2015-09-14 15:00:12+0800 [jimuhezi] DEBUG: Scraped from <200 https://www.jimubox.com/Project/Index/61953>
	{'amount': u'5.6\u4e07',
	 'area': u'2015-12-17',
	 'description': u'\u672c\u9879\u76ee\u4e3a\u4e8c\u624b\u8f66\u7ecf\u9500\u5546\u5468\u8f6c\u878d\u8d44\u4ea7\u54c1\u3002\u672c\u4ea7\u54c1\u9879\u4e0b\u7684\u501f\u6b3e\u4eba\u4e3b\u8425\u4e1a\u52a1\u4e3a\u4e8c\u624b\u8f66\u6536\u8d2d\u53ca\u9500\u552e\uff0c\u501f\u6b3e\u7528\u9014\u4e3a\u7ecf\u8425\u5468\u8f6c\uff0c\u8fd8\u6b3e\u6765\u6e90\u4e3a\u9500\u552e\u8f66\u8f86\u7684\u7ecf\u8425\u6536\u5165\u3002\u7531\u79ef\u6728\u76d2\u5b50\u8ba4\u8bc1\u7684\u5408\u4f5c\u65b9\u5411\u5e73\u53f0\u63a8\u8350\u4f18\u8d28\u4e8c\u624b\u8f66\u7ecf\u9500\u5546\uff0c\u5e76\u5bf9\u878d\u8d44\u4eba\u7684\u5e93\u5b58\u8f66\u8f86\u8fdb\u884c\u76d1\u7ba1\uff0c\u76d1\u7ba1\u65b9\u5c31\u4e0a\u8ff0\u76d1\u7ba1\u8f66\u8f86\u91c7\u53d6\u76f8\u5173\u63aa\u65bd\uff0c\u6258\u7ba1\u8f66\u8f86\u8bc1\u7167\u3001\u4fdd\u8bc1\u8f66\u8f86\u5b89\u5168\uff0c\u5e76\u76d1\u6d4b\u8f66\u8f86\u9500\u552e\u53ca\u8f66\u5546\u8d44\u91d1\u56de\u6d41\u60c5\u51b5\u6566\u4fc3\u8f66\u5546\u5c65\u884c\u8fd8\u6b3e\u4e49\u52a1\u3002',
	 'income_rate': u'8',
	 'link': 'https://www.jimubox.com/Project/Index/61953',
	 'min_amount': '',
	 'name': u'\u8f66\u5546\u5468\u8f6c\u8d37115601-1-1',
	 'process': '100',
	 'protect_mode': '',
	 'repay_type': u'\u5148\u606f\u540e\u672c',
	 'reward': '',
	 'term': u'3\u4e2a\u6708',
	 'transfer_claim': u'\u5927\u4f17 \u9ad8\u5c14\u592b 2011\u6b3e 2.0TSI GTI'}
2015-09-14 15:00:14+0800 [jimuhezi] DEBUG: Crawled (200) <GET https://www.jimubox.com/Project/Index/61929> (referer: None)
2015-09-14 15:00:14+0800 [jimuhezi] DEBUG: Scraped from <200 https://www.jimubox.com/Project/Index/61929>
	{'amount': u'4.76\u4e07',
	 'area': u'\u5df2\u8ba4\u8bc1',
	 'description': u'\u672c\u9879\u76ee\u4e3a\u4e2a\u4eba\u5c0f\u989d\u4fe1\u7528\u878d\u8d44\u4ea7\u54c1\uff0c\u878d\u8d44\u4eba\u5411\u79ef\u6728\u76d2\u5b50\u6838\u51c6\u7684\u5408\u4f5c\u65b9\u63d0\u4ea4\u8d37\u6b3e\u7533\u8bf7\uff0c\u5408\u4f5c\u65b9\u6309\u7167\u79ef\u6728\u76d2\u5b50\u8ba4\u53ef\u7684\u6807\u51c6\u8fdb\u884c\u8d37\u524d\u8c03\u67e5\u53ca\u5ba1\u6279\uff0c\u5e76\u8fdb\u884c\u8fd8\u6b3e\u7ba1\u7406\u3002\u79ef\u6728\u76d2\u5b50\u4e3a\u5176\u5b8c\u6210\u4e0a\u7ebf\u878d\u8d44\u670d\u52a1\uff0c\u6295\u8d44\u4eba\u4f5c\u4e3a\u8d44\u91d1\u63d0\u4f9b\u65b9\u5411\u878d\u8d44\u4eba\u652f\u4ed8\u76f8\u5e94\u501f\u6b3e\u3002',
	 'income_rate': u'11',
	 'link': 'https://www.jimubox.com/Project/Index/61929',
	 'min_amount': '',
	 'name': u'\u4e2a\u4eba\u7ecf\u8425\u8d37114134-1-1',
	 'process': '100',
	 'protect_mode': '',
	 'repay_type': u'\u7b49\u989d\u672c\u606f',
	 'reward': '',
	 'term': u'12\u4e2a\u6708',
	 'transfer_claim': u'\u6b64\u9879\u76ee\u57282015-12-11 19:05:32\r\n                    \u540e\u5141\u8bb8\u503a\u6743\u8f6c\u8ba9'}
2015-09-14 15:00:15+0800 [jimuhezi] DEBUG: Crawled (200) <GET https://www.jimubox.com/Project/Index/61938> (referer: None)
2015-09-14 15:00:15+0800 [jimuhezi] DEBUG: Scraped from <200 https://www.jimubox.com/Project/Index/61938>
	{'amount': u'6.16\u4e07',
	 'area': u'2015-12-17',
	 'description': u'\u672c\u9879\u76ee\u4e3a\u4e8c\u624b\u8f66\u7ecf\u9500\u5546\u5468\u8f6c\u878d\u8d44\u4ea7\u54c1\u3002\u672c\u4ea7\u54c1\u9879\u4e0b\u7684\u501f\u6b3e\u4eba\u4e3b\u8425\u4e1a\u52a1\u4e3a\u4e8c\u624b\u8f66\u6536\u8d2d\u53ca\u9500\u552e\uff0c\u501f\u6b3e\u7528\u9014\u4e3a\u7ecf\u8425\u5468\u8f6c\uff0c\u8fd8\u6b3e\u6765\u6e90\u4e3a\u9500\u552e\u8f66\u8f86\u7684\u7ecf\u8425\u6536\u5165\u3002\u7531\u79ef\u6728\u76d2\u5b50\u8ba4\u8bc1\u7684\u5408\u4f5c\u65b9\u5411\u5e73\u53f0\u63a8\u8350\u4f18\u8d28\u4e8c\u624b\u8f66\u7ecf\u9500\u5546\uff0c\u5e76\u5bf9\u878d\u8d44\u4eba\u7684\u5e93\u5b58\u8f66\u8f86\u8fdb\u884c\u76d1\u7ba1\uff0c\u76d1\u7ba1\u65b9\u5c31\u4e0a\u8ff0\u76d1\u7ba1\u8f66\u8f86\u91c7\u53d6\u76f8\u5173\u63aa\u65bd\uff0c\u6258\u7ba1\u8f66\u8f86\u8bc1\u7167\u3001\u4fdd\u8bc1\u8f66\u8f86\u5b89\u5168\uff0c\u5e76\u76d1\u6d4b\u8f66\u8f86\u9500\u552e\u53ca\u8f66\u5546\u8d44\u91d1\u56de\u6d41\u60c5\u51b5\u6566\u4fc3\u8f66\u5546\u5c65\u884c\u8fd8\u6b3e\u4e49\u52a1\u3002',
	 'income_rate': u'8',
	 'link': 'https://www.jimubox.com/Project/Index/61938',
	 'min_amount': '',
	 'name': u'\u8f66\u5546\u5468\u8f6c\u8d37115661-1-1',
	 'process': '100',
	 'protect_mode': '',
	 'repay_type': u'\u5148\u606f\u540e\u672c',
	 'reward': '',
	 'term': u'3\u4e2a\u6708',
	 'transfer_claim': u'\u5927\u4f17 \u901f\u817e 2011\u6b3e 1.4TSI \u624b\u52a8\u8c6a\u534e\u578b'}
2015-09-14 15:00:16+0800 [jimuhezi] DEBUG: Crawled (200) <GET https://www.jimubox.com/Project/Index/61924> (referer: None)
2015-09-14 15:00:16+0800 [jimuhezi] DEBUG: Scraped from <200 https://www.jimubox.com/Project/Index/61924>
	{'amount': u'2.7\u4e07',
	 'area': u'\u5df2\u8ba4\u8bc1',
	 'description': u'\u672c\u9879\u76ee\u4e3a\u4e2a\u4eba\u5c0f\u989d\u4fe1\u7528\u878d\u8d44\u4ea7\u54c1\uff0c\u878d\u8d44\u4eba\u5411\u79ef\u6728\u76d2\u5b50\u6838\u51c6\u7684\u5408\u4f5c\u65b9\u63d0\u4ea4\u8d37\u6b3e\u7533\u8bf7\uff0c\u5408\u4f5c\u65b9\u6309\u7167\u79ef\u6728\u76d2\u5b50\u8ba4\u53ef\u7684\u6807\u51c6\u8fdb\u884c\u8d37\u524d\u8c03\u67e5\u53ca\u5ba1\u6279\uff0c\u5e76\u8fdb\u884c\u8fd8\u6b3e\u7ba1\u7406\u3002\u79ef\u6728\u76d2\u5b50\u4e3a\u5176\u5b8c\u6210\u4e0a\u7ebf\u878d\u8d44\u670d\u52a1\uff0c\u6295\u8d44\u4eba\u4f5c\u4e3a\u8d44\u91d1\u63d0\u4f9b\u65b9\u5411\u878d\u8d44\u4eba\u652f\u4ed8\u76f8\u5e94\u501f\u6b3e\u3002',
	 'income_rate': u'12',
	 'link': 'https://www.jimubox.com/Project/Index/61924',
	 'min_amount': '',
	 'name': u'\u4e2a\u4eba\u7ecf\u8425\u8d37114397-1-1',
	 'process': '100',
	 'protect_mode': '',
	 'repay_type': u'\u7b49\u989d\u672c\u606f',
	 'reward': '',
	 'term': u'24\u4e2a\u6708',
	 'transfer_claim': u'\u6b64\u9879\u76ee\u57282015-12-11 19:04:05\r\n                    \u540e\u5141\u8bb8\u503a\u6743\u8f6c\u8ba9'}
2015-09-14 15:00:18+0800 [jimuhezi] DEBUG: Crawled (200) <GET https://www.jimubox.com/Project/Index/61925> (referer: None)
2015-09-14 15:00:18+0800 [jimuhezi] DEBUG: Scraped from <200 https://www.jimubox.com/Project/Index/61925>
	{'amount': u'2.38\u4e07',
	 'area': u'\u5df2\u8ba4\u8bc1',
	 'description': u'\u672c\u9879\u76ee\u4e3a\u4e2a\u4eba\u5c0f\u989d\u4fe1\u7528\u878d\u8d44\u4ea7\u54c1\uff0c\u878d\u8d44\u4eba\u5411\u79ef\u6728\u76d2\u5b50\u6838\u51c6\u7684\u5408\u4f5c\u65b9\u63d0\u4ea4\u8d37\u6b3e\u7533\u8bf7\uff0c\u5408\u4f5c\u65b9\u6309\u7167\u79ef\u6728\u76d2\u5b50\u8ba4\u53ef\u7684\u6807\u51c6\u8fdb\u884c\u8d37\u524d\u8c03\u67e5\u53ca\u5ba1\u6279\uff0c\u5e76\u8fdb\u884c\u8fd8\u6b3e\u7ba1\u7406\u3002\u79ef\u6728\u76d2\u5b50\u4e3a\u5176\u5b8c\u6210\u4e0a\u7ebf\u878d\u8d44\u670d\u52a1\uff0c\u6295\u8d44\u4eba\u4f5c\u4e3a\u8d44\u91d1\u63d0\u4f9b\u65b9\u5411\u878d\u8d44\u4eba\u652f\u4ed8\u76f8\u5e94\u501f\u6b3e\u3002',
	 'income_rate': u'11',
	 'link': 'https://www.jimubox.com/Project/Index/61925',
	 'min_amount': '',
	 'name': u'\u4e2a\u4eba\u7ecf\u8425\u8d37113812-1-1',
	 'process': '100',
	 'protect_mode': '',
	 'repay_type': u'\u7b49\u989d\u672c\u606f',
	 'reward': '',
	 'term': u'12\u4e2a\u6708',
	 'transfer_claim': u'\u6b64\u9879\u76ee\u57282015-12-11 19:04:19\r\n                    \u540e\u5141\u8bb8\u503a\u6743\u8f6c\u8ba9'}
2015-09-14 15:00:19+0800 [jimuhezi] DEBUG: Crawled (200) <GET https://www.jimubox.com/Project/Index/61803> (referer: None)
2015-09-14 15:00:19+0800 [jimuhezi] DEBUG: Scraped from <200 https://www.jimubox.com/Project/Index/61803>
	{'amount': u'350\u4e07',
	 'area': u'\u7ecf\u8425\u5468\u8f6c',
	 'description': u'\u672c\u9879\u76ee\u4e3a\u623f\u4ea7\u5468\u8f6c\u878d\u8d44\u4ea7\u54c1\uff0c\u501f\u6b3e\u4eba\u5411\u94f6\u884c\u62b5\u62bc\u623f\u4ea7\u8fdb\u884c\u62b5\u62bc\u8d37\u6b3e\uff0c\u7528\u4e8e\u501f\u6b3e\u4eba\u7684\u7ecf\u8425\u5468\u8f6c\uff0c\u94f6\u884c\u5df2\u786e\u8ba4\u6279\u51c6\u8d37\u6b3e\uff0c\u79ef\u6728\u76d2\u5b50\u98ce\u9669\u7ba1\u7406\u59d4\u5458\u4f1a\u5df2\u9a8c\u8bab\uff0c\u6279\u5355\u91d1\u989d500\u4e07\u5143\u3002 \u7531\u4e8e\u501f\u6b3e\u4eba\u6025\u9700\u8d44\u91d1\uff0c\u94f6\u884c\u529e\u7406\u623f\u4ea7\u62b5\u62bc\u767b\u8bb0\u548c\u653e\u6b3e\u8fd8\u9700\u8981\u65f6\u95f4\uff0c\u6545\u9700\u8981\u8d44\u91d1\u8fdb\u884c\u77ed\u671f\u5468\u8f6c\u3002\u672c\u9879\u76ee\u623f\u4ea7\u5e02\u573a\u9884\u4f30\u4ef7\u503c\u7ea61056\u4e07\u5143\u3002',
	 'income_rate': u'8',
	 'link': 'https://www.jimubox.com/Project/Index/61803',
	 'min_amount': '',
	 'name': u'\u623f\u4ea7\u5468\u8f6c\u8d37115540-1-1',
	 'process': '100',
	 'protect_mode': '',
	 'repay_type': u'\u5148\u606f\u540e\u672c',
	 'reward': '',
	 'term': u'2.5\u4e2a\u6708',
	 'transfer_claim': u'\u6b64\u9879\u76ee\u57282015-09-14 10:13:43\r\n                    \u540e\u5141\u8bb8\u503a\u6743\u8f6c\u8ba9'}
2015-09-14 15:00:21+0800 [jimuhezi] DEBUG: Crawled (200) <GET https://www.jimubox.com/Project/Index/61802> (referer: None)
2015-09-14 15:00:21+0800 [jimuhezi] DEBUG: Scraped from <200 https://www.jimubox.com/Project/Index/61802>
	{'amount': u'350\u4e07',
	 'area': u'\u7ecf\u8425\u5468\u8f6c',
	 'description': u'\u672c\u9879\u76ee\u4e3a\u623f\u4ea7\u5468\u8f6c\u878d\u8d44\u4ea7\u54c1\uff0c\u501f\u6b3e\u4eba\u5411\u94f6\u884c\u62b5\u62bc\u623f\u4ea7\u8fdb\u884c\u62b5\u62bc\u8d37\u6b3e\uff0c\u7528\u4e8e\u501f\u6b3e\u4eba\u7684\u7ecf\u8425\u5468\u8f6c\uff0c\u94f6\u884c\u5df2\u786e\u8ba4\u6279\u51c6\u8d37\u6b3e\uff0c\u79ef\u6728\u76d2\u5b50\u98ce\u9669\u7ba1\u7406\u59d4\u5458\u4f1a\u5df2\u9a8c\u8bab\uff0c\u6279\u5355\u91d1\u989d350\u4e07\u5143\u3002 \u7531\u4e8e\u501f\u6b3e\u4eba\u6025\u9700\u8d44\u91d1\uff0c\u94f6\u884c\u529e\u7406\u623f\u4ea7\u62b5\u62bc\u767b\u8bb0\u548c\u653e\u6b3e\u8fd8\u9700\u8981\u65f6\u95f4\uff0c\u6545\u9700\u8981\u8d44\u91d1\u8fdb\u884c\u77ed\u671f\u5468\u8f6c\u3002\u672c\u9879\u76ee\u623f\u4ea7\u5e02\u573a\u9884\u4f30\u4ef7\u503c\u7ea6670\u4e07\u5143\u3002',
	 'income_rate': u'8',
	 'link': 'https://www.jimubox.com/Project/Index/61802',
	 'min_amount': '',
	 'name': u'\u623f\u4ea7\u5468\u8f6c\u8d37115463-1-1',
	 'process': '100',
	 'protect_mode': '',
	 'repay_type': u'\u5148\u606f\u540e\u672c',
	 'reward': '',
	 'term': u'2.5\u4e2a\u6708',
	 'transfer_claim': u'\u6b64\u9879\u76ee\u57282015-09-14 10:10:44\r\n                    \u540e\u5141\u8bb8\u503a\u6743\u8f6c\u8ba9'}
2015-09-14 15:00:22+0800 [jimuhezi] DEBUG: Crawled (200) <GET https://www.jimubox.com/Project/Index/61796> (referer: None)
2015-09-14 15:00:22+0800 [jimuhezi] DEBUG: Scraped from <200 https://www.jimubox.com/Project/Index/61796>
	{'amount': u'450\u4e07',
	 'area': u'\u7ecf\u8425\u5468\u8f6c',
	 'description': u'\u672c\u9879\u76ee\u4e3a\u623f\u4ea7\u5468\u8f6c\u878d\u8d44\u4ea7\u54c1\uff0c\u501f\u6b3e\u4eba\u5411\u94f6\u884c\u62b5\u62bc\u623f\u4ea7\u8fdb\u884c\u62b5\u62bc\u8d37\u6b3e\uff0c\u7528\u4e8e\u501f\u6b3e\u4eba\u7684\u7ecf\u8425\u5468\u8f6c\uff0c\u94f6\u884c\u5df2\u786e\u8ba4\u6279\u51c6\u8d37\u6b3e\uff0c\u79ef\u6728\u76d2\u5b50\u98ce\u9669\u7ba1\u7406\u59d4\u5458\u4f1a\u5df2\u9a8c\u8bab\uff0c\u6279\u5355\u91d1\u989d700\u4e07\u5143\u3002 \u7531\u4e8e\u501f\u6b3e\u4eba\u6025\u9700\u8d44\u91d1\uff0c\u94f6\u884c\u529e\u7406\u623f\u4ea7\u62b5\u62bc\u767b\u8bb0\u548c\u653e\u6b3e\u8fd8\u9700\u8981\u65f6\u95f4\uff0c\u6545\u9700\u8981\u8d44\u91d1\u8fdb\u884c\u77ed\u671f\u5468\u8f6c\u3002\u672c\u9879\u76ee\u623f\u4ea7\u5e02\u573a\u9884\u4f30\u4ef7\u503c\u7ea61395\u4e07\u5143\u3002',
	 'income_rate': u'8',
	 'link': 'https://www.jimubox.com/Project/Index/61796',
	 'min_amount': '',
	 'name': u'\u623f\u4ea7\u5468\u8f6c\u8d37115388-1-1',
	 'process': '100',
	 'protect_mode': '',
	 'repay_type': u'\u5148\u606f\u540e\u672c',
	 'reward': '',
	 'term': u'2\u4e2a\u6708',
	 'transfer_claim': u'\u6b64\u9879\u76ee\u57282015-09-14 10:08:10\r\n                    \u540e\u5141\u8bb8\u503a\u6743\u8f6c\u8ba9'}
2015-09-14 15:00:23+0800 [jimuhezi] DEBUG: Crawled (200) <GET https://www.jimubox.com/Project/Index/61922> (referer: None)
2015-09-14 15:00:23+0800 [jimuhezi] DEBUG: Scraped from <200 https://www.jimubox.com/Project/Index/61922>
	{'amount': u'5.95\u4e07',
	 'area': u'\u5df2\u8ba4\u8bc1',
	 'description': u'\u672c\u9879\u76ee\u4e3a\u4e2a\u4eba\u5c0f\u989d\u4fe1\u7528\u878d\u8d44\u4ea7\u54c1\uff0c\u878d\u8d44\u4eba\u5411\u79ef\u6728\u76d2\u5b50\u6838\u51c6\u7684\u5408\u4f5c\u65b9\u63d0\u4ea4\u8d37\u6b3e\u7533\u8bf7\uff0c\u5408\u4f5c\u65b9\u6309\u7167\u79ef\u6728\u76d2\u5b50\u8ba4\u53ef\u7684\u6807\u51c6\u8fdb\u884c\u8d37\u524d\u8c03\u67e5\u53ca\u5ba1\u6279\uff0c\u5e76\u8fdb\u884c\u8fd8\u6b3e\u7ba1\u7406\u3002\u79ef\u6728\u76d2\u5b50\u4e3a\u5176\u5b8c\u6210\u4e0a\u7ebf\u878d\u8d44\u670d\u52a1\uff0c\u6295\u8d44\u4eba\u4f5c\u4e3a\u8d44\u91d1\u63d0\u4f9b\u65b9\u5411\u878d\u8d44\u4eba\u652f\u4ed8\u76f8\u5e94\u501f\u6b3e\u3002',
	 'income_rate': u'11',
	 'link': 'https://www.jimubox.com/Project/Index/61922',
	 'min_amount': '',
	 'name': u'\u4e2a\u4eba\u7ecf\u8425\u8d37113821-1-1',
	 'process': '100',
	 'protect_mode': '',
	 'repay_type': u'\u7b49\u989d\u672c\u606f',
	 'reward': '',
	 'term': u'12\u4e2a\u6708',
	 'transfer_claim': u'\u6b64\u9879\u76ee\u57282015-12-11 19:03:28\r\n                    \u540e\u5141\u8bb8\u503a\u6743\u8f6c\u8ba9'}
2015-09-14 15:00:24+0800 [jimuhezi] DEBUG: Crawled (200) <GET https://www.jimubox.com/Project/Index/61923> (referer: None)
2015-09-14 15:00:24+0800 [jimuhezi] DEBUG: Scraped from <200 https://www.jimubox.com/Project/Index/61923>
	{'amount': u'5.09\u4e07',
	 'area': u'\u5df2\u8ba4\u8bc1',
	 'description': u'\u672c\u9879\u76ee\u4e3a\u4e2a\u4eba\u5c0f\u989d\u4fe1\u7528\u878d\u8d44\u4ea7\u54c1\uff0c\u878d\u8d44\u4eba\u5411\u79ef\u6728\u76d2\u5b50\u6838\u51c6\u7684\u5408\u4f5c\u65b9\u63d0\u4ea4\u8d37\u6b3e\u7533\u8bf7\uff0c\u5408\u4f5c\u65b9\u6309\u7167\u79ef\u6728\u76d2\u5b50\u8ba4\u53ef\u7684\u6807\u51c6\u8fdb\u884c\u8d37\u524d\u8c03\u67e5\u53ca\u5ba1\u6279\uff0c\u5e76\u8fdb\u884c\u8fd8\u6b3e\u7ba1\u7406\u3002\u79ef\u6728\u76d2\u5b50\u4e3a\u5176\u5b8c\u6210\u4e0a\u7ebf\u878d\u8d44\u670d\u52a1\uff0c\u6295\u8d44\u4eba\u4f5c\u4e3a\u8d44\u91d1\u63d0\u4f9b\u65b9\u5411\u878d\u8d44\u4eba\u652f\u4ed8\u76f8\u5e94\u501f\u6b3e\u3002',
	 'income_rate': u'11.5',
	 'link': 'https://www.jimubox.com/Project/Index/61923',
	 'min_amount': '',
	 'name': u'\u4e2a\u4eba\u7ecf\u8425\u8d37114180-1-1',
	 'process': '100',
	 'protect_mode': '',
	 'repay_type': u'\u7b49\u989d\u672c\u606f',
	 'reward': '',
	 'term': u'18\u4e2a\u6708',
	 'transfer_claim': u'\u6b64\u9879\u76ee\u57282015-12-11 19:03:49\r\n                    \u540e\u5141\u8bb8\u503a\u6743\u8f6c\u8ba9'}
2015-09-14 15:00:26+0800 [jimuhezi] DEBUG: Crawled (200) <GET https://www.jimubox.com/Project/Index/61946> (referer: None)
2015-09-14 15:00:26+0800 [jimuhezi] DEBUG: Scraped from <200 https://www.jimubox.com/Project/Index/61946>
	{'amount': u'5.09\u4e07',
	 'area': u'\u5df2\u8ba4\u8bc1',
	 'description': u'\u672c\u9879\u76ee\u4e3a\u4e2a\u4eba\u5c0f\u989d\u4fe1\u7528\u878d\u8d44\u4ea7\u54c1\uff0c\u878d\u8d44\u4eba\u5411\u79ef\u6728\u76d2\u5b50\u6838\u51c6\u7684\u5408\u4f5c\u65b9\u63d0\u4ea4\u8d37\u6b3e\u7533\u8bf7\uff0c\u5408\u4f5c\u65b9\u6309\u7167\u79ef\u6728\u76d2\u5b50\u8ba4\u53ef\u7684\u6807\u51c6\u8fdb\u884c\u8d37\u524d\u8c03\u67e5\u53ca\u5ba1\u6279\uff0c\u5e76\u8fdb\u884c\u8fd8\u6b3e\u7ba1\u7406\u3002\u79ef\u6728\u76d2\u5b50\u4e3a\u5176\u5b8c\u6210\u4e0a\u7ebf\u878d\u8d44\u670d\u52a1\uff0c\u6295\u8d44\u4eba\u4f5c\u4e3a\u8d44\u91d1\u63d0\u4f9b\u65b9\u5411\u878d\u8d44\u4eba\u652f\u4ed8\u76f8\u5e94\u501f\u6b3e\u3002',
	 'income_rate': u'11.5',
	 'link': 'https://www.jimubox.com/Project/Index/61946',
	 'min_amount': '',
	 'name': u'\u4e2a\u4eba\u7ecf\u8425\u8d37115660-1-1',
	 'process': '100',
	 'protect_mode': '',
	 'repay_type': u'\u7b49\u989d\u672c\u606f',
	 'reward': '',
	 'term': u'18\u4e2a\u6708',
	 'transfer_claim': u'\u6b64\u9879\u76ee\u57282015-12-13 13:02:29\r\n                    \u540e\u5141\u8bb8\u503a\u6743\u8f6c\u8ba9'}
2015-09-14 15:00:27+0800 [jimuhezi] DEBUG: Crawled (200) <GET https://www.jimubox.com/Project/Index/61947> (referer: None)
2015-09-14 15:00:27+0800 [jimuhezi] DEBUG: Scraped from <200 https://www.jimubox.com/Project/Index/61947>
	{'amount': u'51\u4e07',
	 'area': u'8%',
	 'description': u'\u672c\u9879\u76ee\u4e3a\u4e2a\u4eba\u8d37\u6b3e\u4ea7\u54c1\u3002\u8d2d\u8f66\u4eba\u4e0e\u79ef\u6728\u76d2\u5b50\u6838\u51c6\u7684\u5408\u4f5c\u65b9\u7b7e\u8ba2\u5206\u671f\u4ed8\u6b3e\u8d2d\u8f66\u670d\u52a1\u534f\u8bae\uff0c\u59d4\u6258\u5206\u671f\u4ed8\u6b3e\u8d2d\u8f66\u3002\u7531\u4e8e\u94f6\u884c\u6309\u63ed\u8d37\u6b3e\u5ba1\u6279\u9700\u8981\u4e00\u5b9a\u7684\u65f6\u95f4\uff0c\u79ef\u6728\u76d2\u5b50\u6838\u51c6\u7684\u5408\u4f5c\u65b9\u53d7\u8d2d\u8f66\u4eba\u59d4\u6258\u5728\u6309\u63ed\u8d37\u6b3e\u989d\u5ea6\u5185\u5411\u79ef\u6728\u76d2\u5b50\u7533\u8bf7\u878d\u8d44\uff0c\u7528\u4e8e\u94f6\u884c\u6309\u63ed\u8d37\u6b3e\u653e\u6b3e\u524d\u7684\u57ab\u8d44\u4ee3\u8d2d\u3002',
	 'income_rate': u'8',
	 'link': 'https://www.jimubox.com/Project/Index/61947',
	 'min_amount': '',
	 'name': u'\u8f66\u8f86\u5468\u8f6c\u8d37115741-1-1',
	 'process': '100',
	 'protect_mode': '',
	 'repay_type': u'\u4e00\u6b21\u8fd8\u672c\u4ed8\u606f',
	 'reward': '',
	 'term': u'2\u4e2a\u6708',
	 'transfer_claim': u'\u4fdd\u65f6\u6377Cayenne B5 \u6c7d\u6cb9\u578b 2014\u6b3e'}
2015-09-14 15:00:28+0800 [jimuhezi] DEBUG: Crawled (200) <GET https://www.jimubox.com/Project/Index/61940> (referer: None)
2015-09-14 15:00:28+0800 [jimuhezi] DEBUG: Scraped from <200 https://www.jimubox.com/Project/Index/61940>
	{'amount': u'28.6\u4e07',
	 'area': u'8%',
	 'description': u'\u672c\u9879\u76ee\u4e3a\u4e2a\u4eba\u8d37\u6b3e\u4ea7\u54c1\u3002\u8d2d\u8f66\u4eba\u4e0e\u79ef\u6728\u76d2\u5b50\u6838\u51c6\u7684\u5408\u4f5c\u65b9\u7b7e\u8ba2\u5206\u671f\u4ed8\u6b3e\u8d2d\u8f66\u670d\u52a1\u534f\u8bae\uff0c\u59d4\u6258\u5206\u671f\u4ed8\u6b3e\u8d2d\u8f66\u3002\u7531\u4e8e\u94f6\u884c\u6309\u63ed\u8d37\u6b3e\u5ba1\u6279\u9700\u8981\u4e00\u5b9a\u7684\u65f6\u95f4\uff0c\u79ef\u6728\u76d2\u5b50\u6838\u51c6\u7684\u5408\u4f5c\u65b9\u53d7\u8d2d\u8f66\u4eba\u59d4\u6258\u5728\u6309\u63ed\u8d37\u6b3e\u989d\u5ea6\u5185\u5411\u79ef\u6728\u76d2\u5b50\u7533\u8bf7\u878d\u8d44\uff0c\u7528\u4e8e\u94f6\u884c\u6309\u63ed\u8d37\u6b3e\u653e\u6b3e\u524d\u7684\u57ab\u8d44\u4ee3\u8d2d\u3002',
	 'income_rate': u'8',
	 'link': 'https://www.jimubox.com/Project/Index/61940',
	 'min_amount': '',
	 'name': u'\u8f66\u8f86\u5468\u8f6c\u8d37115672-1-1',
	 'process': '100',
	 'protect_mode': '',
	 'repay_type': u'\u4e00\u6b21\u8fd8\u672c\u4ed8\u606f',
	 'reward': '',
	 'term': u'1.83\u4e2a\u6708',
	 'transfer_claim': u'525Li'}
2015-09-14 15:00:30+0800 [jimuhezi] DEBUG: Crawled (200) <GET https://www.jimubox.com/Project/Index/61941> (referer: None)
2015-09-14 15:00:30+0800 [jimuhezi] DEBUG: Scraped from <200 https://www.jimubox.com/Project/Index/61941>
	{'amount': u'28.5\u4e07',
	 'area': u'8%',
	 'description': u'\u672c\u9879\u76ee\u4e3a\u4e2a\u4eba\u8d37\u6b3e\u4ea7\u54c1\u3002\u8d2d\u8f66\u4eba\u4e0e\u79ef\u6728\u76d2\u5b50\u6838\u51c6\u7684\u5408\u4f5c\u65b9\u7b7e\u8ba2\u5206\u671f\u4ed8\u6b3e\u8d2d\u8f66\u670d\u52a1\u534f\u8bae\uff0c\u59d4\u6258\u5206\u671f\u4ed8\u6b3e\u8d2d\u8f66\u3002\u7531\u4e8e\u94f6\u884c\u6309\u63ed\u8d37\u6b3e\u5ba1\u6279\u9700\u8981\u4e00\u5b9a\u7684\u65f6\u95f4\uff0c\u79ef\u6728\u76d2\u5b50\u6838\u51c6\u7684\u5408\u4f5c\u65b9\u53d7\u8d2d\u8f66\u4eba\u59d4\u6258\u5728\u6309\u63ed\u8d37\u6b3e\u989d\u5ea6\u5185\u5411\u79ef\u6728\u76d2\u5b50\u7533\u8bf7\u878d\u8d44\uff0c\u7528\u4e8e\u94f6\u884c\u6309\u63ed\u8d37\u6b3e\u653e\u6b3e\u524d\u7684\u57ab\u8d44\u4ee3\u8d2d\u3002',
	 'income_rate': u'8',
	 'link': 'https://www.jimubox.com/Project/Index/61941',
	 'min_amount': '',
	 'name': u'\u8f66\u8f86\u5468\u8f6c\u8d37115673-1-1',
	 'process': '100',
	 'protect_mode': '',
	 'repay_type': u'\u4e00\u6b21\u8fd8\u672c\u4ed8\u606f',
	 'reward': '',
	 'term': u'1.83\u4e2a\u6708',
	 'transfer_claim': u'525Li'}
2015-09-14 15:00:30+0800 [jimuhezi] DEBUG: Crawled (200) <GET https://www.jimubox.com/Project/Index/61942> (referer: None)
2015-09-14 15:00:30+0800 [jimuhezi] DEBUG: Scraped from <200 https://www.jimubox.com/Project/Index/61942>
	{'amount': u'24.8\u4e07',
	 'area': u'8%',
	 'description': u'\u672c\u9879\u76ee\u4e3a\u4e2a\u4eba\u8d37\u6b3e\u4ea7\u54c1\u3002\u8d2d\u8f66\u4eba\u4e0e\u79ef\u6728\u76d2\u5b50\u6838\u51c6\u7684\u5408\u4f5c\u65b9\u7b7e\u8ba2\u5206\u671f\u4ed8\u6b3e\u8d2d\u8f66\u670d\u52a1\u534f\u8bae\uff0c\u59d4\u6258\u5206\u671f\u4ed8\u6b3e\u8d2d\u8f66\u3002\u7531\u4e8e\u94f6\u884c\u6309\u63ed\u8d37\u6b3e\u5ba1\u6279\u9700\u8981\u4e00\u5b9a\u7684\u65f6\u95f4\uff0c\u79ef\u6728\u76d2\u5b50\u6838\u51c6\u7684\u5408\u4f5c\u65b9\u53d7\u8d2d\u8f66\u4eba\u59d4\u6258\u5728\u6309\u63ed\u8d37\u6b3e\u989d\u5ea6\u5185\u5411\u79ef\u6728\u76d2\u5b50\u7533\u8bf7\u878d\u8d44\uff0c\u7528\u4e8e\u94f6\u884c\u6309\u63ed\u8d37\u6b3e\u653e\u6b3e\u524d\u7684\u57ab\u8d44\u4ee3\u8d2d\u3002',
	 'income_rate': u'8',
	 'link': 'https://www.jimubox.com/Project/Index/61942',
	 'min_amount': '',
	 'name': u'\u8f66\u8f86\u5468\u8f6c\u8d37115674-1-1',
	 'process': '100',
	 'protect_mode': '',
	 'repay_type': u'\u4e00\u6b21\u8fd8\u672c\u4ed8\u606f',
	 'reward': '',
	 'term': u'1.83\u4e2a\u6708',
	 'transfer_claim': u'520Li'}
2015-09-14 15:00:32+0800 [jimuhezi] DEBUG: Crawled (200) <GET https://www.jimubox.com/Project/Index/61943> (referer: None)
2015-09-14 15:00:32+0800 [jimuhezi] DEBUG: Scraped from <200 https://www.jimubox.com/Project/Index/61943>
	{'amount': u'18.55\u4e07',
	 'area': u'8%',
	 'description': u'\u672c\u9879\u76ee\u4e3a\u4e2a\u4eba\u8d37\u6b3e\u4ea7\u54c1\u3002\u8d2d\u8f66\u4eba\u4e0e\u79ef\u6728\u76d2\u5b50\u6838\u51c6\u7684\u5408\u4f5c\u65b9\u7b7e\u8ba2\u5206\u671f\u4ed8\u6b3e\u8d2d\u8f66\u670d\u52a1\u534f\u8bae\uff0c\u59d4\u6258\u5206\u671f\u4ed8\u6b3e\u8d2d\u8f66\u3002\u7531\u4e8e\u94f6\u884c\u6309\u63ed\u8d37\u6b3e\u5ba1\u6279\u9700\u8981\u4e00\u5b9a\u7684\u65f6\u95f4\uff0c\u79ef\u6728\u76d2\u5b50\u6838\u51c6\u7684\u5408\u4f5c\u65b9\u53d7\u8d2d\u8f66\u4eba\u59d4\u6258\u5728\u6309\u63ed\u8d37\u6b3e\u989d\u5ea6\u5185\u5411\u79ef\u6728\u76d2\u5b50\u7533\u8bf7\u878d\u8d44\uff0c\u7528\u4e8e\u94f6\u884c\u6309\u63ed\u8d37\u6b3e\u653e\u6b3e\u524d\u7684\u57ab\u8d44\u4ee3\u8d2d\u3002',
	 'income_rate': u'8',
	 'link': 'https://www.jimubox.com/Project/Index/61943',
	 'min_amount': '',
	 'name': u'\u8f66\u8f86\u5468\u8f6c\u8d37115339-1-2',
	 'process': '100',
	 'protect_mode': '',
	 'repay_type': u'\u4e00\u6b21\u8fd8\u672c\u4ed8\u606f',
	 'reward': '',
	 'term': u'2\u4e2a\u6708',
	 'transfer_claim': u'\u82f1\u83f2\u5c3c\u8feaEX EX35 \u98ce\u5c1a\u7248'}
2015-09-14 15:00:33+0800 [jimuhezi] DEBUG: Crawled (200) <GET https://www.jimubox.com/Project/Index/61896> (referer: None)
2015-09-14 15:00:33+0800 [jimuhezi] DEBUG: Scraped from <200 https://www.jimubox.com/Project/Index/61896>
	{'amount': u'11\u4e07',
	 'area': u'8%',
	 'description': u'\u672c\u9879\u76ee\u4e3a\u4e2a\u4eba\u8d37\u6b3e\u4ea7\u54c1\u3002\u8d2d\u8f66\u4eba\u4e0e\u79ef\u6728\u76d2\u5b50\u6838\u51c6\u7684\u5408\u4f5c\u65b9\u7b7e\u8ba2\u5206\u671f\u4ed8\u6b3e\u8d2d\u8f66\u670d\u52a1\u534f\u8bae\uff0c\u59d4\u6258\u5206\u671f\u4ed8\u6b3e\u8d2d\u8f66\u3002\u7531\u4e8e\u94f6\u884c\u6309\u63ed\u8d37\u6b3e\u5ba1\u6279\u9700\u8981\u4e00\u5b9a\u7684\u65f6\u95f4\uff0c\u79ef\u6728\u76d2\u5b50\u6838\u51c6\u7684\u5408\u4f5c\u65b9\u53d7\u8d2d\u8f66\u4eba\u59d4\u6258\u5728\u6309\u63ed\u8d37\u6b3e\u989d\u5ea6\u5185\u5411\u79ef\u6728\u76d2\u5b50\u7533\u8bf7\u878d\u8d44\uff0c\u7528\u4e8e\u94f6\u884c\u6309\u63ed\u8d37\u6b3e\u653e\u6b3e\u524d\u7684\u57ab\u8d44\u4ee3\u8d2d\u3002',
	 'income_rate': u'8',
	 'link': 'https://www.jimubox.com/Project/Index/61896',
	 'min_amount': '',
	 'name': u'\u8f66\u8f86\u5468\u8f6c\u8d37115343-1-1',
	 'process': '100',
	 'protect_mode': '',
	 'repay_type': u'\u4e00\u6b21\u8fd8\u672c\u4ed8\u606f',
	 'reward': '',
	 'term': u'2\u4e2a\u6708',
	 'transfer_claim': u'\u5317\u4eac\u73b0\u4ee3iX25 2015\u6b3e 2.0L \u81ea\u52a8\u4e24\u9a71\u667a\u80fd\u578bGLS'}
2015-09-14 15:00:35+0800 [jimuhezi] DEBUG: Crawled (200) <GET https://www.jimubox.com/Project/Index/61928> (referer: None)
2015-09-14 15:00:35+0800 [jimuhezi] DEBUG: Scraped from <200 https://www.jimubox.com/Project/Index/61928>
	{'amount': u'6.74\u4e07',
	 'area': u'\u5df2\u8ba4\u8bc1',
	 'description': u'\u672c\u9879\u76ee\u4e3a\u4e2a\u4eba\u5c0f\u989d\u4fe1\u7528\u878d\u8d44\u4ea7\u54c1\uff0c\u878d\u8d44\u4eba\u5411\u79ef\u6728\u76d2\u5b50\u6838\u51c6\u7684\u5408\u4f5c\u65b9\u63d0\u4ea4\u8d37\u6b3e\u7533\u8bf7\uff0c\u5408\u4f5c\u65b9\u6309\u7167\u79ef\u6728\u76d2\u5b50\u8ba4\u53ef\u7684\u6807\u51c6\u8fdb\u884c\u8d37\u524d\u8c03\u67e5\u53ca\u5ba1\u6279\uff0c\u5e76\u8fdb\u884c\u8fd8\u6b3e\u7ba1\u7406\u3002\u79ef\u6728\u76d2\u5b50\u4e3a\u5176\u5b8c\u6210\u4e0a\u7ebf\u878d\u8d44\u670d\u52a1\uff0c\u6295\u8d44\u4eba\u4f5c\u4e3a\u8d44\u91d1\u63d0\u4f9b\u65b9\u5411\u878d\u8d44\u4eba\u652f\u4ed8\u76f8\u5e94\u501f\u6b3e\u3002',
	 'income_rate': u'12',
	 'link': 'https://www.jimubox.com/Project/Index/61928',
	 'min_amount': '',
	 'name': u'\u4e2a\u4eba\u7ecf\u8425\u8d37113968-1-1',
	 'process': '100',
	 'protect_mode': '',
	 'repay_type': u'\u7b49\u989d\u672c\u606f',
	 'reward': '',
	 'term': u'24\u4e2a\u6708',
	 'transfer_claim': u'\u6b64\u9879\u76ee\u57282015-12-11 19:05:14\r\n                    \u540e\u5141\u8bb8\u503a\u6743\u8f6c\u8ba9'}
2015-09-14 15:00:36+0800 [jimuhezi] DEBUG: Crawled (200) <GET https://www.jimubox.com/Project/Index/61926> (referer: None)
2015-09-14 15:00:36+0800 [jimuhezi] DEBUG: Scraped from <200 https://www.jimubox.com/Project/Index/61926>
	{'amount': u'2.38\u4e07',
	 'area': u'\u5df2\u8ba4\u8bc1',
	 'description': u'\u672c\u9879\u76ee\u4e3a\u4e2a\u4eba\u5c0f\u989d\u4fe1\u7528\u878d\u8d44\u4ea7\u54c1\uff0c\u878d\u8d44\u4eba\u5411\u79ef\u6728\u76d2\u5b50\u6838\u51c6\u7684\u5408\u4f5c\u65b9\u63d0\u4ea4\u8d37\u6b3e\u7533\u8bf7\uff0c\u5408\u4f5c\u65b9\u6309\u7167\u79ef\u6728\u76d2\u5b50\u8ba4\u53ef\u7684\u6807\u51c6\u8fdb\u884c\u8d37\u524d\u8c03\u67e5\u53ca\u5ba1\u6279\uff0c\u5e76\u8fdb\u884c\u8fd8\u6b3e\u7ba1\u7406\u3002\u79ef\u6728\u76d2\u5b50\u4e3a\u5176\u5b8c\u6210\u4e0a\u7ebf\u878d\u8d44\u670d\u52a1\uff0c\u6295\u8d44\u4eba\u4f5c\u4e3a\u8d44\u91d1\u63d0\u4f9b\u65b9\u5411\u878d\u8d44\u4eba\u652f\u4ed8\u76f8\u5e94\u501f\u6b3e\u3002',
	 'income_rate': u'11',
	 'link': 'https://www.jimubox.com/Project/Index/61926',
	 'min_amount': '',
	 'name': u'\u4e2a\u4eba\u7ecf\u8425\u8d37115023-1-1',
	 'process': '100',
	 'protect_mode': '',
	 'repay_type': u'\u7b49\u989d\u672c\u606f',
	 'reward': '',
	 'term': u'12\u4e2a\u6708',
	 'transfer_claim': u'\u6b64\u9879\u76ee\u57282015-12-11 19:04:32\r\n                    \u540e\u5141\u8bb8\u503a\u6743\u8f6c\u8ba9'}
2015-09-14 15:00:37+0800 [jimuhezi] DEBUG: Crawled (200) <GET https://www.jimubox.com/Project/Index/61948> (referer: None)
2015-09-14 15:00:37+0800 [jimuhezi] DEBUG: Scraped from <200 https://www.jimubox.com/Project/Index/61948>
	{'amount': u'91\u4e07',
	 'area': u'8%',
	 'description': u'\u672c\u9879\u76ee\u4e3a\u4e2a\u4eba\u8d37\u6b3e\u4ea7\u54c1\u3002\u8d2d\u8f66\u4eba\u4e0e\u79ef\u6728\u76d2\u5b50\u6838\u51c6\u7684\u5408\u4f5c\u65b9\u7b7e\u8ba2\u5206\u671f\u4ed8\u6b3e\u8d2d\u8f66\u670d\u52a1\u534f\u8bae\uff0c\u59d4\u6258\u5206\u671f\u4ed8\u6b3e\u8d2d\u8f66\u3002\u7531\u4e8e\u94f6\u884c\u6309\u63ed\u8d37\u6b3e\u5ba1\u6279\u9700\u8981\u4e00\u5b9a\u7684\u65f6\u95f4\uff0c\u79ef\u6728\u76d2\u5b50\u6838\u51c6\u7684\u5408\u4f5c\u65b9\u53d7\u8d2d\u8f66\u4eba\u59d4\u6258\u5728\u6309\u63ed\u8d37\u6b3e\u989d\u5ea6\u5185\u5411\u79ef\u6728\u76d2\u5b50\u7533\u8bf7\u878d\u8d44\uff0c\u7528\u4e8e\u94f6\u884c\u6309\u63ed\u8d37\u6b3e\u653e\u6b3e\u524d\u7684\u57ab\u8d44\u4ee3\u8d2d\u3002',
	 'income_rate': u'8',
	 'link': 'https://www.jimubox.com/Project/Index/61948',
	 'min_amount': '',
	 'name': u'\u8f66\u8f86\u5468\u8f6c\u8d37115699-1-1',
	 'process': u'6',
	 'protect_mode': '',
	 'repay_type': u'\u4e00\u6b21\u8fd8\u672c\u4ed8\u606f',
	 'reward': '',
	 'term': u'2\u4e2a\u6708',
	 'transfer_claim': u'\u8fc8\u5df4\u8d6b 62 S'}
2015-09-14 15:00:39+0800 [jimuhezi] DEBUG: Crawled (200) <GET https://www.jimubox.com/Project/Index/61933> (referer: None)
2015-09-14 15:00:39+0800 [jimuhezi] DEBUG: Scraped from <200 https://www.jimubox.com/Project/Index/61933>
	{'amount': u'4.9\u4e07',
	 'area': u'2015-12-17',
	 'description': u'\u672c\u9879\u76ee\u4e3a\u4e8c\u624b\u8f66\u7ecf\u9500\u5546\u5468\u8f6c\u878d\u8d44\u4ea7\u54c1\u3002\u672c\u4ea7\u54c1\u9879\u4e0b\u7684\u501f\u6b3e\u4eba\u4e3b\u8425\u4e1a\u52a1\u4e3a\u4e8c\u624b\u8f66\u6536\u8d2d\u53ca\u9500\u552e\uff0c\u501f\u6b3e\u7528\u9014\u4e3a\u7ecf\u8425\u5468\u8f6c\uff0c\u8fd8\u6b3e\u6765\u6e90\u4e3a\u9500\u552e\u8f66\u8f86\u7684\u7ecf\u8425\u6536\u5165\u3002\u7531\u79ef\u6728\u76d2\u5b50\u8ba4\u8bc1\u7684\u5408\u4f5c\u65b9\u5411\u5e73\u53f0\u63a8\u8350\u4f18\u8d28\u4e8c\u624b\u8f66\u7ecf\u9500\u5546\uff0c\u5e76\u5bf9\u878d\u8d44\u4eba\u7684\u5e93\u5b58\u8f66\u8f86\u8fdb\u884c\u76d1\u7ba1\uff0c\u76d1\u7ba1\u65b9\u5c31\u4e0a\u8ff0\u76d1\u7ba1\u8f66\u8f86\u91c7\u53d6\u76f8\u5173\u63aa\u65bd\uff0c\u6258\u7ba1\u8f66\u8f86\u8bc1\u7167\u3001\u4fdd\u8bc1\u8f66\u8f86\u5b89\u5168\uff0c\u5e76\u76d1\u6d4b\u8f66\u8f86\u9500\u552e\u53ca\u8f66\u5546\u8d44\u91d1\u56de\u6d41\u60c5\u51b5\u6566\u4fc3\u8f66\u5546\u5c65\u884c\u8fd8\u6b3e\u4e49\u52a1\u3002',
	 'income_rate': u'8',
	 'link': 'https://www.jimubox.com/Project/Index/61933',
	 'min_amount': '',
	 'name': u'\u8f66\u5546\u5468\u8f6c\u8d37115669-1-1',
	 'process': '100',
	 'protect_mode': '',
	 'repay_type': u'\u5148\u606f\u540e\u672c',
	 'reward': '',
	 'term': u'3\u4e2a\u6708',
	 'transfer_claim': u'\u5927\u4f17 Passat\u9886\u9a6d Passat\u9886\u9a6d 2009\u6b3e 1.8T \u624b\u52a8\u5c0a\u4eab\u578b'}
2015-09-14 15:00:40+0800 [jimuhezi] DEBUG: Crawled (200) <GET https://www.jimubox.com/Project/Index/61919> (referer: None)
2015-09-14 15:00:40+0800 [jimuhezi] DEBUG: Scraped from <200 https://www.jimubox.com/Project/Index/61919>
	{'amount': u'7.14\u4e07',
	 'area': u'\u5df2\u8ba4\u8bc1',
	 'description': u'\u672c\u9879\u76ee\u4e3a\u4e2a\u4eba\u5c0f\u989d\u4fe1\u7528\u878d\u8d44\u4ea7\u54c1\uff0c\u878d\u8d44\u4eba\u5411\u79ef\u6728\u76d2\u5b50\u6838\u51c6\u7684\u5408\u4f5c\u65b9\u63d0\u4ea4\u8d37\u6b3e\u7533\u8bf7\uff0c\u5408\u4f5c\u65b9\u6309\u7167\u79ef\u6728\u76d2\u5b50\u8ba4\u53ef\u7684\u6807\u51c6\u8fdb\u884c\u8d37\u524d\u8c03\u67e5\u53ca\u5ba1\u6279\uff0c\u5e76\u8fdb\u884c\u8fd8\u6b3e\u7ba1\u7406\u3002\u79ef\u6728\u76d2\u5b50\u4e3a\u5176\u5b8c\u6210\u4e0a\u7ebf\u878d\u8d44\u670d\u52a1\uff0c\u6295\u8d44\u4eba\u4f5c\u4e3a\u8d44\u91d1\u63d0\u4f9b\u65b9\u5411\u878d\u8d44\u4eba\u652f\u4ed8\u76f8\u5e94\u501f\u6b3e\u3002',
	 'income_rate': u'11',
	 'link': 'https://www.jimubox.com/Project/Index/61919',
	 'min_amount': '',
	 'name': u'\u4e2a\u4eba\u7ecf\u8425\u8d37113858-1-1',
	 'process': '100',
	 'protect_mode': '',
	 'repay_type': u'\u7b49\u989d\u672c\u606f',
	 'reward': '',
	 'term': u'12\u4e2a\u6708',
	 'transfer_claim': u'\u6b64\u9879\u76ee\u57282015-12-11 19:02:23\r\n                    \u540e\u5141\u8bb8\u503a\u6743\u8f6c\u8ba9'}
2015-09-14 15:00:41+0800 [jimuhezi] DEBUG: Crawled (200) <GET https://www.jimubox.com/Project/Index/61932> (referer: None)
2015-09-14 15:00:41+0800 [jimuhezi] DEBUG: Scraped from <200 https://www.jimubox.com/Project/Index/61932>
	{'amount': u'11.13\u4e07',
	 'area': u'2015-12-17',
	 'description': u'\u672c\u9879\u76ee\u4e3a\u4e8c\u624b\u8f66\u7ecf\u9500\u5546\u5468\u8f6c\u878d\u8d44\u4ea7\u54c1\u3002\u672c\u4ea7\u54c1\u9879\u4e0b\u7684\u501f\u6b3e\u4eba\u4e3b\u8425\u4e1a\u52a1\u4e3a\u4e8c\u624b\u8f66\u6536\u8d2d\u53ca\u9500\u552e\uff0c\u501f\u6b3e\u7528\u9014\u4e3a\u7ecf\u8425\u5468\u8f6c\uff0c\u8fd8\u6b3e\u6765\u6e90\u4e3a\u9500\u552e\u8f66\u8f86\u7684\u7ecf\u8425\u6536\u5165\u3002\u7531\u79ef\u6728\u76d2\u5b50\u8ba4\u8bc1\u7684\u5408\u4f5c\u65b9\u5411\u5e73\u53f0\u63a8\u8350\u4f18\u8d28\u4e8c\u624b\u8f66\u7ecf\u9500\u5546\uff0c\u5e76\u5bf9\u878d\u8d44\u4eba\u7684\u5e93\u5b58\u8f66\u8f86\u8fdb\u884c\u76d1\u7ba1\uff0c\u76d1\u7ba1\u65b9\u5c31\u4e0a\u8ff0\u76d1\u7ba1\u8f66\u8f86\u91c7\u53d6\u76f8\u5173\u63aa\u65bd\uff0c\u6258\u7ba1\u8f66\u8f86\u8bc1\u7167\u3001\u4fdd\u8bc1\u8f66\u8f86\u5b89\u5168\uff0c\u5e76\u76d1\u6d4b\u8f66\u8f86\u9500\u552e\u53ca\u8f66\u5546\u8d44\u91d1\u56de\u6d41\u60c5\u51b5\u6566\u4fc3\u8f66\u5546\u5c65\u884c\u8fd8\u6b3e\u4e49\u52a1\u3002',
	 'income_rate': u'8',
	 'link': 'https://www.jimubox.com/Project/Index/61932',
	 'min_amount': '',
	 'name': u'\u8f66\u5546\u5468\u8f6c\u8d37115665-1-1',
	 'process': '100',
	 'protect_mode': '',
	 'repay_type': u'\u5148\u606f\u540e\u672c',
	 'reward': '',
	 'term': u'3\u4e2a\u6708',
	 'transfer_claim': u'\u5927\u4f17 \u5c1a\u9177 2010\u6b3e 2.0TSI \u8c6a\u534e\u7248'}
2015-09-14 15:00:42+0800 [jimuhezi] DEBUG: Crawled (200) <GET https://www.jimubox.com/Project/Index/61927> (referer: None)
2015-09-14 15:00:42+0800 [jimuhezi] DEBUG: Scraped from <200 https://www.jimubox.com/Project/Index/61927>
	{'amount': u'4.76\u4e07',
	 'area': u'\u5df2\u8ba4\u8bc1',
	 'description': u'\u672c\u9879\u76ee\u4e3a\u4e2a\u4eba\u5c0f\u989d\u4fe1\u7528\u878d\u8d44\u4ea7\u54c1\uff0c\u878d\u8d44\u4eba\u5411\u79ef\u6728\u76d2\u5b50\u6838\u51c6\u7684\u5408\u4f5c\u65b9\u63d0\u4ea4\u8d37\u6b3e\u7533\u8bf7\uff0c\u5408\u4f5c\u65b9\u6309\u7167\u79ef\u6728\u76d2\u5b50\u8ba4\u53ef\u7684\u6807\u51c6\u8fdb\u884c\u8d37\u524d\u8c03\u67e5\u53ca\u5ba1\u6279\uff0c\u5e76\u8fdb\u884c\u8fd8\u6b3e\u7ba1\u7406\u3002\u79ef\u6728\u76d2\u5b50\u4e3a\u5176\u5b8c\u6210\u4e0a\u7ebf\u878d\u8d44\u670d\u52a1\uff0c\u6295\u8d44\u4eba\u4f5c\u4e3a\u8d44\u91d1\u63d0\u4f9b\u65b9\u5411\u878d\u8d44\u4eba\u652f\u4ed8\u76f8\u5e94\u501f\u6b3e\u3002',
	 'income_rate': u'11',
	 'link': 'https://www.jimubox.com/Project/Index/61927',
	 'min_amount': '',
	 'name': u'\u4e2a\u4eba\u7ecf\u8425\u8d37114150-1-1',
	 'process': '100',
	 'protect_mode': '',
	 'repay_type': u'\u7b49\u989d\u672c\u606f',
	 'reward': '',
	 'term': u'12\u4e2a\u6708',
	 'transfer_claim': u'\u6b64\u9879\u76ee\u57282015-12-11 19:04:49\r\n                    \u540e\u5141\u8bb8\u503a\u6743\u8f6c\u8ba9'}
2015-09-14 15:00:44+0800 [jimuhezi] DEBUG: Crawled (200) <GET https://www.jimubox.com/Project/Index/61887> (referer: None)
2015-09-14 15:00:44+0800 [jimuhezi] DEBUG: Scraped from <200 https://www.jimubox.com/Project/Index/61887>
	{'amount': u'4\u4e07',
	 'area': u'\u5df2\u8ba4\u8bc1',
	 'description': u'\u672c\u9879\u76ee\u4e3a\u4e2a\u4eba\u5c0f\u989d\u4fe1\u7528\u878d\u8d44\u4ea7\u54c1\uff0c\u878d\u8d44\u4eba\u5411\u79ef\u6728\u76d2\u5b50\u6838\u51c6\u7684\u5408\u4f5c\u65b9\u63d0\u4ea4\u8d37\u6b3e\u7533\u8bf7\uff0c\u5408\u4f5c\u65b9\u6309\u7167\u79ef\u6728\u76d2\u5b50\u8ba4\u53ef\u7684\u6807\u51c6\u8fdb\u884c\u8d37\u524d\u8c03\u67e5\u53ca\u5ba1\u6279\uff0c\u5e76\u8fdb\u884c\u8fd8\u6b3e\u7ba1\u7406\u3002\u79ef\u6728\u76d2\u5b50\u4e3a\u5176\u5b8c\u6210\u4e0a\u7ebf\u878d\u8d44\u670d\u52a1\uff0c\u6295\u8d44\u4eba\u4f5c\u4e3a\u8d44\u91d1\u63d0\u4f9b\u65b9\u5411\u878d\u8d44\u4eba\u652f\u4ed8\u76f8\u5e94\u501f\u6b3e\u3002',
	 'income_rate': u'12',
	 'link': 'https://www.jimubox.com/Project/Index/61887',
	 'min_amount': '',
	 'name': u'\u4e2a\u4eba\u6d88\u8d39\u8d37113067-1-1',
	 'process': '100',
	 'protect_mode': '',
	 'repay_type': u'\u7b49\u989d\u672c\u606f',
	 'reward': '',
	 'term': u'24\u4e2a\u6708',
	 'transfer_claim': u'\u6b64\u9879\u76ee\u57282015-12-11 16:02:24\r\n                    \u540e\u5141\u8bb8\u503a\u6743\u8f6c\u8ba9'}
2015-09-14 15:00:45+0800 [jimuhezi] DEBUG: Crawled (200) <GET https://www.jimubox.com/Project/Index/61814> (referer: None)
2015-09-14 15:00:45+0800 [jimuhezi] DEBUG: Scraped from <200 https://www.jimubox.com/Project/Index/61814>
	{'amount': u'60\u4e07',
	 'area': u'8%',
	 'description': u'\u672c\u9879\u76ee\u4e3a\u4e2a\u4eba\u8d37\u6b3e\u4ea7\u54c1\u3002\u8d2d\u8f66\u4eba\u4e0e\u79ef\u6728\u76d2\u5b50\u6838\u51c6\u7684\u5408\u4f5c\u65b9\u7b7e\u8ba2\u5206\u671f\u4ed8\u6b3e\u8d2d\u8f66\u670d\u52a1\u534f\u8bae\uff0c\u59d4\u6258\u5206\u671f\u4ed8\u6b3e\u8d2d\u8f66\u3002\u7531\u4e8e\u94f6\u884c\u6309\u63ed\u8d37\u6b3e\u5ba1\u6279\u9700\u8981\u4e00\u5b9a\u7684\u65f6\u95f4\uff0c\u79ef\u6728\u76d2\u5b50\u6838\u51c6\u7684\u5408\u4f5c\u65b9\u53d7\u8d2d\u8f66\u4eba\u59d4\u6258\u5728\u6309\u63ed\u8d37\u6b3e\u989d\u5ea6\u5185\u5411\u79ef\u6728\u76d2\u5b50\u7533\u8bf7\u878d\u8d44\uff0c\u7528\u4e8e\u94f6\u884c\u6309\u63ed\u8d37\u6b3e\u653e\u6b3e\u524d\u7684\u57ab\u8d44\u4ee3\u8d2d\u3002',
	 'income_rate': u'8',
	 'link': 'https://www.jimubox.com/Project/Index/61814',
	 'min_amount': '',
	 'name': u'\u8f66\u8f86\u5468\u8f6c\u8d37115413-1-1',
	 'process': '100',
	 'protect_mode': '',
	 'repay_type': u'\u4e00\u6b21\u8fd8\u672c\u4ed8\u606f',
	 'reward': '',
	 'term': u'2\u4e2a\u6708',
	 'transfer_claim': u'\u5b9d\u9a6cX5 XDRIVE35I \u6c7d\u6cb9\u578b'}
2015-09-14 15:00:46+0800 [jimuhezi] DEBUG: Crawled (200) <GET https://www.jimubox.com/Project/Index/61812> (referer: None)
2015-09-14 15:00:46+0800 [jimuhezi] DEBUG: Scraped from <200 https://www.jimubox.com/Project/Index/61812>
	{'amount': u'55\u4e07',
	 'area': u'8%',
	 'description': u'\u672c\u9879\u76ee\u4e3a\u4e2a\u4eba\u8d37\u6b3e\u4ea7\u54c1\u3002\u8d2d\u8f66\u4eba\u4e0e\u79ef\u6728\u76d2\u5b50\u6838\u51c6\u7684\u5408\u4f5c\u65b9\u7b7e\u8ba2\u5206\u671f\u4ed8\u6b3e\u8d2d\u8f66\u670d\u52a1\u534f\u8bae\uff0c\u59d4\u6258\u5206\u671f\u4ed8\u6b3e\u8d2d\u8f66\u3002\u7531\u4e8e\u94f6\u884c\u6309\u63ed\u8d37\u6b3e\u5ba1\u6279\u9700\u8981\u4e00\u5b9a\u7684\u65f6\u95f4\uff0c\u79ef\u6728\u76d2\u5b50\u6838\u51c6\u7684\u5408\u4f5c\u65b9\u53d7\u8d2d\u8f66\u4eba\u59d4\u6258\u5728\u6309\u63ed\u8d37\u6b3e\u989d\u5ea6\u5185\u5411\u79ef\u6728\u76d2\u5b50\u7533\u8bf7\u878d\u8d44\uff0c\u7528\u4e8e\u94f6\u884c\u6309\u63ed\u8d37\u6b3e\u653e\u6b3e\u524d\u7684\u57ab\u8d44\u4ee3\u8d2d\u3002',
	 'income_rate': u'8',
	 'link': 'https://www.jimubox.com/Project/Index/61812',
	 'min_amount': '',
	 'name': u'\u8f66\u8f86\u5468\u8f6c\u8d37115374-1-1',
	 'process': '100',
	 'protect_mode': '',
	 'repay_type': u'\u4e00\u6b21\u8fd8\u672c\u4ed8\u606f',
	 'reward': '',
	 'term': u'2\u4e2a\u6708',
	 'transfer_claim': u'\u8def\u864e\u63fd\u80dc\u6234\u7eb3\u80af2014\u6b3e3.0L HSE \u6c7d\u6cb9\u8c6a\u534e\u7248'}
2015-09-14 15:00:47+0800 [jimuhezi] DEBUG: Crawled (200) <GET https://www.jimubox.com/Project/Index/61813> (referer: None)
2015-09-14 15:00:47+0800 [jimuhezi] DEBUG: Scraped from <200 https://www.jimubox.com/Project/Index/61813>
	{'amount': u'62.2\u4e07',
	 'area': u'8%',
	 'description': u'\u672c\u9879\u76ee\u4e3a\u4e2a\u4eba\u8d37\u6b3e\u4ea7\u54c1\u3002\u8d2d\u8f66\u4eba\u4e0e\u79ef\u6728\u76d2\u5b50\u6838\u51c6\u7684\u5408\u4f5c\u65b9\u7b7e\u8ba2\u5206\u671f\u4ed8\u6b3e\u8d2d\u8f66\u670d\u52a1\u534f\u8bae\uff0c\u59d4\u6258\u5206\u671f\u4ed8\u6b3e\u8d2d\u8f66\u3002\u7531\u4e8e\u94f6\u884c\u6309\u63ed\u8d37\u6b3e\u5ba1\u6279\u9700\u8981\u4e00\u5b9a\u7684\u65f6\u95f4\uff0c\u79ef\u6728\u76d2\u5b50\u6838\u51c6\u7684\u5408\u4f5c\u65b9\u53d7\u8d2d\u8f66\u4eba\u59d4\u6258\u5728\u6309\u63ed\u8d37\u6b3e\u989d\u5ea6\u5185\u5411\u79ef\u6728\u76d2\u5b50\u7533\u8bf7\u878d\u8d44\uff0c\u7528\u4e8e\u94f6\u884c\u6309\u63ed\u8d37\u6b3e\u653e\u6b3e\u524d\u7684\u57ab\u8d44\u4ee3\u8d2d\u3002',
	 'income_rate': u'8',
	 'link': 'https://www.jimubox.com/Project/Index/61813',
	 'min_amount': '',
	 'name': u'\u8f66\u8f86\u5468\u8f6c\u8d37115406-1-1',
	 'process': '100',
	 'protect_mode': '',
	 'repay_type': u'\u4e00\u6b21\u8fd8\u672c\u4ed8\u606f',
	 'reward': '',
	 'term': u'2\u4e2a\u6708',
	 'transfer_claim': u'\u4e30\u7530\u5170\u5fb7\u9177\u8def\u6cfd10\u6b3e4.0L VX AT'}
2015-09-14 15:00:48+0800 [jimuhezi] DEBUG: Crawled (200) <GET https://www.jimubox.com/Project/Index/61811> (referer: None)
2015-09-14 15:00:48+0800 [jimuhezi] DEBUG: Scraped from <200 https://www.jimubox.com/Project/Index/61811>
	{'amount': u'45\u4e07',
	 'area': u'8%',
	 'description': u'\u672c\u9879\u76ee\u4e3a\u4e2a\u4eba\u8d37\u6b3e\u4ea7\u54c1\u3002\u8d2d\u8f66\u4eba\u4e0e\u79ef\u6728\u76d2\u5b50\u6838\u51c6\u7684\u5408\u4f5c\u65b9\u7b7e\u8ba2\u5206\u671f\u4ed8\u6b3e\u8d2d\u8f66\u670d\u52a1\u534f\u8bae\uff0c\u59d4\u6258\u5206\u671f\u4ed8\u6b3e\u8d2d\u8f66\u3002\u7531\u4e8e\u94f6\u884c\u6309\u63ed\u8d37\u6b3e\u5ba1\u6279\u9700\u8981\u4e00\u5b9a\u7684\u65f6\u95f4\uff0c\u79ef\u6728\u76d2\u5b50\u6838\u51c6\u7684\u5408\u4f5c\u65b9\u53d7\u8d2d\u8f66\u4eba\u59d4\u6258\u5728\u6309\u63ed\u8d37\u6b3e\u989d\u5ea6\u5185\u5411\u79ef\u6728\u76d2\u5b50\u7533\u8bf7\u878d\u8d44\uff0c\u7528\u4e8e\u94f6\u884c\u6309\u63ed\u8d37\u6b3e\u653e\u6b3e\u524d\u7684\u57ab\u8d44\u4ee3\u8d2d\u3002',
	 'income_rate': u'8',
	 'link': 'https://www.jimubox.com/Project/Index/61811',
	 'min_amount': '',
	 'name': u'\u8f66\u8f86\u5468\u8f6c\u8d37115373-1-1',
	 'process': '100',
	 'protect_mode': '',
	 'repay_type': u'\u4e00\u6b21\u8fd8\u672c\u4ed8\u606f',
	 'reward': '',
	 'term': u'2\u4e2a\u6708',
	 'transfer_claim': u'\u63fd\u80dc\u8fd0\u52a8\u72483.0 TDV6 SHE\u67f4\u6cb9\u7248'}
2015-09-14 15:00:48+0800 [jimuhezi] INFO: Crawled 48 pages (at 48 pages/min), scraped 48 items (at 48 items/min)
2015-09-14 15:00:49+0800 [jimuhezi] DEBUG: Crawled (200) <GET https://www.jimubox.com/Project/Index/61966> (referer: None)
2015-09-14 15:00:49+0800 [jimuhezi] DEBUG: Scraped from <200 https://www.jimubox.com/Project/Index/61966>
	{'amount': u'13.3\u4e07',
	 'area': u'2015-12-16',
	 'description': u'\u672c\u9879\u76ee\u4e3a\u4e8c\u624b\u8f66\u7ecf\u9500\u5546\u5468\u8f6c\u878d\u8d44\u4ea7\u54c1\u3002\u672c\u4ea7\u54c1\u9879\u4e0b\u7684\u501f\u6b3e\u4eba\u4e3b\u8425\u4e1a\u52a1\u4e3a\u4e8c\u624b\u8f66\u6536\u8d2d\u53ca\u9500\u552e\uff0c\u501f\u6b3e\u7528\u9014\u4e3a\u7ecf\u8425\u5468\u8f6c\uff0c\u8fd8\u6b3e\u6765\u6e90\u4e3a\u9500\u552e\u8f66\u8f86\u7684\u7ecf\u8425\u6536\u5165\u3002\u7531\u79ef\u6728\u76d2\u5b50\u8ba4\u8bc1\u7684\u5408\u4f5c\u65b9\u5411\u5e73\u53f0\u63a8\u8350\u4f18\u8d28\u4e8c\u624b\u8f66\u7ecf\u9500\u5546\uff0c\u5e76\u5bf9\u878d\u8d44\u4eba\u7684\u5e93\u5b58\u8f66\u8f86\u8fdb\u884c\u76d1\u7ba1\uff0c\u76d1\u7ba1\u65b9\u5c31\u4e0a\u8ff0\u76d1\u7ba1\u8f66\u8f86\u91c7\u53d6\u76f8\u5173\u63aa\u65bd\uff0c\u6258\u7ba1\u8f66\u8f86\u8bc1\u7167\u3001\u4fdd\u8bc1\u8f66\u8f86\u5b89\u5168\uff0c\u5e76\u76d1\u6d4b\u8f66\u8f86\u9500\u552e\u53ca\u8f66\u5546\u8d44\u91d1\u56de\u6d41\u60c5\u51b5\u6566\u4fc3\u8f66\u5546\u5c65\u884c\u8fd8\u6b3e\u4e49\u52a1\u3002',
	 'income_rate': u'8',
	 'link': 'https://www.jimubox.com/Project/Index/61966',
	 'min_amount': '',
	 'name': u'\u8f66\u5546\u5468\u8f6c\u8d37115464-1-1',
	 'process': '100',
	 'protect_mode': '',
	 'repay_type': u'\u5148\u606f\u540e\u672c',
	 'reward': '',
	 'term': u'3\u4e2a\u6708',
	 'transfer_claim': u'\u6c83\u5c14\u6c83 \u6c83\u5c14\u6c83XC60(\u8fdb\u53e3) 2010\u6b3e 3.0T T6 AWD\u667a\u96c5\u7248'}
2015-09-14 15:00:50+0800 [jimuhezi] DEBUG: Crawled (200) <GET https://www.jimubox.com/Project/Index/61964> (referer: None)
2015-09-14 15:00:50+0800 [jimuhezi] DEBUG: Scraped from <200 https://www.jimubox.com/Project/Index/61964>
	{'amount': u'11.55\u4e07',
	 'area': u'2015-12-16',
	 'description': u'\u672c\u9879\u76ee\u4e3a\u4e8c\u624b\u8f66\u7ecf\u9500\u5546\u5468\u8f6c\u878d\u8d44\u4ea7\u54c1\u3002\u672c\u4ea7\u54c1\u9879\u4e0b\u7684\u501f\u6b3e\u4eba\u4e3b\u8425\u4e1a\u52a1\u4e3a\u4e8c\u624b\u8f66\u6536\u8d2d\u53ca\u9500\u552e\uff0c\u501f\u6b3e\u7528\u9014\u4e3a\u7ecf\u8425\u5468\u8f6c\uff0c\u8fd8\u6b3e\u6765\u6e90\u4e3a\u9500\u552e\u8f66\u8f86\u7684\u7ecf\u8425\u6536\u5165\u3002\u7531\u79ef\u6728\u76d2\u5b50\u8ba4\u8bc1\u7684\u5408\u4f5c\u65b9\u5411\u5e73\u53f0\u63a8\u8350\u4f18\u8d28\u4e8c\u624b\u8f66\u7ecf\u9500\u5546\uff0c\u5e76\u5bf9\u878d\u8d44\u4eba\u7684\u5e93\u5b58\u8f66\u8f86\u8fdb\u884c\u76d1\u7ba1\uff0c\u76d1\u7ba1\u65b9\u5c31\u4e0a\u8ff0\u76d1\u7ba1\u8f66\u8f86\u91c7\u53d6\u76f8\u5173\u63aa\u65bd\uff0c\u6258\u7ba1\u8f66\u8f86\u8bc1\u7167\u3001\u4fdd\u8bc1\u8f66\u8f86\u5b89\u5168\uff0c\u5e76\u76d1\u6d4b\u8f66\u8f86\u9500\u552e\u53ca\u8f66\u5546\u8d44\u91d1\u56de\u6d41\u60c5\u51b5\u6566\u4fc3\u8f66\u5546\u5c65\u884c\u8fd8\u6b3e\u4e49\u52a1\u3002',
	 'income_rate': u'8',
	 'link': 'https://www.jimubox.com/Project/Index/61964',
	 'min_amount': '',
	 'name': u'\u8f66\u5546\u5468\u8f6c\u8d37115466-1-1',
	 'process': '100',
	 'protect_mode': '',
	 'repay_type': u'\u5148\u606f\u540e\u672c',
	 'reward': '',
	 'term': u'3\u4e2a\u6708',
	 'transfer_claim': u'\u5965\u8fea \u5965\u8feaA6L 2009\u6b3e 2.4L \u6280\u672f\u578b'}
2015-09-14 15:00:52+0800 [jimuhezi] DEBUG: Crawled (200) <GET https://www.jimubox.com/Project/Index/61965> (referer: None)
2015-09-14 15:00:52+0800 [jimuhezi] DEBUG: Scraped from <200 https://www.jimubox.com/Project/Index/61965>
	{'amount': u'11.55\u4e07',
	 'area': u'2015-12-16',
	 'description': u'\u672c\u9879\u76ee\u4e3a\u4e8c\u624b\u8f66\u7ecf\u9500\u5546\u5468\u8f6c\u878d\u8d44\u4ea7\u54c1\u3002\u672c\u4ea7\u54c1\u9879\u4e0b\u7684\u501f\u6b3e\u4eba\u4e3b\u8425\u4e1a\u52a1\u4e3a\u4e8c\u624b\u8f66\u6536\u8d2d\u53ca\u9500\u552e\uff0c\u501f\u6b3e\u7528\u9014\u4e3a\u7ecf\u8425\u5468\u8f6c\uff0c\u8fd8\u6b3e\u6765\u6e90\u4e3a\u9500\u552e\u8f66\u8f86\u7684\u7ecf\u8425\u6536\u5165\u3002\u7531\u79ef\u6728\u76d2\u5b50\u8ba4\u8bc1\u7684\u5408\u4f5c\u65b9\u5411\u5e73\u53f0\u63a8\u8350\u4f18\u8d28\u4e8c\u624b\u8f66\u7ecf\u9500\u5546\uff0c\u5e76\u5bf9\u878d\u8d44\u4eba\u7684\u5e93\u5b58\u8f66\u8f86\u8fdb\u884c\u76d1\u7ba1\uff0c\u76d1\u7ba1\u65b9\u5c31\u4e0a\u8ff0\u76d1\u7ba1\u8f66\u8f86\u91c7\u53d6\u76f8\u5173\u63aa\u65bd\uff0c\u6258\u7ba1\u8f66\u8f86\u8bc1\u7167\u3001\u4fdd\u8bc1\u8f66\u8f86\u5b89\u5168\uff0c\u5e76\u76d1\u6d4b\u8f66\u8f86\u9500\u552e\u53ca\u8f66\u5546\u8d44\u91d1\u56de\u6d41\u60c5\u51b5\u6566\u4fc3\u8f66\u5546\u5c65\u884c\u8fd8\u6b3e\u4e49\u52a1\u3002',
	 'income_rate': u'8',
	 'link': 'https://www.jimubox.com/Project/Index/61965',
	 'min_amount': '',
	 'name': u'\u8f66\u5546\u5468\u8f6c\u8d37115465-1-1',
	 'process': '100',
	 'protect_mode': '',
	 'repay_type': u'\u5148\u606f\u540e\u672c',
	 'reward': '',
	 'term': u'3\u4e2a\u6708',
	 'transfer_claim': u'\u5965\u8fea \u5965\u8feaA6L 2009\u6b3e 2.8 FSI \u8c6a\u534e\u578b'}
2015-09-14 15:00:52+0800 [jimuhezi] INFO: Closing spider (finished)
2015-09-14 15:00:52+0800 [jimuhezi] INFO: Dumping Scrapy stats:
	{'downloader/request_bytes': 16888,
	 'downloader/request_count': 51,
	 'downloader/request_method_count/GET': 51,
	 'downloader/response_bytes': 456559,
	 'downloader/response_count': 51,
	 'downloader/response_status_count/200': 51,
	 'finish_reason': 'finished',
	 'finish_time': datetime.datetime(2015, 9, 14, 7, 0, 52, 296095),
	 'item_scraped_count': 51,
	 'log_count/DEBUG': 104,
	 'log_count/INFO': 8,
	 'response_received_count': 51,
	 'scheduler/dequeued': 51,
	 'scheduler/dequeued/memory': 51,
	 'scheduler/enqueued': 51,
	 'scheduler/enqueued/memory': 51,
	 'start_time': datetime.datetime(2015, 9, 14, 6, 59, 48, 714301)}
2015-09-14 15:00:52+0800 [jimuhezi] INFO: Spider closed (finished)
<JimuheziSpider 'jimuhezi' at 0x7eff987c44d0>
<JimuheziSpider 'jimuhezi' at 0x7eff987c44d0>
<JimuheziSpider 'jimuhezi' at 0x7eff987c44d0>
<JimuheziSpider 'jimuhezi' at 0x7eff987c44d0>
<JimuheziSpider 'jimuhezi' at 0x7eff987c44d0>
<JimuheziSpider 'jimuhezi' at 0x7eff987c44d0>
<JimuheziSpider 'jimuhezi' at 0x7eff987c44d0>
<JimuheziSpider 'jimuhezi' at 0x7eff987c44d0>
<JimuheziSpider 'jimuhezi' at 0x7eff987c44d0>
<JimuheziSpider 'jimuhezi' at 0x7eff987c44d0>
<JimuheziSpider 'jimuhezi' at 0x7eff987c44d0>
<JimuheziSpider 'jimuhezi' at 0x7eff987c44d0>
<JimuheziSpider 'jimuhezi' at 0x7eff987c44d0>
<JimuheziSpider 'jimuhezi' at 0x7eff987c44d0>
<JimuheziSpider 'jimuhezi' at 0x7eff987c44d0>
<JimuheziSpider 'jimuhezi' at 0x7eff987c44d0>
<JimuheziSpider 'jimuhezi' at 0x7eff987c44d0>
<JimuheziSpider 'jimuhezi' at 0x7eff987c44d0>
<JimuheziSpider 'jimuhezi' at 0x7eff987c44d0>
<JimuheziSpider 'jimuhezi' at 0x7eff987c44d0>
<JimuheziSpider 'jimuhezi' at 0x7eff987c44d0>
<JimuheziSpider 'jimuhezi' at 0x7eff987c44d0>
<JimuheziSpider 'jimuhezi' at 0x7eff987c44d0>
<JimuheziSpider 'jimuhezi' at 0x7eff987c44d0>
<JimuheziSpider 'jimuhezi' at 0x7eff987c44d0>
<JimuheziSpider 'jimuhezi' at 0x7eff987c44d0>
<JimuheziSpider 'jimuhezi' at 0x7eff987c44d0>
<JimuheziSpider 'jimuhezi' at 0x7eff987c44d0>
<JimuheziSpider 'jimuhezi' at 0x7eff987c44d0>
<JimuheziSpider 'jimuhezi' at 0x7eff987c44d0>
<JimuheziSpider 'jimuhezi' at 0x7eff987c44d0>
<JimuheziSpider 'jimuhezi' at 0x7eff987c44d0>
<JimuheziSpider 'jimuhezi' at 0x7eff987c44d0>
<JimuheziSpider 'jimuhezi' at 0x7eff987c44d0>
<JimuheziSpider 'jimuhezi' at 0x7eff987c44d0>
<JimuheziSpider 'jimuhezi' at 0x7eff987c44d0>
<JimuheziSpider 'jimuhezi' at 0x7eff987c44d0>
<JimuheziSpider 'jimuhezi' at 0x7eff987c44d0>
<JimuheziSpider 'jimuhezi' at 0x7eff987c44d0>
<JimuheziSpider 'jimuhezi' at 0x7eff987c44d0>
<JimuheziSpider 'jimuhezi' at 0x7eff987c44d0>
<JimuheziSpider 'jimuhezi' at 0x7eff987c44d0>
<JimuheziSpider 'jimuhezi' at 0x7eff987c44d0>
<JimuheziSpider 'jimuhezi' at 0x7eff987c44d0>
<JimuheziSpider 'jimuhezi' at 0x7eff987c44d0>
<JimuheziSpider 'jimuhezi' at 0x7eff987c44d0>
<JimuheziSpider 'jimuhezi' at 0x7eff987c44d0>
<JimuheziSpider 'jimuhezi' at 0x7eff987c44d0>
<JimuheziSpider 'jimuhezi' at 0x7eff987c44d0>
<JimuheziSpider 'jimuhezi' at 0x7eff987c44d0>
<JimuheziSpider 'jimuhezi' at 0x7eff987c44d0>
2015-09-14 15:01:02 爬取结束-------------jimuhezi---------------------------------------
