2015-09-15 10:53:24 开始运行爬虫----------yirendai---------------------------------------
2015-09-15 10:53:26+0800 [scrapy] INFO: Scrapy 0.24.4 started (bot: yirendai)
2015-09-15 10:53:26+0800 [scrapy] INFO: Optional features available: ssl, http11, boto, django
2015-09-15 10:53:26+0800 [scrapy] INFO: Overridden settings: {'NEWSPIDER_MODULE': 'yirendai.spiders', 'SPIDER_MODULES': ['yirendai.spiders'], 'BOT_NAME': 'yirendai'}
2015-09-15 10:53:26+0800 [scrapy] INFO: Enabled extensions: LogStats, TelnetConsole, CloseSpider, WebService, CoreStats, SpiderState
2015-09-15 10:53:27+0800 [scrapy] INFO: Enabled downloader middlewares: HttpAuthMiddleware, DownloadTimeoutMiddleware, UserAgentMiddleware, RetryMiddleware, DefaultHeadersMiddleware, MetaRefreshMiddleware, HttpCompressionMiddleware, RedirectMiddleware, CookiesMiddleware, ChunkedTransferMiddleware, DownloaderStats
2015-09-15 10:53:27+0800 [scrapy] INFO: Enabled spider middlewares: HttpErrorMiddleware, OffsiteMiddleware, RefererMiddleware, UrlLengthMiddleware, DepthMiddleware
2015-09-15 10:53:27+0800 [scrapy] INFO: Enabled item pipelines: YirendaiPipeline
2015-09-15 10:53:27+0800 [yirendai] INFO: Spider opened
2015-09-15 10:53:27+0800 [yirendai] INFO: Crawled 0 pages (at 0 pages/min), scraped 0 items (at 0 items/min)
2015-09-15 10:53:27+0800 [scrapy] DEBUG: Telnet console listening on 127.0.0.1:6034
2015-09-15 10:53:27+0800 [scrapy] DEBUG: Web service listening on 127.0.0.1:6091
2015-09-15 10:53:27+0800 [yirendai] DEBUG: Crawled (200) <GET http://www.yirendai.com/loan/list/1> (referer: None)
2015-09-15 10:53:30+0800 [yirendai] DEBUG: Crawled (200) <GET http://www.yirendai.com/loan/list/2> (referer: None)
2015-09-15 10:53:34+0800 [yirendai] DEBUG: Crawled (200) <GET http://www.yirendai.com/loan/list/3> (referer: None)
2015-09-15 10:53:36+0800 [yirendai] DEBUG: Crawled (200) <GET http://www.yirendai.com/loan/list/4> (referer: None)
2015-09-15 10:53:39+0800 [yirendai] DEBUG: Crawled (200) <GET http://www.yirendai.com/loan/list/5> (referer: None)
2015-09-15 10:53:42+0800 [yirendai] DEBUG: Crawled (200) <GET http://www.yirendai.com/loan/list/6> (referer: None)
2015-09-15 10:53:46+0800 [yirendai] DEBUG: Crawled (200) <GET http://www.yirendai.com/loan/list/7> (referer: None)
2015-09-15 10:53:49+0800 [yirendai] DEBUG: Crawled (200) <GET http://www.yirendai.com/loan/list/8> (referer: None)
2015-09-15 10:53:52+0800 [yirendai] DEBUG: Crawled (200) <GET http://www.yirendai.com/loan/list/9> (referer: None)
2015-09-15 10:53:57+0800 [yirendai] DEBUG: Crawled (200) <GET http://www.yirendai.com/loan/view/714238> (referer: http://www.yirendai.com/loan/list/1)
2015-09-15 10:53:57+0800 [yirendai] DEBUG: Scraped from <200 http://www.yirendai.com/loan/view/714238>
	{'amount': u'21,700.00',
	 'area': u'\u5e7f\u4e1c\u7701\u4e2d\u5c71\u5e02\u5e02\u8f96\u533a',
	 'description': u'\u5973\u53cb\u4e00\u76f4\u60f3\u5f00\u95f4\u670d\u88c5\u5e97\u3002\u5dee\u70b9\u8d44\u91d1\u3002\u671b\u5b9c\u4eba\u8d37\u5e73\u53f0\u80fd\u6210\u5168\u3002\u672c\u4eba\u6709\u4e24\u4efd\u5de5\u4f5c\u3002\u6b63\u804c\u5de5\u4f5c\u5de5\u8d444500\uff08\u6bcf\u670820\u53f7\u53d1\uff09\uff0c\u517c\u804c\u5de5\u4f5c\u5de5\u8d442500.\uff08\u6708\u5e95\u53d1\uff09\u53ef\u63a5\u53d7\u6708\u6700\u9ad8\u8fd8\u6b3e\u989d3000',
	 'income_rate': u'11',
	 'link': 'http://www.yirendai.com/loan/view/714238',
	 'min_amount': '',
	 'name': u'\u517c\u804c\u521b\u4e1a(\u7537,27\u5c81,\u5e7f\u4e1c\u7701\u4e2d\u5c71\u5e02)',
	 'process': u'54%',
	 'protect_mode': u'\u98ce\u9669\u91d1\u4fdd\u969c',
	 'repay_type': u'\u6bcf\u6708\u7b49\u989d\u672c\u606f',
	 'reward': '',
	 'term': u'24',
	 'transfer_claim': ''}
2015-09-15 10:53:59+0800 [yirendai] DEBUG: Crawled (200) <GET http://www.yirendai.com/loan/view/704968> (referer: http://www.yirendai.com/loan/list/1)
2015-09-15 10:53:59+0800 [yirendai] DEBUG: Scraped from <200 http://www.yirendai.com/loan/view/704968>
	{'amount': u'154,400.00',
	 'area': u'\u9655\u897f\u7701\u6986\u6797\u5e02\u795e\u6728\u53bf',
	 'description': u'\u88c5\u4fee\u672c\u4eba\u5728\u9655\u897f\u6986\u6797\u5e02\u6a2a\u5c71\u53bf\u5357\u5927\u88571028\u53f7\u7684\u623f\u5b50\uff0c\u7528\u4e8e\u7236\u6bcd\u5c45\u4f4f',
	 'income_rate': u'12',
	 'link': 'http://www.yirendai.com/loan/view/704968',
	 'min_amount': '',
	 'name': u'\u5bb6\u5c45\u5bb6\u88c5(\u7537,38\u5c81,\u9655\u897f\u7701\u6986\u6797\u5e02)',
	 'process': u'100%',
	 'protect_mode': u'\u98ce\u9669\u91d1\u4fdd\u969c',
	 'repay_type': u'\u6bcf\u6708\u7b49\u989d\u672c\u606f',
	 'reward': '',
	 'term': u'36',
	 'transfer_claim': ''}
2015-09-15 10:54:03+0800 [yirendai] DEBUG: Crawled (200) <GET http://www.yirendai.com/loan/view/706107> (referer: http://www.yirendai.com/loan/list/1)
2015-09-15 10:54:03+0800 [yirendai] DEBUG: Scraped from <200 http://www.yirendai.com/loan/view/706107>
	{'amount': u'56,100.00',
	 'area': u'\u56db\u5ddd\u7701\u5357\u5145\u5e02\u987a\u5e86\u533a',
	 'description': u'\u6682\u65e0\u63cf\u8ff0',
	 'income_rate': u'12',
	 'link': 'http://www.yirendai.com/loan/view/706107',
	 'min_amount': '',
	 'name': u'\u5176\u4ed6\u7528\u9014(\u7537,37\u5c81,\u56db\u5ddd\u7701\u5357\u5145\u5e02)',
	 'process': u'100%',
	 'protect_mode': u'\u98ce\u9669\u91d1\u4fdd\u969c',
	 'repay_type': u'\u6bcf\u6708\u7b49\u989d\u672c\u606f',
	 'reward': '',
	 'term': u'36',
	 'transfer_claim': ''}
2015-09-15 10:54:07+0800 [yirendai] DEBUG: Crawled (200) <GET http://www.yirendai.com/loan/view/705924> (referer: http://www.yirendai.com/loan/list/1)
2015-09-15 10:54:07+0800 [yirendai] DEBUG: Scraped from <200 http://www.yirendai.com/loan/view/705924>
	{'amount': u'56,100.00',
	 'area': u'\u6cb3\u5357\u7701\u6f2f\u6cb3\u5e02\u6e90\u6c47\u533a',
	 'description': u'\u6211\u5728\u5355\u4f4d\u4e0a\u73ed\uff0c\u6709\u517c\u804c\uff0c\u6536\u5165\u7a33\u5b9a\uff0c\u4fe1\u7528\u826f\u597d\uff0c\u53ef\u4ee5\u6309\u65f6\u8fd8\u6b3e\u3002',
	 'income_rate': u'12',
	 'link': 'http://www.yirendai.com/loan/view/705924',
	 'min_amount': '',
	 'name': u'\u517c\u804c\u521b\u4e1a(\u7537,26\u5c81,\u6cb3\u5357\u7701\u6f2f\u6cb3\u5e02)',
	 'process': u'100%',
	 'protect_mode': u'\u98ce\u9669\u91d1\u4fdd\u969c',
	 'repay_type': u'\u6bcf\u6708\u7b49\u989d\u672c\u606f',
	 'reward': '',
	 'term': u'36',
	 'transfer_claim': ''}
2015-09-15 10:54:11+0800 [yirendai] DEBUG: Crawled (200) <GET http://www.yirendai.com/loan/view/698518> (referer: http://www.yirendai.com/loan/list/1)
2015-09-15 10:54:11+0800 [yirendai] DEBUG: Scraped from <200 http://www.yirendai.com/loan/view/698518>
	{'amount': u'38,900.00',
	 'area': u'\u6e56\u5357\u7701\u682a\u6d32\u5e02\u5929\u5143\u533a',
	 'description': u'\u6682\u65e0\u63cf\u8ff0',
	 'income_rate': u'11',
	 'link': 'http://www.yirendai.com/loan/view/698518',
	 'min_amount': '',
	 'name': u'\u5176\u4ed6\u7528\u9014(\u7537,32\u5c81,\u6e56\u5357\u7701\u682a\u6d32\u5e02)',
	 'process': u'100%',
	 'protect_mode': u'\u98ce\u9669\u91d1\u4fdd\u969c',
	 'repay_type': u'\u6bcf\u6708\u7b49\u989d\u672c\u606f',
	 'reward': '',
	 'term': u'24',
	 'transfer_claim': ''}
2015-09-15 10:54:15+0800 [yirendai] DEBUG: Crawled (200) <GET http://www.yirendai.com/loan/view/698750> (referer: http://www.yirendai.com/loan/list/1)
2015-09-15 10:54:15+0800 [yirendai] DEBUG: Scraped from <200 http://www.yirendai.com/loan/view/698750>
	{'amount': u'25,900.00',
	 'area': u'\u6e56\u5357\u7701\u6000\u5316\u5e02\u6d2a\u6c5f\u5e02',
	 'description': u'\u672c\u4eba\u5de5\u4f5c\u7a33\u5b9a\uff0c\u5bb6\u5ead\u548c\u7766\uff0c\u9075\u7eaa\u5b88\u6cd5\uff0c\u6709\u8fd8\u6b3e\u80fd\u529b\u3002',
	 'income_rate': u'11',
	 'link': 'http://www.yirendai.com/loan/view/698750',
	 'min_amount': '',
	 'name': u'\u5176\u4ed6\u7528\u9014(\u7537,41\u5c81,\u6e56\u5357\u7701\u6000\u5316\u5e02)',
	 'process': u'100%',
	 'protect_mode': u'\u98ce\u9669\u91d1\u4fdd\u969c',
	 'repay_type': u'\u6bcf\u6708\u7b49\u989d\u672c\u606f',
	 'reward': '',
	 'term': u'24',
	 'transfer_claim': ''}
2015-09-15 10:54:19+0800 [yirendai] DEBUG: Crawled (200) <GET http://www.yirendai.com/loan/view/720308> (referer: http://www.yirendai.com/loan/list/1)
2015-09-15 10:54:19+0800 [yirendai] DEBUG: Scraped from <200 http://www.yirendai.com/loan/view/720308>
	{'amount': u'38,900.00',
	 'area': u'\u6c5f\u82cf\u7701\u82cf\u5dde\u5e02\u6606\u5c71\u5e02',
	 'description': u'\u672c\u4eba\u5728\u6606\u5c71\u8d2d\u4e70\u623f\u4ea7\u73b0\u501f\u6b3e\u7528\u4e8e\u88c5\u4fee\u8bf7\u5ba1\u6279\uff0c\u8c22\u8c22\uff01\u5355\u4f4d\u5206\u673a\uff1a67293',
	 'income_rate': u'11',
	 'link': 'http://www.yirendai.com/loan/view/720308',
	 'min_amount': '',
	 'name': u'\u5bb6\u5c45\u5bb6\u88c5(\u7537,30\u5c81,\u6c5f\u82cf\u7701\u82cf\u5dde\u5e02)',
	 'process': u'44%',
	 'protect_mode': u'\u98ce\u9669\u91d1\u4fdd\u969c',
	 'repay_type': u'\u6bcf\u6708\u7b49\u989d\u672c\u606f',
	 'reward': '',
	 'term': u'24',
	 'transfer_claim': ''}
2015-09-15 10:54:24+0800 [yirendai] DEBUG: Crawled (200) <GET http://www.yirendai.com/loan/view/717139> (referer: http://www.yirendai.com/loan/list/1)
2015-09-15 10:54:24+0800 [yirendai] DEBUG: Scraped from <200 http://www.yirendai.com/loan/view/717139>
	{'amount': u'70,200.00',
	 'area': u'\u5e7f\u897f\u58ee\u65cf\u81ea\u6cbb\u533a\u94a6\u5dde\u5e02\u7075\u5c71\u53bf',
	 'description': u'\u6682\u65e0\u63cf\u8ff0',
	 'income_rate': u'12',
	 'link': 'http://www.yirendai.com/loan/view/717139',
	 'min_amount': '',
	 'name': u'\u5176\u4ed6\u7528\u9014(\u7537,28\u5c81,\u5e7f\u897f\u58ee\u65cf\u81ea\u6cbb\u533a\u94a6\u5dde\u5e02)',
	 'process': u'35%',
	 'protect_mode': u'\u98ce\u9669\u91d1\u4fdd\u969c',
	 'repay_type': u'\u6bcf\u6708\u7b49\u989d\u672c\u606f',
	 'reward': '',
	 'term': u'36',
	 'transfer_claim': ''}
2015-09-15 10:54:27+0800 [yirendai] INFO: Crawled 17 pages (at 17 pages/min), scraped 8 items (at 8 items/min)
2015-09-15 10:54:28+0800 [yirendai] DEBUG: Crawled (200) <GET http://www.yirendai.com/loan/view/715249> (referer: http://www.yirendai.com/loan/list/1)
2015-09-15 10:54:28+0800 [yirendai] DEBUG: Scraped from <200 http://www.yirendai.com/loan/view/715249>
	{'amount': u'134,600.00',
	 'area': u'\u5409\u6797\u7701\u56db\u5e73\u5e02\u94c1\u897f\u533a',
	 'description': u'\u6682\u65e0\u63cf\u8ff0',
	 'income_rate': u'12.5',
	 'link': 'http://www.yirendai.com/loan/view/715249',
	 'min_amount': '',
	 'name': u'\u5176\u4ed6\u7528\u9014(\u7537,25\u5c81,\u5409\u6797\u7701\u56db\u5e73\u5e02)',
	 'process': u'92%',
	 'protect_mode': u'\u98ce\u9669\u91d1\u4fdd\u969c',
	 'repay_type': u'\u6bcf\u6708\u7b49\u989d\u672c\u606f',
	 'reward': '',
	 'term': u'48',
	 'transfer_claim': ''}
2015-09-15 10:54:30+0800 [yirendai] DEBUG: Crawled (200) <GET http://www.yirendai.com/loan/view/709444> (referer: http://www.yirendai.com/loan/list/2)
2015-09-15 10:54:30+0800 [yirendai] DEBUG: Scraped from <200 http://www.yirendai.com/loan/view/709444>
	{'amount': u'42,500.00',
	 'area': u'\u56db\u5ddd\u7701\u963f\u575d\u85cf\u65cf\u7f8c\u65cf\u81ea\u6cbb\u5dde\u91d1\u5ddd\u53bf',
	 'description': u'\u623f\u5c4b\u88c5\u4fee\uff0c\u6025\u9700\u501f\u6b3e\uff0c\u672c\u4eba\u5de5\u4f5c\u7a33\u5b9a\uff0c\u65e0\u8fd8\u6b3e\u538b\u529b\uff0c\u671b\u6279\u51c6\uff01\u8c22\u8c22\uff01',
	 'income_rate': u'10',
	 'link': 'http://www.yirendai.com/loan/view/709444',
	 'min_amount': '',
	 'name': u'\u5bb6\u5c45\u5bb6\u88c5(\u7537,30\u5c81,\u56db\u5ddd\u7701\u963f\u575d\u85cf\u65cf\u7f8c\u65cf\u81ea\u6cbb\u5dde)',
	 'process': u'100%',
	 'protect_mode': u'\u98ce\u9669\u91d1\u4fdd\u969c',
	 'repay_type': u'\u6bcf\u6708\u7b49\u989d\u672c\u606f',
	 'reward': '',
	 'term': u'12',
	 'transfer_claim': ''}
2015-09-15 10:54:34+0800 [yirendai] DEBUG: Crawled (200) <GET http://www.yirendai.com/loan/view/703682> (referer: http://www.yirendai.com/loan/list/2)
2015-09-15 10:54:34+0800 [yirendai] DEBUG: Scraped from <200 http://www.yirendai.com/loan/view/703682>
	{'amount': u'21,700.00',
	 'area': u'\u5e7f\u4e1c\u7701\u9633\u6c5f\u5e02\u9633\u6625\u5e02',
	 'description': u'\u517c\u804c\u521b\u4e1a\u3002 \u661f\u671f\u4e09 \u53ef\u4ee5 \u89c6\u9891\u8ba4\u8bc1\uff0c\u8c22\u8c22\u3002',
	 'income_rate': u'11',
	 'link': 'http://www.yirendai.com/loan/view/703682',
	 'min_amount': '',
	 'name': u'\u517c\u804c\u521b\u4e1a(\u7537,33\u5c81,\u5e7f\u4e1c\u7701\u9633\u6c5f\u5e02)',
	 'process': u'100%',
	 'protect_mode': u'\u98ce\u9669\u91d1\u4fdd\u969c',
	 'repay_type': u'\u6bcf\u6708\u7b49\u989d\u672c\u606f',
	 'reward': '',
	 'term': u'24',
	 'transfer_claim': ''}
2015-09-15 10:54:37+0800 [yirendai] DEBUG: Crawled (200) <GET http://www.yirendai.com/loan/view/712504> (referer: http://www.yirendai.com/loan/list/2)
2015-09-15 10:54:37+0800 [yirendai] DEBUG: Scraped from <200 http://www.yirendai.com/loan/view/712504>
	{'amount': u'56,100.00',
	 'area': u'\u5409\u6797\u7701\u5409\u6797\u5e02\u660c\u9091\u533a',
	 'description': u'\u672c\u4eba\u4e3a\u5b66\u6821\u6b63\u5f0f\u804c\u5de5\uff0c\u6536\u5165\u7a33\u5b9a\uff0c\u4e2a\u4eba\u4fe1\u8a89\u826f\u597d\uff0c\u65e0\u4e0d\u826f\u55dc\u597d\uff0c\u4fdd\u8bc1\u6309\u65f6\u8fd8\u6b3e\u3002',
	 'income_rate': u'12',
	 'link': 'http://www.yirendai.com/loan/view/712504',
	 'min_amount': '',
	 'name': u'\u5176\u4ed6\u7528\u9014(\u7537,43\u5c81,\u5409\u6797\u7701\u5409\u6797\u5e02)',
	 'process': u'100%',
	 'protect_mode': u'\u98ce\u9669\u91d1\u4fdd\u969c',
	 'repay_type': u'\u6bcf\u6708\u7b49\u989d\u672c\u606f',
	 'reward': '',
	 'term': u'36',
	 'transfer_claim': ''}
2015-09-15 10:54:41+0800 [yirendai] DEBUG: Crawled (200) <GET http://www.yirendai.com/loan/view/491299> (referer: http://www.yirendai.com/loan/list/5)
2015-09-15 10:54:41+0800 [yirendai] DEBUG: Scraped from <200 http://www.yirendai.com/loan/view/491299>
	{'amount': u'194,500.00',
	 'area': u'\u9655\u897f\u7701\u5b9d\u9e21\u5e02\u91d1\u53f0\u533a',
	 'description': u'\u6682\u65e0\u63cf\u8ff0',
	 'income_rate': u'12.5',
	 'link': 'http://www.yirendai.com/loan/view/491299',
	 'min_amount': '',
	 'name': u'\u5176\u4ed6\u7528\u9014(\u7537,40\u5c81,\u9655\u897f\u7701\u5b9d\u9e21\u5e02)',
	 'process': u'100%',
	 'protect_mode': u'\u98ce\u9669\u91d1\u4fdd\u969c',
	 'repay_type': u'\u6bcf\u6708\u7b49\u989d\u672c\u606f',
	 'reward': '',
	 'term': u'48',
	 'transfer_claim': ''}
2015-09-15 10:54:45+0800 [yirendai] DEBUG: Crawled (200) <GET http://www.yirendai.com/loan/view/491764> (referer: http://www.yirendai.com/loan/list/6)
2015-09-15 10:54:45+0800 [yirendai] DEBUG: Scraped from <200 http://www.yirendai.com/loan/view/491764>
	{'amount': u'70,200.00',
	 'area': u'\u8d35\u5dde\u7701\u6bd5\u8282\u5730\u533a\u6bd5\u8282\u5e02',
	 'description': u'\u672c\u4eba\u5de5\u4f5c\u7a33\u5b9a\uff0c\u6536\u5165\u7a33\u5b9a\uff0c\u5c45\u4f4f\u7a33\u5b9a\uff0c\u671b\u6279\u6b3e\u4e3a\u8c22',
	 'income_rate': u'12',
	 'link': 'http://www.yirendai.com/loan/view/491764',
	 'min_amount': '',
	 'name': u'\u5176\u4ed6\u7528\u9014(\u7537,50\u5c81,\u8d35\u5dde\u7701\u6bd5\u8282\u5730\u533a)',
	 'process': u'100%',
	 'protect_mode': u'\u98ce\u9669\u91d1\u4fdd\u969c',
	 'repay_type': u'\u6bcf\u6708\u7b49\u989d\u672c\u606f',
	 'reward': '',
	 'term': u'36',
	 'transfer_claim': ''}
2015-09-15 10:54:47+0800 [yirendai] DEBUG: Crawled (200) <GET http://www.yirendai.com/loan/view/491887> (referer: http://www.yirendai.com/loan/list/7)
2015-09-15 10:54:47+0800 [yirendai] DEBUG: Scraped from <200 http://www.yirendai.com/loan/view/491887>
	{'amount': u'140,400.00',
	 'area': u'\u6d59\u6c5f\u7701\u5b81\u6ce2\u5e02\u9547\u6d77\u533a',
	 'description': u'\u73b0\u5728\u6240\u4f4f\u7684\u623f\u5c4b\u60f3\u91cd\u65b0\u88c5\u4fee\uff0c\u6539\u5584\u4e0b\u81ea\u5df1\u7684\u751f\u6d3b\u8d28\u91cf\u3002',
	 'income_rate': u'12',
	 'link': 'http://www.yirendai.com/loan/view/491887',
	 'min_amount': '',
	 'name': u'\u5bb6\u5c45\u5bb6\u88c5(\u7537,42\u5c81,\u6d59\u6c5f\u7701\u5b81\u6ce2\u5e02)',
	 'process': u'100%',
	 'protect_mode': u'\u98ce\u9669\u91d1\u4fdd\u969c',
	 'repay_type': u'\u6bcf\u6708\u7b49\u989d\u672c\u606f',
	 'reward': '',
	 'term': u'36',
	 'transfer_claim': ''}
2015-09-15 10:54:51+0800 [yirendai] DEBUG: Crawled (200) <GET http://www.yirendai.com/loan/view/492627> (referer: http://www.yirendai.com/loan/list/8)
2015-09-15 10:54:51+0800 [yirendai] DEBUG: Scraped from <200 http://www.yirendai.com/loan/view/492627>
	{'amount': u'104,700.00',
	 'area': u'\u5c71\u4e1c\u7701\u6d4e\u5357\u5e02\u6d4e\u9633\u53bf',
	 'description': u'\u672c\u4eba\u5de5\u4f5c\u548c\u6536\u5165\u90fd\u6bd4\u8f83\u7a33\u5b9a\uff0c\u6709\u826f\u597d\u7684\u8fd8\u6b3e\u80fd\u529b\uff0c\u4fe1\u7528\u826f\u597d',
	 'income_rate': u'12.5',
	 'link': 'http://www.yirendai.com/loan/view/492627',
	 'min_amount': '',
	 'name': u'\u5bb6\u5c45\u5bb6\u88c5(\u5973,25\u5c81,\u5c71\u4e1c\u7701\u6d4e\u5357\u5e02)',
	 'process': u'100%',
	 'protect_mode': u'\u98ce\u9669\u91d1\u4fdd\u969c',
	 'repay_type': u'\u6bcf\u6708\u7b49\u989d\u672c\u606f',
	 'reward': '',
	 'term': u'48',
	 'transfer_claim': ''}
2015-09-15 10:54:56+0800 [yirendai] DEBUG: Crawled (200) <GET http://www.yirendai.com/loan/view/492567> (referer: http://www.yirendai.com/loan/list/9)
2015-09-15 10:54:56+0800 [yirendai] DEBUG: Scraped from <200 http://www.yirendai.com/loan/view/492567>
	{'amount': u'70,200.00',
	 'area': u'\u6d77\u5357\u7701\u7701\u76f4\u8f96\u53bf\u7ea7\u884c\u653f\u533a*\u6f84\u8fc8\u53bf',
	 'description': u'\u5ba2\u6237\u501f\u6b3e\u7528\u4e8e\u8d2d\u8f66\u548c\u88c5\u4fee\u623f\u5c4b\uff0c\u6709\u623f\u6709\u8d37\u6b3e\u6708\u4f9b1200\uff0c\u4fe1\u7528\u5361\u989d\u5ea64.2\u4e07',
	 'income_rate': u'12',
	 'link': 'http://www.yirendai.com/loan/view/492567',
	 'min_amount': '',
	 'name': u'\u5bb6\u5c45\u5bb6\u88c5(\u7537,46\u5c81,\u6d77\u5357\u7701\u6d77\u53e3\u5e02)',
	 'process': u'100%',
	 'protect_mode': u'\u98ce\u9669\u91d1\u4fdd\u969c',
	 'repay_type': u'\u6bcf\u6708\u7b49\u989d\u672c\u606f',
	 'reward': '',
	 'term': u'36',
	 'transfer_claim': ''}
2015-09-15 10:55:00+0800 [yirendai] DEBUG: Crawled (200) <GET http://www.yirendai.com/loan/view/493283> (referer: http://www.yirendai.com/loan/list/9)
2015-09-15 10:55:00+0800 [yirendai] DEBUG: Scraped from <200 http://www.yirendai.com/loan/view/493283>
	{'amount': u'25,900.00',
	 'area': u'\u4e0a\u6d77\u5e02\u5e02\u8f96\u533a\u957f\u5b81\u533a',
	 'description': u'\u751f\u6d3b\u9700\u8981\u4e70\u4e00\u8f86\u8f66\uff0c\u73b0\u67096\u4e07\u5de6\u53f3\u73b0\u91d1\uff0c\u5e0c\u671b\u518d\u501f6\u4e07\uff0c\u8c22\u8c22',
	 'income_rate': u'11',
	 'link': 'http://www.yirendai.com/loan/view/493283',
	 'min_amount': '',
	 'name': u'\u4e70\u8f66\u7f6e\u4e1a(\u7537,26\u5c81,\u4e0a\u6d77\u5e02\u5e02\u8f96\u533a)',
	 'process': u'100%',
	 'protect_mode': u'\u98ce\u9669\u91d1\u4fdd\u969c',
	 'repay_type': u'\u6bcf\u6708\u7b49\u989d\u672c\u606f',
	 'reward': '',
	 'term': u'24',
	 'transfer_claim': ''}
2015-09-15 10:55:05+0800 [yirendai] DEBUG: Crawled (200) <GET http://www.yirendai.com/loan/view/549846> (referer: http://www.yirendai.com/loan/list/9)
2015-09-15 10:55:05+0800 [yirendai] DEBUG: Scraped from <200 http://www.yirendai.com/loan/view/549846>
	{'amount': u'224,400.00',
	 'area': u'\u5c71\u897f\u7701\u592a\u539f\u5e02\u674f\u82b1\u5cad\u533a',
	 'description': u'\u672c\u4eba\u5bb6\u4e2d\u7ecf\u8425\u5de5\u4e1a\u4ea7\u54c1\u5305\u88c5\u6570\u5e74\uff0c\u73b0\u4e1a\u52a1\u6269\u5927\uff0c\u9700\u8981\u8d44\u91d1\u5468\u8f6c\u3002\u672c\u4eba\u5de5\u4f5c\u6536\u5165\u7a33\u5b9a\uff0c\u8fd8\u6b3e\u65e0\u538b\u529b\u3002',
	 'income_rate': u'12.5',
	 'link': 'http://www.yirendai.com/loan/view/549846',
	 'min_amount': '',
	 'name': u'\u517c\u804c\u521b\u4e1a(\u5973,49\u5c81,\u5c71\u897f\u7701\u592a\u539f\u5e02)',
	 'process': u'100%',
	 'protect_mode': u'\u98ce\u9669\u91d1\u4fdd\u969c',
	 'repay_type': u'\u6bcf\u6708\u7b49\u989d\u672c\u606f',
	 'reward': '',
	 'term': u'48',
	 'transfer_claim': ''}
2015-09-15 10:55:06+0800 [yirendai] DEBUG: Crawled (200) <GET http://www.yirendai.com/loan/view/549955> (referer: http://www.yirendai.com/loan/list/9)
2015-09-15 10:55:06+0800 [yirendai] DEBUG: Scraped from <200 http://www.yirendai.com/loan/view/549955>
	{'amount': u'42,100.00',
	 'area': u'\u56db\u5ddd\u7701\u4e50\u5c71\u5e02\u9a6c\u8fb9\u5f5d\u65cf\u81ea\u6cbb\u53bf',
	 'description': u'\u6700\u8fd1\u770b\u597d\u4e00\u8f86\u5927\u4f17\u9014\u89c2\uff0c\u73b0\u8d44\u91d1\u7f3a\u4e00\u90e8\u5206\uff0c\u5411\u8d35\u516c\u53f8\u501f\u6b3e10\u4e07\u3002',
	 'income_rate': u'12',
	 'link': 'http://www.yirendai.com/loan/view/549955',
	 'min_amount': '',
	 'name': u'\u4e70\u8f66\u7f6e\u4e1a(\u7537,29\u5c81,\u56db\u5ddd\u7701\u4e50\u5c71\u5e02)',
	 'process': u'100%',
	 'protect_mode': u'\u98ce\u9669\u91d1\u4fdd\u969c',
	 'repay_type': u'\u6bcf\u6708\u7b49\u989d\u672c\u606f',
	 'reward': '',
	 'term': u'36',
	 'transfer_claim': ''}
2015-09-15 10:55:09+0800 [yirendai] DEBUG: Crawled (200) <GET http://www.yirendai.com/loan/view/549717> (referer: http://www.yirendai.com/loan/list/9)
2015-09-15 10:55:09+0800 [yirendai] DEBUG: Scraped from <200 http://www.yirendai.com/loan/view/549717>
	{'amount': u'42,100.00',
	 'area': u'\u56db\u5ddd\u7701\u5357\u5145\u5e02\u5609\u9675\u533a',
	 'description': u'\u6682\u65e0\u63cf\u8ff0',
	 'income_rate': u'12',
	 'link': 'http://www.yirendai.com/loan/view/549717',
	 'min_amount': '',
	 'name': u'\u5176\u4ed6\u7528\u9014(\u7537,37\u5c81,\u56db\u5ddd\u7701\u5357\u5145\u5e02)',
	 'process': u'100%',
	 'protect_mode': u'\u98ce\u9669\u91d1\u4fdd\u969c',
	 'repay_type': u'\u6bcf\u6708\u7b49\u989d\u672c\u606f',
	 'reward': '',
	 'term': u'36',
	 'transfer_claim': ''}
2015-09-15 10:55:12+0800 [yirendai] DEBUG: Crawled (200) <GET http://www.yirendai.com/loan/view/549736> (referer: http://www.yirendai.com/loan/list/9)
2015-09-15 10:55:12+0800 [yirendai] DEBUG: Scraped from <200 http://www.yirendai.com/loan/view/549736>
	{'amount': u'224,400.00',
	 'area': u'\u6e56\u5317\u7701\u968f\u5dde\u5e02\u66fe\u90fd\u533a',
	 'description': u'\u672c\u4eba\u5728\u968f\u5dde\u5e02\u5730\u65b9\u7a0e\u52a1\u5c40\u5de5\u4f5c\uff0c\u5de5\u8d4410000\u5143\u5de6\u53f3\uff0c\u6536\u5165\u7a33\u5b9a\uff0c\u6709\u8db3\u591f\u8fd8\u6b3e\u80fd\u529b\u3002',
	 'income_rate': u'12.5',
	 'link': 'http://www.yirendai.com/loan/view/549736',
	 'min_amount': '',
	 'name': u'\u4e70\u8f66\u7f6e\u4e1a(\u7537,45\u5c81,\u6e56\u5317\u7701\u968f\u5dde\u5e02)',
	 'process': u'100%',
	 'protect_mode': u'\u98ce\u9669\u91d1\u4fdd\u969c',
	 'repay_type': u'\u6bcf\u6708\u7b49\u989d\u672c\u606f',
	 'reward': '',
	 'term': u'48',
	 'transfer_claim': ''}
2015-09-15 10:55:15+0800 [yirendai] DEBUG: Crawled (200) <GET http://www.yirendai.com/loan/view/549656> (referer: http://www.yirendai.com/loan/list/9)
2015-09-15 10:55:15+0800 [yirendai] DEBUG: Scraped from <200 http://www.yirendai.com/loan/view/549656>
	{'amount': u'56,100.00',
	 'area': u'\u5c71\u897f\u7701\u9633\u6cc9\u5e02\u57ce\u533a',
	 'description': u'\u672c\u4eba\u7ecf\u8425\u6d17\u6d74\u4e2d\u5fc3\uff0c\u73b0\u9700\u91cd\u65b0\u88c5\u4fee\uff0c\u66f4\u6362\u8bbe\u5907\uff0c\u9700\u6295\u8d44\u501f\u6b64\u6b3e\u3002',
	 'income_rate': u'12',
	 'link': 'http://www.yirendai.com/loan/view/549656',
	 'min_amount': '',
	 'name': u'\u517c\u804c\u521b\u4e1a(\u7537,40\u5c81,\u5c71\u897f\u7701\u9633\u6cc9\u5e02)',
	 'process': u'100%',
	 'protect_mode': u'\u98ce\u9669\u91d1\u4fdd\u969c',
	 'repay_type': u'\u6bcf\u6708\u7b49\u989d\u672c\u606f',
	 'reward': '',
	 'term': u'36',
	 'transfer_claim': ''}
2015-09-15 10:55:20+0800 [yirendai] DEBUG: Crawled (200) <GET http://www.yirendai.com/loan/view/549650> (referer: http://www.yirendai.com/loan/list/9)
2015-09-15 10:55:20+0800 [yirendai] DEBUG: Scraped from <200 http://www.yirendai.com/loan/view/549650>
	{'amount': u'11,600.00',
	 'area': u'\u798f\u5efa\u7701\u4e09\u660e\u5e02\u6c38\u5b89\u5e02',
	 'description': u'\u7531\u4e8e\u521a\u88c5\u4fee\u623f\u5b50\uff0c\u9700\u8981\u8d44\u91d1\u5468\u8f6c\uff0c\u672c\u4eba\u81ea\u6709\u8d44\u4ea7\u6bd4\u8f83\u7d27\u5f20',
	 'income_rate': u'10',
	 'link': 'http://www.yirendai.com/loan/view/549650',
	 'min_amount': '',
	 'name': u'\u5bb6\u5c45\u5bb6\u88c5(\u5973,30\u5c81,\u798f\u5efa\u7701\u4e09\u660e\u5e02)',
	 'process': u'100%',
	 'protect_mode': u'\u98ce\u9669\u91d1\u4fdd\u969c',
	 'repay_type': u'\u6bcf\u6708\u7b49\u989d\u672c\u606f',
	 'reward': '',
	 'term': u'12',
	 'transfer_claim': ''}
2015-09-15 10:55:22+0800 [yirendai] DEBUG: Crawled (200) <GET http://www.yirendai.com/loan/view/495086> (referer: http://www.yirendai.com/loan/list/9)
2015-09-15 10:55:22+0800 [yirendai] DEBUG: Scraped from <200 http://www.yirendai.com/loan/view/495086>
	{'amount': u'56,100.00',
	 'area': u'\u6cb3\u5357\u7701\u4fe1\u9633\u5e02\u5e73\u6865\u533a',
	 'description': u'\u672c\u4eba\u5de5\u4f5c\u7a33\u5b9a\uff0c\u6536\u5165\u7a33\u5b9a\uff0c\u4fe1\u8a89\u826f\u597d\uff0c\u4e00\u5b9a\u5c65\u884c\u6761\u7ea6.',
	 'income_rate': u'12',
	 'link': 'http://www.yirendai.com/loan/view/495086',
	 'min_amount': '',
	 'name': u'\u5176\u4ed6\u7528\u9014(\u7537,36\u5c81,\u6cb3\u5357\u7701\u4fe1\u9633\u5e02)',
	 'process': u'100%',
	 'protect_mode': u'\u98ce\u9669\u91d1\u4fdd\u969c',
	 'repay_type': u'\u6bcf\u6708\u7b49\u989d\u672c\u606f',
	 'reward': '',
	 'term': u'36',
	 'transfer_claim': ''}
2015-09-15 10:55:25+0800 [yirendai] DEBUG: Crawled (200) <GET http://www.yirendai.com/loan/view/492610> (referer: http://www.yirendai.com/loan/list/9)
2015-09-15 10:55:25+0800 [yirendai] DEBUG: Scraped from <200 http://www.yirendai.com/loan/view/492610>
	{'amount': u'42,100.00',
	 'area': u'\u6e56\u5357\u7701\u90f4\u5dde\u5e02\u6842\u9633\u53bf',
	 'description': u'\u6682\u65e0\u63cf\u8ff0',
	 'income_rate': u'12',
	 'link': 'http://www.yirendai.com/loan/view/492610',
	 'min_amount': '',
	 'name': u'\u4e70\u8f66\u7f6e\u4e1a(\u5973,29\u5c81,\u6e56\u5357\u7701\u90f4\u5dde\u5e02)',
	 'process': u'100%',
	 'protect_mode': u'\u98ce\u9669\u91d1\u4fdd\u969c',
	 'repay_type': u'\u6bcf\u6708\u7b49\u989d\u672c\u606f',
	 'reward': '',
	 'term': u'36',
	 'transfer_claim': ''}
2015-09-15 10:55:27+0800 [yirendai] INFO: Crawled 35 pages (at 18 pages/min), scraped 26 items (at 18 items/min)
2015-09-15 10:55:30+0800 [yirendai] DEBUG: Crawled (200) <GET http://www.yirendai.com/loan/view/492337> (referer: http://www.yirendai.com/loan/list/8)
2015-09-15 10:55:30+0800 [yirendai] DEBUG: Scraped from <200 http://www.yirendai.com/loan/view/492337>
	{'amount': u'74,800.00',
	 'area': u'\u9ed1\u9f99\u6c5f\u7701\u7ee5\u5316\u5e02\u7ee5\u68f1\u53bf',
	 'description': u'\u6682\u65e0\u63cf\u8ff0',
	 'income_rate': u'12.5',
	 'link': 'http://www.yirendai.com/loan/view/492337',
	 'min_amount': '',
	 'name': u'\u5176\u4ed6\u7528\u9014(\u5973,31\u5c81,\u9ed1\u9f99\u6c5f\u7701\u7ee5\u5316\u5e02)',
	 'process': u'100%',
	 'protect_mode': u'\u98ce\u9669\u91d1\u4fdd\u969c',
	 'repay_type': u'\u6bcf\u6708\u7b49\u989d\u672c\u606f',
	 'reward': '',
	 'term': u'48',
	 'transfer_claim': ''}
2015-09-15 10:55:32+0800 [yirendai] DEBUG: Crawled (200) <GET http://www.yirendai.com/loan/view/494289> (referer: http://www.yirendai.com/loan/list/8)
2015-09-15 10:55:32+0800 [yirendai] DEBUG: Scraped from <200 http://www.yirendai.com/loan/view/494289>
	{'amount': u'179,500.00',
	 'area': u'\u5317\u4eac\u5e02\u5e02\u8f96\u533a\u6d77\u6dc0\u533a',
	 'description': u'\u5ba2\u6237\u4e3a\u672c\u5730\u6237\u7c4d\uff0c\u5728\u4e00\u5bb6\u6c11\u8425\u5355\u4f4d\u4efb\u804c\u9ad8\u7ea7\u7ba1\u7406\u4eba\u5458\uff0c\u5df2\u5a5a\u6709\u5b50\uff0c\u5e74\u6536\u516550\u4e07\uff0c\u53ef\u63a5\u53d72\u4e07\u6708\u8fd8\u6b3e\u3002',
	 'income_rate': u'12.5',
	 'link': 'http://www.yirendai.com/loan/view/494289',
	 'min_amount': '',
	 'name': u'\u65e5\u5e38\u6d88\u8d39(\u7537,42\u5c81,\u5317\u4eac\u5e02\u5e02\u8f96\u533a)',
	 'process': u'100%',
	 'protect_mode': u'\u98ce\u9669\u91d1\u4fdd\u969c',
	 'repay_type': u'\u6bcf\u6708\u7b49\u989d\u672c\u606f',
	 'reward': '',
	 'term': u'48',
	 'transfer_claim': ''}
2015-09-15 10:55:35+0800 [yirendai] DEBUG: Crawled (200) <GET http://www.yirendai.com/loan/view/492144> (referer: http://www.yirendai.com/loan/list/8)
2015-09-15 10:55:35+0800 [yirendai] DEBUG: Scraped from <200 http://www.yirendai.com/loan/view/492144>
	{'amount': u'224,400.00',
	 'area': u'\u5185\u8499\u53e4\u81ea\u6cbb\u533a\u5305\u5934\u5e02\u8fbe\u5c14\u7f55\u8302\u660e\u5b89\u8054\u5408\u65d7',
	 'description': u'\u672c\u4eba\u5de5\u4f5c\u7a33\u5b9a\uff0c\u6536\u5165\u7a33\u5b9a\uff0c\u4fe1\u7528\u826f\u597d\uff0c\u80fd\u591f\u6309\u65f6\u8fd8\u6b3e\u3002',
	 'income_rate': u'12.5',
	 'link': 'http://www.yirendai.com/loan/view/492144',
	 'min_amount': '',
	 'name': u'\u5176\u4ed6\u7528\u9014(\u7537,41\u5c81,\u5185\u8499\u53e4\u81ea\u6cbb\u533a\u5305\u5934\u5e02)',
	 'process': u'100%',
	 'protect_mode': u'\u98ce\u9669\u91d1\u4fdd\u969c',
	 'repay_type': u'\u6bcf\u6708\u7b49\u989d\u672c\u606f',
	 'reward': '',
	 'term': u'48',
	 'transfer_claim': ''}
2015-09-15 10:55:38+0800 [yirendai] DEBUG: Crawled (200) <GET http://www.yirendai.com/loan/view/491153> (referer: http://www.yirendai.com/loan/list/8)
2015-09-15 10:55:38+0800 [yirendai] DEBUG: Scraped from <200 http://www.yirendai.com/loan/view/491153>
	{'amount': u'149,600.00',
	 'area': u'\u5e7f\u4e1c\u7701\u4e1c\u839e\u5e02\u5e02\u533a',
	 'description': u'\u623f\u5c4b\u90e8\u5206\u88c5\u4fee\uff0c\u65b0\u5236\u5bb6\u5177\u3002\u8d2d\u4e70\u8282\u80fd\u7535\u5668\u3001\u51b0\u7bb1\u53ca\u7a7a\u8c03\u7b49\u5bb6\u7528\u7535\u5668\u3002',
	 'income_rate': u'12.5',
	 'link': 'http://www.yirendai.com/loan/view/491153',
	 'min_amount': '',
	 'name': u'\u65e5\u5e38\u6d88\u8d39(\u7537,44\u5c81,\u5e7f\u4e1c\u7701\u4e1c\u839e\u5e02)',
	 'process': u'100%',
	 'protect_mode': u'\u98ce\u9669\u91d1\u4fdd\u969c',
	 'repay_type': u'\u6bcf\u6708\u7b49\u989d\u672c\u606f',
	 'reward': '',
	 'term': u'48',
	 'transfer_claim': ''}
2015-09-15 10:55:42+0800 [yirendai] DEBUG: Crawled (200) <GET http://www.yirendai.com/loan/view/493347> (referer: http://www.yirendai.com/loan/list/8)
2015-09-15 10:55:42+0800 [yirendai] DEBUG: Scraped from <200 http://www.yirendai.com/loan/view/493347>
	{'amount': u'70,200.00',
	 'area': u'\u6c5f\u82cf\u7701\u82cf\u5dde\u5e02\u5e38\u719f\u5e02',
	 'description': u'\u672c\u4eba\u5728\u5916\u8d44\u516c\u53f8\u4e0a\u73ed\uff0c\u5de5\u8d44\u6bd4\u8f83\u7a33\u5b9a\uff0c\u989d\u5916\u505a\u4e00\u4e9b\u517c\u804c\u5de5\u4f5c\uff0c\u53ef\u4ee5\u6309\u65f6\u8fd8\u6b3e\uff0c\u4fe1\u7528\u826f\u597d\u3002',
	 'income_rate': u'12',
	 'link': 'http://www.yirendai.com/loan/view/493347',
	 'min_amount': '',
	 'name': u'\u517c\u804c\u521b\u4e1a(\u7537,29\u5c81,\u6c5f\u82cf\u7701\u82cf\u5dde\u5e02)',
	 'process': u'100%',
	 'protect_mode': u'\u98ce\u9669\u91d1\u4fdd\u969c',
	 'repay_type': u'\u6bcf\u6708\u7b49\u989d\u672c\u606f',
	 'reward': '',
	 'term': u'36',
	 'transfer_claim': ''}
2015-09-15 10:55:46+0800 [yirendai] DEBUG: Crawled (200) <GET http://www.yirendai.com/loan/view/493320> (referer: http://www.yirendai.com/loan/list/8)
2015-09-15 10:55:46+0800 [yirendai] DEBUG: Scraped from <200 http://www.yirendai.com/loan/view/493320>
	{'amount': u'164,600.00',
	 'area': u'\u5317\u4eac\u5e02\u5e02\u8f96\u533a\u671d\u9633\u533a',
	 'description': u'\u672c\u4eba\u501f\u6b3e\u7528\u9014\u4e3a\u6d88\u8d39\uff0c\u8d2d\u8f66\uff0c\u5e74\u6536\u516530\u4e07\uff0c\u6708\u6536\u516515000\uff0c\u6708\u8fd86000\u65e0\u538b\u529b\u3002',
	 'income_rate': u'12.5',
	 'link': 'http://www.yirendai.com/loan/view/493320',
	 'min_amount': '',
	 'name': u'\u65e5\u5e38\u6d88\u8d39(\u7537,29\u5c81,\u5317\u4eac\u5e02\u5e02\u8f96\u533a)',
	 'process': u'100%',
	 'protect_mode': u'\u98ce\u9669\u91d1\u4fdd\u969c',
	 'repay_type': u'\u6bcf\u6708\u7b49\u989d\u672c\u606f',
	 'reward': '',
	 'term': u'48',
	 'transfer_claim': ''}
2015-09-15 10:55:50+0800 [yirendai] DEBUG: Crawled (200) <GET http://www.yirendai.com/loan/view/491335> (referer: http://www.yirendai.com/loan/list/8)
2015-09-15 10:55:50+0800 [yirendai] DEBUG: Scraped from <200 http://www.yirendai.com/loan/view/491335>
	{'amount': u'134,600.00',
	 'area': u'\u6e56\u5357\u7701\u682a\u6d32\u5e02\u6538\u53bf',
	 'description': u'\u672c\u4eba\u5728\u56fd\u4f01\u4e0a\u73ed\uff0c\u5de5\u4f5c\u6536\u5165\u7a33\u5b9a\uff0c\u5de5\u4f5c\u5e74\u9650\u5df2\u670928\u5e74\uff0c\u4fe1\u7528\u8bb0\u5f55\u826f\u597d\uff0c\u6709\u623f\u6709\u8f66\uff0c\u8c22\u8c22\u3002',
	 'income_rate': u'12.5',
	 'link': 'http://www.yirendai.com/loan/view/491335',
	 'min_amount': '',
	 'name': u'\u5176\u4ed6\u7528\u9014(\u7537,47\u5c81,\u6e56\u5357\u7701\u682a\u6d32\u5e02)',
	 'process': u'100%',
	 'protect_mode': u'\u98ce\u9669\u91d1\u4fdd\u969c',
	 'repay_type': u'\u6bcf\u6708\u7b49\u989d\u672c\u606f',
	 'reward': '',
	 'term': u'48',
	 'transfer_claim': ''}
2015-09-15 10:55:52+0800 [yirendai] DEBUG: Crawled (200) <GET http://www.yirendai.com/loan/view/491492> (referer: http://www.yirendai.com/loan/list/8)
2015-09-15 10:55:52+0800 [yirendai] DEBUG: Scraped from <200 http://www.yirendai.com/loan/view/491492>
	{'amount': u'29,900.00',
	 'area': u'\u7518\u8083\u7701\u4e34\u590f\u56de\u65cf\u81ea\u6cbb\u5dde\u4e1c\u4e61\u65cf\u81ea\u6cbb\u53bf',
	 'description': u'\u6211\u662f\u4e1c\u4e61\u65cf\u81ea\u6cbb\u53bf\u53d1\u6539\u5c40\u7684\u6b63\u5f0f\u5de5\u4f5c\u4eba\u5458\uff0c\u5de5\u8d44\u7a33\u5b9a\uff0c\u513f\u5b50\u957f\u5927\u4e86\uff0c\u6ca1\u6709\u8d1f\u62c5\uff0c\u6709\u80fd\u529b\u8fd8\u6b3e\u3002',
	 'income_rate': u'12.5',
	 'link': 'http://www.yirendai.com/loan/view/491492',
	 'min_amount': '',
	 'name': u'\u517c\u804c\u521b\u4e1a(\u5973,50\u5c81,\u7518\u8083\u7701\u4e34\u590f\u56de\u65cf\u81ea\u6cbb\u5dde)',
	 'process': u'100%',
	 'protect_mode': u'\u98ce\u9669\u91d1\u4fdd\u969c',
	 'repay_type': u'\u6bcf\u6708\u7b49\u989d\u672c\u606f',
	 'reward': '',
	 'term': u'48',
	 'transfer_claim': ''}
2015-09-15 10:55:56+0800 [yirendai] DEBUG: Crawled (200) <GET http://www.yirendai.com/loan/view/491500> (referer: http://www.yirendai.com/loan/list/8)
2015-09-15 10:55:56+0800 [yirendai] DEBUG: Scraped from <200 http://www.yirendai.com/loan/view/491500>
	{'amount': u'56,100.00',
	 'area': u'\u5c71\u897f\u7701\u9633\u6cc9\u5e02\u77ff\u533a',
	 'description': u'\u672c\u4eba\u56e0\u8d2d\u4e70\u8f66\u8f86\u7279\u7533\u8bf7\u501f\u6b3e\uff0c\u5e0c\u671b\u8d35\u516c\u53f8\u6279\u51c6\u8c22\u8c22\u656c\u793c',
	 'income_rate': u'12',
	 'link': 'http://www.yirendai.com/loan/view/491500',
	 'min_amount': '',
	 'name': u'\u4e70\u8f66\u7f6e\u4e1a(\u5973,41\u5c81,\u5c71\u897f\u7701\u9633\u6cc9\u5e02)',
	 'process': u'100%',
	 'protect_mode': u'\u98ce\u9669\u91d1\u4fdd\u969c',
	 'repay_type': u'\u6bcf\u6708\u7b49\u989d\u672c\u606f',
	 'reward': '',
	 'term': u'36',
	 'transfer_claim': ''}
2015-09-15 10:56:00+0800 [yirendai] DEBUG: Crawled (200) <GET http://www.yirendai.com/loan/view/492103> (referer: http://www.yirendai.com/loan/list/7)
2015-09-15 10:56:00+0800 [yirendai] DEBUG: Scraped from <200 http://www.yirendai.com/loan/view/492103>
	{'amount': u'38,900.00',
	 'area': u'\u6c5f\u82cf\u7701\u82cf\u5dde\u5e02\u592a\u4ed3\u5e02',
	 'description': u'\u672c\u4eba\u5de5\u4f5c\u7a33\u5b9a\uff0c\u6709\u8fd8\u6b3e\u80fd\u529b\uff0c\u501f\u6b3e\u7528\u4e8e\u517c\u804c\u5f00\u5e97\u3002',
	 'income_rate': u'11',
	 'link': 'http://www.yirendai.com/loan/view/492103',
	 'min_amount': '',
	 'name': u'\u517c\u804c\u521b\u4e1a(\u7537,22\u5c81,\u6c5f\u82cf\u7701\u82cf\u5dde\u5e02)',
	 'process': u'100%',
	 'protect_mode': u'\u98ce\u9669\u91d1\u4fdd\u969c',
	 'repay_type': u'\u6bcf\u6708\u7b49\u989d\u672c\u606f',
	 'reward': '',
	 'term': u'24',
	 'transfer_claim': ''}
2015-09-15 10:56:03+0800 [yirendai] DEBUG: Crawled (200) <GET http://www.yirendai.com/loan/view/493231> (referer: http://www.yirendai.com/loan/list/7)
2015-09-15 10:56:03+0800 [yirendai] DEBUG: Scraped from <200 http://www.yirendai.com/loan/view/493231>
	{'amount': u'149,600.00',
	 'area': u'\u9ed1\u9f99\u6c5f\u7701\u54c8\u5c14\u6ee8\u5e02\u9053\u91cc\u533a',
	 'description': u'\u6682\u65e0\u63cf\u8ff0',
	 'income_rate': u'12.5',
	 'link': 'http://www.yirendai.com/loan/view/493231',
	 'min_amount': '',
	 'name': u'\u5176\u4ed6\u7528\u9014(\u5973,43\u5c81,\u9ed1\u9f99\u6c5f\u7701\u54c8\u5c14\u6ee8\u5e02)',
	 'process': u'100%',
	 'protect_mode': u'\u98ce\u9669\u91d1\u4fdd\u969c',
	 'repay_type': u'\u6bcf\u6708\u7b49\u989d\u672c\u606f',
	 'reward': '',
	 'term': u'48',
	 'transfer_claim': ''}
2015-09-15 10:56:07+0800 [yirendai] DEBUG: Crawled (200) <GET http://www.yirendai.com/loan/view/491168> (referer: http://www.yirendai.com/loan/list/7)
2015-09-15 10:56:07+0800 [yirendai] DEBUG: Scraped from <200 http://www.yirendai.com/loan/view/491168>
	{'amount': u'38,900.00',
	 'area': u'\u4e91\u5357\u7701\u6606\u660e\u5e02\u76d8\u9f99\u533a',
	 'description': u'\u672c\u6b21\u501f\u6b3e\u7528\u9014\u4e3b\u8981\u7528\u4e8e\u5e97\u9762\u7684\u88c5\u4fee\u4e0e\u6539\u9020\uff0c\u6240\u4ee5\u6b64\u6b21\u524d\u6765\u501f\u6b3e',
	 'income_rate': u'11',
	 'link': 'http://www.yirendai.com/loan/view/491168',
	 'min_amount': '',
	 'name': u'\u5bb6\u5c45\u5bb6\u88c5(\u5973,39\u5c81,\u4e91\u5357\u7701\u6606\u660e\u5e02)',
	 'process': u'100%',
	 'protect_mode': u'\u98ce\u9669\u91d1\u4fdd\u969c',
	 'repay_type': u'\u6bcf\u6708\u7b49\u989d\u672c\u606f',
	 'reward': '',
	 'term': u'24',
	 'transfer_claim': ''}
2015-09-15 10:56:10+0800 [yirendai] DEBUG: Crawled (200) <GET http://www.yirendai.com/loan/view/494168> (referer: http://www.yirendai.com/loan/list/7)
2015-09-15 10:56:10+0800 [yirendai] DEBUG: Scraped from <200 http://www.yirendai.com/loan/view/494168>
	{'amount': u'49,300.00',
	 'area': u'\u4e91\u5357\u7701\u6606\u660e\u5e02\u76d8\u9f99\u533a',
	 'description': u'\u7528\u4e8e\u65b0\u8d2d\u623f\u5b50\u88c5\u4fee\uff0c\u623f\u5b50\u7ed9\u7236\u6bcd\u4f4f\uff0c\u88c5\u4fee\u88c5\u4fee\u88c5\u4fee\u88c5\u4fee\u88c5\u4fee\u3002',
	 'income_rate': u'10.5',
	 'link': 'http://www.yirendai.com/loan/view/494168',
	 'min_amount': '',
	 'name': u'\u65e5\u5e38\u6d88\u8d39(\u7537,34\u5c81,\u4e91\u5357\u7701\u6606\u660e\u5e02)',
	 'process': u'100%',
	 'protect_mode': u'\u98ce\u9669\u91d1\u4fdd\u969c',
	 'repay_type': u'\u6bcf\u6708\u7b49\u989d\u672c\u606f',
	 'reward': '',
	 'term': u'18',
	 'transfer_claim': ''}
2015-09-15 10:56:15+0800 [yirendai] DEBUG: Crawled (200) <GET http://www.yirendai.com/loan/view/491583> (referer: http://www.yirendai.com/loan/list/7)
2015-09-15 10:56:15+0800 [yirendai] DEBUG: Scraped from <200 http://www.yirendai.com/loan/view/491583>
	{'amount': u'56,100.00',
	 'area': u'\u6e56\u5357\u7701\u90f4\u5dde\u5e02\u6c38\u5174\u53bf',
	 'description': u'\u672c\u4eba\u5de5\u4f5c\u5df2\u67093\u5e74\uff0c\u6bcf\u6708\u5de5\u4f5c\u6536\u5165\u52a0\u4e0a\u7ee9\u6548\u548c\u5956\u91d1\u67093800\uff0c\u53e6\u6211\u7231\u4eba\u81ea\u5df1\u5f00\u5e97\u505a\u751f\u610f\uff0c\u6bcf\u6708\u6536\u51651\u4e07\u591a\uff0c\u73b0\u5411\u8d35\u516c\u53f8\u7533\u8bf7100000\uff0c\u7528\u4e8e\u65b0\u623f\u88c5\u4fee\uff0c\u6bcf\u6708\u53ef\u62ff\u51fa5\u5343\u7528\u4e8e\u8fd8\u6b3e\uff0c\u671b\u5ba1\u6279\u3002',
	 'income_rate': u'12',
	 'link': 'http://www.yirendai.com/loan/view/491583',
	 'min_amount': '',
	 'name': u'\u5bb6\u5c45\u5bb6\u88c5(\u5973,23\u5c81,\u6e56\u5357\u7701\u90f4\u5dde\u5e02)',
	 'process': u'100%',
	 'protect_mode': u'\u98ce\u9669\u91d1\u4fdd\u969c',
	 'repay_type': u'\u6bcf\u6708\u7b49\u989d\u672c\u606f',
	 'reward': '',
	 'term': u'36',
	 'transfer_claim': ''}
2015-09-15 10:56:18+0800 [yirendai] DEBUG: Crawled (200) <GET http://www.yirendai.com/loan/view/491380> (referer: http://www.yirendai.com/loan/list/7)
2015-09-15 10:56:18+0800 [yirendai] DEBUG: Scraped from <200 http://www.yirendai.com/loan/view/491380>
	{'amount': u'74,800.00',
	 'area': u'\u9ed1\u9f99\u6c5f\u7701\u54c8\u5c14\u6ee8\u5e02\u5357\u5c97\u533a',
	 'description': u'\u672c\u4eba\u6709\u507f\u8fd8\u80fd\u529b\uff0c\u6708\u6536\u5165\u56fa\u5b9a\u4e3a2800\u5143\uff0c\u5176\u5b83\u6709\u751f\u610f\u6765\u6e90\u4e3a4000\u52307000\u4e4b\u95f4\uff0c\u6536\u5165\u56fa\u5b9a\u4e3a\u4e00\u662f\u5728\u672c\u5355\u4f4d\u4e0a\u73ed1680\u5143\uff0c\u5176\u4e8c\u4e3a\u90e8\u961f\u8865\u8d341100\u5143\u6bcf\u6708\uff0c\u6709\u5145\u5206\u7684\u8fd8\u6b3e\u80fd\u529b\u3002',
	 'income_rate': u'12.5',
	 'link': 'http://www.yirendai.com/loan/view/491380',
	 'min_amount': '',
	 'name': u'\u517c\u804c\u521b\u4e1a(\u7537,26\u5c81,\u9ed1\u9f99\u6c5f\u7701\u54c8\u5c14\u6ee8\u5e02)',
	 'process': u'100%',
	 'protect_mode': u'\u98ce\u9669\u91d1\u4fdd\u969c',
	 'repay_type': u'\u6bcf\u6708\u7b49\u989d\u672c\u606f',
	 'reward': '',
	 'term': u'48',
	 'transfer_claim': ''}
2015-09-15 10:56:20+0800 [yirendai] DEBUG: Crawled (200) <GET http://www.yirendai.com/loan/view/494411> (referer: http://www.yirendai.com/loan/list/7)
2015-09-15 10:56:20+0800 [yirendai] DEBUG: Scraped from <200 http://www.yirendai.com/loan/view/494411>
	{'amount': u'42,100.00',
	 'area': u'\u4e0a\u6d77\u5e02\u5e02\u8f96\u533a\u6d66\u4e1c\u65b0\u533a',
	 'description': u'\u5ba2\u6237\u5bb6\u4eba\u4e0d\u65b9\u4fbf\u77e5\u9053\u501f\u6b3e\uff0c\u8bf7\u5ba1\u6838\u8001\u5e08\u4ee5\u5317\u4eac\u94f6\u884c\u4fe1\u7528\u5361\u4e2d\u5fc3\u6838\u5b9e\u3002\u5ba2\u6237\u8d44\u8d28\u826f\u597d\uff0c\u6536\u5165\u7a33\u5b9a\uff0c\u671b\u5ba1\u6279',
	 'income_rate': u'12',
	 'link': 'http://www.yirendai.com/loan/view/494411',
	 'min_amount': '',
	 'name': u'\u65e5\u5e38\u6d88\u8d39(\u5973,34\u5c81,\u4e0a\u6d77\u5e02\u5e02\u8f96\u533a)',
	 'process': u'100%',
	 'protect_mode': u'\u98ce\u9669\u91d1\u4fdd\u969c',
	 'repay_type': u'\u6bcf\u6708\u7b49\u989d\u672c\u606f',
	 'reward': '',
	 'term': u'36',
	 'transfer_claim': ''}
2015-09-15 10:56:23+0800 [yirendai] DEBUG: Crawled (200) <GET http://www.yirendai.com/loan/view/492378> (referer: http://www.yirendai.com/loan/list/7)
2015-09-15 10:56:23+0800 [yirendai] DEBUG: Scraped from <200 http://www.yirendai.com/loan/view/492378>
	{'amount': u'70,200.00',
	 'area': u'\u6e56\u5357\u7701\u90f4\u5dde\u5e02\u5609\u79be\u53bf',
	 'description': u'\u6682\u65e0\u63cf\u8ff0',
	 'income_rate': u'12',
	 'link': 'http://www.yirendai.com/loan/view/492378',
	 'min_amount': '',
	 'name': u'\u4e70\u8f66\u7f6e\u4e1a(\u7537,40\u5c81,\u6e56\u5357\u7701\u90f4\u5dde\u5e02)',
	 'process': u'100%',
	 'protect_mode': u'\u98ce\u9669\u91d1\u4fdd\u969c',
	 'repay_type': u'\u6bcf\u6708\u7b49\u989d\u672c\u606f',
	 'reward': '',
	 'term': u'36',
	 'transfer_claim': ''}
2015-09-15 10:56:27+0800 [yirendai] DEBUG: Crawled (200) <GET http://www.yirendai.com/loan/view/492374> (referer: http://www.yirendai.com/loan/list/7)
2015-09-15 10:56:27+0800 [yirendai] DEBUG: Scraped from <200 http://www.yirendai.com/loan/view/492374>
	{'amount': u'119,700.00',
	 'area': u'\u6e56\u5357\u7701\u682a\u6d32\u5e02\u6538\u53bf',
	 'description': u'\u672c\u4eba\u5de5\u4f5c\u7a33\u5b9a\uff0c\u65e0\u4e0d\u826f\u55dc\u597d\uff0c\u65e0\u8fd8\u6b3e\u538b\u529b\uff0c\u6b64\u6b21\u7533\u8bf7\u7528\u4e8e\u623f\u5c4b\u88c5\u4fee\uff0c\u671b\u5ba1\u6279\uff0c\u8c22\u8c22',
	 'income_rate': u'12.5',
	 'link': 'http://www.yirendai.com/loan/view/492374',
	 'min_amount': '',
	 'name': u'\u5bb6\u5c45\u5bb6\u88c5(\u7537,48\u5c81,\u6e56\u5357\u7701\u682a\u6d32\u5e02)',
	 'process': u'100%',
	 'protect_mode': u'\u98ce\u9669\u91d1\u4fdd\u969c',
	 'repay_type': u'\u6bcf\u6708\u7b49\u989d\u672c\u606f',
	 'reward': '',
	 'term': u'48',
	 'transfer_claim': ''}
2015-09-15 10:56:27+0800 [yirendai] INFO: Crawled 53 pages (at 18 pages/min), scraped 44 items (at 18 items/min)
2015-09-15 10:56:30+0800 [yirendai] DEBUG: Crawled (200) <GET http://www.yirendai.com/loan/view/491586> (referer: http://www.yirendai.com/loan/list/6)
2015-09-15 10:56:30+0800 [yirendai] DEBUG: Scraped from <200 http://www.yirendai.com/loan/view/491586>
	{'amount': u'56,100.00',
	 'area': u'\u6c5f\u897f\u7701\u629a\u5dde\u5e02\u4e1c\u4e61\u53bf',
	 'description': u'\u672c\u4eba\u501f\u6b3e\u7528\u4e8e\u7ecf\u8425\u5468\u8f6c\uff0c\u5de5\u4f5c\u975e\u5e38\u7a33\u5b9a\u6536\u5165\u9ad8\uff0c\u6709\u8f83\u5f3a\u7684\u8fd8\u6b3e\u80fd\u529b\uff0c\u6bd4\u8f83\u6ce8\u91cd\u4e2a\u4eba\u7684\u4fe1\u7528\uff0c\u6709\u5f88\u9ad8\u7684\u8fd8\u6b3e\u610f\u8bc6',
	 'income_rate': u'12',
	 'link': 'http://www.yirendai.com/loan/view/491586',
	 'min_amount': '',
	 'name': u'\u517c\u804c\u521b\u4e1a(\u7537,42\u5c81,\u6c5f\u897f\u7701\u629a\u5dde\u5e02)',
	 'process': u'100%',
	 'protect_mode': u'\u98ce\u9669\u91d1\u4fdd\u969c',
	 'repay_type': u'\u6bcf\u6708\u7b49\u989d\u672c\u606f',
	 'reward': '',
	 'term': u'36',
	 'transfer_claim': ''}
2015-09-15 10:56:34+0800 [yirendai] DEBUG: Crawled (200) <GET http://www.yirendai.com/loan/view/492108> (referer: http://www.yirendai.com/loan/list/6)
2015-09-15 10:56:34+0800 [yirendai] DEBUG: Scraped from <200 http://www.yirendai.com/loan/view/492108>
	{'amount': u'126,400.00',
	 'area': u'\u6e56\u5357\u7701\u6e58\u6f6d\u5e02\u96e8\u6e56\u533a',
	 'description': u'\u6682\u65e0\u63cf\u8ff0',
	 'income_rate': u'12',
	 'link': 'http://www.yirendai.com/loan/view/492108',
	 'min_amount': '',
	 'name': u'\u5176\u4ed6\u7528\u9014(\u7537,34\u5c81,\u6e56\u5357\u7701\u6e58\u6f6d\u5e02)',
	 'process': u'100%',
	 'protect_mode': u'\u98ce\u9669\u91d1\u4fdd\u969c',
	 'repay_type': u'\u6bcf\u6708\u7b49\u989d\u672c\u606f',
	 'reward': '',
	 'term': u'36',
	 'transfer_claim': ''}
2015-09-15 10:56:37+0800 [yirendai] DEBUG: Crawled (200) <GET http://www.yirendai.com/loan/view/492769> (referer: http://www.yirendai.com/loan/list/6)
2015-09-15 10:56:37+0800 [yirendai] DEBUG: Scraped from <200 http://www.yirendai.com/loan/view/492769>
	{'amount': u'42,100.00',
	 'area': u'\u6e56\u5357\u7701\u90f4\u5dde\u5e02\u5b89\u4ec1\u53bf',
	 'description': u'\u672c\u4eba\u5728\u90f4\u5dde\u5e02\u5b89\u4ec1\u53bf\u7f8a\u8111\u4e61\u653f\u5e9c\u5de5\u4f5c\uff0c\u4efb\u5de5\u4f1a\u4e3b\u5e2d\u3002\u73b0\u5de5\u8d44\u6536\u5165\u7a33\u5b9a\uff0c\u6bcf\u6708\u6536\u5165\u52a0\u5956\u91d1\u57285500\u5143/\u6708\uff0c\u81ea\u5df1\u989d\u5916\u6536\u5165\u6709\u8fd11.5\u4e07\u5143\u6bcf\u6708\uff0c\u73b0\u5728\u56e0\u60f3\u518d\u589e\u52a0\u6295\u8d44\u4e00\u53f0\u6316\u6398\u673a\uff0c\u6025\u97007\u4e07\u5143\u5468\u8f6c\u3002\u4ee5\u672c\u4eba\u7684\u6536\u5165\uff0c\u9884\u8ba13\u4e2a\u6708\u5de6\u53f3\u5c31\u53ef\u4ee5\u63d0\u524d\u8fd8\u6b3e\u3002\u671b\u6279\u590d\uff0c\u8c22\u8c22\u3002',
	 'income_rate': u'12',
	 'link': 'http://www.yirendai.com/loan/view/492769',
	 'min_amount': '',
	 'name': u'\u65e5\u5e38\u6d88\u8d39(\u7537,39\u5c81,\u6e56\u5357\u7701\u90f4\u5dde\u5e02)',
	 'process': u'100%',
	 'protect_mode': u'\u98ce\u9669\u91d1\u4fdd\u969c',
	 'repay_type': u'\u6bcf\u6708\u7b49\u989d\u672c\u606f',
	 'reward': '',
	 'term': u'36',
	 'transfer_claim': ''}
2015-09-15 10:56:41+0800 [yirendai] DEBUG: Crawled (200) <GET http://www.yirendai.com/loan/view/491646> (referer: http://www.yirendai.com/loan/list/6)
2015-09-15 10:56:41+0800 [yirendai] DEBUG: Scraped from <200 http://www.yirendai.com/loan/view/491646>
	{'amount': u'70,200.00',
	 'area': u'\u8d35\u5dde\u7701\u94dc\u4ec1\u5730\u533a\u94dc\u4ec1\u5e02',
	 'description': u'\u672c\u4eba\u6b64\u6b21\u501f\u6b3e\u4e3b\u8981\u7528\u4e8e\u4e2a\u4eba\u8d44\u91d1\u5468\u8f6c\uff0c\u7279\u6b64\u5411\u8d35\u516c\u53f8\u7533\u8bf7\u501f\u6b3e',
	 'income_rate': u'12',
	 'link': 'http://www.yirendai.com/loan/view/491646',
	 'min_amount': '',
	 'name': u'\u5176\u4ed6\u7528\u9014(\u5973,38\u5c81,\u8d35\u5dde\u7701\u94dc\u4ec1\u5730\u533a)',
	 'process': u'100%',
	 'protect_mode': u'\u98ce\u9669\u91d1\u4fdd\u969c',
	 'repay_type': u'\u6bcf\u6708\u7b49\u989d\u672c\u606f',
	 'reward': '',
	 'term': u'36',
	 'transfer_claim': ''}
2015-09-15 10:56:45+0800 [yirendai] DEBUG: Crawled (200) <GET http://www.yirendai.com/loan/view/491525> (referer: http://www.yirendai.com/loan/list/6)
2015-09-15 10:56:45+0800 [yirendai] DEBUG: Scraped from <200 http://www.yirendai.com/loan/view/491525>
	{'amount': u'25,900.00',
	 'area': u'\u5e7f\u897f\u58ee\u65cf\u81ea\u6cbb\u533a\u5317\u6d77\u5e02\u5408\u6d66\u53bf',
	 'description': u'\u6682\u65e0\u63cf\u8ff0',
	 'income_rate': u'11',
	 'link': 'http://www.yirendai.com/loan/view/491525',
	 'min_amount': '',
	 'name': u'\u5176\u4ed6\u7528\u9014(\u7537,25\u5c81,\u5e7f\u897f\u58ee\u65cf\u81ea\u6cbb\u533a\u5317\u6d77\u5e02)',
	 'process': u'100%',
	 'protect_mode': u'\u98ce\u9669\u91d1\u4fdd\u969c',
	 'repay_type': u'\u6bcf\u6708\u7b49\u989d\u672c\u606f',
	 'reward': '',
	 'term': u'24',
	 'transfer_claim': ''}
2015-09-15 10:56:49+0800 [yirendai] DEBUG: Crawled (200) <GET http://www.yirendai.com/loan/view/491517> (referer: http://www.yirendai.com/loan/list/6)
2015-09-15 10:56:49+0800 [yirendai] DEBUG: Scraped from <200 http://www.yirendai.com/loan/view/491517>
	{'amount': u'51,900.00',
	 'area': u'\u8d35\u5dde\u7701\u5b89\u987a\u5e02\u5e73\u575d\u53bf',
	 'description': u'\u672c\u4eba\u5728\u8d35\u5dde\u9ece\u9633\u822a\u7a7a\u52a8\u529b\u6709\u9650\u516c\u53f8\u5de5\u4f5c\uff0c\u6708\u6536\u51654500\u5143\uff0c\u6bcf\u6708\u7ecf\u8425\u6536\u51653000\u5143\u5de6\u53f3\uff0c\u8fd8\u6b3e\u80fd\u529b\u5f3a\uff0c\u6ca1\u6709\u4e0d\u826f\u8bb0\u5f55\uff0c\u4fe1\u7528\u8bb0\u5f55\u826f\u597d\uff0c\u7533\u8bf710\u4e07\u5143\u8d37\u6b3e\uff0c\u671b\u8d35\u516c\u53f8\u7ed9\u4e88\u6279\u51c6\u3002',
	 'income_rate': u'11',
	 'link': 'http://www.yirendai.com/loan/view/491517',
	 'min_amount': '',
	 'name': u'\u5bb6\u5c45\u5bb6\u88c5(\u7537,44\u5c81,\u8d35\u5dde\u7701\u5b89\u987a\u5e02)',
	 'process': u'100%',
	 'protect_mode': u'\u98ce\u9669\u91d1\u4fdd\u969c',
	 'repay_type': u'\u6bcf\u6708\u7b49\u989d\u672c\u606f',
	 'reward': '',
	 'term': u'24',
	 'transfer_claim': ''}
2015-09-15 10:56:52+0800 [yirendai] DEBUG: Crawled (200) <GET http://www.yirendai.com/loan/view/491957> (referer: http://www.yirendai.com/loan/list/6)
2015-09-15 10:56:52+0800 [yirendai] DEBUG: Scraped from <200 http://www.yirendai.com/loan/view/491957>
	{'amount': u'56,100.00',
	 'area': u'\u4e91\u5357\u7701\u6606\u660e\u5e02\u76d8\u9f99\u533a',
	 'description': u'\u673a\u5173\u4e8b\u4e1a\u5355\u4f4d\u5458\u5de5\uff0c\u6536\u5165\u8f83\u4e3a\u7a33\u5b9a\uff0c\u672c\u6b21\u501f\u6b3e\u4e3b\u8981\u7528\u9014\u662f\u623f\u5c4b\u88c5\u4fee\u5c3e\u6b3e',
	 'income_rate': u'12',
	 'link': 'http://www.yirendai.com/loan/view/491957',
	 'min_amount': '',
	 'name': u'\u5bb6\u5c45\u5bb6\u88c5(\u5973,34\u5c81,\u4e91\u5357\u7701\u6606\u660e\u5e02)',
	 'process': u'100%',
	 'protect_mode': u'\u98ce\u9669\u91d1\u4fdd\u969c',
	 'repay_type': u'\u6bcf\u6708\u7b49\u989d\u672c\u606f',
	 'reward': '',
	 'term': u'36',
	 'transfer_claim': ''}
2015-09-15 10:56:54+0800 [yirendai] DEBUG: Crawled (200) <GET http://www.yirendai.com/loan/view/492019> (referer: http://www.yirendai.com/loan/list/6)
2015-09-15 10:56:54+0800 [yirendai] DEBUG: Scraped from <200 http://www.yirendai.com/loan/view/492019>
	{'amount': u'140,400.00',
	 'area': u'\u5c71\u4e1c\u7701\u9752\u5c9b\u5e02\u5d02\u5c71\u533a',
	 'description': u'\u501f\u6b3e\u7528\u4e8e\u9752\u5c9b\u5e02\u5d02\u5c71\u533a\u540c\u5b89\u8def\u623f\u5b50\u88c5\u4fee\u53ca\u8d2d\u4e70\u5bb6\u7528\u7535\u5668\u3002',
	 'income_rate': u'12',
	 'link': 'http://www.yirendai.com/loan/view/492019',
	 'min_amount': '',
	 'name': u'\u5bb6\u5c45\u5bb6\u88c5(\u7537,55\u5c81,\u5c71\u4e1c\u7701\u9752\u5c9b\u5e02)',
	 'process': u'100%',
	 'protect_mode': u'\u98ce\u9669\u91d1\u4fdd\u969c',
	 'repay_type': u'\u6bcf\u6708\u7b49\u989d\u672c\u606f',
	 'reward': '',
	 'term': u'36',
	 'transfer_claim': ''}
2015-09-15 10:56:59+0800 [yirendai] DEBUG: Crawled (200) <GET http://www.yirendai.com/loan/view/492001> (referer: http://www.yirendai.com/loan/list/6)
2015-09-15 10:56:59+0800 [yirendai] DEBUG: Scraped from <200 http://www.yirendai.com/loan/view/492001>
	{'amount': u'112,300.00',
	 'area': u'\u5b89\u5fbd\u7701\u5408\u80a5\u5e02\u8700\u5c71\u533a',
	 'description': u'\u6682\u65e0\u63cf\u8ff0',
	 'income_rate': u'12',
	 'link': 'http://www.yirendai.com/loan/view/492001',
	 'min_amount': '',
	 'name': u'\u4e70\u8f66\u7f6e\u4e1a(\u7537,37\u5c81,\u5b89\u5fbd\u7701\u5408\u80a5\u5e02)',
	 'process': u'100%',
	 'protect_mode': u'\u98ce\u9669\u91d1\u4fdd\u969c',
	 'repay_type': u'\u6bcf\u6708\u7b49\u989d\u672c\u606f',
	 'reward': '',
	 'term': u'36',
	 'transfer_claim': ''}
2015-09-15 10:57:03+0800 [yirendai] DEBUG: Crawled (200) <GET http://www.yirendai.com/loan/view/496734> (referer: http://www.yirendai.com/loan/list/5)
2015-09-15 10:57:03+0800 [yirendai] DEBUG: Scraped from <200 http://www.yirendai.com/loan/view/496734>
	{'amount': u'25,900.00',
	 'area': u'\u5e7f\u4e1c\u7701\u4e2d\u5c71\u5e02\u5e02\u8f96\u533a',
	 'description': u'\u6682\u65e0\u63cf\u8ff0',
	 'income_rate': u'11',
	 'link': 'http://www.yirendai.com/loan/view/496734',
	 'min_amount': '',
	 'name': u'\u4e70\u8f66\u7f6e\u4e1a(\u7537,30\u5c81,\u5e7f\u4e1c\u7701\u4e2d\u5c71\u5e02)',
	 'process': u'100%',
	 'protect_mode': u'\u98ce\u9669\u91d1\u4fdd\u969c',
	 'repay_type': u'\u6bcf\u6708\u7b49\u989d\u672c\u606f',
	 'reward': '',
	 'term': u'24',
	 'transfer_claim': ''}
2015-09-15 10:57:06+0800 [yirendai] DEBUG: Crawled (200) <GET http://www.yirendai.com/loan/view/494170> (referer: http://www.yirendai.com/loan/list/5)
2015-09-15 10:57:06+0800 [yirendai] DEBUG: Scraped from <200 http://www.yirendai.com/loan/view/494170>
	{'amount': u'104,700.00',
	 'area': u'\u6cb3\u5317\u7701\u5f20\u5bb6\u53e3\u5e02\u9633\u539f\u53bf',
	 'description': u'\u672c\u4eba\u56e0\u9700\u8981\u4e2a\u4eba\u8d44\u91d1\u5468\u8f6c\uff0c\u73b0\u9700\u8981\u501f\u6b3e\u5341\u4e07\u5143\uff0c\u671b\u8d35\u516c\u53f8\u5ba1\u6838\u4e88\u4ee5\u6279\u51c6',
	 'income_rate': u'12.5',
	 'link': 'http://www.yirendai.com/loan/view/494170',
	 'min_amount': '',
	 'name': u'\u65e5\u5e38\u6d88\u8d39(\u7537,40\u5c81,\u6cb3\u5317\u7701\u5f20\u5bb6\u53e3\u5e02)',
	 'process': u'100%',
	 'protect_mode': u'\u98ce\u9669\u91d1\u4fdd\u969c',
	 'repay_type': u'\u6bcf\u6708\u7b49\u989d\u672c\u606f',
	 'reward': '',
	 'term': u'48',
	 'transfer_claim': ''}
2015-09-15 10:57:08+0800 [yirendai] DEBUG: Crawled (200) <GET http://www.yirendai.com/loan/view/491403> (referer: http://www.yirendai.com/loan/list/5)
2015-09-15 10:57:08+0800 [yirendai] DEBUG: Scraped from <200 http://www.yirendai.com/loan/view/491403>
	{'amount': u'90,900.00',
	 'area': u'\u6e56\u5317\u7701\u968f\u5dde\u5e02\u66fe\u90fd\u533a',
	 'description': u'\u6682\u65e0\u63cf\u8ff0',
	 'income_rate': u'11',
	 'link': 'http://www.yirendai.com/loan/view/491403',
	 'min_amount': '',
	 'name': u'\u5176\u4ed6\u7528\u9014(\u7537,41\u5c81,\u6e56\u5317\u7701\u968f\u5dde\u5e02)',
	 'process': u'100%',
	 'protect_mode': u'\u98ce\u9669\u91d1\u4fdd\u969c',
	 'repay_type': u'\u6bcf\u6708\u7b49\u989d\u672c\u606f',
	 'reward': '',
	 'term': u'24',
	 'transfer_claim': ''}
2015-09-15 10:57:11+0800 [yirendai] DEBUG: Crawled (200) <GET http://www.yirendai.com/loan/view/491569> (referer: http://www.yirendai.com/loan/list/5)
2015-09-15 10:57:11+0800 [yirendai] DEBUG: Scraped from <200 http://www.yirendai.com/loan/view/491569>
	{'amount': u'89,700.00',
	 'area': u'\u6e56\u5317\u7701\u8944\u6a0a\u5e02\u6a0a\u57ce\u533a',
	 'description': u'\u6682\u65e0\u63cf\u8ff0',
	 'income_rate': u'12.5',
	 'link': 'http://www.yirendai.com/loan/view/491569',
	 'min_amount': '',
	 'name': u'\u5176\u4ed6\u7528\u9014(\u5973,55\u5c81,\u6e56\u5317\u7701\u8944\u6a0a\u5e02)',
	 'process': u'100%',
	 'protect_mode': u'\u98ce\u9669\u91d1\u4fdd\u969c',
	 'repay_type': u'\u6bcf\u6708\u7b49\u989d\u672c\u606f',
	 'reward': '',
	 'term': u'48',
	 'transfer_claim': ''}
2015-09-15 10:57:16+0800 [yirendai] DEBUG: Crawled (200) <GET http://www.yirendai.com/loan/view/491310> (referer: http://www.yirendai.com/loan/list/5)
2015-09-15 10:57:16+0800 [yirendai] DEBUG: Scraped from <200 http://www.yirendai.com/loan/view/491310>
	{'amount': u'59,800.00',
	 'area': u'\u5e7f\u897f\u58ee\u65cf\u81ea\u6cbb\u533a\u8d3a\u5dde\u5e02\u516b\u6b65\u533a',
	 'description': u'\u672c\u4eba\u501f\u6b3e\u4e3b\u8981\u7528\u4e8e\u6295\u8d44\u8d2d\u4e70\u6728\u5c71\u3001\u5f00\u6c99\u573a\uff0c\u4ee5\u53ca\u8d2d\u4e70\u94f2\u8f66\u7b49\u5de5\u5177',
	 'income_rate': u'12.5',
	 'link': 'http://www.yirendai.com/loan/view/491310',
	 'min_amount': '',
	 'name': u'\u517c\u804c\u521b\u4e1a(\u7537,38\u5c81,\u5e7f\u897f\u58ee\u65cf\u81ea\u6cbb\u533a\u8d3a\u5dde\u5e02)',
	 'process': u'100%',
	 'protect_mode': u'\u98ce\u9669\u91d1\u4fdd\u969c',
	 'repay_type': u'\u6bcf\u6708\u7b49\u989d\u672c\u606f',
	 'reward': '',
	 'term': u'48',
	 'transfer_claim': ''}
2015-09-15 10:57:19+0800 [yirendai] DEBUG: Crawled (200) <GET http://www.yirendai.com/loan/view/494363> (referer: http://www.yirendai.com/loan/list/5)
2015-09-15 10:57:19+0800 [yirendai] DEBUG: Scraped from <200 http://www.yirendai.com/loan/view/494363>
	{'amount': u'119,700.00',
	 'area': u'\u6c5f\u897f\u7701\u5357\u660c\u5e02\u5e02\u8f96\u533a',
	 'description': u'\u501f\u6b3e\u7528\u6765\u6269\u5927\u7ecf\u8425\uff0c\u672c\u4eba\u5de5\u4f5c\u975e\u5e38\u7a33\u5b9a\uff0c\u6709\u8f83\u9ad8\u7684\u6536\u5165\uff0c\u5177\u5907\u826f\u597d\u7684\u8fd8\u6b3e\u80fd\u529b\uff0c\u62e5\u6709\u6781\u5f3a\u7684\u4e2a\u4eba\u4fe1\u7528\u610f\u8bc6',
	 'income_rate': u'12.5',
	 'link': 'http://www.yirendai.com/loan/view/494363',
	 'min_amount': '',
	 'name': u'\u5176\u4ed6\u7528\u9014(\u7537,35\u5c81,\u6c5f\u897f\u7701\u5357\u660c\u5e02)',
	 'process': u'100%',
	 'protect_mode': u'\u98ce\u9669\u91d1\u4fdd\u969c',
	 'repay_type': u'\u6bcf\u6708\u7b49\u989d\u672c\u606f',
	 'reward': '',
	 'term': u'48',
	 'transfer_claim': ''}
2015-09-15 10:57:24+0800 [yirendai] DEBUG: Crawled (200) <GET http://www.yirendai.com/loan/view/492427> (referer: http://www.yirendai.com/loan/list/5)
2015-09-15 10:57:24+0800 [yirendai] DEBUG: Scraped from <200 http://www.yirendai.com/loan/view/492427>
	{'amount': u'119,700.00',
	 'area': u'\u798f\u5efa\u7701\u8386\u7530\u5e02\u8354\u57ce\u533a',
	 'description': u'\u6682\u65e0\u63cf\u8ff0',
	 'income_rate': u'12.5',
	 'link': 'http://www.yirendai.com/loan/view/492427',
	 'min_amount': '',
	 'name': u'\u5176\u4ed6\u7528\u9014(\u5973,35\u5c81,\u798f\u5efa\u7701\u8386\u7530\u5e02)',
	 'process': u'100%',
	 'protect_mode': u'\u98ce\u9669\u91d1\u4fdd\u969c',
	 'repay_type': u'\u6bcf\u6708\u7b49\u989d\u672c\u606f',
	 'reward': '',
	 'term': u'48',
	 'transfer_claim': ''}
2015-09-15 10:57:27+0800 [yirendai] INFO: Crawled 69 pages (at 16 pages/min), scraped 60 items (at 16 items/min)
2015-09-15 10:57:28+0800 [yirendai] DEBUG: Crawled (200) <GET http://www.yirendai.com/loan/view/493427> (referer: http://www.yirendai.com/loan/list/5)
2015-09-15 10:57:28+0800 [yirendai] DEBUG: Scraped from <200 http://www.yirendai.com/loan/view/493427>
	{'amount': u'59,800.00',
	 'area': u'\u8d35\u5dde\u7701\u6bd5\u8282\u5730\u533a\u6bd5\u8282\u5e02',
	 'description': u'\u672c\u4eba\u73b0\u5de5\u4f5c\u6536\u5165\u7a33\u5b9a\uff0c\u73b0\u6025\u9700\u8d44\u91d1\u5468\u8f6c\uff0c\u7279\u5411\u516c\u53f8\u7533\u8bf7\u8d44\u91d1\u5468\u8f6c\uff0c\u671b\u6279\u51c6\u4e3a\u8c22',
	 'income_rate': u'12.5',
	 'link': 'http://www.yirendai.com/loan/view/493427',
	 'min_amount': '',
	 'name': u'\u5176\u4ed6\u7528\u9014(\u5973,35\u5c81,\u8d35\u5dde\u7701\u6bd5\u8282\u5730\u533a)',
	 'process': u'100%',
	 'protect_mode': u'\u98ce\u9669\u91d1\u4fdd\u969c',
	 'repay_type': u'\u6bcf\u6708\u7b49\u989d\u672c\u606f',
	 'reward': '',
	 'term': u'48',
	 'transfer_claim': ''}
2015-09-15 10:57:31+0800 [yirendai] DEBUG: Crawled (200) <GET http://www.yirendai.com/loan/view/493622> (referer: http://www.yirendai.com/loan/list/5)
2015-09-15 10:57:31+0800 [yirendai] DEBUG: Scraped from <200 http://www.yirendai.com/loan/view/493622>
	{'amount': u'149,600.00',
	 'area': u'\u6cb3\u5357\u7701\u90d1\u5dde\u5e02\u65b0\u5bc6\u5e02',
	 'description': u'\u6682\u65e0\u63cf\u8ff0',
	 'income_rate': u'12.5',
	 'link': 'http://www.yirendai.com/loan/view/493622',
	 'min_amount': '',
	 'name': u'\u4e70\u8f66\u7f6e\u4e1a(\u7537,45\u5c81,\u6cb3\u5357\u7701\u90d1\u5dde\u5e02)',
	 'process': u'100%',
	 'protect_mode': u'\u98ce\u9669\u91d1\u4fdd\u969c',
	 'repay_type': u'\u6bcf\u6708\u7b49\u989d\u672c\u606f',
	 'reward': '',
	 'term': u'48',
	 'transfer_claim': ''}
2015-09-15 10:57:36+0800 [yirendai] DEBUG: Crawled (200) <GET http://www.yirendai.com/loan/view/708315> (referer: http://www.yirendai.com/loan/list/2)
2015-09-15 10:57:36+0800 [yirendai] DEBUG: Scraped from <200 http://www.yirendai.com/loan/view/708315>
	{'amount': u'86,900.00',
	 'area': u'\u5e7f\u4e1c\u7701\u6f6e\u5dde\u5e02\u9976\u5e73\u53bf',
	 'description': u'\u6240\u8d2d\u623f\u4ea7\u6b63\u5728\u88c5\u4fee\u9636\u6bb5\uff0c\u7f3a\u5c11\u88c5\u4fee\u8d44\u91d1\u53ca\u8d2d\u4e70\u5bb6\u5177\u8d44\u91d1\uff0c\u60f3\u7533\u8bf7\u8d37\u6b3e\u3002',
	 'income_rate': u'11',
	 'link': 'http://www.yirendai.com/loan/view/708315',
	 'min_amount': '',
	 'name': u'\u5bb6\u5c45\u5bb6\u88c5(\u7537,33\u5c81,\u5e7f\u4e1c\u7701\u6c55\u5934\u5e02)',
	 'process': u'100%',
	 'protect_mode': u'\u98ce\u9669\u91d1\u4fdd\u969c',
	 'repay_type': u'\u6bcf\u6708\u7b49\u989d\u672c\u606f',
	 'reward': '',
	 'term': u'24',
	 'transfer_claim': ''}
2015-09-15 10:57:39+0800 [yirendai] DEBUG: Crawled (200) <GET http://www.yirendai.com/loan/view/705868> (referer: http://www.yirendai.com/loan/list/2)
2015-09-15 10:57:39+0800 [yirendai] DEBUG: Scraped from <200 http://www.yirendai.com/loan/view/705868>
	{'amount': u'112,300.00',
	 'area': u'\u6e56\u5357\u7701\u6c38\u5dde\u5e02\u51b7\u6c34\u6ee9\u533a',
	 'description': u'\u6682\u65e0\u63cf\u8ff0',
	 'income_rate': u'12',
	 'link': 'http://www.yirendai.com/loan/view/705868',
	 'min_amount': '',
	 'name': u'\u5176\u4ed6\u7528\u9014(\u5973,31\u5c81,\u6e56\u5357\u7701\u6c38\u5dde\u5e02)',
	 'process': u'100%',
	 'protect_mode': u'\u98ce\u9669\u91d1\u4fdd\u969c',
	 'repay_type': u'\u6bcf\u6708\u7b49\u989d\u672c\u606f',
	 'reward': '',
	 'term': u'36',
	 'transfer_claim': ''}
2015-09-15 10:57:41+0800 [yirendai] DEBUG: Crawled (200) <GET http://www.yirendai.com/loan/view/687727> (referer: http://www.yirendai.com/loan/list/2)
2015-09-15 10:57:41+0800 [yirendai] DEBUG: Scraped from <200 http://www.yirendai.com/loan/view/687727>
	{'amount': u'43,400.00',
	 'area': u'\u6c5f\u897f\u7701\u4e0a\u9976\u5e02\u4e0a\u9976\u53bf',
	 'description': u'\u548c\u670b\u53cb\u4e00\u8d77\u6295\u8d44\u9879\u76ee\uff0c\u53ca\u517c\u804c\u521b\u4e1a\u3001\u73b0\u5728\u7f3a\u5c11\u4e00\u90e8\u5206\u8d44\u91d1\u9700\u8981\u501f\u6b3e\u4e00\u90e8\u91d1\u989d\u4f5c\u4e3a\u542f\u52a8\u8d44\u91d1\u3002',
	 'income_rate': u'11',
	 'link': 'http://www.yirendai.com/loan/view/687727',
	 'min_amount': '',
	 'name': u'\u517c\u804c\u521b\u4e1a(\u7537,26\u5c81,\u6c5f\u897f\u7701\u4e0a\u9976\u5e02)',
	 'process': u'100%',
	 'protect_mode': u'\u98ce\u9669\u91d1\u4fdd\u969c',
	 'repay_type': u'\u6bcf\u6708\u7b49\u989d\u672c\u606f',
	 'reward': '',
	 'term': u'24',
	 'transfer_claim': ''}
2015-09-15 10:57:44+0800 [yirendai] DEBUG: Crawled (200) <GET http://www.yirendai.com/loan/view/704300> (referer: http://www.yirendai.com/loan/list/2)
2015-09-15 10:57:44+0800 [yirendai] DEBUG: Scraped from <200 http://www.yirendai.com/loan/view/704300>
	{'amount': u'126,400.00',
	 'area': u'\u8fbd\u5b81\u7701\u5927\u8fde\u5e02\u957f\u6d77\u53bf',
	 'description': u'\u672c\u4eba\u5de5\u4f5c\u7a33\u5b9a\uff0c\u6536\u5165\u8f83\u9ad8\uff0c\u4e5f\u6709\u5176\u4ed6\u6536\u5165\uff0c\u6709\u8f83\u5f3a\u7684\u8fd8\u6b3e\u80fd\u529b\uff0c\u4fe1\u8a89\u8f83\u9ad8\u3002',
	 'income_rate': u'12',
	 'link': 'http://www.yirendai.com/loan/view/704300',
	 'min_amount': '',
	 'name': u'\u5176\u4ed6\u7528\u9014(\u7537,46\u5c81,\u8fbd\u5b81\u7701\u5927\u8fde\u5e02)',
	 'process': u'100%',
	 'protect_mode': u'\u98ce\u9669\u91d1\u4fdd\u969c',
	 'repay_type': u'\u6bcf\u6708\u7b49\u989d\u672c\u606f',
	 'reward': '',
	 'term': u'36',
	 'transfer_claim': ''}
2015-09-15 10:57:48+0800 [yirendai] DEBUG: Crawled (200) <GET http://www.yirendai.com/loan/view/700600> (referer: http://www.yirendai.com/loan/list/2)
2015-09-15 10:57:48+0800 [yirendai] DEBUG: Scraped from <200 http://www.yirendai.com/loan/view/700600>
	{'amount': u'54,900.00',
	 'area': u'\u5317\u4eac\u5e02\u5e02\u8f96\u533a\u901a\u5dde\u533a',
	 'description': u'\u6682\u65e0\u63cf\u8ff0',
	 'income_rate': u'12',
	 'link': 'http://www.yirendai.com/loan/view/700600',
	 'min_amount': '',
	 'name': u'\u4e70\u8f66\u7f6e\u4e1a(\u7537,35\u5c81,\u5317\u4eac\u5e02\u5e02\u8f96\u533a)',
	 'process': u'100%',
	 'protect_mode': u'\u98ce\u9669\u91d1\u4fdd\u969c',
	 'repay_type': u'\u6bcf\u6708\u7b49\u989d\u672c\u606f',
	 'reward': '',
	 'term': u'36',
	 'transfer_claim': ''}
2015-09-15 10:57:51+0800 [yirendai] DEBUG: Crawled (200) <GET http://www.yirendai.com/loan/view/700383> (referer: http://www.yirendai.com/loan/list/2)
2015-09-15 10:57:52+0800 [yirendai] DEBUG: Scraped from <200 http://www.yirendai.com/loan/view/700383>
	{'amount': u'86,900.00',
	 'area': u'\u9ed1\u9f99\u6c5f\u7701\u54c8\u5c14\u6ee8\u5e02\u9053\u91cc\u533a',
	 'description': u'\u6682\u65e0\u63cf\u8ff0',
	 'income_rate': u'11',
	 'link': 'http://www.yirendai.com/loan/view/700383',
	 'min_amount': '',
	 'name': u'\u5176\u4ed6\u7528\u9014(\u7537,49\u5c81,\u9ed1\u9f99\u6c5f\u7701\u54c8\u5c14\u6ee8\u5e02)',
	 'process': u'100%',
	 'protect_mode': u'\u98ce\u9669\u91d1\u4fdd\u969c',
	 'repay_type': u'\u6bcf\u6708\u7b49\u989d\u672c\u606f',
	 'reward': '',
	 'term': u'24',
	 'transfer_claim': ''}
2015-09-15 10:57:55+0800 [yirendai] DEBUG: Crawled (200) <GET http://www.yirendai.com/loan/view/701208> (referer: http://www.yirendai.com/loan/list/2)
2015-09-15 10:57:55+0800 [yirendai] DEBUG: Scraped from <200 http://www.yirendai.com/loan/view/701208>
	{'amount': u'42,100.00',
	 'area': u'\u7518\u8083\u7701\u5b9a\u897f\u5e02\u901a\u6e2d\u53bf',
	 'description': u'\u672c\u4eba\u540d\u4e0b\u6709\u623f\uff0c\u6709\u7a33\u5b9a\u6536\u5165\uff0c\u5de5\u4f5c\u7a33\u5b9a\uff0c\u4fe1\u7528\u826f\u597d\u3002',
	 'income_rate': u'12',
	 'link': 'http://www.yirendai.com/loan/view/701208',
	 'min_amount': '',
	 'name': u'\u517c\u804c\u521b\u4e1a(\u7537,48\u5c81,\u7518\u8083\u7701\u5b9a\u897f\u5e02)',
	 'process': u'100%',
	 'protect_mode': u'\u98ce\u9669\u91d1\u4fdd\u969c',
	 'repay_type': u'\u6bcf\u6708\u7b49\u989d\u672c\u606f',
	 'reward': '',
	 'term': u'36',
	 'transfer_claim': ''}
2015-09-15 10:57:58+0800 [yirendai] DEBUG: Crawled (200) <GET http://www.yirendai.com/loan/view/703833> (referer: http://www.yirendai.com/loan/list/1)
2015-09-15 10:57:58+0800 [yirendai] DEBUG: Scraped from <200 http://www.yirendai.com/loan/view/703833>
	{'amount': u'43,400.00',
	 'area': u'\u9655\u897f\u7701\u6986\u6797\u5e02\u6986\u9633\u533a',
	 'description': u'mhjuiyrh,jyfnjmyf nbrjuyfyi3qu',
	 'income_rate': u'11',
	 'link': 'http://www.yirendai.com/loan/view/703833',
	 'min_amount': '',
	 'name': u'\u517c\u804c\u521b\u4e1a(\u7537,22\u5c81,\u9655\u897f\u7701\u6986\u6797\u5e02)',
	 'process': u'0%',
	 'protect_mode': u'\u98ce\u9669\u91d1\u4fdd\u969c',
	 'repay_type': u'\u6bcf\u6708\u7b49\u989d\u672c\u606f',
	 'reward': '',
	 'term': u'24',
	 'transfer_claim': ''}
2015-09-15 10:57:58+0800 [yirendai] INFO: Closing spider (finished)
2015-09-15 10:57:58+0800 [yirendai] INFO: Dumping Scrapy stats:
	{'downloader/request_bytes': 28061,
	 'downloader/request_count': 79,
	 'downloader/request_method_count/GET': 79,
	 'downloader/response_bytes': 531937,
	 'downloader/response_count': 79,
	 'downloader/response_status_count/200': 79,
	 'finish_reason': 'finished',
	 'finish_time': datetime.datetime(2015, 9, 15, 2, 57, 58, 620566),
	 'item_scraped_count': 70,
	 'log_count/DEBUG': 151,
	 'log_count/INFO': 11,
	 'request_depth_max': 1,
	 'response_received_count': 79,
	 'scheduler/dequeued': 79,
	 'scheduler/dequeued/memory': 79,
	 'scheduler/enqueued': 79,
	 'scheduler/enqueued/memory': 79,
	 'start_time': datetime.datetime(2015, 9, 15, 2, 53, 27, 384784)}
2015-09-15 10:57:58+0800 [yirendai] INFO: Spider closed (finished)
7
<YIRENDAIspider 'yirendai' at 0x7f96e0f934d0>
6
<YIRENDAIspider 'yirendai' at 0x7f96e0f934d0>
6
<YIRENDAIspider 'yirendai' at 0x7f96e0f934d0>
6
<YIRENDAIspider 'yirendai' at 0x7f96e0f934d0>
6
<YIRENDAIspider 'yirendai' at 0x7f96e0f934d0>
6
<YIRENDAIspider 'yirendai' at 0x7f96e0f934d0>
7
<YIRENDAIspider 'yirendai' at 0x7f96e0f934d0>
7
<YIRENDAIspider 'yirendai' at 0x7f96e0f934d0>
7
<YIRENDAIspider 'yirendai' at 0x7f96e0f934d0>
6
<YIRENDAIspider 'yirendai' at 0x7f96e0f934d0>
6
<YIRENDAIspider 'yirendai' at 0x7f96e0f934d0>
6
<YIRENDAIspider 'yirendai' at 0x7f96e0f934d0>
6
<YIRENDAIspider 'yirendai' at 0x7f96e0f934d0>
6
<YIRENDAIspider 'yirendai' at 0x7f96e0f934d0>
6
<YIRENDAIspider 'yirendai' at 0x7f96e0f934d0>
6
<YIRENDAIspider 'yirendai' at 0x7f96e0f934d0>
6
<YIRENDAIspider 'yirendai' at 0x7f96e0f934d0>
6
<YIRENDAIspider 'yirendai' at 0x7f96e0f934d0>
6
<YIRENDAIspider 'yirendai' at 0x7f96e0f934d0>
6
<YIRENDAIspider 'yirendai' at 0x7f96e0f934d0>
6
<YIRENDAIspider 'yirendai' at 0x7f96e0f934d0>
6
<YIRENDAIspider 'yirendai' at 0x7f96e0f934d0>
6
<YIRENDAIspider 'yirendai' at 0x7f96e0f934d0>
6
<YIRENDAIspider 'yirendai' at 0x7f96e0f934d0>
6
<YIRENDAIspider 'yirendai' at 0x7f96e0f934d0>
6
<YIRENDAIspider 'yirendai' at 0x7f96e0f934d0>
6
<YIRENDAIspider 'yirendai' at 0x7f96e0f934d0>
6
<YIRENDAIspider 'yirendai' at 0x7f96e0f934d0>
6
<YIRENDAIspider 'yirendai' at 0x7f96e0f934d0>
6
<YIRENDAIspider 'yirendai' at 0x7f96e0f934d0>
6
<YIRENDAIspider 'yirendai' at 0x7f96e0f934d0>
6
<YIRENDAIspider 'yirendai' at 0x7f96e0f934d0>
6
<YIRENDAIspider 'yirendai' at 0x7f96e0f934d0>
6
<YIRENDAIspider 'yirendai' at 0x7f96e0f934d0>
6
<YIRENDAIspider 'yirendai' at 0x7f96e0f934d0>
6
<YIRENDAIspider 'yirendai' at 0x7f96e0f934d0>
6
<YIRENDAIspider 'yirendai' at 0x7f96e0f934d0>
6
<YIRENDAIspider 'yirendai' at 0x7f96e0f934d0>
6
<YIRENDAIspider 'yirendai' at 0x7f96e0f934d0>
6
<YIRENDAIspider 'yirendai' at 0x7f96e0f934d0>
6
<YIRENDAIspider 'yirendai' at 0x7f96e0f934d0>
6
<YIRENDAIspider 'yirendai' at 0x7f96e0f934d0>
6
<YIRENDAIspider 'yirendai' at 0x7f96e0f934d0>
6
<YIRENDAIspider 'yirendai' at 0x7f96e0f934d0>
6
<YIRENDAIspider 'yirendai' at 0x7f96e0f934d0>
6
<YIRENDAIspider 'yirendai' at 0x7f96e0f934d0>
6
<YIRENDAIspider 'yirendai' at 0x7f96e0f934d0>
6
<YIRENDAIspider 'yirendai' at 0x7f96e0f934d0>
6
<YIRENDAIspider 'yirendai' at 0x7f96e0f934d0>
6
<YIRENDAIspider 'yirendai' at 0x7f96e0f934d0>
6
<YIRENDAIspider 'yirendai' at 0x7f96e0f934d0>
6
<YIRENDAIspider 'yirendai' at 0x7f96e0f934d0>
6
<YIRENDAIspider 'yirendai' at 0x7f96e0f934d0>
6
<YIRENDAIspider 'yirendai' at 0x7f96e0f934d0>
6
<YIRENDAIspider 'yirendai' at 0x7f96e0f934d0>
6
<YIRENDAIspider 'yirendai' at 0x7f96e0f934d0>
6
<YIRENDAIspider 'yirendai' at 0x7f96e0f934d0>
6
<YIRENDAIspider 'yirendai' at 0x7f96e0f934d0>
6
<YIRENDAIspider 'yirendai' at 0x7f96e0f934d0>
6
<YIRENDAIspider 'yirendai' at 0x7f96e0f934d0>
6
<YIRENDAIspider 'yirendai' at 0x7f96e0f934d0>
6
<YIRENDAIspider 'yirendai' at 0x7f96e0f934d0>
6
<YIRENDAIspider 'yirendai' at 0x7f96e0f934d0>
6
<YIRENDAIspider 'yirendai' at 0x7f96e0f934d0>
6
<YIRENDAIspider 'yirendai' at 0x7f96e0f934d0>
6
<YIRENDAIspider 'yirendai' at 0x7f96e0f934d0>
6
<YIRENDAIspider 'yirendai' at 0x7f96e0f934d0>
6
<YIRENDAIspider 'yirendai' at 0x7f96e0f934d0>
6
<YIRENDAIspider 'yirendai' at 0x7f96e0f934d0>
7
<YIRENDAIspider 'yirendai' at 0x7f96e0f934d0>
2015-09-15 10:58:08 爬取结束-------------yirendai---------------------------------------
