2015-09-14 14:27:22 开始运行爬虫----------honglingchuangtou---------------------------------------
2015-09-14 14:29:34+0800 [scrapy] INFO: Scrapy 0.24.4 started (bot: honglingchuangtou)
2015-09-14 14:29:34+0800 [scrapy] INFO: Optional features available: ssl, http11, boto, django
2015-09-14 14:29:34+0800 [scrapy] INFO: Overridden settings: {'NEWSPIDER_MODULE': 'honglingchuangtou.spiders', 'SPIDER_MODULES': ['honglingchuangtou.spiders'], 'BOT_NAME': 'honglingchuangtou'}
2015-09-14 14:29:34+0800 [scrapy] INFO: Enabled extensions: LogStats, TelnetConsole, CloseSpider, WebService, CoreStats, SpiderState
2015-09-14 14:29:35+0800 [scrapy] INFO: Enabled downloader middlewares: HttpAuthMiddleware, DownloadTimeoutMiddleware, UserAgentMiddleware, RetryMiddleware, DefaultHeadersMiddleware, MetaRefreshMiddleware, HttpCompressionMiddleware, RedirectMiddleware, CookiesMiddleware, ChunkedTransferMiddleware, DownloaderStats
2015-09-14 14:29:35+0800 [scrapy] INFO: Enabled spider middlewares: HttpErrorMiddleware, OffsiteMiddleware, RefererMiddleware, UrlLengthMiddleware, DepthMiddleware
2015-09-14 14:29:35+0800 [scrapy] INFO: Enabled item pipelines: HonglingchuangtouPipeline
2015-09-14 14:29:35+0800 [honglingchuangtou] INFO: Spider opened
2015-09-14 14:29:35+0800 [honglingchuangtou] INFO: Crawled 0 pages (at 0 pages/min), scraped 0 items (at 0 items/min)
2015-09-14 14:29:35+0800 [scrapy] DEBUG: Telnet console listening on 127.0.0.1:6026
2015-09-14 14:29:35+0800 [scrapy] DEBUG: Web service listening on 127.0.0.1:6083
2015-09-14 14:29:35+0800 [honglingchuangtou] DEBUG: Crawled (200) <GET https://www.my089.com/Loan/Detail.aspx?sid=15091414253525491999400016760821> (referer: None)
2015-09-14 14:29:35+0800 [honglingchuangtou] DEBUG: Scraped from <200 https://www.my089.com/Loan/Detail.aspx?sid=15091414253525491999400016760821>
	{'amount': u'8,000.00',
	 'area': '',
	 'description': u'\u501f \u6b3e \u8be6 \u60c5\uff1a\u8d44\u91d1\u5468\u8f6c1\u4e2a\u6708_******',
	 'income_rate': u'10.11%/\u5e74',
	 'link': 'https://www.my089.com/Loan/Detail.aspx?sid=15091414253525491999400016760821',
	 'min_amount': u'\uffe550.00 ',
	 'name': u'\u8d44\u91d1\u5468\u8f6c1\u4e2a\u6708_1509141425',
	 'process': u'0%',
	 'protect_mode': '',
	 'repay_type': u'\u6309\u6708\u5206\u671f',
	 'reward': u'\u672a\u8bbe\u7f6e\u5956\u52b1\u3002',
	 'term': u'1\u4e2a\u6708',
	 'transfer_claim': ''}
2015-09-14 14:29:39+0800 [honglingchuangtou] DEBUG: Crawled (200) <GET https://www.my089.com/Loan/Detail.aspx?sid=15091414242476695937890015006486> (referer: None)
2015-09-14 14:29:39+0800 [honglingchuangtou] DEBUG: Scraped from <200 https://www.my089.com/Loan/Detail.aspx?sid=15091414242476695937890015006486>
	{'amount': u'10,000.00',
	 'area': '',
	 'description': u'\u501f\u6b3e\u8be6\u60c5\uff1a\u7ad9\u5185\u5173\u8054\u7528\u6237\u540d\uff1a\u8fd8\u6b3e\u4fdd\u969c\uff1a\u767d\u5929\u8fd8\uff0c\u8bb2\u4fe1\u7528\u767d\u5929\u8fd8\uff0c\u8bb2\u4fe1\u7528\u767d\u5929\u8fd8\uff0c\u8bb2\u4fe1\u7528',
	 'income_rate': u'7.3%/\u5e74',
	 'link': 'https://www.my089.com/Loan/Detail.aspx?sid=15091414242476695937890015006486',
	 'min_amount': u'\uffe550.00 ',
	 'name': u'\u767d\u5929\u8fd8\uff0c\u8bb2\u4fe1\u7528',
	 'process': u'100%',
	 'protect_mode': '',
	 'repay_type': u'\u4e00\u6b21\u6027\u8fd8\u6b3e',
	 'reward': u'\u672a\u8bbe\u7f6e\u5956\u52b1\u3002',
	 'term': u'5\u5929',
	 'transfer_claim': ''}
2015-09-14 14:29:42+0800 [honglingchuangtou] DEBUG: Crawled (200) <GET https://www.my089.com/Loan/Detail.aspx?sid=15091414253449192596830014917187> (referer: None)
2015-09-14 14:29:42+0800 [honglingchuangtou] DEBUG: Scraped from <200 https://www.my089.com/Loan/Detail.aspx?sid=15091414253449192596830014917187>
	{'amount': u'5,000.00',
	 'area': '',
	 'description': u'\u501f \u6b3e \u8be6 \u60c5\uff1a\u8d44\u91d1\u5468\u8f6c1\u4e2a\u6708_******',
	 'income_rate': u'10.11%/\u5e74',
	 'link': 'https://www.my089.com/Loan/Detail.aspx?sid=15091414253449192596830014917187',
	 'min_amount': u'\uffe550.00 ',
	 'name': u'\u8d44\u91d1\u5468\u8f6c1\u4e2a\u6708_1509141425',
	 'process': u'2%',
	 'protect_mode': '',
	 'repay_type': u'\u6309\u6708\u5206\u671f',
	 'reward': u'\u672a\u8bbe\u7f6e\u5956\u52b1\u3002',
	 'term': u'1\u4e2a\u6708',
	 'transfer_claim': ''}
2015-09-14 14:29:47+0800 [honglingchuangtou] DEBUG: Crawled (200) <GET https://www.my089.com/Loan/Detail.aspx?sid=15091414245797793902780015338755> (referer: None)
2015-09-14 14:29:47+0800 [honglingchuangtou] DEBUG: Scraped from <200 https://www.my089.com/Loan/Detail.aspx?sid=15091414245797793902780015338755>
	{'amount': u'2,900.00',
	 'area': '',
	 'description': u'\u501f\u6b3e\u8be6\u60c5\uff1a\u8d44\u91d1\u5468\u8f6c,\u767d\u5929\u8fd8\uff0c\u4fe1\u8a89\u6807 !\u767d\u5929\u8fd8\uff0c\u4fe1\u8a89\u6807 !\u767d\u5929\u8fd8\uff0c\u4fe1\u8a89\u6807 !',
	 'income_rate': u'7.3%/\u5e74',
	 'link': 'https://www.my089.com/Loan/Detail.aspx?sid=15091414245797793902780015338755',
	 'min_amount': u'\uffe550.00 ',
	 'name': u'\u767d\u5929\u8fd8\uff0c\u4fe1\u8a89\u6807 !',
	 'process': u'71%',
	 'protect_mode': '',
	 'repay_type': u'\u4e00\u6b21\u6027\u8fd8\u6b3e',
	 'reward': u'\u672a\u8bbe\u7f6e\u5956\u52b1\u3002',
	 'term': u'5\u5929',
	 'transfer_claim': ''}
2015-09-14 14:29:51+0800 [honglingchuangtou] DEBUG: Crawled (200) <GET https://www.my089.com/Loan/Detail.aspx?sid=15091414242847692067690019064960> (referer: None)
2015-09-14 14:29:51+0800 [honglingchuangtou] DEBUG: Scraped from <200 https://www.my089.com/Loan/Detail.aspx?sid=15091414242847692067690019064960>
	{'amount': u'10,000.00',
	 'area': '',
	 'description': u'\u501f \u6b3e \u8be6 \u60c5\uff1a \u8fd8 \u6b3e \u65b9 \u5f0f\uff1a \u8fd8 \u6b3e \u4fdd \u969c\uff1a\u5e10\u6237\u51c0\u989d\u5ea6\uff0c\u968f\u501f\u968f\u8fd8 ~ V5\u4fe1\u8a89 ~ \u4ece\u672a\u903e\u671f\uff01',
	 'income_rate': u'7.3%/\u5e74',
	 'link': 'https://www.my089.com/Loan/Detail.aspx?sid=15091414242847692067690019064960',
	 'min_amount': u'\uffe550.00 ',
	 'name': u'\u968f\u501f\u968f\u8fd8 ~ V5\u4fe1\u8a89 ~ \u4ece\u672a\u903e\u671f\uff01',
	 'process': u'0%',
	 'protect_mode': '',
	 'repay_type': u'\u4e00\u6b21\u6027\u8fd8\u6b3e',
	 'reward': u'\u672a\u8bbe\u7f6e\u5956\u52b1\u3002',
	 'term': u'5\u5929',
	 'transfer_claim': ''}
2015-09-14 14:29:54+0800 [honglingchuangtou] DEBUG: Crawled (200) <GET https://www.my089.com/Loan/Detail.aspx?sid=15091414232394394166720010920481> (referer: None)
2015-09-14 14:29:54+0800 [honglingchuangtou] DEBUG: Scraped from <200 https://www.my089.com/Loan/Detail.aspx?sid=15091414232394394166720010920481>
	{'amount': u'5,000.00',
	 'area': '',
	 'description': u'\u501f \u6b3e \u8be6 \u60c5\uff1a\u8d44\u91d1\u5468\u8f6c1\u4e2a\u6708_******',
	 'income_rate': u'10.01%/\u5e74',
	 'link': 'https://www.my089.com/Loan/Detail.aspx?sid=15091414232394394166720010920481',
	 'min_amount': u'\uffe550.00 ',
	 'name': u'\u8d44\u91d1\u5468\u8f6c1\u4e2a\u6708_1509141423',
	 'process': u'100%',
	 'protect_mode': '',
	 'repay_type': u'\u6309\u6708\u5206\u671f',
	 'reward': u'\u672a\u8bbe\u7f6e\u5956\u52b1\u3002',
	 'term': u'1\u4e2a\u6708',
	 'transfer_claim': ''}
2015-09-14 14:29:59+0800 [honglingchuangtou] DEBUG: Crawled (200) <GET https://www.my089.com/Loan/Detail.aspx?sid=15091414243722092075910013462678> (referer: None)
2015-09-14 14:29:59+0800 [honglingchuangtou] DEBUG: Scraped from <200 https://www.my089.com/Loan/Detail.aspx?sid=15091414243722092075910013462678>
	{'amount': u'10,000.00',
	 'area': '',
	 'description': u'\u501f \u6b3e \u8be6 \u60c5\uff1a\u8d44\u91d1\u5468\u8f6c5\u5929_******',
	 'income_rate': u'7.3%/\u5e74',
	 'link': 'https://www.my089.com/Loan/Detail.aspx?sid=15091414243722092075910013462678',
	 'min_amount': u'\uffe550.00 ',
	 'name': u'\u8d44\u91d1\u5468\u8f6c5\u5929_1509141424',
	 'process': u'90%',
	 'protect_mode': '',
	 'repay_type': u'\u4e00\u6b21\u6027\u8fd8\u6b3e',
	 'reward': u'\u672a\u8bbe\u7f6e\u5956\u52b1\u3002',
	 'term': u'5\u5929',
	 'transfer_claim': ''}
2015-09-14 14:30:02+0800 [honglingchuangtou] DEBUG: Crawled (200) <GET https://www.my089.com/Loan/Detail.aspx?sid=15091414251911193224090017657812> (referer: None)
2015-09-14 14:30:02+0800 [honglingchuangtou] DEBUG: Scraped from <200 https://www.my089.com/Loan/Detail.aspx?sid=15091414251911193224090017657812>
	{'amount': u'5,000.00',
	 'area': '',
	 'description': u'\u501f \u6b3e \u8be6 \u60c5\uff1a\u8d44\u91d1\u5468\u8f6c5\u5929_******',
	 'income_rate': u'7.3%/\u5e74',
	 'link': 'https://www.my089.com/Loan/Detail.aspx?sid=15091414251911193224090017657812',
	 'min_amount': u'\uffe550.00 ',
	 'name': u'\u8d44\u91d1\u5468\u8f6c5\u5929_1509141425',
	 'process': u'10%',
	 'protect_mode': '',
	 'repay_type': u'\u4e00\u6b21\u6027\u8fd8\u6b3e',
	 'reward': u'\u672a\u8bbe\u7f6e\u5956\u52b1\u3002',
	 'term': u'5\u5929',
	 'transfer_claim': ''}
2015-09-14 14:30:05+0800 [honglingchuangtou] DEBUG: Crawled (200) <GET https://www.my089.com/Loan/Detail.aspx?sid=15091414222060090960890018017211> (referer: None)
2015-09-14 14:30:05+0800 [honglingchuangtou] DEBUG: Scraped from <200 https://www.my089.com/Loan/Detail.aspx?sid=15091414222060090960890018017211>
	{'amount': u'10,000.00',
	 'area': '',
	 'description': u'\u501f \u6b3e \u8be6 \u60c5\uff1a\u8d44\u91d1\u5468\u8f6c1\u4e2a\u6708_******',
	 'income_rate': u'9.58%/\u5e74',
	 'link': 'https://www.my089.com/Loan/Detail.aspx?sid=15091414222060090960890018017211',
	 'min_amount': u'\uffe550.00 ',
	 'name': u'\u8d44\u91d1\u5468\u8f6c1\u4e2a\u6708_1509141422',
	 'process': u'0%',
	 'protect_mode': '',
	 'repay_type': u'\u6309\u6708\u5206\u671f',
	 'reward': u'\u672a\u8bbe\u7f6e\u5956\u52b1\u3002',
	 'term': u'1\u4e2a\u6708',
	 'transfer_claim': ''}
2015-09-14 14:30:09+0800 [honglingchuangtou] DEBUG: Crawled (200) <GET https://www.my089.com/Loan/Detail.aspx?sid=15091414220271593122530014767778> (referer: None)
2015-09-14 14:30:09+0800 [honglingchuangtou] DEBUG: Scraped from <200 https://www.my089.com/Loan/Detail.aspx?sid=15091414220271593122530014767778>
	{'amount': u'20,000.00',
	 'area': '',
	 'description': u'\u501f\u6b3e\u8be6\u60c5\uff1a\u7ad9\u5185\u5173\u8054\u7528\u6237\u540d\uff1a\u8fd8\u6b3e\u4fdd\u969c\uff1a\u8d44\u91d1\u5468\u8f6c\u8d44\u91d1\u5468\u8f6c\u8d44\u91d1\u5468\u8f6c\u8d44\u91d1\u5468\u8f6c\u8d44\u91d1\u5468\u8f6c\u8d44\u91d1\u5468\u8f6c\u8d44\u91d1\u5468\u8f6c',
	 'income_rate': u'7.3%/\u5e74',
	 'link': 'https://www.my089.com/Loan/Detail.aspx?sid=15091414220271593122530014767778',
	 'min_amount': u'\uffe550.00 ',
	 'name': u'\u4e0a\u5348\u8fd8\u6b3e\uff01\uff01',
	 'process': u'0%',
	 'protect_mode': '',
	 'repay_type': u'\u4e00\u6b21\u6027\u8fd8\u6b3e',
	 'reward': u'\u672a\u8bbe\u7f6e\u5956\u52b1\u3002',
	 'term': u'5\u5929',
	 'transfer_claim': ''}
2015-09-14 14:30:12+0800 [honglingchuangtou] DEBUG: Crawled (200) <GET https://www.my089.com/Loan/Detail.aspx?sid=15091414224655892642910017817024> (referer: None)
2015-09-14 14:30:12+0800 [honglingchuangtou] DEBUG: Scraped from <200 https://www.my089.com/Loan/Detail.aspx?sid=15091414224655892642910017817024>
	{'amount': u'5,000.00',
	 'area': '',
	 'description': u'\u501f \u6b3e \u8be6 \u60c5\uff1a\u8d44\u91d1\u5468\u8f6c5\u5929_******',
	 'income_rate': u'7.3%/\u5e74',
	 'link': 'https://www.my089.com/Loan/Detail.aspx?sid=15091414224655892642910017817024',
	 'min_amount': u'\uffe550.00 ',
	 'name': u'\u8d44\u91d1\u5468\u8f6c5\u5929_1509141422',
	 'process': u'96%',
	 'protect_mode': '',
	 'repay_type': u'\u4e00\u6b21\u6027\u8fd8\u6b3e',
	 'reward': u'\u672a\u8bbe\u7f6e\u5956\u52b1\u3002',
	 'term': u'5\u5929',
	 'transfer_claim': ''}
2015-09-14 14:30:16+0800 [honglingchuangtou] DEBUG: Crawled (200) <GET https://www.my089.com/Loan/Detail.aspx?sid=15091414241801394164270013406084> (referer: None)
2015-09-14 14:30:16+0800 [honglingchuangtou] DEBUG: Scraped from <200 https://www.my089.com/Loan/Detail.aspx?sid=15091414241801394164270013406084>
	{'amount': u'6,000.00',
	 'area': '',
	 'description': u'\u501f \u6b3e \u8be6 \u60c5\uff1a\u8d44\u91d1\u5468\u8f6c1\u4e2a\u6708_******',
	 'income_rate': u'10.08%/\u5e74',
	 'link': 'https://www.my089.com/Loan/Detail.aspx?sid=15091414241801394164270013406084',
	 'min_amount': u'\uffe550.00 ',
	 'name': u'\u8d44\u91d1\u5468\u8f6c1\u4e2a\u6708_1509141424',
	 'process': u'1%',
	 'protect_mode': '',
	 'repay_type': u'\u6309\u6708\u5206\u671f',
	 'reward': u'\u672a\u8bbe\u7f6e\u5956\u52b1\u3002',
	 'term': u'1\u4e2a\u6708',
	 'transfer_claim': ''}
2015-09-14 14:30:21+0800 [honglingchuangtou] DEBUG: Crawled (200) <GET https://www.my089.com/Loan/Detail.aspx?sid=15091414241171094054210018027567> (referer: None)
2015-09-14 14:30:21+0800 [honglingchuangtou] DEBUG: Scraped from <200 https://www.my089.com/Loan/Detail.aspx?sid=15091414241171094054210018027567>
	{'amount': u'20,000.00',
	 'area': '',
	 'description': u'\u25a0\u25a0\u25a0\u767d\u5929\u8fd8\u6b3e \u62d2\u7edd\u71ac\u591c\u25a0\u25a0\u25a0\u25a0\u25a0\u25a0\u767d\u5929\u8fd8\u6b3e \u62d2\u7edd\u71ac\u591c\u25a0\u25a0\u25a0',
	 'income_rate': u'7.3%/\u5e74',
	 'link': 'https://www.my089.com/Loan/Detail.aspx?sid=15091414241171094054210018027567',
	 'min_amount': u'\uffe550.00 ',
	 'name': u'\u25a0\u25a0\u25a0\u767d\u5929\u8fd8\u6b3e \u62d2\u7edd\u71ac\u591c\u25a0\u25a0\u25a0',
	 'process': u'7%',
	 'protect_mode': '',
	 'repay_type': u'\u4e00\u6b21\u6027\u8fd8\u6b3e',
	 'reward': u'\u672a\u8bbe\u7f6e\u5956\u52b1\u3002',
	 'term': u'7\u5929',
	 'transfer_claim': ''}
2015-09-14 14:30:24+0800 [honglingchuangtou] DEBUG: Crawled (200) <GET https://www.my089.com/Loan/Detail.aspx?sid=15091414190636193412900015328184> (referer: None)
2015-09-14 14:30:24+0800 [honglingchuangtou] DEBUG: Scraped from <200 https://www.my089.com/Loan/Detail.aspx?sid=15091414190636193412900015328184>
	{'amount': u'50,000.00',
	 'area': '',
	 'description': u'\u501f \u6b3e \u8be6 \u60c5\uff1a\u8d44\u91d1\u5468\u8f6c1\u4e2a\u6708_******',
	 'income_rate': u'10.51%/\u5e74',
	 'link': 'https://www.my089.com/Loan/Detail.aspx?sid=15091414190636193412900015328184',
	 'min_amount': u'\uffe550.00 ',
	 'name': u'\u8d44\u91d1\u5468\u8f6c1\u4e2a\u6708_1509141425',
	 'process': u'100%',
	 'protect_mode': '',
	 'repay_type': u'\u6309\u6708\u5206\u671f',
	 'reward': u'\u672a\u8bbe\u7f6e\u5956\u52b1\u3002',
	 'term': u'1\u4e2a\u6708',
	 'transfer_claim': ''}
2015-09-14 14:30:27+0800 [honglingchuangtou] DEBUG: Crawled (200) <GET https://www.my089.com/Loan/Detail.aspx?sid=15091414260146096359300014051903> (referer: None)
2015-09-14 14:30:27+0800 [honglingchuangtou] DEBUG: Scraped from <200 https://www.my089.com/Loan/Detail.aspx?sid=15091414260146096359300014051903>
	{'amount': u'3,400.00',
	 'area': '',
	 'description': u'\u501f \u6b3e \u8be6 \u60c5\uff1a\u8d44\u91d1\u5468\u8f6c1\u4e2a\u6708_******',
	 'income_rate': u'5%/\u5e74',
	 'link': 'https://www.my089.com/Loan/Detail.aspx?sid=15091414260146096359300014051903',
	 'min_amount': u'\uffe550.00 ',
	 'name': u'\u8d44\u91d1\u5468\u8f6c1\u4e2a\u6708_1509141426',
	 'process': u'100%',
	 'protect_mode': '',
	 'repay_type': u'\u6309\u6708\u5206\u671f',
	 'reward': u'\u672a\u8bbe\u7f6e\u5956\u52b1\u3002',
	 'term': u'1\u4e2a\u6708',
	 'transfer_claim': ''}
2015-09-14 14:30:32+0800 [honglingchuangtou] DEBUG: Crawled (200) <GET https://www.my089.com/Loan/Detail.aspx?sid=15091414234530091877900015166419> (referer: None)
2015-09-14 14:30:32+0800 [honglingchuangtou] DEBUG: Scraped from <200 https://www.my089.com/Loan/Detail.aspx?sid=15091414234530091877900015166419>
	{'amount': u'39,200.00',
	 'area': '',
	 'description': u'\u501f \u6b3e \u8be6 \u60c5\uff1a\u8d44\u91d1\u5468\u8f6c5\u5929_******',
	 'income_rate': u'7.3%/\u5e74',
	 'link': 'https://www.my089.com/Loan/Detail.aspx?sid=15091414234530091877900015166419',
	 'min_amount': u'\uffe550.00 ',
	 'name': u'\u8d44\u91d1\u5468\u8f6c5\u5929_1509141423',
	 'process': u'0%',
	 'protect_mode': '',
	 'repay_type': u'\u4e00\u6b21\u6027\u8fd8\u6b3e',
	 'reward': u'\u672a\u8bbe\u7f6e\u5956\u52b1\u3002',
	 'term': u'5\u5929',
	 'transfer_claim': ''}
2015-09-14 14:30:35+0800 [honglingchuangtou] INFO: Crawled 16 pages (at 16 pages/min), scraped 16 items (at 16 items/min)
2015-09-14 14:30:36+0800 [honglingchuangtou] DEBUG: Crawled (200) <GET https://www.my089.com/Loan/Detail.aspx?sid=15091414251415191161090018993105> (referer: None)
2015-09-14 14:30:36+0800 [honglingchuangtou] DEBUG: Scraped from <200 https://www.my089.com/Loan/Detail.aspx?sid=15091414251415191161090018993105>
	{'amount': u'5,000.00',
	 'area': '',
	 'description': u'\u501f \u6b3e \u8be6 \u60c5\uff1a\u8d44\u91d1\u5468\u8f6c5\u5929_******\u8fd8 \u6b3e \u65b9 \u5f0f\uff1a\u4e00\u6b21\u6027\u8fd8\u6b3e\u8fd8 \u6b3e \u4fdd \u969c\uff1a\u5e10\u6237\u51c0\u503c\u989d\u5ea6',
	 'income_rate': u'7.3%/\u5e74',
	 'link': 'https://www.my089.com/Loan/Detail.aspx?sid=15091414251415191161090018993105',
	 'min_amount': u'\uffe550.00 ',
	 'name': u'\u767d\u5929\u8fd8\uff0cV5\u4fe1\u8a89\u4fdd\u8bc1\uff0c\u5c0f\u6807\u6613\u6ee1\u4e0d\u7ad9\u5c97',
	 'process': u'15%',
	 'protect_mode': '',
	 'repay_type': u'\u4e00\u6b21\u6027\u8fd8\u6b3e',
	 'reward': u'\u672a\u8bbe\u7f6e\u5956\u52b1\u3002',
	 'term': u'5\u5929',
	 'transfer_claim': ''}
2015-09-14 14:30:39+0800 [honglingchuangtou] DEBUG: Crawled (200) <GET https://www.my089.com/Loan/Detail.aspx?sid=15091414253558991487330011743953> (referer: None)
2015-09-14 14:30:39+0800 [honglingchuangtou] DEBUG: Scraped from <200 https://www.my089.com/Loan/Detail.aspx?sid=15091414253558991487330011743953>
	{'amount': u'20,000.00',
	 'area': '',
	 'description': u'\u501f\u6b3e\u8be6\u60c5\uff1a\u7ad9\u5185\u5173\u8054\u7528\u6237\u540d\uff1a\u8fd8\u6b3e\u4fdd\u969c\uff1a \u51c0\u503c\u989d\u5ea6\u4fdd\u969c \u501f\u6b3e\u8be6\u60c5\uff1a\u7ad9\u5185\u5173\u8054\u7528\u6237\u540d\uff1a\u8fd8\u6b3e\u4fdd\u969c\uff1a \u51c0\u503c\u989d\u5ea6\u4fdd\u969c \u501f\u6b3e\u8be6\u60c5\uff1a\u7ad9\u5185\u5173\u8054\u7528\u6237\u540d\uff1a\u8fd8\u6b3e\u4fdd\u969c\uff1a \u51c0\u503c\u989d\u5ea6\u4fdd\u969c',
	 'income_rate': u'9.28%/\u5e74',
	 'link': 'https://www.my089.com/Loan/Detail.aspx?sid=15091414253558991487330011743953',
	 'min_amount': u'\uffe550.00 ',
	 'name': u'V5\u771f\u8bda\u7ea6\u6807\uff01\u5c3d\u65e9\u8fd8\u6b3e\uff01',
	 'process': u'0%',
	 'protect_mode': '',
	 'repay_type': u'\u6309\u6708\u5230\u671f',
	 'reward': u'\u672a\u8bbe\u7f6e\u5956\u52b1\u3002',
	 'term': u'1\u4e2a\u6708',
	 'transfer_claim': ''}
2015-09-14 14:30:44+0800 [honglingchuangtou] DEBUG: Crawled (200) <GET https://www.my089.com/Loan/Detail.aspx?sid=15091414252679493310490013075981> (referer: None)
2015-09-14 14:30:44+0800 [honglingchuangtou] DEBUG: Scraped from <200 https://www.my089.com/Loan/Detail.aspx?sid=15091414252679493310490013075981>
	{'amount': u'20,000.00',
	 'area': '',
	 'description': u'\u501f\u6b3e\u8be6\u60c5\uff1a\u8d44\u91d1\u5468\u8f6c,\u65e9\u4e0a09\u70b930\u4e4b\u524d\u8fd8\uff0c\u653e\u5fc3\u6295\uff01\uff01\u6700\u8fdf\u767d\u5929\u8fd8\uff01\u65e9\u4e0a09\u70b930\u4e4b\u524d\u8fd8\uff0c\u653e\u5fc3\u6295\uff01\uff01\u6700\u8fdf\u767d\u5929\u8fd8\uff01\u65e9\u4e0a09\u70b930\u4e4b\u524d\u8fd8\uff0c\u653e\u5fc3\u6295\uff01\uff01\u6700\u8fdf\u767d\u5929\u8fd8\uff01',
	 'income_rate': u'7.3%/\u5e74',
	 'link': 'https://www.my089.com/Loan/Detail.aspx?sid=15091414252679493310490013075981',
	 'min_amount': u'\uffe550.00 ',
	 'name': u'\u65e9\u4e0a09\u70b930\u4e4b\u524d\u8fd8\uff0c\u653e\u5fc3\u6295\uff01\uff01\u6700\u8fdf\u767d\u5929\u8fd8\uff01',
	 'process': u'32%',
	 'protect_mode': '',
	 'repay_type': u'\u4e00\u6b21\u6027\u8fd8\u6b3e',
	 'reward': u'\u672a\u8bbe\u7f6e\u5956\u52b1\u3002',
	 'term': u'5\u5929',
	 'transfer_claim': ''}
2015-09-14 14:30:48+0800 [honglingchuangtou] DEBUG: Crawled (200) <GET https://www.my089.com/Loan/Detail.aspx?sid=15091414224159095151050011599545> (referer: None)
2015-09-14 14:30:48+0800 [honglingchuangtou] DEBUG: Scraped from <200 https://www.my089.com/Loan/Detail.aspx?sid=15091414224159095151050011599545>
	{'amount': u'5,000.00',
	 'area': '',
	 'description': u'\u501f\u6b3e\u8be6\u60c5\uff1a\u7ad9\u5185\u5173\u8054\u7528\u6237\u540d\uff1a\u8fd8\u6b3e\u4fdd\u969c\uff1a \u51c0\u503c\u989d\u5ea6\u4fdd\u969c \u501f\u6b3e\u8be6\u60c5\uff1a\u7ad9\u5185\u5173\u8054\u7528\u6237\u540d\uff1a\u8fd8\u6b3e\u4fdd\u969c\uff1a \u51c0\u503c\u989d\u5ea6\u4fdd\u969c \u501f\u6b3e\u8be6\u60c5\uff1a\u7ad9\u5185\u5173\u8054\u7528\u6237\u540d\uff1a\u8fd8\u6b3e\u4fdd\u969c\uff1a \u51c0\u503c\u989d\u5ea6\u4fdd\u969c',
	 'income_rate': u'10%/\u5e74',
	 'link': 'https://www.my089.com/Loan/Detail.aspx?sid=15091414224159095151050011599545',
	 'min_amount': u'\uffe550.00 ',
	 'name': u'\u4e0d\u63d0\u73b0\u501f\u6b3e1\u4e2a\u6708.\u65e0\u98ce\u9669.\u767d\u5929\u8fd8',
	 'process': u'2%',
	 'protect_mode': '',
	 'repay_type': u'\u6309\u6708\u5230\u671f',
	 'reward': u'\u672a\u8bbe\u7f6e\u5956\u52b1\u3002',
	 'term': u'1\u4e2a\u6708',
	 'transfer_claim': ''}
2015-09-14 14:30:52+0800 [honglingchuangtou] DEBUG: Crawled (200) <GET https://www.my089.com/Loan/Detail.aspx?sid=15091414260871391802330014013899> (referer: None)
2015-09-14 14:30:52+0800 [honglingchuangtou] DEBUG: Scraped from <200 https://www.my089.com/Loan/Detail.aspx?sid=15091414260871391802330014013899>
	{'amount': u'10,000.00',
	 'area': '',
	 'description': u'\u501f \u6b3e \u8be6 \u60c5\uff1a\u8d44\u91d1\u5468\u8f6c1\u4e2a\u6708_******',
	 'income_rate': u'10.51%/\u5e74',
	 'link': 'https://www.my089.com/Loan/Detail.aspx?sid=15091414260871391802330014013899',
	 'min_amount': u'\uffe550.00 ',
	 'name': u'\u8d44\u91d1\u5468\u8f6c1\u4e2a\u6708_1509141426',
	 'process': u'0%',
	 'protect_mode': '',
	 'repay_type': u'\u6309\u6708\u5230\u671f',
	 'reward': u'\u672a\u8bbe\u7f6e\u5956\u52b1\u3002',
	 'term': u'1\u4e2a\u6708',
	 'transfer_claim': ''}
2015-09-14 14:30:55+0800 [honglingchuangtou] DEBUG: Crawled (200) <GET https://www.my089.com/Loan/Detail.aspx?sid=15091414260487994142770015856156> (referer: None)
2015-09-14 14:30:55+0800 [honglingchuangtou] DEBUG: Scraped from <200 https://www.my089.com/Loan/Detail.aspx?sid=15091414260487994142770015856156>
	{'amount': u'140,000.00',
	 'area': '',
	 'description': u'\u501f \u6b3e \u8be6 \u60c5\uff1a\u8d44\u91d1\u5468\u8f6c1\u4e2a\u6708_******',
	 'income_rate': u'10.52%/\u5e74',
	 'link': 'https://www.my089.com/Loan/Detail.aspx?sid=15091414260487994142770015856156',
	 'min_amount': u'\uffe5100.00 ',
	 'name': u'\u8d44\u91d1\u5468\u8f6c1\u4e2a\u6708_1509141426',
	 'process': u'100%',
	 'protect_mode': '',
	 'repay_type': u'\u6309\u6708\u5206\u671f',
	 'reward': u'\u672a\u8bbe\u7f6e\u5956\u52b1\u3002',
	 'term': u'1\u4e2a\u6708',
	 'transfer_claim': ''}
2015-09-14 14:30:59+0800 [honglingchuangtou] DEBUG: Crawled (200) <GET https://www.my089.com/Loan/Detail.aspx?sid=15091414250081192550650019478893> (referer: None)
2015-09-14 14:30:59+0800 [honglingchuangtou] DEBUG: Scraped from <200 https://www.my089.com/Loan/Detail.aspx?sid=15091414250081192550650019478893>
	{'amount': u'17,632.00',
	 'area': '',
	 'description': u'\u501f\u6b3e\u8be6\u60c5\uff1a\u7ad9\u5185\u5173\u8054\u7528\u6237\u540d\uff1a\u8fd8\u6b3e\u4fdd\u969c\uff1a \u51c0\u503c\u989d\u5ea6\u4fdd\u969c \u501f\u6b3e\u8be6\u60c5\uff1a\u7ad9\u5185\u5173\u8054\u7528\u6237\u540d\uff1a\u8fd8\u6b3e\u4fdd\u969c\uff1a \u51c0\u503c\u989d\u5ea6\u4fdd\u969c \u501f\u6b3e\u8be6\u60c5\uff1a\u7ad9\u5185\u5173\u8054\u7528\u6237\u540d\uff1a\u8fd8\u6b3e\u4fdd\u969c\uff1a \u51c0\u503c\u989d\u5ea6\u4fdd\u969c',
	 'income_rate': u'10.19%/\u5e74',
	 'link': 'https://www.my089.com/Loan/Detail.aspx?sid=15091414250081192550650019478893',
	 'min_amount': u'\uffe550.00 ',
	 'name': u'\u767d\u5929\u8fd8\uff0c\u4e5f\u53ef\u4ee5\u4e0a\u5348\u8fd8',
	 'process': u'88%',
	 'protect_mode': '',
	 'repay_type': u'\u6309\u6708\u5230\u671f',
	 'reward': u'\u672a\u8bbe\u7f6e\u5956\u52b1\u3002',
	 'term': u'1\u4e2a\u6708',
	 'transfer_claim': ''}
2015-09-14 14:31:04+0800 [honglingchuangtou] DEBUG: Crawled (200) <GET https://www.my089.com/Loan/Detail.aspx?sid=15091414255810092464350013988398> (referer: None)
2015-09-14 14:31:04+0800 [honglingchuangtou] DEBUG: Scraped from <200 https://www.my089.com/Loan/Detail.aspx?sid=15091414255810092464350013988398>
	{'amount': u'20,000.00',
	 'area': '',
	 'description': u'\u501f \u6b3e \u8be6 \u60c5\uff1a\u8d44\u91d1\u5468\u8f6c5\u5929_******',
	 'income_rate': u'3.65%/\u5e74',
	 'link': 'https://www.my089.com/Loan/Detail.aspx?sid=15091414255810092464350013988398',
	 'min_amount': u'\uffe550.00 ',
	 'name': u'\u8d44\u91d1\u5468\u8f6c5\u5929_1509141426',
	 'process': u'0%',
	 'protect_mode': '',
	 'repay_type': u'\u4e00\u6b21\u6027\u8fd8\u6b3e',
	 'reward': u'\u672a\u8bbe\u7f6e\u5956\u52b1\u3002',
	 'term': u'5\u5929',
	 'transfer_claim': ''}
2015-09-14 14:31:07+0800 [honglingchuangtou] DEBUG: Crawled (200) <GET https://www.my089.com/Loan/Detail.aspx?sid=15091414251236092740890015282966> (referer: None)
2015-09-14 14:31:07+0800 [honglingchuangtou] DEBUG: Scraped from <200 https://www.my089.com/Loan/Detail.aspx?sid=15091414251236092740890015282966>
	{'amount': u'20,000.00',
	 'area': '',
	 'description': u'\u501f\u6b3e\u8be6\u60c5\uff1a\u7ad9\u5185\u5173\u8054\u7528\u6237\u540d\uff1a\u8fd8\u6b3e\u4fdd\u969c\uff1a \u51c0\u503c\u989d\u5ea6\u4fdd\u969c \u501f\u6b3e\u8be6\u60c5\uff1a\u7ad9\u5185\u5173\u8054\u7528\u6237\u540d\uff1a\u8fd8\u6b3e\u4fdd\u969c\uff1a \u51c0\u503c\u989d\u5ea6\u4fdd\u969c \u501f\u6b3e\u8be6\u60c5\uff1a\u7ad9\u5185\u5173\u8054\u7528\u6237\u540d\uff1a\u8fd8\u6b3e\u4fdd\u969c\uff1a \u51c0\u503c\u989d\u5ea6\u4fdd\u969c',
	 'income_rate': u'7.3%/\u5e74',
	 'link': 'https://www.my089.com/Loan/Detail.aspx?sid=15091414251236092740890015282966',
	 'min_amount': u'\uffe550.00 ',
	 'name': u'\u2605\u2605\u2605\u65e9\u4e0a8\u70b930\u5206\u8fd8\u6b3e!\u653e\u5fc3\u6295\u8d44!\u6700\u8fdf\u767d\u5929\u8fd8!\u2605\u2605\u2605',
	 'process': u'10%',
	 'protect_mode': '',
	 'repay_type': u'\u4e00\u6b21\u6027\u8fd8\u6b3e',
	 'reward': u'\u672a\u8bbe\u7f6e\u5956\u52b1\u3002',
	 'term': u'5\u5929',
	 'transfer_claim': ''}
2015-09-14 14:31:10+0800 [honglingchuangtou] DEBUG: Crawled (200) <GET https://www.my089.com/Loan/Detail.aspx?sid=15091414260158992467180016746077> (referer: None)
2015-09-14 14:31:10+0800 [honglingchuangtou] DEBUG: Scraped from <200 https://www.my089.com/Loan/Detail.aspx?sid=15091414260158992467180016746077>
	{'amount': u'15,000.00',
	 'area': '',
	 'description': u'\u501f \u6b3e \u8be6 \u60c5\uff1a\u8d44\u91d1\u5468\u8f6c5\u5929_******',
	 'income_rate': u'7.3%/\u5e74',
	 'link': 'https://www.my089.com/Loan/Detail.aspx?sid=15091414260158992467180016746077',
	 'min_amount': u'\uffe550.00 ',
	 'name': u'\u8d44\u91d1\u5468\u8f6c5\u5929_1509141426',
	 'process': u'0%',
	 'protect_mode': '',
	 'repay_type': u'\u4e00\u6b21\u6027\u8fd8\u6b3e',
	 'reward': u'\u672a\u8bbe\u7f6e\u5956\u52b1\u3002',
	 'term': u'5\u5929',
	 'transfer_claim': ''}
2015-09-14 14:31:15+0800 [honglingchuangtou] DEBUG: Crawled (200) <GET https://www.my089.com/Loan/Detail.aspx?sid=15091414232467194479640019880590> (referer: None)
2015-09-14 14:31:15+0800 [honglingchuangtou] DEBUG: Scraped from <200 https://www.my089.com/Loan/Detail.aspx?sid=15091414232467194479640019880590>
	{'amount': u'5,000.00',
	 'area': '',
	 'description': u'\u501f \u6b3e \u8be6 \u60c5\uff1a\u8d44\u91d1\u5468\u8f6c1\u4e2a\u6708_******',
	 'income_rate': u'10.01%/\u5e74',
	 'link': 'https://www.my089.com/Loan/Detail.aspx?sid=15091414232467194479640019880590',
	 'min_amount': u'\uffe550.00 ',
	 'name': u'\u8d44\u91d1\u5468\u8f6c1\u4e2a\u6708_1509141423',
	 'process': u'15%',
	 'protect_mode': '',
	 'repay_type': u'\u6309\u6708\u5206\u671f',
	 'reward': u'\u672a\u8bbe\u7f6e\u5956\u52b1\u3002',
	 'term': u'1\u4e2a\u6708',
	 'transfer_claim': ''}
2015-09-14 14:31:19+0800 [honglingchuangtou] DEBUG: Crawled (200) <GET https://www.my089.com/Loan/Detail.aspx?sid=15091414260502891062220012608352> (referer: None)
2015-09-14 14:31:19+0800 [honglingchuangtou] DEBUG: Scraped from <200 https://www.my089.com/Loan/Detail.aspx?sid=15091414260502891062220012608352>
	{'amount': u'50,000.00',
	 'area': '',
	 'description': u'\u501f \u6b3e \u8be6 \u60c5\uff1a\u8d44\u91d1\u5468\u8f6c1\u4e2a\u6708_******',
	 'income_rate': u'10.52%/\u5e74',
	 'link': 'https://www.my089.com/Loan/Detail.aspx?sid=15091414260502891062220012608352',
	 'min_amount': u'\uffe550.00 ',
	 'name': u'\u8d44\u91d1\u5468\u8f6c1\u4e2a\u6708_1509141426',
	 'process': u'100%',
	 'protect_mode': '',
	 'repay_type': u'\u6309\u6708\u5206\u671f',
	 'reward': u'\u672a\u8bbe\u7f6e\u5956\u52b1\u3002',
	 'term': u'1\u4e2a\u6708',
	 'transfer_claim': ''}
2015-09-14 14:31:23+0800 [honglingchuangtou] DEBUG: Crawled (200) <GET https://www.my089.com/Loan/Detail.aspx?sid=15091414250015790817100012474447> (referer: None)
2015-09-14 14:31:23+0800 [honglingchuangtou] DEBUG: Scraped from <200 https://www.my089.com/Loan/Detail.aspx?sid=15091414250015790817100012474447>
	{'amount': u'5,900.00',
	 'area': '',
	 'description': u'\u501f\u6b3e\u8be6\u60c5\uff1a\u8d44\u91d1\u5468\u8f6c,V5\u4fe1\u8a89\uff0c\u5c3d\u91cf\u767d\u5929\u8fd8\u6b3e\uff0c\u8c22\u8c22\u652f\u6301\uff01V5\u4fe1\u8a89\uff0c\u5c3d\u91cf\u767d\u5929\u8fd8\u6b3e\uff0c\u8c22\u8c22\u652f\u6301\uff01V5\u4fe1\u8a89\uff0c\u5c3d\u91cf\u767d\u5929\u8fd8\u6b3e\uff0c\u8c22\u8c22\u652f\u6301\uff01',
	 'income_rate': u'7.3%/\u5e74',
	 'link': 'https://www.my089.com/Loan/Detail.aspx?sid=15091414250015790817100012474447',
	 'min_amount': u'\uffe550.00 ',
	 'name': u'V5\u4fe1\u8a89\uff0c\u5c3d\u91cf\u767d\u5929\u8fd8\u6b3e\uff0c\u8c22\u8c22\u652f\u6301\uff01',
	 'process': u'20%',
	 'protect_mode': '',
	 'repay_type': u'\u4e00\u6b21\u6027\u8fd8\u6b3e',
	 'reward': u'\u672a\u8bbe\u7f6e\u5956\u52b1\u3002',
	 'term': u'5\u5929',
	 'transfer_claim': ''}
2015-09-14 14:31:26+0800 [honglingchuangtou] DEBUG: Crawled (200) <GET https://www.my089.com/Loan/Detail.aspx?sid=15091414235665692373470018696710> (referer: None)
2015-09-14 14:31:26+0800 [honglingchuangtou] DEBUG: Scraped from <200 https://www.my089.com/Loan/Detail.aspx?sid=15091414235665692373470018696710>
	{'amount': u'40,800.00',
	 'area': '',
	 'description': u'\u501f \u6b3e \u8be6 \u60c5\uff1a\u8d44\u91d1\u5468\u8f6c6\u5929_******',
	 'income_rate': u'7.3%/\u5e74',
	 'link': 'https://www.my089.com/Loan/Detail.aspx?sid=15091414235665692373470018696710',
	 'min_amount': u'\uffe550.00 ',
	 'name': u'\u8d44\u91d1\u5468\u8f6c6\u5929_1509141424',
	 'process': u'0%',
	 'protect_mode': '',
	 'repay_type': u'\u4e00\u6b21\u6027\u8fd8\u6b3e',
	 'reward': u'\u672a\u8bbe\u7f6e\u5956\u52b1\u3002',
	 'term': u'6\u5929',
	 'transfer_claim': ''}
2015-09-14 14:31:30+0800 [honglingchuangtou] DEBUG: Crawled (200) <GET https://www.my089.com/Loan/Detail.aspx?sid=15091414253022592228210015107971> (referer: None)
2015-09-14 14:31:30+0800 [honglingchuangtou] DEBUG: Scraped from <200 https://www.my089.com/Loan/Detail.aspx?sid=15091414253022592228210015107971>
	{'amount': u'15,800.00',
	 'area': '',
	 'description': u'\u501f \u6b3e \u8be6 \u60c5\uff1a\u8d44\u91d1\u5468\u8f6c1\u4e2a\u6708_******',
	 'income_rate': u'10.08%/\u5e74',
	 'link': 'https://www.my089.com/Loan/Detail.aspx?sid=15091414253022592228210015107971',
	 'min_amount': u'\uffe550.00 ',
	 'name': u'\u8d44\u91d1\u5468\u8f6c1\u4e2a\u6708_1509141425',
	 'process': u'8%',
	 'protect_mode': '',
	 'repay_type': u'\u6309\u6708\u5206\u671f',
	 'reward': u'\u672a\u8bbe\u7f6e\u5956\u52b1\u3002',
	 'term': u'1\u4e2a\u6708',
	 'transfer_claim': ''}
2015-09-14 14:31:33+0800 [honglingchuangtou] DEBUG: Crawled (200) <GET https://www.my089.com/Loan/Detail.aspx?sid=15091414262753292953130014937255> (referer: None)
2015-09-14 14:31:33+0800 [honglingchuangtou] DEBUG: Scraped from <200 https://www.my089.com/Loan/Detail.aspx?sid=15091414262753292953130014937255>
	{'amount': u'10,000.00',
	 'area': '',
	 'description': u'\u501f\u6b3e\u8be6\u60c5\uff1a\u7ad9\u5185\u5173\u8054\u7528\u6237\u540d\uff1a\u8fd8\u6b3e\u4fdd\u969c\uff1a \u51c0\u503c\u989d\u5ea6\u4fdd\u969c \u501f\u6b3e\u8be6\u60c5\uff1a\u7ad9\u5185\u5173\u8054\u7528\u6237\u540d\uff1a\u8fd8\u6b3e\u4fdd\u969c\uff1a \u51c0\u503c\u989d\u5ea6\u4fdd\u969c \u501f\u6b3e\u8be6\u60c5\uff1a\u7ad9\u5185\u5173\u8054\u7528\u6237\u540d\uff1a\u8fd8\u6b3e\u4fdd\u969c\uff1a \u51c0\u503c\u989d\u5ea6\u4fdd\u969c',
	 'income_rate': u'7.3%/\u5e74',
	 'link': 'https://www.my089.com/Loan/Detail.aspx?sid=15091414262753292953130014937255',
	 'min_amount': u'\uffe550.00 ',
	 'name': u'\u65e9\u4e0a9\u70b9\u5f00\u501f\uff0c\u6216\u5f53\u5929\u968f\u501f\u968f\u8fd8\uff0c\u4ece\u4e0d\u903e\u671f',
	 'process': u'6%',
	 'protect_mode': '',
	 'repay_type': u'\u4e00\u6b21\u6027\u8fd8\u6b3e',
	 'reward': u'\u672a\u8bbe\u7f6e\u5956\u52b1\u3002',
	 'term': u'5\u5929',
	 'transfer_claim': ''}
2015-09-14 14:31:35+0800 [honglingchuangtou] INFO: Crawled 32 pages (at 16 pages/min), scraped 32 items (at 16 items/min)
2015-09-14 14:31:37+0800 [honglingchuangtou] DEBUG: Crawled (200) <GET https://www.my089.com/Loan/Detail.aspx?sid=15091414212765695771010015995301> (referer: None)
2015-09-14 14:31:37+0800 [honglingchuangtou] DEBUG: Scraped from <200 https://www.my089.com/Loan/Detail.aspx?sid=15091414212765695771010015995301>
	{'amount': u'9,087.44',
	 'area': '',
	 'description': u'\u501f \u6b3e \u8be6 \u60c5\uff1a\u8d44\u91d1\u5468\u8f6c5\u5929_******',
	 'income_rate': u'7.3%/\u5e74',
	 'link': 'https://www.my089.com/Loan/Detail.aspx?sid=15091414212765695771010015995301',
	 'min_amount': u'\uffe550.00 ',
	 'name': u'\u8d44\u91d1\u5468\u8f6c5\u5929_1509141421',
	 'process': u'90%',
	 'protect_mode': '',
	 'repay_type': u'\u4e00\u6b21\u6027\u8fd8\u6b3e',
	 'reward': u'\u672a\u8bbe\u7f6e\u5956\u52b1\u3002',
	 'term': u'5\u5929',
	 'transfer_claim': ''}
2015-09-14 14:31:41+0800 [honglingchuangtou] DEBUG: Crawled (200) <GET https://www.my089.com/Loan/Detail.aspx?sid=15091414242869491508770019691162> (referer: None)
2015-09-14 14:31:41+0800 [honglingchuangtou] DEBUG: Scraped from <200 https://www.my089.com/Loan/Detail.aspx?sid=15091414242869491508770019691162>
	{'amount': u'12,000.00',
	 'area': '',
	 'description': u'\u501f \u6b3e \u8be6 \u60c5\uff1a\u8d44\u91d1\u5468\u8f6c5\u5929_******',
	 'income_rate': u'7.3%/\u5e74',
	 'link': 'https://www.my089.com/Loan/Detail.aspx?sid=15091414242869491508770019691162',
	 'min_amount': u'\uffe550.00 ',
	 'name': u'\u8d44\u91d1\u5468\u8f6c5\u5929_1509141424',
	 'process': u'100%',
	 'protect_mode': '',
	 'repay_type': u'\u4e00\u6b21\u6027\u8fd8\u6b3e',
	 'reward': u'\u672a\u8bbe\u7f6e\u5956\u52b1\u3002',
	 'term': u'5\u5929',
	 'transfer_claim': ''}
2015-09-14 14:31:45+0800 [honglingchuangtou] DEBUG: Crawled (200) <GET https://www.my089.com/Loan/Detail.aspx?sid=15091414253486892494920018905117> (referer: None)
2015-09-14 14:31:45+0800 [honglingchuangtou] DEBUG: Scraped from <200 https://www.my089.com/Loan/Detail.aspx?sid=15091414253486892494920018905117>
	{'amount': u'50,000.00',
	 'area': '',
	 'description': u'\u501f \u6b3e \u8be6 \u60c5\uff1a\u8d44\u91d1\u5468\u8f6c1\u4e2a\u6708_******',
	 'income_rate': u'10.51%/\u5e74',
	 'link': 'https://www.my089.com/Loan/Detail.aspx?sid=15091414253486892494920018905117',
	 'min_amount': u'\uffe550.00 ',
	 'name': u'\u8d44\u91d1\u5468\u8f6c1\u4e2a\u6708_1509141425',
	 'process': u'100%',
	 'protect_mode': '',
	 'repay_type': u'\u6309\u6708\u5206\u671f',
	 'reward': u'\u672a\u8bbe\u7f6e\u5956\u52b1\u3002',
	 'term': u'1\u4e2a\u6708',
	 'transfer_claim': ''}
2015-09-14 14:31:47+0800 [honglingchuangtou] DEBUG: Crawled (200) <GET https://www.my089.com/Loan/Detail.aspx?sid=15091414240099091701180012757261> (referer: None)
2015-09-14 14:31:47+0800 [honglingchuangtou] DEBUG: Scraped from <200 https://www.my089.com/Loan/Detail.aspx?sid=15091414240099091701180012757261>
	{'amount': u'10,000.00',
	 'area': '',
	 'description': u'\u501f \u6b3e \u8be6 \u60c5\uff1a\u8d44\u91d1\u5468\u8f6c1\u4e2a\u6708_******',
	 'income_rate': u'10.5%/\u5e74',
	 'link': 'https://www.my089.com/Loan/Detail.aspx?sid=15091414240099091701180012757261',
	 'min_amount': u'\uffe550.00 ',
	 'name': u'\u8d44\u91d1\u5468\u8f6c1\u4e2a\u6708_1509141424',
	 'process': u'100%',
	 'protect_mode': '',
	 'repay_type': u'\u6309\u6708\u5206\u671f',
	 'reward': u'\u672a\u8bbe\u7f6e\u5956\u52b1\u3002',
	 'term': u'1\u4e2a\u6708',
	 'transfer_claim': ''}
2015-09-14 14:31:51+0800 [honglingchuangtou] DEBUG: Crawled (200) <GET https://www.my089.com/Loan/Detail.aspx?sid=15091414250308794136810018498589> (referer: None)
2015-09-14 14:31:51+0800 [honglingchuangtou] DEBUG: Scraped from <200 https://www.my089.com/Loan/Detail.aspx?sid=15091414250308794136810018498589>
	{'amount': u'130,000.00',
	 'area': '',
	 'description': u'\u501f \u6b3e \u8be6 \u60c5\uff1a\u8d44\u91d1\u5468\u8f6c1\u4e2a\u6708_******',
	 'income_rate': u'10.52%/\u5e74',
	 'link': 'https://www.my089.com/Loan/Detail.aspx?sid=15091414250308794136810018498589',
	 'min_amount': u'\uffe550.00 ',
	 'name': u'\u8d44\u91d1\u5468\u8f6c1\u4e2a\u6708_1509141425',
	 'process': u'100%',
	 'protect_mode': '',
	 'repay_type': u'\u6309\u6708\u5206\u671f',
	 'reward': u'\u672a\u8bbe\u7f6e\u5956\u52b1\u3002',
	 'term': u'1\u4e2a\u6708',
	 'transfer_claim': ''}
2015-09-14 14:31:55+0800 [honglingchuangtou] DEBUG: Crawled (200) <GET https://www.my089.com/Loan/Detail.aspx?sid=15091414255279392497140011007673> (referer: None)
2015-09-14 14:31:55+0800 [honglingchuangtou] DEBUG: Scraped from <200 https://www.my089.com/Loan/Detail.aspx?sid=15091414255279392497140011007673>
	{'amount': u'5,000.00',
	 'area': '',
	 'description': u'\u501f \u6b3e \u8be6 \u60c5\uff1a\u8d44\u91d1\u5468\u8f6c1\u4e2a\u6708_******',
	 'income_rate': u'10.01%/\u5e74',
	 'link': 'https://www.my089.com/Loan/Detail.aspx?sid=15091414255279392497140011007673',
	 'min_amount': u'\uffe550.00 ',
	 'name': u'\u8d44\u91d1\u5468\u8f6c1\u4e2a\u6708_1509141425',
	 'process': u'7%',
	 'protect_mode': '',
	 'repay_type': u'\u6309\u6708\u5206\u671f',
	 'reward': u'\u672a\u8bbe\u7f6e\u5956\u52b1\u3002',
	 'term': u'1\u4e2a\u6708',
	 'transfer_claim': ''}
2015-09-14 14:31:59+0800 [honglingchuangtou] DEBUG: Crawled (200) <GET https://www.my089.com/Loan/Detail.aspx?sid=15091414264205591544470019149784> (referer: None)
2015-09-14 14:31:59+0800 [honglingchuangtou] DEBUG: Scraped from <200 https://www.my089.com/Loan/Detail.aspx?sid=15091414264205591544470019149784>
	{'amount': u'20,000.00',
	 'area': '',
	 'description': u'\u501f\u6b3e\u8be6\u60c5\uff1a\u7ad9\u5185\u5173\u8054\u7528\u6237\u540d\uff1a\u8fd8\u6b3e\u4fdd\u969c\uff1a \u51c0\u503c\u989d\u5ea6\u4fdd\u969c \u501f\u6b3e\u8be6\u60c5\uff1a\u7ad9\u5185\u5173\u8054\u7528\u6237\u540d\uff1a\u8fd8\u6b3e\u4fdd\u969c\uff1a \u51c0\u503c\u989d\u5ea6\u4fdd\u969c \u501f\u6b3e\u8be6\u60c5\uff1a\u7ad9\u5185\u5173\u8054\u7528\u6237\u540d\uff1a\u8fd8\u6b3e\u4fdd\u969c\uff1a \u51c0\u503c\u989d\u5ea6\u4fdd\u969c',
	 'income_rate': u'7.3%/\u5e74',
	 'link': 'https://www.my089.com/Loan/Detail.aspx?sid=15091414264205591544470019149784',
	 'min_amount': u'\uffe550.00 ',
	 'name': u'V5\u4fe1\u8a89\u4fdd\u8bc1\uff0c\u5c3d\u65e9\u8fd8\u6b3e\uff0c\u4ece\u672a\u903e\u671f\uff01',
	 'process': u'0%',
	 'protect_mode': '',
	 'repay_type': u'\u4e00\u6b21\u6027\u8fd8\u6b3e',
	 'reward': u'\u672a\u8bbe\u7f6e\u5956\u52b1\u3002',
	 'term': u'5\u5929',
	 'transfer_claim': ''}
2015-09-14 14:32:03+0800 [honglingchuangtou] DEBUG: Crawled (200) <GET https://www.my089.com/Loan/Detail.aspx?sid=15091414255039092008310018669489> (referer: None)
2015-09-14 14:32:03+0800 [honglingchuangtou] DEBUG: Scraped from <200 https://www.my089.com/Loan/Detail.aspx?sid=15091414255039092008310018669489>
	{'amount': u'10,000.00',
	 'area': '',
	 'description': u'\u501f\u6b3e\u8be6\u60c5\uff1a\u7ad9\u5185\u5173\u8054\u7528\u6237\u540d\uff1a\u8fd8\u6b3e\u4fdd\u969c\uff1a \u51c0\u503c\u989d\u5ea6\u4fdd\u969c \u501f\u6b3e\u8be6\u60c5\uff1a\u7ad9\u5185\u5173\u8054\u7528\u6237\u540d\uff1a\u8fd8\u6b3e\u4fdd\u969c\uff1a \u51c0\u503c\u989d\u5ea6\u4fdd\u969c \u501f\u6b3e\u8be6\u60c5\uff1a\u7ad9\u5185\u5173\u8054\u7528\u6237\u540d\uff1a\u8fd8\u6b3e\u4fdd\u969c\uff1a \u51c0\u503c\u989d\u5ea6\u4fdd\u969c',
	 'income_rate': u'7.3%/\u5e74',
	 'link': 'https://www.my089.com/Loan/Detail.aspx?sid=15091414255039092008310018669489',
	 'min_amount': u'\uffe550.00 ',
	 'name': u'\u767d\u5929\u8fd8\u6b3e\uff01\u52e4\u52e4\u6073\u6073\uff01\u62d2\u7edd\u71ac\u591c\uff01',
	 'process': u'0%',
	 'protect_mode': '',
	 'repay_type': u'\u4e00\u6b21\u6027\u8fd8\u6b3e',
	 'reward': u'\u672a\u8bbe\u7f6e\u5956\u52b1\u3002',
	 'term': u'15\u5929',
	 'transfer_claim': ''}
2015-09-14 14:32:07+0800 [honglingchuangtou] DEBUG: Crawled (200) <GET https://www.my089.com/Loan/Detail.aspx?sid=15091414234772191037600015398514> (referer: None)
2015-09-14 14:32:07+0800 [honglingchuangtou] DEBUG: Scraped from <200 https://www.my089.com/Loan/Detail.aspx?sid=15091414234772191037600015398514>
	{'amount': u'20,000.00',
	 'area': '',
	 'description': u'\u501f \u6b3e \u8be6 \u60c5\uff1a\u8d44\u91d1\u5468\u8f6c5\u5929_******',
	 'income_rate': u'7.3%/\u5e74',
	 'link': 'https://www.my089.com/Loan/Detail.aspx?sid=15091414234772191037600015398514',
	 'min_amount': u'\uffe550.00 ',
	 'name': u'\u8d44\u91d1\u5468\u8f6c5\u5929_1509141423',
	 'process': u'0%',
	 'protect_mode': '',
	 'repay_type': u'\u4e00\u6b21\u6027\u8fd8\u6b3e',
	 'reward': u'\u672a\u8bbe\u7f6e\u5956\u52b1\u3002',
	 'term': u'5\u5929',
	 'transfer_claim': ''}
2015-09-14 14:32:11+0800 [honglingchuangtou] DEBUG: Crawled (200) <GET https://www.my089.com/Loan/Detail.aspx?sid=15091414224862394269010019058798> (referer: None)
2015-09-14 14:32:11+0800 [honglingchuangtou] DEBUG: Scraped from <200 https://www.my089.com/Loan/Detail.aspx?sid=15091414224862394269010019058798>
	{'amount': u'5,200.00',
	 'area': '',
	 'description': u'\u53ea\u501f\u4e00\u5929\uff0c\u660e\u5929\u4fdd\u8bc1\u8fd8\u6b3e\uff0c\u770b\u6e05\u695a\u54df\uff0c\u4e00\u5929\u63235\u5929\u5229\u606f\uff0c\u4fe1\u76ca\u4fdd\u8bc1',
	 'income_rate': u'3.65%/\u5e74',
	 'link': 'https://www.my089.com/Loan/Detail.aspx?sid=15091414224862394269010019058798',
	 'min_amount': u'\uffe550.00 ',
	 'name': u'\u53ea\u501f\u4e00\u5929\uff0c\u660e\u5929\u4fdd\u8bc1\u8fd8\u6b3e\uff0c\u770b\u6e05\u695a\u54df\uff0c\u4e00\u5929\u63235\u5929\u5229\u606f',
	 'process': u'0%',
	 'protect_mode': '',
	 'repay_type': u'\u4e00\u6b21\u6027\u8fd8\u6b3e',
	 'reward': u'\u672a\u8bbe\u7f6e\u5956\u52b1\u3002',
	 'term': u'5\u5929',
	 'transfer_claim': ''}
2015-09-14 14:32:15+0800 [honglingchuangtou] DEBUG: Crawled (200) <GET https://www.my089.com/Loan/Detail.aspx?sid=15091414234361191912580012207682> (referer: None)
2015-09-14 14:32:15+0800 [honglingchuangtou] DEBUG: Scraped from <200 https://www.my089.com/Loan/Detail.aspx?sid=15091414234361191912580012207682>
	{'amount': u'20,000.00',
	 'area': '',
	 'description': u'\u501f \u6b3e \u8be6 \u60c5\uff1a\u8d44\u91d1\u5468\u8f6c8\u5929_******',
	 'income_rate': u'7.3%/\u5e74',
	 'link': 'https://www.my089.com/Loan/Detail.aspx?sid=15091414234361191912580012207682',
	 'min_amount': u'\uffe550.00 ',
	 'name': u'\u8d44\u91d1\u5468\u8f6c8\u5929_1509141423',
	 'process': u'0%',
	 'protect_mode': '',
	 'repay_type': u'\u4e00\u6b21\u6027\u8fd8\u6b3e',
	 'reward': u'\u672a\u8bbe\u7f6e\u5956\u52b1\u3002',
	 'term': u'8\u5929',
	 'transfer_claim': ''}
2015-09-14 14:32:18+0800 [honglingchuangtou] DEBUG: Crawled (200) <GET https://www.my089.com/Loan/Detail.aspx?sid=15091414254241996216930011568601> (referer: None)
2015-09-14 14:32:18+0800 [honglingchuangtou] DEBUG: Scraped from <200 https://www.my089.com/Loan/Detail.aspx?sid=15091414254241996216930011568601>
	{'amount': u'10,000.00',
	 'area': '',
	 'description': u'\u501f \u6b3e \u8be6 \u60c5\uff1a\u8d44\u91d1\u5468\u8f6c5\u5929_******',
	 'income_rate': u'7.3%/\u5e74',
	 'link': 'https://www.my089.com/Loan/Detail.aspx?sid=15091414254241996216930011568601',
	 'min_amount': u'\uffe550.00 ',
	 'name': u'\u8d44\u91d1\u5468\u8f6c5\u5929_1509141425',
	 'process': u'12%',
	 'protect_mode': '',
	 'repay_type': u'\u4e00\u6b21\u6027\u8fd8\u6b3e',
	 'reward': u'\u672a\u8bbe\u7f6e\u5956\u52b1\u3002',
	 'term': u'5\u5929',
	 'transfer_claim': ''}
2015-09-14 14:32:22+0800 [honglingchuangtou] DEBUG: Crawled (200) <GET https://www.my089.com/Loan/Detail.aspx?sid=15091414220002791386600016490530> (referer: None)
2015-09-14 14:32:22+0800 [honglingchuangtou] DEBUG: Scraped from <200 https://www.my089.com/Loan/Detail.aspx?sid=15091414220002791386600016490530>
	{'amount': u'30,000.00',
	 'area': '',
	 'description': u'\u501f\u6b3e\u8be6\u60c5\uff1a\u7ad9\u5185\u5173\u8054\u7528\u6237\u540d\uff1a\u8fd8\u6b3e\u4fdd\u969c\uff1a\u7ea6\u4e0b\u53484\u70b9\u534a\u524d\u63d0\u73b0\u524d\u8fd8\u7ea6\u4e0b\u53484\u70b9\u534a\u524d\u63d0\u73b0\u524d\u8fd8\u7ea6\u4e0b\u53484\u70b9\u534a\u524d\u63d0\u73b0\u524d\u8fd8',
	 'income_rate': u'7.3%/\u5e74',
	 'link': 'https://www.my089.com/Loan/Detail.aspx?sid=15091414220002791386600016490530',
	 'min_amount': u'\uffe550.00 ',
	 'name': u'\u7ea6\u4e0b\u53484\u70b9\u534a\u524d\u63d0\u73b0\u524d\u8fd8',
	 'process': u'52%',
	 'protect_mode': '',
	 'repay_type': u'\u4e00\u6b21\u6027\u8fd8\u6b3e',
	 'reward': u'\u672a\u8bbe\u7f6e\u5956\u52b1\u3002',
	 'term': u'9\u5929',
	 'transfer_claim': ''}
2015-09-14 14:32:24+0800 [honglingchuangtou] DEBUG: Crawled (200) <GET https://www.my089.com/Loan/Detail.aspx?sid=15091414241672291463770010599885> (referer: None)
2015-09-14 14:32:24+0800 [honglingchuangtou] DEBUG: Scraped from <200 https://www.my089.com/Loan/Detail.aspx?sid=15091414241672291463770010599885>
	{'amount': u'25,000.00',
	 'area': '',
	 'description': u'\u501f \u6b3e \u8be6 \u60c5\uff1a\u8d44\u91d1\u5468\u8f6c1\u4e2a\u6708_******',
	 'income_rate': u'10.51%/\u5e74',
	 'link': 'https://www.my089.com/Loan/Detail.aspx?sid=15091414241672291463770010599885',
	 'min_amount': u'\uffe550.00 ',
	 'name': u'\u8d44\u91d1\u5468\u8f6c1\u4e2a\u6708_1509141425',
	 'process': u'100%',
	 'protect_mode': '',
	 'repay_type': u'\u6309\u6708\u5206\u671f',
	 'reward': u'\u672a\u8bbe\u7f6e\u5956\u52b1\u3002',
	 'term': u'1\u4e2a\u6708',
	 'transfer_claim': ''}
2015-09-14 14:32:27+0800 [honglingchuangtou] DEBUG: Crawled (200) <GET https://www.my089.com/Loan/Detail.aspx?sid=15091414263114792202520019737757> (referer: None)
2015-09-14 14:32:27+0800 [honglingchuangtou] DEBUG: Scraped from <200 https://www.my089.com/Loan/Detail.aspx?sid=15091414263114792202520019737757>
	{'amount': u'10,000.00',
	 'area': '',
	 'description': u'\u501f \u6b3e \u8be6 \u60c5\uff1a\u8d44\u91d1\u5468\u8f6c1\u4e2a\u6708_******',
	 'income_rate': u'10.35%/\u5e74',
	 'link': 'https://www.my089.com/Loan/Detail.aspx?sid=15091414263114792202520019737757',
	 'min_amount': u'\uffe550.00 ',
	 'name': u'\u8d44\u91d1\u5468\u8f6c1\u4e2a\u6708_1509141426',
	 'process': u'16%',
	 'protect_mode': '',
	 'repay_type': u'\u6309\u6708\u5206\u671f',
	 'reward': u'\u672a\u8bbe\u7f6e\u5956\u52b1\u3002',
	 'term': u'1\u4e2a\u6708',
	 'transfer_claim': ''}
2015-09-14 14:32:31+0800 [honglingchuangtou] DEBUG: Crawled (200) <GET https://www.my089.com/Loan/Detail.aspx?sid=15091414260304693295040018189023> (referer: None)
2015-09-14 14:32:31+0800 [honglingchuangtou] DEBUG: Scraped from <200 https://www.my089.com/Loan/Detail.aspx?sid=15091414260304693295040018189023>
	{'amount': u'6,000.00',
	 'area': '',
	 'description': u'\u501f \u6b3e \u8be6 \u60c5\uff1a\u8d44\u91d1\u5468\u8f6c9\u5929_******',
	 'income_rate': u'7.3%/\u5e74',
	 'link': 'https://www.my089.com/Loan/Detail.aspx?sid=15091414260304693295040018189023',
	 'min_amount': u'\uffe550.00 ',
	 'name': u'\u8d44\u91d1\u5468\u8f6c9\u5929_1509141426',
	 'process': u'3%',
	 'protect_mode': '',
	 'repay_type': u'\u4e00\u6b21\u6027\u8fd8\u6b3e',
	 'reward': u'\u672a\u8bbe\u7f6e\u5956\u52b1\u3002',
	 'term': u'9\u5929',
	 'transfer_claim': ''}
2015-09-14 14:32:34+0800 [honglingchuangtou] DEBUG: Crawled (200) <GET https://www.my089.com/Loan/Detail.aspx?sid=15091414260997691676950010169175> (referer: None)
2015-09-14 14:32:34+0800 [honglingchuangtou] DEBUG: Scraped from <200 https://www.my089.com/Loan/Detail.aspx?sid=15091414260997691676950010169175>
	{'amount': u'5,000.00',
	 'area': '',
	 'description': u'\u501f \u6b3e \u8be6 \u60c5\uff1a\u8d44\u91d1\u5468\u8f6c5\u5929_******',
	 'income_rate': u'7.3%/\u5e74',
	 'link': 'https://www.my089.com/Loan/Detail.aspx?sid=15091414260997691676950010169175',
	 'min_amount': u'\uffe550.00 ',
	 'name': u'\u8d44\u91d1\u5468\u8f6c5\u5929_1509141426',
	 'process': u'0%',
	 'protect_mode': '',
	 'repay_type': u'\u4e00\u6b21\u6027\u8fd8\u6b3e',
	 'reward': u'\u672a\u8bbe\u7f6e\u5956\u52b1\u3002',
	 'term': u'5\u5929',
	 'transfer_claim': ''}
2015-09-14 14:32:35+0800 [honglingchuangtou] INFO: Crawled 49 pages (at 17 pages/min), scraped 49 items (at 17 items/min)
2015-09-14 14:32:37+0800 [honglingchuangtou] DEBUG: Crawled (200) <GET https://www.my089.com/Loan/Detail.aspx?sid=15091414243722492534290016970981> (referer: None)
2015-09-14 14:32:37+0800 [honglingchuangtou] DEBUG: Scraped from <200 https://www.my089.com/Loan/Detail.aspx?sid=15091414243722492534290016970981>
	{'amount': u'30,000.00',
	 'area': '',
	 'description': u'\u501f \u6b3e \u8be6 \u60c5\uff1a\u8d44\u91d1\u5468\u8f6c9\u5929_******',
	 'income_rate': u'7.3%/\u5e74',
	 'link': 'https://www.my089.com/Loan/Detail.aspx?sid=15091414243722492534290016970981',
	 'min_amount': u'\uffe550.00 ',
	 'name': u'\u8d44\u91d1\u5468\u8f6c9\u5929_1509141424',
	 'process': u'100%',
	 'protect_mode': '',
	 'repay_type': u'\u4e00\u6b21\u6027\u8fd8\u6b3e',
	 'reward': u'\u672a\u8bbe\u7f6e\u5956\u52b1\u3002',
	 'term': u'9\u5929',
	 'transfer_claim': ''}
2015-09-14 14:32:41+0800 [honglingchuangtou] DEBUG: Crawled (200) <GET https://www.my089.com/Loan/Detail.aspx?sid=15091414231411192981280017157943> (referer: None)
2015-09-14 14:32:41+0800 [honglingchuangtou] DEBUG: Scraped from <200 https://www.my089.com/Loan/Detail.aspx?sid=15091414231411192981280017157943>
	{'amount': u'4,100.00',
	 'area': '',
	 'description': u'\u501f\u6b3e\u8be6\u60c5\uff1a\u8d44\u91d1\u5468\u8f6c,\u5c0f\u6807\u6613\u6ee1\uff0c\u8c22\u8c22\u652f\u6301\uff01\u5c0f\u6807\u6613\u6ee1\uff0c\u8c22\u8c22\u652f\u6301\uff01\u5c0f\u6807\u6613\u6ee1\uff0c\u8c22\u8c22\u652f\u6301\uff01',
	 'income_rate': u'10.01%/\u5e74',
	 'link': 'https://www.my089.com/Loan/Detail.aspx?sid=15091414231411192981280017157943',
	 'min_amount': u'\uffe550.00 ',
	 'name': u'\u5c0f\u6807\u6613\u6ee1\uff0c\u8c22\u8c22\u652f\u6301\uff01',
	 'process': u'60%',
	 'protect_mode': '',
	 'repay_type': u'\u6309\u6708\u5206\u671f',
	 'reward': u'\u672a\u8bbe\u7f6e\u5956\u52b1\u3002',
	 'term': u'1\u4e2a\u6708',
	 'transfer_claim': ''}
2015-09-14 14:32:43+0800 [honglingchuangtou] DEBUG: Crawled (200) <GET https://www.my089.com/Loan/Detail.aspx?sid=15091414214138491786680016692448> (referer: None)
2015-09-14 14:32:43+0800 [honglingchuangtou] DEBUG: Scraped from <200 https://www.my089.com/Loan/Detail.aspx?sid=15091414214138491786680016692448>
	{'amount': u'30,000.00',
	 'area': '',
	 'description': u'\u501f \u6b3e \u8be6 \u60c5\uff1a\u8d44\u91d1\u5468\u8f6c5\u5929_******\u8fd8 \u6b3e \u65b9 \u5f0f\uff1a\u4e00\u6b21\u6027\u8fd8\u6b3e\u8fd8 \u6b3e \u4fdd \u969c\uff1a\u5e10\u6237\u51c0\u503c\u989d\u5ea6',
	 'income_rate': u'7.3%/\u5e74',
	 'link': 'https://www.my089.com/Loan/Detail.aspx?sid=15091414214138491786680016692448',
	 'min_amount': u'\uffe550.00 ',
	 'name': u'\u767d\u5929\u8fd8\u6b3e\uff0c\u8c22\u8c22\u652f\u6301',
	 'process': u'100%',
	 'protect_mode': '',
	 'repay_type': u'\u4e00\u6b21\u6027\u8fd8\u6b3e',
	 'reward': u'\u672a\u8bbe\u7f6e\u5956\u52b1\u3002',
	 'term': u'5\u5929',
	 'transfer_claim': ''}
2015-09-14 14:32:47+0800 [honglingchuangtou] DEBUG: Crawled (200) <GET https://www.my089.com/Loan/Detail.aspx?sid=15091414252435493352330018931130> (referer: None)
2015-09-14 14:32:47+0800 [honglingchuangtou] DEBUG: Scraped from <200 https://www.my089.com/Loan/Detail.aspx?sid=15091414252435493352330018931130>
	{'amount': u'5,000.00',
	 'area': '',
	 'description': u'\u501f\u6b3e\u8be6\u60c5\uff1a\u7ad9\u5185\u5173\u8054\u7528\u6237\u540d\uff1a\u8fd8\u6b3e\u4fdd\u969c\uff1a \u51c0\u503c\u989d\u5ea6\u4fdd\u969c \u501f\u6b3e\u8be6\u60c5\uff1a\u7ad9\u5185\u5173\u8054\u7528\u6237\u540d\uff1a\u8fd8\u6b3e\u4fdd\u969c\uff1a \u51c0\u503c\u989d\u5ea6\u4fdd\u969c \u501f\u6b3e\u8be6\u60c5\uff1a\u7ad9\u5185\u5173\u8054\u7528\u6237\u540d\uff1a\u8fd8\u6b3e\u4fdd\u969c\uff1a \u51c0\u503c\u989d\u5ea6\u4fdd\u969c',
	 'income_rate': u'3.65%/\u5e74',
	 'link': 'https://www.my089.com/Loan/Detail.aspx?sid=15091414252435493352330018931130',
	 'min_amount': u'\uffe550.00 ',
	 'name': u'\u65e9\u4e0a9\u70b9\u5f00\u501f\uff0c\u6216\u5f53\u5929\u968f\u501f\u968f\u8fd8\uff0c\u4ece\u4e0d\u903e\u671f',
	 'process': u'0%',
	 'protect_mode': '',
	 'repay_type': u'\u4e00\u6b21\u6027\u8fd8\u6b3e',
	 'reward': u'\u672a\u8bbe\u7f6e\u5956\u52b1\u3002',
	 'term': u'5\u5929',
	 'transfer_claim': ''}
2015-09-14 14:32:49+0800 [honglingchuangtou] DEBUG: Crawled (200) <GET https://www.my089.com/Loan/Detail.aspx?sid=15091414260274394605550018250505> (referer: None)
2015-09-14 14:32:49+0800 [honglingchuangtou] DEBUG: Scraped from <200 https://www.my089.com/Loan/Detail.aspx?sid=15091414260274394605550018250505>
	{'amount': u'10,000.00',
	 'area': '',
	 'description': u'\u501f \u6b3e \u8be6 \u60c5\uff1a\u8d44\u91d1\u5468\u8f6c1\u4e2a\u6708_******',
	 'income_rate': u'10.15%/\u5e74',
	 'link': 'https://www.my089.com/Loan/Detail.aspx?sid=15091414260274394605550018250505',
	 'min_amount': u'\uffe550.00 ',
	 'name': u'\u8d44\u91d1\u5468\u8f6c1\u4e2a\u6708_1509141426',
	 'process': u'0%',
	 'protect_mode': '',
	 'repay_type': u'\u6309\u6708\u5206\u671f',
	 'reward': u'\u672a\u8bbe\u7f6e\u5956\u52b1\u3002',
	 'term': u'1\u4e2a\u6708',
	 'transfer_claim': ''}
2015-09-14 14:32:54+0800 [honglingchuangtou] DEBUG: Crawled (200) <GET https://www.my089.com/Loan/Detail.aspx?sid=15091414253153194208050013295904> (referer: None)
2015-09-14 14:32:54+0800 [honglingchuangtou] DEBUG: Scraped from <200 https://www.my089.com/Loan/Detail.aspx?sid=15091414253153194208050013295904>
	{'amount': u'18,300.00',
	 'area': '',
	 'description': u'\u501f\u6b3e\u8be6\u60c5\uff1a\u7ad9\u5185\u5173\u8054\u7528\u6237\u540d\uff1a\u8fd8\u6b3e\u4fdd\u969c\uff1a\u65e9\u501f\u65e9\u8fd8\uff0c\u6700\u8fdf\u4e0d\u8fc7\u4e0b\u53486\u70b9\u65e9\u501f\u65e9\u8fd8\uff0c\u6700\u8fdf\u4e0d\u8fc7\u4e0b\u53486\u70b9\u65e9\u501f\u65e9\u8fd8\uff0c\u6700\u8fdf\u4e0d\u8fc7\u4e0b\u53486\u70b9',
	 'income_rate': u'7.3%/\u5e74',
	 'link': 'https://www.my089.com/Loan/Detail.aspx?sid=15091414253153194208050013295904',
	 'min_amount': u'\uffe550.00 ',
	 'name': u'\u4e0b\u53486\u70b9\u524d\u8fd8',
	 'process': u'100%',
	 'protect_mode': '',
	 'repay_type': u'\u4e00\u6b21\u6027\u8fd8\u6b3e',
	 'reward': u'\u672a\u8bbe\u7f6e\u5956\u52b1\u3002',
	 'term': u'5\u5929',
	 'transfer_claim': ''}
2015-09-14 14:32:57+0800 [honglingchuangtou] DEBUG: Crawled (200) <GET https://www.my089.com/Loan/Detail.aspx?sid=15091414233147793704980014327255> (referer: None)
2015-09-14 14:32:57+0800 [honglingchuangtou] DEBUG: Scraped from <200 https://www.my089.com/Loan/Detail.aspx?sid=15091414233147793704980014327255>
	{'amount': u'30,730.57',
	 'area': '',
	 'description': u'\u501f\u6b3e\u8be6\u60c5\uff1a\u7ad9\u5185\u5173\u8054\u7528\u6237\u540d\uff1a\u8fd8\u6b3e\u4fdd\u969c\uff1a\u597d\u53cb\u7ea6\u6807\uff01\u597d\u53cb\u7ea6\u6807\uff01\u597d\u53cb\u7ea6\u6807\uff01\u597d\u53cb\u7ea6\u6807\uff01\u597d\u53cb\u7ea6\u6807\uff01\u597d\u53cb\u7ea6\u6807\uff01\u597d\u53cb\u7ea6\u6807\uff01\u597d\u53cb\u7ea6\u6807\uff01\u597d\u53cb\u7ea6\u6807\uff01\u597d\u53cb\u7ea6\u6807\uff01\u597d\u53cb\u7ea6\u6807\uff01\u597d\u53cb\u7ea6\u6807\uff01',
	 'income_rate': u'5%/\u5e74',
	 'link': 'https://www.my089.com/Loan/Detail.aspx?sid=15091414233147793704980014327255',
	 'min_amount': u'\uffe550.00 ',
	 'name': u'\u597d\u53cb\u7ea6\u6807\uff01',
	 'process': u'88%',
	 'protect_mode': '',
	 'repay_type': u'\u6309\u6708\u5206\u671f',
	 'reward': u'\u672a\u8bbe\u7f6e\u5956\u52b1\u3002',
	 'term': u'1\u4e2a\u6708',
	 'transfer_claim': ''}
2015-09-14 14:33:02+0800 [honglingchuangtou] DEBUG: Crawled (200) <GET https://www.my089.com/Loan/Detail.aspx?sid=15091414261762890901460010559022> (referer: None)
2015-09-14 14:33:02+0800 [honglingchuangtou] DEBUG: Scraped from <200 https://www.my089.com/Loan/Detail.aspx?sid=15091414261762890901460010559022>
	{'amount': u'7,400.00',
	 'area': '',
	 'description': u'\u501f \u6b3e \u8be6 \u60c5\uff1a\u8d44\u91d1\u5468\u8f6c1\u4e2a\u6708_******',
	 'income_rate': u'10.53%/\u5e74',
	 'link': 'https://www.my089.com/Loan/Detail.aspx?sid=15091414261762890901460010559022',
	 'min_amount': u'\uffe550.00 ',
	 'name': u'\u8d44\u91d1\u5468\u8f6c1\u4e2a\u6708_1509141426',
	 'process': u'100%',
	 'protect_mode': '',
	 'repay_type': u'\u6309\u6708\u5206\u671f',
	 'reward': u'\u672a\u8bbe\u7f6e\u5956\u52b1\u3002',
	 'term': u'1\u4e2a\u6708',
	 'transfer_claim': ''}
2015-09-14 14:33:06+0800 [honglingchuangtou] DEBUG: Crawled (200) <GET https://www.my089.com/Loan/Detail.aspx?sid=15091414221958891159240016745867> (referer: None)
2015-09-14 14:33:06+0800 [honglingchuangtou] DEBUG: Scraped from <200 https://www.my089.com/Loan/Detail.aspx?sid=15091414221958891159240016745867>
	{'amount': u'500.00',
	 'area': '',
	 'description': u'\u501f\u6b3e\u8be6\u60c5\uff1a\u8d44\u91d1\u5468\u8f6c,\u4e0a\u5348\u5fc5\u8fd8\uff0cV5\u4fe1\u8a89\u65e0\u4ef7\u4e0a\u5348\u5fc5\u8fd8\uff0cV5\u4fe1\u8a89\u65e0\u4ef7\u4e0a\u5348\u5fc5\u8fd8\uff0cV5\u4fe1\u8a89\u65e0\u4ef7',
	 'income_rate': u'3.65%/\u5e74',
	 'link': 'https://www.my089.com/Loan/Detail.aspx?sid=15091414221958891159240016745867',
	 'min_amount': u'\uffe550.00 ',
	 'name': u'\u4e0a\u5348\u5fc5\u8fd8\uff0cV5\u4fe1\u8a89\u65e0\u4ef7',
	 'process': u'0%',
	 'protect_mode': '',
	 'repay_type': u'\u4e00\u6b21\u6027\u8fd8\u6b3e',
	 'reward': u'\u672a\u8bbe\u7f6e\u5956\u52b1\u3002',
	 'term': u'5\u5929',
	 'transfer_claim': ''}
2015-09-14 14:33:09+0800 [honglingchuangtou] DEBUG: Crawled (200) <GET https://www.my089.com/Loan/Detail.aspx?sid=15091414241890592293780012852251> (referer: None)
2015-09-14 14:33:09+0800 [honglingchuangtou] DEBUG: Scraped from <200 https://www.my089.com/Loan/Detail.aspx?sid=15091414241890592293780012852251>
	{'amount': u'500.00',
	 'area': '',
	 'description': u'\u501f\u6b3e\u8be6\u60c5\uff1a\u8d44\u91d1\u5468\u8f6c,\u4e0a\u5348\u5fc5\u8fd8\uff0cV5\u4fe1\u8a89\u65e0\u4ef7\u4e0a\u5348\u5fc5\u8fd8\uff0cV5\u4fe1\u8a89\u65e0\u4ef7\u4e0a\u5348\u5fc5\u8fd8\uff0cV5\u4fe1\u8a89\u65e0\u4ef7',
	 'income_rate': u'3.65%/\u5e74',
	 'link': 'https://www.my089.com/Loan/Detail.aspx?sid=15091414241890592293780012852251',
	 'min_amount': u'\uffe550.00 ',
	 'name': u'\u4e0a\u5348\u5fc5\u8fd8\uff0cV5\u4fe1\u8a89\u65e0\u4ef7',
	 'process': u'0%',
	 'protect_mode': '',
	 'repay_type': u'\u4e00\u6b21\u6027\u8fd8\u6b3e',
	 'reward': u'\u672a\u8bbe\u7f6e\u5956\u52b1\u3002',
	 'term': u'5\u5929',
	 'transfer_claim': ''}
2015-09-14 14:33:13+0800 [honglingchuangtou] DEBUG: Crawled (200) <GET https://www.my089.com/Loan/Detail.aspx?sid=15091414250223291055040018155279> (referer: None)
2015-09-14 14:33:13+0800 [honglingchuangtou] DEBUG: Scraped from <200 https://www.my089.com/Loan/Detail.aspx?sid=15091414250223291055040018155279>
	{'amount': u'20,000.00',
	 'area': '',
	 'description': u'\u501f \u6b3e \u8be6 \u60c5\uff1a\u8d44\u91d1\u5468\u8f6c7\u5929_******',
	 'income_rate': u'7.3%/\u5e74',
	 'link': 'https://www.my089.com/Loan/Detail.aspx?sid=15091414250223291055040018155279',
	 'min_amount': u'\uffe550.00 ',
	 'name': u'\u8d44\u91d1\u5468\u8f6c7\u5929_1509141425',
	 'process': u'0%',
	 'protect_mode': '',
	 'repay_type': u'\u4e00\u6b21\u6027\u8fd8\u6b3e',
	 'reward': u'\u672a\u8bbe\u7f6e\u5956\u52b1\u3002',
	 'term': u'7\u5929',
	 'transfer_claim': ''}
2015-09-14 14:33:13+0800 [honglingchuangtou] INFO: Closing spider (finished)
2015-09-14 14:33:13+0800 [honglingchuangtou] INFO: Dumping Scrapy stats:
	{'downloader/request_bytes': 18188,
	 'downloader/request_count': 60,
	 'downloader/request_method_count/GET': 60,
	 'downloader/response_bytes': 493534,
	 'downloader/response_count': 60,
	 'downloader/response_status_count/200': 60,
	 'finish_reason': 'finished',
	 'finish_time': datetime.datetime(2015, 9, 14, 6, 33, 13, 849688),
	 'item_scraped_count': 60,
	 'log_count/DEBUG': 122,
	 'log_count/INFO': 10,
	 'response_received_count': 60,
	 'scheduler/dequeued': 60,
	 'scheduler/dequeued/memory': 60,
	 'scheduler/enqueued': 60,
	 'scheduler/enqueued/memory': 60,
	 'start_time': datetime.datetime(2015, 9, 14, 6, 29, 35, 305876)}
2015-09-14 14:33:13+0800 [honglingchuangtou] INFO: Spider closed (finished)
<HonglingchuangtouSpider 'honglingchuangtou' at 0x7fb90112b550>
<HonglingchuangtouSpider 'honglingchuangtou' at 0x7fb90112b550>
<HonglingchuangtouSpider 'honglingchuangtou' at 0x7fb90112b550>
<HonglingchuangtouSpider 'honglingchuangtou' at 0x7fb90112b550>
<HonglingchuangtouSpider 'honglingchuangtou' at 0x7fb90112b550>
<HonglingchuangtouSpider 'honglingchuangtou' at 0x7fb90112b550>
<HonglingchuangtouSpider 'honglingchuangtou' at 0x7fb90112b550>
<HonglingchuangtouSpider 'honglingchuangtou' at 0x7fb90112b550>
<HonglingchuangtouSpider 'honglingchuangtou' at 0x7fb90112b550>
<HonglingchuangtouSpider 'honglingchuangtou' at 0x7fb90112b550>
<HonglingchuangtouSpider 'honglingchuangtou' at 0x7fb90112b550>
<HonglingchuangtouSpider 'honglingchuangtou' at 0x7fb90112b550>
<HonglingchuangtouSpider 'honglingchuangtou' at 0x7fb90112b550>
<HonglingchuangtouSpider 'honglingchuangtou' at 0x7fb90112b550>
<HonglingchuangtouSpider 'honglingchuangtou' at 0x7fb90112b550>
<HonglingchuangtouSpider 'honglingchuangtou' at 0x7fb90112b550>
<HonglingchuangtouSpider 'honglingchuangtou' at 0x7fb90112b550>
<HonglingchuangtouSpider 'honglingchuangtou' at 0x7fb90112b550>
<HonglingchuangtouSpider 'honglingchuangtou' at 0x7fb90112b550>
<HonglingchuangtouSpider 'honglingchuangtou' at 0x7fb90112b550>
<HonglingchuangtouSpider 'honglingchuangtou' at 0x7fb90112b550>
<HonglingchuangtouSpider 'honglingchuangtou' at 0x7fb90112b550>
<HonglingchuangtouSpider 'honglingchuangtou' at 0x7fb90112b550>
<HonglingchuangtouSpider 'honglingchuangtou' at 0x7fb90112b550>
<HonglingchuangtouSpider 'honglingchuangtou' at 0x7fb90112b550>
<HonglingchuangtouSpider 'honglingchuangtou' at 0x7fb90112b550>
<HonglingchuangtouSpider 'honglingchuangtou' at 0x7fb90112b550>
<HonglingchuangtouSpider 'honglingchuangtou' at 0x7fb90112b550>
<HonglingchuangtouSpider 'honglingchuangtou' at 0x7fb90112b550>
<HonglingchuangtouSpider 'honglingchuangtou' at 0x7fb90112b550>
<HonglingchuangtouSpider 'honglingchuangtou' at 0x7fb90112b550>
<HonglingchuangtouSpider 'honglingchuangtou' at 0x7fb90112b550>
<HonglingchuangtouSpider 'honglingchuangtou' at 0x7fb90112b550>
<HonglingchuangtouSpider 'honglingchuangtou' at 0x7fb90112b550>
<HonglingchuangtouSpider 'honglingchuangtou' at 0x7fb90112b550>
<HonglingchuangtouSpider 'honglingchuangtou' at 0x7fb90112b550>
<HonglingchuangtouSpider 'honglingchuangtou' at 0x7fb90112b550>
<HonglingchuangtouSpider 'honglingchuangtou' at 0x7fb90112b550>
<HonglingchuangtouSpider 'honglingchuangtou' at 0x7fb90112b550>
<HonglingchuangtouSpider 'honglingchuangtou' at 0x7fb90112b550>
<HonglingchuangtouSpider 'honglingchuangtou' at 0x7fb90112b550>
<HonglingchuangtouSpider 'honglingchuangtou' at 0x7fb90112b550>
<HonglingchuangtouSpider 'honglingchuangtou' at 0x7fb90112b550>
<HonglingchuangtouSpider 'honglingchuangtou' at 0x7fb90112b550>
<HonglingchuangtouSpider 'honglingchuangtou' at 0x7fb90112b550>
<HonglingchuangtouSpider 'honglingchuangtou' at 0x7fb90112b550>
<HonglingchuangtouSpider 'honglingchuangtou' at 0x7fb90112b550>
<HonglingchuangtouSpider 'honglingchuangtou' at 0x7fb90112b550>
<HonglingchuangtouSpider 'honglingchuangtou' at 0x7fb90112b550>
<HonglingchuangtouSpider 'honglingchuangtou' at 0x7fb90112b550>
<HonglingchuangtouSpider 'honglingchuangtou' at 0x7fb90112b550>
<HonglingchuangtouSpider 'honglingchuangtou' at 0x7fb90112b550>
<HonglingchuangtouSpider 'honglingchuangtou' at 0x7fb90112b550>
<HonglingchuangtouSpider 'honglingchuangtou' at 0x7fb90112b550>
<HonglingchuangtouSpider 'honglingchuangtou' at 0x7fb90112b550>
<HonglingchuangtouSpider 'honglingchuangtou' at 0x7fb90112b550>
<HonglingchuangtouSpider 'honglingchuangtou' at 0x7fb90112b550>
<HonglingchuangtouSpider 'honglingchuangtou' at 0x7fb90112b550>
<HonglingchuangtouSpider 'honglingchuangtou' at 0x7fb90112b550>
<HonglingchuangtouSpider 'honglingchuangtou' at 0x7fb90112b550>
2015-09-14 14:33:23 爬取结束-------------honglingchuangtou---------------------------------------
