2015-09-14 14:59:37 开始运行爬虫----------wzdai---------------------------------------
2015-09-14 14:59:40+0800 [scrapy] INFO: Scrapy 0.24.4 started (bot: wzdai)
2015-09-14 14:59:40+0800 [scrapy] INFO: Optional features available: ssl, http11, boto, django
2015-09-14 14:59:40+0800 [scrapy] INFO: Overridden settings: {'NEWSPIDER_MODULE': 'wzdai.spiders', 'SPIDER_MODULES': ['wzdai.spiders'], 'BOT_NAME': 'wzdai'}
2015-09-14 14:59:40+0800 [scrapy] INFO: Enabled extensions: LogStats, TelnetConsole, CloseSpider, WebService, CoreStats, SpiderState
2015-09-14 14:59:40+0800 [scrapy] INFO: Enabled downloader middlewares: HttpAuthMiddleware, DownloadTimeoutMiddleware, UserAgentMiddleware, RetryMiddleware, DefaultHeadersMiddleware, MetaRefreshMiddleware, HttpCompressionMiddleware, RedirectMiddleware, CookiesMiddleware, ChunkedTransferMiddleware, DownloaderStats
2015-09-14 14:59:40+0800 [scrapy] INFO: Enabled spider middlewares: HttpErrorMiddleware, OffsiteMiddleware, RefererMiddleware, UrlLengthMiddleware, DepthMiddleware
2015-09-14 14:59:40+0800 [scrapy] INFO: Enabled item pipelines: WzdaiPipeline
2015-09-14 14:59:40+0800 [wzdai] INFO: Spider opened
2015-09-14 14:59:40+0800 [wzdai] INFO: Crawled 0 pages (at 0 pages/min), scraped 0 items (at 0 items/min)
2015-09-14 14:59:40+0800 [scrapy] DEBUG: Telnet console listening on 127.0.0.1:6024
2015-09-14 14:59:40+0800 [scrapy] DEBUG: Web service listening on 127.0.0.1:6081
2015-09-14 14:59:41+0800 [wzdai] DEBUG: Crawled (200) <GET https://www.wzdai.com/invest/ajaxDetail.html?callback=jQuery1111019497463972268458_1418355470547&id=625204> (referer: None)
2015-09-14 14:59:41+0800 [wzdai] DEBUG: Scraped from <200 https://www.wzdai.com/invest/ajaxDetail.html?callback=jQuery1111019497463972268458_1418355470547&id=625204>
	{'amount': u'136888.00',
	 'area': '',
	 'description': u'\u63d0\u73b0\u524d12\u70b9\u524d\u8fd8,5\u51a0\u4fe1\u7528\u53ca\u65f6\u8fd8\uff01',
	 'income_rate': u'5.18',
	 'link': 'http://invest.wzdai.com/pagers/invest/dpbdetail_625204.html',
	 'min_amount': '',
	 'name': u'\u63d0\u73b0\u524d12\u70b9\u524d\u8fd8,5\u51a0\u4fe1\u7528\u53ca\u65f6\u8fd8\uff01',
	 'process': 2.920372859564023,
	 'protect_mode': '',
	 'repay_type': u'2',
	 'reward': '',
	 'term': u'1day',
	 'transfer_claim': ''}
2015-09-14 14:59:44+0800 [wzdai] DEBUG: Crawled (200) <GET https://www.wzdai.com/invest/ajaxDetail.html?callback=jQuery1111019497463972268458_1418355470547&id=625235> (referer: None)
2015-09-14 14:59:44+0800 [wzdai] DEBUG: Scraped from <200 https://www.wzdai.com/invest/ajaxDetail.html?callback=jQuery1111019497463972268458_1418355470547&id=625235>
	{'amount': u'100000.00',
	 'area': '',
	 'description': u'\u5df2\u52fe14\u70b9\u524d\u8fd8',
	 'income_rate': u'6.16',
	 'link': 'http://invest.wzdai.com/pagers/invest/dpbdetail_625235.html',
	 'min_amount': '',
	 'name': u'\u5df2\u52fe14\u70b9\u524d\u8fd8',
	 'process': 79.31863,
	 'protect_mode': '',
	 'repay_type': u'2',
	 'reward': '',
	 'term': u'1day',
	 'transfer_claim': ''}
2015-09-14 14:59:48+0800 [wzdai] DEBUG: Crawled (200) <GET https://www.wzdai.com/invest/ajaxDetail.html?callback=jQuery1111019497463972268458_1418355470547&id=625237> (referer: None)
2015-09-14 14:59:48+0800 [wzdai] DEBUG: Scraped from <200 https://www.wzdai.com/invest/ajaxDetail.html?callback=jQuery1111019497463972268458_1418355470547&id=625237>
	{'amount': u'112222.00',
	 'area': '',
	 'description': u'\u7701\u5fc3\u79ef\u5206\u6708\u6807',
	 'income_rate': u'10.0',
	 'link': 'http://invest.wzdai.com/pagers/invest/dpbdetail_625237.html',
	 'min_amount': '',
	 'name': u'\u7701\u5fc3\u79ef\u5206\u6708\u6807',
	 'process': 28.31619468553403,
	 'protect_mode': '',
	 'repay_type': u'2',
	 'reward': '',
	 'term': u'1month',
	 'transfer_claim': ''}
2015-09-14 14:59:53+0800 [wzdai] DEBUG: Crawled (200) <GET https://www.wzdai.com/invest/ajaxDetail.html?callback=jQuery1111019497463972268458_1418355470547&id=625273> (referer: None)
2015-09-14 14:59:53+0800 [wzdai] DEBUG: Scraped from <200 https://www.wzdai.com/invest/ajaxDetail.html?callback=jQuery1111019497463972268458_1418355470547&id=625273>
	{'amount': u'133588.00',
	 'area': '',
	 'description': u'\u4e54\u4e39\u91d1\u51a0\u738b\u767e\u5206\u4fe1\u8a89\uff0c\u65e9\u8fd8',
	 'income_rate': u'8.38',
	 'link': 'http://invest.wzdai.com/pagers/invest/dpbdetail_625273.html',
	 'min_amount': '',
	 'name': u'\u4e54\u4e39\u91d1\u51a0\u738b\u767e\u5206\u4fe1\u8a89\uff0c\u65e9\u8fd8',
	 'process': 99.98052968829535,
	 'protect_mode': '',
	 'repay_type': u'2',
	 'reward': '',
	 'term': u'3day',
	 'transfer_claim': ''}
2015-09-14 14:59:57+0800 [wzdai] DEBUG: Crawled (200) <GET https://www.wzdai.com/invest/ajaxDetail.html?callback=jQuery1111019497463972268458_1418355470547&id=625079> (referer: None)
2015-09-14 14:59:57+0800 [wzdai] DEBUG: Scraped from <200 https://www.wzdai.com/invest/ajaxDetail.html?callback=jQuery1111019497463972268458_1418355470547&id=625079>
	{'amount': u'106270.00',
	 'area': '',
	 'description': u'\u4e54\u4e39\u597d\u4fe1\u8a89\u5df2\u52fe14\u70b9\u524d\u8fd8\uff0cO\u8fdf\u8fd8\u903e\u671f',
	 'income_rate': u'5.8',
	 'link': 'http://invest.wzdai.com/pagers/invest/dpbdetail_625079.html',
	 'min_amount': '',
	 'name': u'\u4e54\u4e39\u597d\u4fe1\u8a89\u5df2\u52fe14\u70b9\u524d\u8fd8\uff0cO\u8fdf\u8fd8\u903e\u671f',
	 'process': 60.5440669991531,
	 'protect_mode': '',
	 'repay_type': u'2',
	 'reward': '',
	 'term': u'1day',
	 'transfer_claim': ''}
2015-09-14 15:00:01+0800 [wzdai] DEBUG: Crawled (200) <GET https://www.wzdai.com/invest/ajaxDetail.html?callback=jQuery1111019497463972268458_1418355470547&id=625246> (referer: None)
2015-09-14 15:00:01+0800 [wzdai] DEBUG: Scraped from <200 https://www.wzdai.com/invest/ajaxDetail.html?callback=jQuery1111019497463972268458_1418355470547&id=625246>
	{'amount': u'112572.00',
	 'area': '',
	 'description': u'\u4e00\u5929\u5c3d\u65e9\u8fd8\uff0c\u91d1\u724c\u4fe1\u8a89\uff0c\u6295\u7684\u653e\u5fc3\uff01',
	 'income_rate': u'8.12',
	 'link': 'http://invest.wzdai.com/pagers/invest/dpbdetail_625246.html',
	 'min_amount': '',
	 'name': u'\u4e00\u5929\u5c3d\u65e9\u8fd8\uff0c\u91d1\u724c\u4fe1\u8a89\uff0c\u6295\u7684\u653e\u5fc3\uff01',
	 'process': 5.312093593433536,
	 'protect_mode': '',
	 'repay_type': u'2',
	 'reward': '',
	 'term': u'1day',
	 'transfer_claim': ''}
2015-09-14 15:00:03+0800 [wzdai] DEBUG: Crawled (200) <GET https://www.wzdai.com/invest/ajaxDetail.html?callback=jQuery1111019497463972268458_1418355470547&id=624994> (referer: None)
2015-09-14 15:00:03+0800 [wzdai] DEBUG: Scraped from <200 https://www.wzdai.com/invest/ajaxDetail.html?callback=jQuery1111019497463972268458_1418355470547&id=624994>
	{'amount': u'192988.00',
	 'area': '',
	 'description': u'5\u91d1\u51a0\u768430\u5929\u6807\uff0c\u8bda\u4fe1\u65e9\u8fd8\uff0c\u8c22\u8c22',
	 'income_rate': u'9.08',
	 'link': 'http://invest.wzdai.com/pagers/invest/dpbdetail_624994.html',
	 'min_amount': '',
	 'name': u'5\u91d1\u51a0\u768430\u5929\u6807\uff0c\u8bda\u4fe1\u65e9\u8fd8\uff0c\u8c22\u8c22',
	 'process': 51.67459116629013,
	 'protect_mode': '',
	 'repay_type': u'2',
	 'reward': '',
	 'term': u'30day',
	 'transfer_claim': ''}
2015-09-14 15:00:22+0800 [wzdai] DEBUG: Crawled (200) <GET https://www.wzdai.com/invest/ajaxDetail.html?callback=jQuery1111019497463972268458_1418355470547&id=624645> (referer: None)
2015-09-14 15:00:22+0800 [wzdai] DEBUG: Crawled (200) <GET https://www.wzdai.com/invest/ajaxDetail.html?callback=jQuery1111019497463972268458_1418355470547&id=624990> (referer: None)
2015-09-14 15:00:22+0800 [wzdai] DEBUG: Scraped from <200 https://www.wzdai.com/invest/ajaxDetail.html?callback=jQuery1111019497463972268458_1418355470547&id=624645>
	{'amount': u'80800.00',
	 'area': '',
	 'description': u'\u4e2d\u534813\u70b9\u524d\u8fd8\uff0c\u53ea\u65e9\u4e0d\u665a\uff0c\u7701\u65f6\u7701\u5fc3',
	 'income_rate': u'6.06',
	 'link': 'http://invest.wzdai.com/pagers/invest/dpbdetail_624645.html',
	 'min_amount': '',
	 'name': u'\u4e2d\u534813\u70b9\u524d\u8fd8\uff0c\u53ea\u65e9\u4e0d\u665a\uff0c\u7701\u65f6\u7701\u5fc3',
	 'process': 34.83415841584158,
	 'protect_mode': '',
	 'repay_type': u'2',
	 'reward': '',
	 'term': u'5day',
	 'transfer_claim': ''}
2015-09-14 15:00:22+0800 [wzdai] DEBUG: Crawled (200) <GET https://www.wzdai.com/invest/ajaxDetail.html?callback=jQuery1111019497463972268458_1418355470547&id=625282> (referer: None)
2015-09-14 15:00:22+0800 [wzdai] DEBUG: Crawled (200) <GET https://www.wzdai.com/invest/ajaxDetail.html?callback=jQuery1111019497463972268458_1418355470547&id=625259> (referer: None)
2015-09-14 15:00:22+0800 [wzdai] DEBUG: Crawled (200) <GET https://www.wzdai.com/invest/ajaxDetail.html?callback=jQuery1111019497463972268458_1418355470547&id=625144> (referer: None)
2015-09-14 15:00:22+0800 [wzdai] DEBUG: Scraped from <200 https://www.wzdai.com/invest/ajaxDetail.html?callback=jQuery1111019497463972268458_1418355470547&id=624990>
	{'amount': u'112188.00',
	 'area': '',
	 'description': u'20\u5929\u6807\uff0c\u8bda\u4fe1\u65e9\u8fd8\uff0c\u8c22\u8c22',
	 'income_rate': u'9.08',
	 'link': 'http://invest.wzdai.com/pagers/invest/dpbdetail_624990.html',
	 'min_amount': '',
	 'name': u'20\u5929\u6807\uff0c\u8bda\u4fe1\u65e9\u8fd8\uff0c\u8c22\u8c22',
	 'process': 76.68851392305773,
	 'protect_mode': '',
	 'repay_type': u'2',
	 'reward': '',
	 'term': u'20day',
	 'transfer_claim': ''}
2015-09-14 15:00:22+0800 [wzdai] DEBUG: Scraped from <200 https://www.wzdai.com/invest/ajaxDetail.html?callback=jQuery1111019497463972268458_1418355470547&id=625282>
	{'amount': u'120000.00',
	 'area': '',
	 'description': u'\u63d0\u73b0\u524d\u8fd8,5\u91d1\u7687\u51a0,\u96f6\u8fdf\u8fd8\u96f6\u98ce\u9669',
	 'income_rate': u'5.3',
	 'link': 'http://invest.wzdai.com/pagers/invest/dpbdetail_625282.html',
	 'min_amount': '',
	 'name': u'\u63d0\u73b0\u524d\u8fd8,5\u91d1\u7687\u51a0,\u96f6\u8fdf\u8fd8\u96f6\u98ce\u9669',
	 'process': 10.81175,
	 'protect_mode': '',
	 'repay_type': u'2',
	 'reward': '',
	 'term': u'1day',
	 'transfer_claim': ''}
2015-09-14 15:00:22+0800 [wzdai] DEBUG: Scraped from <200 https://www.wzdai.com/invest/ajaxDetail.html?callback=jQuery1111019497463972268458_1418355470547&id=625259>
	{'amount': u'64000.00',
	 'area': '',
	 'description': u'3\u5929\u65e9\u8fd8',
	 'income_rate': u'8.5',
	 'link': 'http://invest.wzdai.com/pagers/invest/dpbdetail_625259.html',
	 'min_amount': '',
	 'name': u'3\u5929\u65e9\u8fd8',
	 'process': 7.812421875,
	 'protect_mode': '',
	 'repay_type': u'2',
	 'reward': '',
	 'term': u'3day',
	 'transfer_claim': ''}
2015-09-14 15:00:22+0800 [wzdai] DEBUG: Scraped from <200 https://www.wzdai.com/invest/ajaxDetail.html?callback=jQuery1111019497463972268458_1418355470547&id=625144>
	{'amount': u'60000.00',
	 'area': '',
	 'description': u'\u56db\u5929\u6700\u9ad8\u606f\u6807',
	 'income_rate': u'8.5',
	 'link': 'http://invest.wzdai.com/pagers/invest/dpbdetail_625144.html',
	 'min_amount': '',
	 'name': u'\u56db\u5929\u6700\u9ad8\u606f\u6807',
	 'process': 21.538166666666665,
	 'protect_mode': '',
	 'repay_type': u'2',
	 'reward': '',
	 'term': u'4day',
	 'transfer_claim': ''}
2015-09-14 15:00:27+0800 [wzdai] DEBUG: Crawled (200) <GET https://www.wzdai.com/invest/ajaxDetail.html?callback=jQuery1111019497463972268458_1418355470547&id=625155> (referer: None)
2015-09-14 15:00:27+0800 [wzdai] DEBUG: Scraped from <200 https://www.wzdai.com/invest/ajaxDetail.html?callback=jQuery1111019497463972268458_1418355470547&id=625155>
	{'amount': u'50000.00',
	 'area': '',
	 'description': u'\u2605\u2605\u2605\u2605\u2605 ',
	 'income_rate': u'8.88',
	 'link': 'http://invest.wzdai.com/pagers/invest/dpbdetail_625155.html',
	 'min_amount': '',
	 'name': u'\u2605\u2605\u2605\u2605\u2605 ',
	 'process': 0.0,
	 'protect_mode': '',
	 'repay_type': u'2',
	 'reward': '',
	 'term': u'17day',
	 'transfer_claim': ''}
2015-09-14 15:00:30+0800 [wzdai] DEBUG: Crawled (200) <GET https://www.wzdai.com/invest/ajaxDetail.html?callback=jQuery1111019497463972268458_1418355470547&id=625050> (referer: None)
2015-09-14 15:00:30+0800 [wzdai] DEBUG: Scraped from <200 https://www.wzdai.com/invest/ajaxDetail.html?callback=jQuery1111019497463972268458_1418355470547&id=625050>
	{'amount': u'75000.00',
	 'area': '',
	 'description': u'\u63d0\u73b0\u524d12\u70b9\u524d\u8fd8,\u5df2\u52fe\u9009\uff01',
	 'income_rate': u'5.18',
	 'link': 'http://invest.wzdai.com/pagers/invest/dpbdetail_625050.html',
	 'min_amount': '',
	 'name': u'\u63d0\u73b0\u524d12\u70b9\u524d\u8fd8,\u5df2\u52fe\u9009\uff01',
	 'process': 16.37104,
	 'protect_mode': '',
	 'repay_type': u'2',
	 'reward': '',
	 'term': u'1day',
	 'transfer_claim': ''}
2015-09-14 15:00:34+0800 [wzdai] DEBUG: Crawled (200) <GET https://www.wzdai.com/invest/ajaxDetail.html?callback=jQuery1111019497463972268458_1418355470547&id=625260> (referer: None)
2015-09-14 15:00:34+0800 [wzdai] DEBUG: Scraped from <200 https://www.wzdai.com/invest/ajaxDetail.html?callback=jQuery1111019497463972268458_1418355470547&id=625260>
	{'amount': u'61500.00',
	 'area': '',
	 'description': u'\u7b49\u4eba\u8fd8\u5e10\uff01\u6211\u4e00\u5411\u65e9\u8fd8\uff01',
	 'income_rate': u'8.08',
	 'link': 'http://invest.wzdai.com/pagers/invest/dpbdetail_625260.html',
	 'min_amount': '',
	 'name': u'\u7b49\u4eba\u8fd8\u5e10\uff01\u6211\u4e00\u5411\u65e9\u8fd8\uff01',
	 'process': 0.0,
	 'protect_mode': '',
	 'repay_type': u'2',
	 'reward': '',
	 'term': u'5day',
	 'transfer_claim': ''}
2015-09-14 15:00:38+0800 [wzdai] DEBUG: Crawled (200) <GET https://www.wzdai.com/invest/ajaxDetail.html?callback=jQuery1111019497463972268458_1418355470547&id=624802> (referer: None)
2015-09-14 15:00:38+0800 [wzdai] DEBUG: Scraped from <200 https://www.wzdai.com/invest/ajaxDetail.html?callback=jQuery1111019497463972268458_1418355470547&id=624802>
	{'amount': u'50100.00',
	 'area': '',
	 'description': u'9\u5929',
	 'income_rate': u'5.1',
	 'link': 'http://invest.wzdai.com/pagers/invest/dpbdetail_624802.html',
	 'min_amount': '',
	 'name': u'9\u5929',
	 'process': 0.0,
	 'protect_mode': '',
	 'repay_type': u'2',
	 'reward': '',
	 'term': u'9day',
	 'transfer_claim': ''}
2015-09-14 15:00:40+0800 [wzdai] INFO: Crawled 16 pages (at 16 pages/min), scraped 16 items (at 16 items/min)
2015-09-14 15:00:42+0800 [wzdai] DEBUG: Crawled (200) <GET https://www.wzdai.com/invest/ajaxDetail.html?callback=jQuery1111019497463972268458_1418355470547&id=624798> (referer: None)
2015-09-14 15:00:42+0800 [wzdai] DEBUG: Scraped from <200 https://www.wzdai.com/invest/ajaxDetail.html?callback=jQuery1111019497463972268458_1418355470547&id=624798>
	{'amount': u'65000.00',
	 'area': '',
	 'description': u'\u77ed\u671f\u5468\u8f6c',
	 'income_rate': u'6.0',
	 'link': 'http://invest.wzdai.com/pagers/invest/dpbdetail_624798.html',
	 'min_amount': '',
	 'name': u'\u77ed\u671f\u5468\u8f6c',
	 'process': 0.1256923076923077,
	 'protect_mode': '',
	 'repay_type': u'2',
	 'reward': '',
	 'term': u'30day',
	 'transfer_claim': ''}
2015-09-14 15:00:46+0800 [wzdai] DEBUG: Crawled (200) <GET https://www.wzdai.com/invest/ajaxDetail.html?callback=jQuery1111019497463972268458_1418355470547&id=625284> (referer: None)
2015-09-14 15:00:46+0800 [wzdai] DEBUG: Scraped from <200 https://www.wzdai.com/invest/ajaxDetail.html?callback=jQuery1111019497463972268458_1418355470547&id=625284>
	{'amount': u'47300.00',
	 'area': '',
	 'description': u'\u4e54\u4e39\u597d\u4fe1\u8a89\u6709\u5b9e\u529b\uff0cO\u8fdf\u8fd8\u903e\u671f',
	 'income_rate': u'7.8',
	 'link': 'http://invest.wzdai.com/pagers/invest/dpbdetail_625284.html',
	 'min_amount': '',
	 'name': u'\u4e54\u4e39\u597d\u4fe1\u8a89\u6709\u5b9e\u529b\uff0cO\u8fdf\u8fd8\u903e\u671f',
	 'process': 0.0,
	 'protect_mode': '',
	 'repay_type': u'2',
	 'reward': '',
	 'term': u'1day',
	 'transfer_claim': ''}
2015-09-14 15:00:51+0800 [wzdai] DEBUG: Crawled (200) <GET https://www.wzdai.com/invest/ajaxDetail.html?callback=jQuery1111019497463972268458_1418355470547&id=625089> (referer: None)
2015-09-14 15:00:51+0800 [wzdai] DEBUG: Scraped from <200 https://www.wzdai.com/invest/ajaxDetail.html?callback=jQuery1111019497463972268458_1418355470547&id=625089>
	{'amount': u'48741.00',
	 'area': '',
	 'description': u'\u9001\u79ef\u5206\u65e9\u8fd8\u8c22\u8c22',
	 'income_rate': u'10.0',
	 'link': 'http://invest.wzdai.com/pagers/invest/dpbdetail_625089.html',
	 'min_amount': '',
	 'name': u'\u9001\u79ef\u5206\u65e9\u8fd8\u8c22\u8c22',
	 'process': 99.75419051722369,
	 'protect_mode': '',
	 'repay_type': u'2',
	 'reward': '',
	 'term': u'1month',
	 'transfer_claim': ''}
2015-09-14 15:00:55+0800 [wzdai] DEBUG: Crawled (200) <GET https://www.wzdai.com/invest/ajaxDetail.html?callback=jQuery1111019497463972268458_1418355470547&id=624191> (referer: None)
2015-09-14 15:00:55+0800 [wzdai] DEBUG: Scraped from <200 https://www.wzdai.com/invest/ajaxDetail.html?callback=jQuery1111019497463972268458_1418355470547&id=624191>
	{'amount': u'60000.00',
	 'area': '',
	 'description': u'\u77ed\u671f\u5b9d',
	 'income_rate': u'8.8',
	 'link': 'http://invest.wzdai.com/pagers/invest/dpbdetail_624191.html',
	 'min_amount': '',
	 'name': u'\u77ed\u671f\u5b9d',
	 'process': 76.49783333333333,
	 'protect_mode': '',
	 'repay_type': u'2',
	 'reward': '',
	 'term': u'18day',
	 'transfer_claim': ''}
2015-09-14 15:00:59+0800 [wzdai] DEBUG: Crawled (200) <GET https://www.wzdai.com/invest/ajaxDetail.html?callback=jQuery1111019497463972268458_1418355470547&id=625182> (referer: None)
2015-09-14 15:00:59+0800 [wzdai] DEBUG: Scraped from <200 https://www.wzdai.com/invest/ajaxDetail.html?callback=jQuery1111019497463972268458_1418355470547&id=625182>
	{'amount': u'42404.00',
	 'area': '',
	 'description': u'25\u5929\u77ed\u671f\uff0c\u4e0a\u5348\u8fd8\uff0c\u5df2\u52fe\u9009',
	 'income_rate': u'6.8',
	 'link': 'http://invest.wzdai.com/pagers/invest/dpbdetail_625182.html',
	 'min_amount': '',
	 'name': u'25\u5929\u77ed\u671f\uff0c\u4e0a\u5348\u8fd8\uff0c\u5df2\u52fe\u9009',
	 'process': 0.0,
	 'protect_mode': '',
	 'repay_type': u'2',
	 'reward': '',
	 'term': u'25day',
	 'transfer_claim': ''}
2015-09-14 15:01:03+0800 [wzdai] DEBUG: Crawled (200) <GET https://www.wzdai.com/invest/ajaxDetail.html?callback=jQuery1111019497463972268458_1418355470547&id=625152> (referer: None)
2015-09-14 15:01:03+0800 [wzdai] DEBUG: Scraped from <200 https://www.wzdai.com/invest/ajaxDetail.html?callback=jQuery1111019497463972268458_1418355470547&id=625152>
	{'amount': u'36000.00',
	 'area': '',
	 'description': u'\u65e9\u8fd8',
	 'income_rate': u'9.0',
	 'link': 'http://invest.wzdai.com/pagers/invest/dpbdetail_625152.html',
	 'min_amount': '',
	 'name': u'\u65e9\u8fd8',
	 'process': 17.181666666666665,
	 'protect_mode': '',
	 'repay_type': u'2',
	 'reward': '',
	 'term': u'13day',
	 'transfer_claim': ''}
2015-09-14 15:01:07+0800 [wzdai] DEBUG: Crawled (200) <GET https://www.wzdai.com/invest/ajaxDetail.html?callback=jQuery1111019497463972268458_1418355470547&id=625205> (referer: None)
2015-09-14 15:01:07+0800 [wzdai] DEBUG: Scraped from <200 https://www.wzdai.com/invest/ajaxDetail.html?callback=jQuery1111019497463972268458_1418355470547&id=625205>
	{'amount': u'35000.00',
	 'area': '',
	 'description': u'8\u5929\u9ad8\u606f,\u63d0\u73b0\u524d\u8fd8,\u5df2\u52fe\u9009\uff01',
	 'income_rate': u'8.0',
	 'link': 'http://invest.wzdai.com/pagers/invest/dpbdetail_625205.html',
	 'min_amount': '',
	 'name': u'8\u5929\u9ad8\u606f,\u63d0\u73b0\u524d\u8fd8,\u5df2\u52fe\u9009\uff01',
	 'process': 91.38900000000001,
	 'protect_mode': '',
	 'repay_type': u'2',
	 'reward': '',
	 'term': u'8day',
	 'transfer_claim': ''}
2015-09-14 15:01:11+0800 [wzdai] DEBUG: Crawled (200) <GET https://www.wzdai.com/invest/ajaxDetail.html?callback=jQuery1111019497463972268458_1418355470547&id=625236> (referer: None)
2015-09-14 15:01:11+0800 [wzdai] DEBUG: Scraped from <200 https://www.wzdai.com/invest/ajaxDetail.html?callback=jQuery1111019497463972268458_1418355470547&id=625236>
	{'amount': u'30000.00',
	 'area': '',
	 'description': u'\u63d0\u73b0\u524d\u8fd8,5\u91d1\u7687\u51a0,\u96f6\u8fdf\u8fd8\u96f6\u98ce\u9669',
	 'income_rate': u'5.3',
	 'link': 'http://invest.wzdai.com/pagers/invest/dpbdetail_625236.html',
	 'min_amount': '',
	 'name': u'\u63d0\u73b0\u524d\u8fd8,5\u91d1\u7687\u51a0,\u96f6\u8fdf\u8fd8\u96f6\u98ce\u9669',
	 'process': 0.33333333333333337,
	 'protect_mode': '',
	 'repay_type': u'2',
	 'reward': '',
	 'term': u'1day',
	 'transfer_claim': ''}
2015-09-14 15:01:15+0800 [wzdai] DEBUG: Crawled (200) <GET https://www.wzdai.com/invest/ajaxDetail.html?callback=jQuery1111019497463972268458_1418355470547&id=625181> (referer: None)
2015-09-14 15:01:15+0800 [wzdai] DEBUG: Scraped from <200 https://www.wzdai.com/invest/ajaxDetail.html?callback=jQuery1111019497463972268458_1418355470547&id=625181>
	{'amount': u'36000.00',
	 'area': '',
	 'description': u'\u5468\u4e94\u63d0\u73b0\u524d\u8fd8\u5df2\u52fe\uff0111\u70b9\u524d\u8fd8\uff01\u8c22\u8c22\uff01',
	 'income_rate': u'8.02',
	 'link': 'http://invest.wzdai.com/pagers/invest/dpbdetail_625181.html',
	 'min_amount': '',
	 'name': u'\u5468\u4e94\u63d0\u73b0\u524d\u8fd8\u5df2\u52fe\uff0111\u70b9\u524d\u8fd8\uff01\u8c22\u8c22\uff01',
	 'process': 18.019444444444442,
	 'protect_mode': '',
	 'repay_type': u'2',
	 'reward': '',
	 'term': u'4day',
	 'transfer_claim': ''}
2015-09-14 15:01:17+0800 [wzdai] DEBUG: Crawled (200) <GET https://www.wzdai.com/invest/ajaxDetail.html?callback=jQuery1111019497463972268458_1418355470547&id=625241> (referer: None)
2015-09-14 15:01:17+0800 [wzdai] DEBUG: Scraped from <200 https://www.wzdai.com/invest/ajaxDetail.html?callback=jQuery1111019497463972268458_1418355470547&id=625241>
	{'amount': u'44596.00',
	 'area': '',
	 'description': u'2\u91d1\u51a0\u4fe1\u8a89\uff0c\u8bda\u4fe1\u501f\u6b3e\uff0c\u65e9\u8fd8\uff01',
	 'income_rate': u'8.31',
	 'link': 'http://invest.wzdai.com/pagers/invest/dpbdetail_625241.html',
	 'min_amount': '',
	 'name': u'2\u91d1\u51a0\u4fe1\u8a89\uff0c\u8bda\u4fe1\u501f\u6b3e\uff0c\u65e9\u8fd8\uff01',
	 'process': 0.22423535743115974,
	 'protect_mode': '',
	 'repay_type': u'2',
	 'reward': '',
	 'term': u'7day',
	 'transfer_claim': ''}
2015-09-14 15:01:21+0800 [wzdai] DEBUG: Crawled (200) <GET https://www.wzdai.com/invest/ajaxDetail.html?callback=jQuery1111019497463972268458_1418355470547&id=625279> (referer: None)
2015-09-14 15:01:21+0800 [wzdai] DEBUG: Scraped from <200 https://www.wzdai.com/invest/ajaxDetail.html?callback=jQuery1111019497463972268458_1418355470547&id=625279>
	{'amount': u'35000.00',
	 'area': '',
	 'description': u'4\u5929\u5c0f\u6807\u5c3d\u65e9\u8fd8\uff0c\u8c22\u8c22\u652f\u6301\uff01',
	 'income_rate': u'8.8',
	 'link': 'http://invest.wzdai.com/pagers/invest/dpbdetail_625279.html',
	 'min_amount': '',
	 'name': u'4\u5929\u5c0f\u6807\u5c3d\u65e9\u8fd8\uff0c\u8c22\u8c22\u652f\u6301\uff01',
	 'process': 0.0,
	 'protect_mode': '',
	 'repay_type': u'2',
	 'reward': '',
	 'term': u'4day',
	 'transfer_claim': ''}
2015-09-14 15:01:24+0800 [wzdai] DEBUG: Crawled (200) <GET https://www.wzdai.com/invest/ajaxDetail.html?callback=jQuery1111019497463972268458_1418355470547&id=625283> (referer: None)
2015-09-14 15:01:24+0800 [wzdai] DEBUG: Scraped from <200 https://www.wzdai.com/invest/ajaxDetail.html?callback=jQuery1111019497463972268458_1418355470547&id=625283>
	{'amount': u'32000.00',
	 'area': '',
	 'description': u'25\u5929\u63d0\u73b0\u524d\u8fd8\u5df2\u52fe\uff01\u8c22\u8c22\uff01',
	 'income_rate': u'9.92',
	 'link': 'http://invest.wzdai.com/pagers/invest/dpbdetail_625283.html',
	 'min_amount': '',
	 'name': u'25\u5929\u63d0\u73b0\u524d\u8fd8\u5df2\u52fe\uff01\u8c22\u8c22\uff01',
	 'process': 0.0,
	 'protect_mode': '',
	 'repay_type': u'2',
	 'reward': '',
	 'term': u'25day',
	 'transfer_claim': ''}
2015-09-14 15:01:28+0800 [wzdai] DEBUG: Crawled (200) <GET https://www.wzdai.com/invest/ajaxDetail.html?callback=jQuery1111019497463972268458_1418355470547&id=625249> (referer: None)
2015-09-14 15:01:28+0800 [wzdai] DEBUG: Scraped from <200 https://www.wzdai.com/invest/ajaxDetail.html?callback=jQuery1111019497463972268458_1418355470547&id=625249>
	{'amount': u'30465.00',
	 'area': '',
	 'description': u'\u9ad8\u606f\uff0c\u65e9\u8fd8',
	 'income_rate': u'9.0',
	 'link': 'http://invest.wzdai.com/pagers/invest/dpbdetail_625249.html',
	 'min_amount': '',
	 'name': u'\u9ad8\u606f\uff0c\u65e9\u8fd8',
	 'process': 0.0,
	 'protect_mode': '',
	 'repay_type': u'2',
	 'reward': '',
	 'term': u'20day',
	 'transfer_claim': ''}
2015-09-14 15:01:40+0800 [wzdai] INFO: Crawled 29 pages (at 13 pages/min), scraped 29 items (at 13 items/min)
2015-09-14 15:01:47+0800 [wzdai] DEBUG: Crawled (200) <GET https://www.wzdai.com/invest/ajaxDetail.html?callback=jQuery1111019497463972268458_1418355470547&id=624241> (referer: None)
2015-09-14 15:01:47+0800 [wzdai] DEBUG: Crawled (200) <GET https://www.wzdai.com/invest/ajaxDetail.html?callback=jQuery1111019497463972268458_1418355470547&id=624977> (referer: None)
2015-09-14 15:01:47+0800 [wzdai] DEBUG: Crawled (200) <GET https://www.wzdai.com/invest/ajaxDetail.html?callback=jQuery1111019497463972268458_1418355470547&id=625228> (referer: None)
2015-09-14 15:01:47+0800 [wzdai] DEBUG: Scraped from <200 https://www.wzdai.com/invest/ajaxDetail.html?callback=jQuery1111019497463972268458_1418355470547&id=624241>
	{'amount': u'20000.00',
	 'area': '',
	 'description': u'17\u5929\u5468\u8f6c\u6807\uff0c\u7701\u5fc3\u7701\u529b',
	 'income_rate': u'8.08',
	 'link': 'http://invest.wzdai.com/pagers/invest/dpbdetail_624241.html',
	 'min_amount': '',
	 'name': u'17\u5929\u5468\u8f6c\u6807\uff0c\u7701\u5fc3\u7701\u529b',
	 'process': 0.0,
	 'protect_mode': '',
	 'repay_type': u'2',
	 'reward': '',
	 'term': u'17day',
	 'transfer_claim': ''}
2015-09-14 15:01:47+0800 [wzdai] DEBUG: Crawled (200) <GET https://www.wzdai.com/invest/ajaxDetail.html?callback=jQuery1111019497463972268458_1418355470547&id=625234> (referer: None)
2015-09-14 15:01:47+0800 [wzdai] DEBUG: Crawled (200) <GET https://www.wzdai.com/invest/ajaxDetail.html?callback=jQuery1111019497463972268458_1418355470547&id=625253> (referer: None)
2015-09-14 15:01:47+0800 [wzdai] DEBUG: Scraped from <200 https://www.wzdai.com/invest/ajaxDetail.html?callback=jQuery1111019497463972268458_1418355470547&id=624977>
	{'amount': u'28000.00',
	 'area': '',
	 'description': u'qq 121778376',
	 'income_rate': u'9.5',
	 'link': 'http://invest.wzdai.com/pagers/invest/dpbdetail_624977.html',
	 'min_amount': '',
	 'name': u'qq 121778376',
	 'process': 7.864607142857144,
	 'protect_mode': '',
	 'repay_type': u'2',
	 'reward': '',
	 'term': u'40day',
	 'transfer_claim': ''}
2015-09-14 15:01:47+0800 [wzdai] DEBUG: Scraped from <200 https://www.wzdai.com/invest/ajaxDetail.html?callback=jQuery1111019497463972268458_1418355470547&id=625228>
	{'amount': u'25870.00',
	 'area': '',
	 'description': u'\u63d0\u73b0\u524d12\u70b9\u8fd8\uff0c\u65e0\u903e\u671f\u65e0\u8fdf\u8fd8\uff0c\u6ee1\u5206\u4fe1\u8a89',
	 'income_rate': u'5.12',
	 'link': 'http://invest.wzdai.com/pagers/invest/dpbdetail_625228.html',
	 'min_amount': '',
	 'name': u'\u63d0\u73b0\u524d12\u70b9\u8fd8\uff0c\u65e0\u903e\u671f\u65e0\u8fdf\u8fd8\uff0c\u6ee1\u5206\u4fe1\u8a89',
	 'process': 86.97325086973328,
	 'protect_mode': '',
	 'repay_type': u'2',
	 'reward': '',
	 'term': u'1day',
	 'transfer_claim': ''}
2015-09-14 15:01:47+0800 [wzdai] DEBUG: Scraped from <200 https://www.wzdai.com/invest/ajaxDetail.html?callback=jQuery1111019497463972268458_1418355470547&id=625234>
	{'amount': u'28000.00',
	 'area': '',
	 'description': u'\u63d0\u73b0\u524d2\u70b9\u8fd8\uff0c\u4e00\u822c\u66f4\u65e9\uff0c\u8c22\u8c22\u652f\u6301\uff01\uff01',
	 'income_rate': u'8.02',
	 'link': 'http://invest.wzdai.com/pagers/invest/dpbdetail_625234.html',
	 'min_amount': '',
	 'name': u'\u63d0\u73b0\u524d2\u70b9\u8fd8\uff0c\u4e00\u822c\u66f4\u65e9\uff0c\u8c22\u8c22\u652f\u6301\uff01\uff01',
	 'process': 12.33432142857143,
	 'protect_mode': '',
	 'repay_type': u'2',
	 'reward': '',
	 'term': u'3day',
	 'transfer_claim': ''}
2015-09-14 15:01:47+0800 [wzdai] DEBUG: Scraped from <200 https://www.wzdai.com/invest/ajaxDetail.html?callback=jQuery1111019497463972268458_1418355470547&id=625253>
	{'amount': u'23000.00',
	 'area': '',
	 'description': u'\u4fe1\u8a89\u597d\uff0c\u63d0\u73b0\u524d\u8fd8\u6b3e',
	 'income_rate': u'7.0',
	 'link': 'http://invest.wzdai.com/pagers/invest/dpbdetail_625253.html',
	 'min_amount': '',
	 'name': u'\u4fe1\u8a89\u597d\uff0c\u63d0\u73b0\u524d\u8fd8\u6b3e',
	 'process': 0.0,
	 'protect_mode': '',
	 'repay_type': u'2',
	 'reward': '',
	 'term': u'10day',
	 'transfer_claim': ''}
2015-09-14 15:01:53+0800 [wzdai] DEBUG: Crawled (200) <GET https://www.wzdai.com/invest/ajaxDetail.html?callback=jQuery1111019497463972268458_1418355470547&id=625092> (referer: None)
2015-09-14 15:01:53+0800 [wzdai] DEBUG: Crawled (200) <GET https://www.wzdai.com/invest/ajaxDetail.html?callback=jQuery1111019497463972268458_1418355470547&id=625172> (referer: None)
2015-09-14 15:01:53+0800 [wzdai] DEBUG: Scraped from <200 https://www.wzdai.com/invest/ajaxDetail.html?callback=jQuery1111019497463972268458_1418355470547&id=625092>
	{'amount': u'20678.00',
	 'area': '',
	 'description': u'\u514d\u8d39\u63d0\u73b0\u6807\u8c22\u8c22',
	 'income_rate': u'9.77',
	 'link': 'http://invest.wzdai.com/pagers/invest/dpbdetail_625092.html',
	 'min_amount': '',
	 'name': u'\u514d\u8d39\u63d0\u73b0\u6807\u8c22\u8c22',
	 'process': 99.81976013154078,
	 'protect_mode': '',
	 'repay_type': u'2',
	 'reward': '',
	 'term': u'25day',
	 'transfer_claim': ''}
2015-09-14 15:01:53+0800 [wzdai] DEBUG: Scraped from <200 https://www.wzdai.com/invest/ajaxDetail.html?callback=jQuery1111019497463972268458_1418355470547&id=625172>
	{'amount': u'20000.00',
	 'area': '',
	 'description': u'\u529b\u6807\u56de\u6b3e\uff0c12\u70b9\u524d\u8fd8\uff0c\u8bda\u4fe1\u5df2\u52fe\uff01',
	 'income_rate': u'5.0',
	 'link': 'http://invest.wzdai.com/pagers/invest/dpbdetail_625172.html',
	 'min_amount': '',
	 'name': u'\u529b\u6807\u56de\u6b3e\uff0c12\u70b9\u524d\u8fd8\uff0c\u8bda\u4fe1\u5df2\u52fe\uff01',
	 'process': 0.5,
	 'protect_mode': '',
	 'repay_type': u'2',
	 'reward': '',
	 'term': u'5day',
	 'transfer_claim': ''}
2015-09-14 15:01:57+0800 [wzdai] DEBUG: Crawled (200) <GET https://www.wzdai.com/invest/ajaxDetail.html?callback=jQuery1111019497463972268458_1418355470547&id=625245> (referer: None)
2015-09-14 15:01:57+0800 [wzdai] DEBUG: Scraped from <200 https://www.wzdai.com/invest/ajaxDetail.html?callback=jQuery1111019497463972268458_1418355470547&id=625245>
	{'amount': u'20000.00',
	 'area': '',
	 'description': u'\u8d44\u91d1\u5468\u8f6c',
	 'income_rate': u'7.0',
	 'link': 'http://invest.wzdai.com/pagers/invest/dpbdetail_625245.html',
	 'min_amount': '',
	 'name': u'\u8d44\u91d1\u5468\u8f6c',
	 'process': 0.0,
	 'protect_mode': '',
	 'repay_type': u'2',
	 'reward': '',
	 'term': u'3day',
	 'transfer_claim': ''}
2015-09-14 15:02:01+0800 [wzdai] DEBUG: Crawled (200) <GET https://www.wzdai.com/invest/ajaxDetail.html?callback=jQuery1111019497463972268458_1418355470547&id=624591> (referer: None)
2015-09-14 15:02:01+0800 [wzdai] DEBUG: Scraped from <200 https://www.wzdai.com/invest/ajaxDetail.html?callback=jQuery1111019497463972268458_1418355470547&id=624591>
	{'amount': u'20000.00',
	 'area': '',
	 'description': u'\u63d0\u73b0\u524d\u5df2\u52fe\uff0c\u4e0a\u5348\u5b98\u6807\u56de\u6b3e\u5373\u8fd8',
	 'income_rate': u'8.01',
	 'link': 'http://invest.wzdai.com/pagers/invest/dpbdetail_624591.html',
	 'min_amount': '',
	 'name': u'\u63d0\u73b0\u524d\u5df2\u52fe\uff0c\u4e0a\u5348\u5b98\u6807\u56de\u6b3e\u5373\u8fd8',
	 'process': 0.0,
	 'protect_mode': '',
	 'repay_type': u'2',
	 'reward': '',
	 'term': u'13day',
	 'transfer_claim': ''}
2015-09-14 15:02:04+0800 [wzdai] DEBUG: Crawled (200) <GET https://www.wzdai.com/invest/ajaxDetail.html?callback=jQuery1111019497463972268458_1418355470547&id=625280> (referer: None)
2015-09-14 15:02:04+0800 [wzdai] DEBUG: Scraped from <200 https://www.wzdai.com/invest/ajaxDetail.html?callback=jQuery1111019497463972268458_1418355470547&id=625280>
	{'amount': u'21000.00',
	 'area': '',
	 'description': u'999999999',
	 'income_rate': u'8.01',
	 'link': 'http://invest.wzdai.com/pagers/invest/dpbdetail_625280.html',
	 'min_amount': '',
	 'name': u'999999999',
	 'process': 0.0,
	 'protect_mode': '',
	 'repay_type': u'2',
	 'reward': '',
	 'term': u'8day',
	 'transfer_claim': ''}
2015-09-14 15:02:07+0800 [wzdai] DEBUG: Crawled (200) <GET https://www.wzdai.com/invest/ajaxDetail.html?callback=jQuery1111019497463972268458_1418355470547&id=625285> (referer: None)
2015-09-14 15:02:07+0800 [wzdai] DEBUG: Scraped from <200 https://www.wzdai.com/invest/ajaxDetail.html?callback=jQuery1111019497463972268458_1418355470547&id=625285>
	{'amount': u'20100.00',
	 'area': '',
	 'description': u'1111',
	 'income_rate': u'6.1',
	 'link': 'http://invest.wzdai.com/pagers/invest/dpbdetail_625285.html',
	 'min_amount': '',
	 'name': u'1111',
	 'process': 0.0,
	 'protect_mode': '',
	 'repay_type': u'2',
	 'reward': '',
	 'term': u'1day',
	 'transfer_claim': ''}
2015-09-14 15:02:10+0800 [wzdai] DEBUG: Crawled (200) <GET https://www.wzdai.com/invest/ajaxDetail.html?callback=jQuery1111019497463972268458_1418355470547&id=625200> (referer: None)
2015-09-14 15:02:10+0800 [wzdai] DEBUG: Scraped from <200 https://www.wzdai.com/invest/ajaxDetail.html?callback=jQuery1111019497463972268458_1418355470547&id=625200>
	{'amount': u'13000.00',
	 'area': '',
	 'description': u'\u8c22\u8c22\u652f\u6301914',
	 'income_rate': u'9.5',
	 'link': 'http://invest.wzdai.com/pagers/invest/dpbdetail_625200.html',
	 'min_amount': '',
	 'name': u'\u8c22\u8c22\u652f\u6301914',
	 'process': 0.0,
	 'protect_mode': '',
	 'repay_type': u'2',
	 'reward': '',
	 'term': u'20day',
	 'transfer_claim': ''}
2015-09-14 15:02:13+0800 [wzdai] DEBUG: Crawled (200) <GET https://www.wzdai.com/invest/ajaxDetail.html?callback=jQuery1111019497463972268458_1418355470547&id=625150> (referer: None)
2015-09-14 15:02:13+0800 [wzdai] DEBUG: Scraped from <200 https://www.wzdai.com/invest/ajaxDetail.html?callback=jQuery1111019497463972268458_1418355470547&id=625150>
	{'amount': u'13000.00',
	 'area': '',
	 'description': u'15\u5929 8.5 \u524d\u4e00\u5929\u665a\u4e0a\u8fd8\u6b3e \u63d0\u73b0\u524d\u8fd8\u6b3e \u4fe1\u8a89\u65e0\u903e\u671f',
	 'income_rate': u'8.5',
	 'link': 'http://invest.wzdai.com/pagers/invest/dpbdetail_625150.html',
	 'min_amount': '',
	 'name': u'15\u5929 8.5 \u524d\u4e00\u5929\u665a\u4e0a\u8fd8\u6b3e \u63d0\u73b0\u524d\u8fd8\u6b3e \u4fe1\u8a89\u65e0\u903e\u671f',
	 'process': 0.7692307692307693,
	 'protect_mode': '',
	 'repay_type': u'2',
	 'reward': '',
	 'term': u'15day',
	 'transfer_claim': ''}
2015-09-14 15:02:17+0800 [wzdai] DEBUG: Crawled (200) <GET https://www.wzdai.com/invest/ajaxDetail.html?callback=jQuery1111019497463972268458_1418355470547&id=625143> (referer: None)
2015-09-14 15:02:17+0800 [wzdai] DEBUG: Scraped from <200 https://www.wzdai.com/invest/ajaxDetail.html?callback=jQuery1111019497463972268458_1418355470547&id=625143>
	{'amount': u'18000.00',
	 'area': '',
	 'description': u'\u5c0f\u989d\u5468\u8f6c\u4e0b',
	 'income_rate': u'9.88',
	 'link': 'http://invest.wzdai.com/pagers/invest/dpbdetail_625143.html',
	 'min_amount': '',
	 'name': u'\u5c0f\u989d\u5468\u8f6c\u4e0b',
	 'process': 0.0,
	 'protect_mode': '',
	 'repay_type': u'2',
	 'reward': '',
	 'term': u'30day',
	 'transfer_claim': ''}
2015-09-14 15:02:20+0800 [wzdai] DEBUG: Crawled (200) <GET https://www.wzdai.com/invest/ajaxDetail.html?callback=jQuery1111019497463972268458_1418355470547&id=625238> (referer: None)
2015-09-14 15:02:20+0800 [wzdai] DEBUG: Scraped from <200 https://www.wzdai.com/invest/ajaxDetail.html?callback=jQuery1111019497463972268458_1418355470547&id=625238>
	{'amount': u'13200.00',
	 'area': '',
	 'description': u'6\u5929\u5168\u7f51\u6700\u9ad8\u5229\u606f\u6807\uff01',
	 'income_rate': u'9.0',
	 'link': 'http://invest.wzdai.com/pagers/invest/dpbdetail_625238.html',
	 'min_amount': '',
	 'name': u'6\u5929\u5168\u7f51\u6700\u9ad8\u5229\u606f\u6807\uff01',
	 'process': 41.628787878787875,
	 'protect_mode': '',
	 'repay_type': u'2',
	 'reward': '',
	 'term': u'6day',
	 'transfer_claim': ''}
2015-09-14 15:02:22+0800 [wzdai] DEBUG: Crawled (200) <GET https://www.wzdai.com/invest/ajaxDetail.html?callback=jQuery1111019497463972268458_1418355470547&id=625048> (referer: None)
2015-09-14 15:02:22+0800 [wzdai] DEBUG: Scraped from <200 https://www.wzdai.com/invest/ajaxDetail.html?callback=jQuery1111019497463972268458_1418355470547&id=625048>
	{'amount': u'14300.00',
	 'area': '',
	 'description': u'\u529b\u6807\u56de\u6b3e12\u70b9\u524d\u8fd8\uff0c\u9ad8\u4fe1\u8a89\u6709\u6c9f\u6c9f\uff01',
	 'income_rate': u'6.0',
	 'link': 'http://invest.wzdai.com/pagers/invest/dpbdetail_625048.html',
	 'min_amount': '',
	 'name': u'\u529b\u6807\u56de\u6b3e12\u70b9\u524d\u8fd8\uff0c\u9ad8\u4fe1\u8a89\u6709\u6c9f\u6c9f\uff01',
	 'process': 0.0,
	 'protect_mode': '',
	 'repay_type': u'2',
	 'reward': '',
	 'term': u'3day',
	 'transfer_claim': ''}
2015-09-14 15:02:26+0800 [wzdai] DEBUG: Crawled (200) <GET https://www.wzdai.com/invest/ajaxDetail.html?callback=jQuery1111019497463972268458_1418355470547&id=625194> (referer: None)
2015-09-14 15:02:26+0800 [wzdai] DEBUG: Scraped from <200 https://www.wzdai.com/invest/ajaxDetail.html?callback=jQuery1111019497463972268458_1418355470547&id=625194>
	{'amount': u'13000.00',
	 'area': '',
	 'description': u'13\u5929\u5168\u7f51\u6700\u9ad8\u606f\uff01',
	 'income_rate': u'9.0',
	 'link': 'http://invest.wzdai.com/pagers/invest/dpbdetail_625194.html',
	 'min_amount': '',
	 'name': u'13\u5929\u5168\u7f51\u6700\u9ad8\u606f\uff01',
	 'process': 0.0,
	 'protect_mode': '',
	 'repay_type': u'2',
	 'reward': '',
	 'term': u'13day',
	 'transfer_claim': ''}
2015-09-14 15:02:30+0800 [wzdai] DEBUG: Crawled (200) <GET https://www.wzdai.com/invest/ajaxDetail.html?callback=jQuery1111019497463972268458_1418355470547&id=624995> (referer: None)
2015-09-14 15:02:30+0800 [wzdai] DEBUG: Scraped from <200 https://www.wzdai.com/invest/ajaxDetail.html?callback=jQuery1111019497463972268458_1418355470547&id=624995>
	{'amount': u'12888.00',
	 'area': '',
	 'description': u'4\u5929\uff0c\u65e9\u8fd8\uff0c\u8bda\u4fe1\u5c0f\u6807~',
	 'income_rate': u'6.58',
	 'link': 'http://invest.wzdai.com/pagers/invest/dpbdetail_624995.html',
	 'min_amount': '',
	 'name': u'4\u5929\uff0c\u65e9\u8fd8\uff0c\u8bda\u4fe1\u5c0f\u6807~',
	 'process': 0.0,
	 'protect_mode': '',
	 'repay_type': u'2',
	 'reward': '',
	 'term': u'4day',
	 'transfer_claim': ''}
2015-09-14 15:02:33+0800 [wzdai] DEBUG: Crawled (200) <GET https://www.wzdai.com/invest/ajaxDetail.html?callback=jQuery1111019497463972268458_1418355470547&id=625016> (referer: None)
2015-09-14 15:02:33+0800 [wzdai] DEBUG: Scraped from <200 https://www.wzdai.com/invest/ajaxDetail.html?callback=jQuery1111019497463972268458_1418355470547&id=625016>
	{'amount': u'15000.00',
	 'area': '',
	 'description': u'\u65e9\u8fd8',
	 'income_rate': u'6.0',
	 'link': 'http://invest.wzdai.com/pagers/invest/dpbdetail_625016.html',
	 'min_amount': '',
	 'name': u'\u65e9\u8fd8',
	 'process': 0.6666666666666667,
	 'protect_mode': '',
	 'repay_type': u'2',
	 'reward': '',
	 'term': u'3day',
	 'transfer_claim': ''}
2015-09-14 15:02:36+0800 [wzdai] DEBUG: Crawled (200) <GET https://www.wzdai.com/invest/ajaxDetail.html?callback=jQuery1111019497463972268458_1418355470547&id=625064> (referer: None)
2015-09-14 15:02:36+0800 [wzdai] DEBUG: Scraped from <200 https://www.wzdai.com/invest/ajaxDetail.html?callback=jQuery1111019497463972268458_1418355470547&id=625064>
	{'amount': u'10000.00',
	 'area': '',
	 'description': u'\u7ad9\u5185\u5468\u8f6c \u8c22\u8c22\u652f\u6301',
	 'income_rate': u'6.88',
	 'link': 'http://invest.wzdai.com/pagers/invest/dpbdetail_625064.html',
	 'min_amount': '',
	 'name': u'\u7ad9\u5185\u5468\u8f6c \u8c22\u8c22\u652f\u6301',
	 'process': 0.0,
	 'protect_mode': '',
	 'repay_type': u'2',
	 'reward': '',
	 'term': u'2day',
	 'transfer_claim': ''}
2015-09-14 15:02:40+0800 [wzdai] DEBUG: Crawled (200) <GET https://www.wzdai.com/invest/ajaxDetail.html?callback=jQuery1111019497463972268458_1418355470547&id=625286> (referer: None)
2015-09-14 15:02:40+0800 [wzdai] DEBUG: Scraped from <200 https://www.wzdai.com/invest/ajaxDetail.html?callback=jQuery1111019497463972268458_1418355470547&id=625286>
	{'amount': u'14000.00',
	 'area': '',
	 'description': u'yitian ',
	 'income_rate': u'12.0',
	 'link': 'http://invest.wzdai.com/pagers/invest/dpbdetail_625286.html',
	 'min_amount': '',
	 'name': u'yitian ',
	 'process': 80.0,
	 'protect_mode': '',
	 'repay_type': u'2',
	 'reward': '',
	 'term': u'1day',
	 'transfer_claim': ''}
2015-09-14 15:02:40+0800 [wzdai] INFO: Crawled 50 pages (at 21 pages/min), scraped 50 items (at 21 items/min)
2015-09-14 15:02:43+0800 [wzdai] DEBUG: Crawled (200) <GET https://www.wzdai.com/invest/ajaxDetail.html?callback=jQuery1111019497463972268458_1418355470547&id=625059> (referer: None)
2015-09-14 15:02:43+0800 [wzdai] DEBUG: Scraped from <200 https://www.wzdai.com/invest/ajaxDetail.html?callback=jQuery1111019497463972268458_1418355470547&id=625059>
	{'amount': u'5021.00',
	 'area': '',
	 'description': u'2\u5929\u5c0f\u6807',
	 'income_rate': u'8.0',
	 'link': 'http://invest.wzdai.com/pagers/invest/dpbdetail_625059.html',
	 'min_amount': '',
	 'name': u'2\u5929\u5c0f\u6807',
	 'process': 34.875124477195776,
	 'protect_mode': '',
	 'repay_type': u'2',
	 'reward': '',
	 'term': u'2day',
	 'transfer_claim': ''}
2015-09-14 15:02:47+0800 [wzdai] DEBUG: Crawled (200) <GET https://www.wzdai.com/invest/ajaxDetail.html?callback=jQuery1111019497463972268458_1418355470547&id=625103> (referer: None)
2015-09-14 15:02:47+0800 [wzdai] DEBUG: Scraped from <200 https://www.wzdai.com/invest/ajaxDetail.html?callback=jQuery1111019497463972268458_1418355470547&id=625103>
	{'amount': u'6000.00',
	 'area': '',
	 'description': u'\u8d44\u91d1\u5468\u8f6c28\u5929\uff0c\u51c6\u65f6\u8fd8\u6b3e\u3002',
	 'income_rate': u'10.0',
	 'link': 'http://invest.wzdai.com/pagers/invest/dpbdetail_625103.html',
	 'min_amount': '',
	 'name': u'\u8d44\u91d1\u5468\u8f6c28\u5929\uff0c\u51c6\u65f6\u8fd8\u6b3e\u3002',
	 'process': 100.0,
	 'protect_mode': '',
	 'repay_type': u'2',
	 'reward': '',
	 'term': u'28day',
	 'transfer_claim': ''}
2015-09-14 15:02:51+0800 [wzdai] DEBUG: Crawled (200) <GET https://www.wzdai.com/invest/ajaxDetail.html?callback=jQuery1111019497463972268458_1418355470547&id=625190> (referer: None)
2015-09-14 15:02:51+0800 [wzdai] DEBUG: Scraped from <200 https://www.wzdai.com/invest/ajaxDetail.html?callback=jQuery1111019497463972268458_1418355470547&id=625190>
	{'amount': u'5000.00',
	 'area': '',
	 'description': u'12\u70b9\u524d\uff0c\u529b\u6807\u56de\u6b3e\u8fd8\uff01\u5df2\u52fe\uff01',
	 'income_rate': u'7.0',
	 'link': 'http://invest.wzdai.com/pagers/invest/dpbdetail_625190.html',
	 'min_amount': '',
	 'name': u'12\u70b9\u524d\uff0c\u529b\u6807\u56de\u6b3e\u8fd8\uff01\u5df2\u52fe\uff01',
	 'process': 0.0,
	 'protect_mode': '',
	 'repay_type': u'2',
	 'reward': '',
	 'term': u'7day',
	 'transfer_claim': ''}
2015-09-14 15:02:54+0800 [wzdai] DEBUG: Crawled (200) <GET https://www.wzdai.com/invest/ajaxDetail.html?callback=jQuery1111019497463972268458_1418355470547&id=625094> (referer: None)
2015-09-14 15:02:54+0800 [wzdai] DEBUG: Scraped from <200 https://www.wzdai.com/invest/ajaxDetail.html?callback=jQuery1111019497463972268458_1418355470547&id=625094>
	{'amount': u'7000.00',
	 'area': '',
	 'description': u'\u91d1\u724c\u4fe1\u8a89\uff0c\u4ece\u4e0d\u903e\u671f',
	 'income_rate': u'8.08',
	 'link': 'http://invest.wzdai.com/pagers/invest/dpbdetail_625094.html',
	 'min_amount': '',
	 'name': u'\u91d1\u724c\u4fe1\u8a89\uff0c\u4ece\u4e0d\u903e\u671f',
	 'process': 0.0,
	 'protect_mode': '',
	 'repay_type': u'2',
	 'reward': '',
	 'term': u'12day',
	 'transfer_claim': ''}
2015-09-14 15:03:12+0800 [wzdai] DEBUG: Crawled (200) <GET https://www.wzdai.com/invest/ajaxDetail.html?callback=jQuery1111019497463972268458_1418355470547&id=625266> (referer: None)
2015-09-14 15:03:12+0800 [wzdai] DEBUG: Scraped from <200 https://www.wzdai.com/invest/ajaxDetail.html?callback=jQuery1111019497463972268458_1418355470547&id=625266>
	{'amount': u'5000.00',
	 'area': '',
	 'description': u'\u5df2\u52fe\u65e9\u4e0a14\u70b9\u524d\u8fd8\uff0c0\u903e\u671f0\u8fdf\u8fd8\uff01',
	 'income_rate': u'5.55',
	 'link': 'http://invest.wzdai.com/pagers/invest/dpbdetail_625266.html',
	 'min_amount': '',
	 'name': u'\u5df2\u52fe\u65e9\u4e0a14\u70b9\u524d\u8fd8\uff0c0\u903e\u671f0\u8fdf\u8fd8\uff01',
	 'process': 0.0,
	 'protect_mode': '',
	 'repay_type': u'2',
	 'reward': '',
	 'term': u'2day',
	 'transfer_claim': ''}
2015-09-14 15:03:12+0800 [wzdai] DEBUG: Crawled (200) <GET https://www.wzdai.com/invest/ajaxDetail.html?callback=jQuery1111019497463972268458_1418355470547&id=624720> (referer: None)
2015-09-14 15:03:12+0800 [wzdai] DEBUG: Crawled (200) <GET https://www.wzdai.com/invest/ajaxDetail.html?callback=jQuery1111019497463972268458_1418355470547&id=625278> (referer: None)
2015-09-14 15:03:12+0800 [wzdai] DEBUG: Crawled (200) <GET https://www.wzdai.com/invest/ajaxDetail.html?callback=jQuery1111019497463972268458_1418355470547&id=625275> (referer: None)
2015-09-14 15:03:12+0800 [wzdai] DEBUG: Crawled (200) <GET https://www.wzdai.com/invest/ajaxDetail.html?callback=jQuery1111019497463972268458_1418355470547&id=625160> (referer: None)
2015-09-14 15:03:12+0800 [wzdai] DEBUG: Scraped from <200 https://www.wzdai.com/invest/ajaxDetail.html?callback=jQuery1111019497463972268458_1418355470547&id=624720>
	{'amount': u'5000.00',
	 'area': '',
	 'description': u'803\u597d\u8bc4\u5c0f\u5929\u6807',
	 'income_rate': u'8.69',
	 'link': 'http://invest.wzdai.com/pagers/invest/dpbdetail_624720.html',
	 'min_amount': '',
	 'name': u'803\u597d\u8bc4\u5c0f\u5929\u6807',
	 'process': 0.0,
	 'protect_mode': '',
	 'repay_type': u'2',
	 'reward': '',
	 'term': u'40day',
	 'transfer_claim': ''}
2015-09-14 15:03:12+0800 [wzdai] DEBUG: Scraped from <200 https://www.wzdai.com/invest/ajaxDetail.html?callback=jQuery1111019497463972268458_1418355470547&id=625278>
	{'amount': u'5000.00',
	 'area': '',
	 'description': u'\u6708\u6807\u3002\u79ef\u5206\u3002\u65e9\u8fd8\u3002\u4fe1\u8a89\u7b2c\u4e00',
	 'income_rate': u'10.0',
	 'link': 'http://invest.wzdai.com/pagers/invest/dpbdetail_625278.html',
	 'min_amount': '',
	 'name': u'\u6708\u6807\u3002\u79ef\u5206\u3002\u65e9\u8fd8\u3002\u4fe1\u8a89\u7b2c\u4e00',
	 'process': 19.79,
	 'protect_mode': '',
	 'repay_type': u'2',
	 'reward': '',
	 'term': u'1month',
	 'transfer_claim': ''}
2015-09-14 15:03:12+0800 [wzdai] DEBUG: Scraped from <200 https://www.wzdai.com/invest/ajaxDetail.html?callback=jQuery1111019497463972268458_1418355470547&id=625275>
	{'amount': u'8106.00',
	 'area': '',
	 'description': u'15\u5929\uff0c\u9ad8\u4fe1\u8a89\u6c42\u79d2\uff01',
	 'income_rate': u'9.08',
	 'link': 'http://invest.wzdai.com/pagers/invest/dpbdetail_625275.html',
	 'min_amount': '',
	 'name': u'15\u5929\uff0c\u9ad8\u4fe1\u8a89\u6c42\u79d2\uff01',
	 'process': 8.179126572908956,
	 'protect_mode': '',
	 'repay_type': u'2',
	 'reward': '',
	 'term': u'15day',
	 'transfer_claim': ''}
2015-09-14 15:03:12+0800 [wzdai] DEBUG: Scraped from <200 https://www.wzdai.com/invest/ajaxDetail.html?callback=jQuery1111019497463972268458_1418355470547&id=625160>
	{'amount': u'4000.00',
	 'area': '',
	 'description': u'40',
	 'income_rate': u'10.08',
	 'link': 'http://invest.wzdai.com/pagers/invest/dpbdetail_625160.html',
	 'min_amount': '',
	 'name': u'40',
	 'process': 94.8585,
	 'protect_mode': '',
	 'repay_type': u'2',
	 'reward': '',
	 'term': u'40day',
	 'transfer_claim': ''}
2015-09-14 15:03:17+0800 [wzdai] DEBUG: Crawled (200) <GET https://www.wzdai.com/invest/ajaxDetail.html?callback=jQuery1111019497463972268458_1418355470547&id=625281> (referer: None)
2015-09-14 15:03:17+0800 [wzdai] DEBUG: Crawled (200) <GET https://www.wzdai.com/invest/ajaxDetail.html?callback=jQuery1111019497463972268458_1418355470547&id=625075> (referer: None)
2015-09-14 15:03:17+0800 [wzdai] DEBUG: Scraped from <200 https://www.wzdai.com/invest/ajaxDetail.html?callback=jQuery1111019497463972268458_1418355470547&id=625281>
	{'amount': u'9840.00',
	 'area': '',
	 'description': u'1111111111111111',
	 'income_rate': u'6.5',
	 'link': 'http://invest.wzdai.com/pagers/invest/dpbdetail_625281.html',
	 'min_amount': '',
	 'name': u'1111111111111111',
	 'process': 0.0,
	 'protect_mode': '',
	 'repay_type': u'2',
	 'reward': '',
	 'term': u'1day',
	 'transfer_claim': ''}
2015-09-14 15:03:17+0800 [wzdai] DEBUG: Scraped from <200 https://www.wzdai.com/invest/ajaxDetail.html?callback=jQuery1111019497463972268458_1418355470547&id=625075>
	{'amount': u'1000.00',
	 'area': '',
	 'description': u'\u4e0d\u8131\u4e0d\u6b20\uff0c\u5237\u4fe1\u8a89\u3002',
	 'income_rate': u'6.0',
	 'link': 'http://invest.wzdai.com/pagers/invest/dpbdetail_625075.html',
	 'min_amount': '',
	 'name': u'\u4e0d\u8131\u4e0d\u6b20\uff0c\u5237\u4fe1\u8a89\u3002',
	 'process': 0.0,
	 'protect_mode': '',
	 'repay_type': u'2',
	 'reward': '',
	 'term': u'6day',
	 'transfer_claim': ''}
2015-09-14 15:03:21+0800 [wzdai] DEBUG: Crawled (200) <GET https://www.wzdai.com/invest/ajaxDetail.html?callback=jQuery1111019497463972268458_1418355470547&id=625071> (referer: None)
2015-09-14 15:03:21+0800 [wzdai] DEBUG: Scraped from <200 https://www.wzdai.com/invest/ajaxDetail.html?callback=jQuery1111019497463972268458_1418355470547&id=625071>
	{'amount': u'500.00',
	 'area': '',
	 'description': u'\u5c0f\u989d\u5b9d    7\u671f',
	 'income_rate': u'9.08',
	 'link': 'http://invest.wzdai.com/pagers/invest/dpbdetail_625071.html',
	 'min_amount': '',
	 'name': u'\u5c0f\u989d\u5b9d    7\u671f',
	 'process': 20.0,
	 'protect_mode': '',
	 'repay_type': u'2',
	 'reward': '',
	 'term': u'30day',
	 'transfer_claim': ''}
2015-09-14 15:03:25+0800 [wzdai] DEBUG: Crawled (200) <GET https://www.wzdai.com/invest/ajaxDetail.html?callback=jQuery1111019497463972268458_1418355470547&id=625229> (referer: None)
2015-09-14 15:03:25+0800 [wzdai] DEBUG: Scraped from <200 https://www.wzdai.com/invest/ajaxDetail.html?callback=jQuery1111019497463972268458_1418355470547&id=625229>
	{'amount': u'500.00',
	 'area': '',
	 'description': u'12\u70b9\u524d\u8fd8\u534a\u6708\u5b9d',
	 'income_rate': u'8.6',
	 'link': 'http://invest.wzdai.com/pagers/invest/dpbdetail_625229.html',
	 'min_amount': '',
	 'name': u'12\u70b9\u524d\u8fd8\u534a\u6708\u5b9d',
	 'process': 0.0,
	 'protect_mode': '',
	 'repay_type': u'2',
	 'reward': '',
	 'term': u'15day',
	 'transfer_claim': ''}
2015-09-14 15:03:29+0800 [wzdai] DEBUG: Crawled (200) <GET https://www.wzdai.com/invest/ajaxDetail.html?callback=jQuery1111019497463972268458_1418355470547&id=624863> (referer: None)
2015-09-14 15:03:29+0800 [wzdai] DEBUG: Scraped from <200 https://www.wzdai.com/invest/ajaxDetail.html?callback=jQuery1111019497463972268458_1418355470547&id=624863>
	{'amount': u'1820.00',
	 'area': '',
	 'description': u'\u77ed\u671f\u5b9d\u4ece\u65e0\u903e\u671f\u8bb0\u5f55\u63d0\u73b0\u524d',
	 'income_rate': u'5.0',
	 'link': 'http://invest.wzdai.com/pagers/invest/dpbdetail_624863.html',
	 'min_amount': '',
	 'name': u'\u77ed\u671f\u5b9d\u4ece\u65e0\u903e\u671f\u8bb0\u5f55\u63d0\u73b0\u524d',
	 'process': 10.329670329670328,
	 'protect_mode': '',
	 'repay_type': u'2',
	 'reward': '',
	 'term': u'18day',
	 'transfer_claim': ''}
2015-09-14 15:03:33+0800 [wzdai] DEBUG: Crawled (200) <GET https://www.wzdai.com/invest/ajaxDetail.html?callback=jQuery1111019497463972268458_1418355470547&id=625127> (referer: None)
2015-09-14 15:03:33+0800 [wzdai] DEBUG: Scraped from <200 https://www.wzdai.com/invest/ajaxDetail.html?callback=jQuery1111019497463972268458_1418355470547&id=625127>
	{'amount': u'2391.00',
	 'area': '',
	 'description': u'\u4e0a\u534812\u70b9\u524d\u8fd8\uff0c\u6709\u52fe\u52fe\uff0c\u9ad8\u4fe1\u8a89\u6c42\u79d2\uff01',
	 'income_rate': u'6.08',
	 'link': 'http://invest.wzdai.com/pagers/invest/dpbdetail_625127.html',
	 'min_amount': '',
	 'name': u'\u4e0a\u534812\u70b9\u524d\u8fd8\uff0c\u6709\u52fe\u52fe\uff0c\u9ad8\u4fe1\u8a89\u6c42\u79d2\uff01',
	 'process': 0.0,
	 'protect_mode': '',
	 'repay_type': u'2',
	 'reward': '',
	 'term': u'5day',
	 'transfer_claim': ''}
2015-09-14 15:03:35+0800 [wzdai] DEBUG: Crawled (200) <GET https://www.wzdai.com/invest/ajaxDetail.html?callback=jQuery1111019497463972268458_1418355470547&id=624014> (referer: None)
2015-09-14 15:03:35+0800 [wzdai] DEBUG: Scraped from <200 https://www.wzdai.com/invest/ajaxDetail.html?callback=jQuery1111019497463972268458_1418355470547&id=624014>
	{'amount': u'1000.00',
	 'area': '',
	 'description': u'10d',
	 'income_rate': u'5.0',
	 'link': 'http://invest.wzdai.com/pagers/invest/dpbdetail_624014.html',
	 'min_amount': '',
	 'name': u'10d',
	 'process': 0.0,
	 'protect_mode': '',
	 'repay_type': u'2',
	 'reward': '',
	 'term': u'10day',
	 'transfer_claim': ''}
2015-09-14 15:03:35+0800 [wzdai] INFO: Closing spider (finished)
2015-09-14 15:03:35+0800 [wzdai] INFO: Dumping Scrapy stats:
	{'downloader/request_bytes': 22186,
	 'downloader/request_count': 66,
	 'downloader/request_method_count/GET': 66,
	 'downloader/response_bytes': 42884,
	 'downloader/response_count': 66,
	 'downloader/response_status_count/200': 66,
	 'finish_reason': 'finished',
	 'finish_time': datetime.datetime(2015, 9, 14, 7, 3, 35, 985486),
	 'item_scraped_count': 66,
	 'log_count/DEBUG': 134,
	 'log_count/INFO': 10,
	 'response_received_count': 66,
	 'scheduler/dequeued': 66,
	 'scheduler/dequeued/memory': 66,
	 'scheduler/enqueued': 66,
	 'scheduler/enqueued/memory': 66,
	 'start_time': datetime.datetime(2015, 9, 14, 6, 59, 40, 965681)}
2015-09-14 15:03:35+0800 [wzdai] INFO: Spider closed (finished)
<WZDAIspider 'wzdai' at 0x7fd140f5a450>
<WZDAIspider 'wzdai' at 0x7fd140f5a450>
<WZDAIspider 'wzdai' at 0x7fd140f5a450>
<WZDAIspider 'wzdai' at 0x7fd140f5a450>
<WZDAIspider 'wzdai' at 0x7fd140f5a450>
<WZDAIspider 'wzdai' at 0x7fd140f5a450>
<WZDAIspider 'wzdai' at 0x7fd140f5a450>
<WZDAIspider 'wzdai' at 0x7fd140f5a450>
<WZDAIspider 'wzdai' at 0x7fd140f5a450>
<WZDAIspider 'wzdai' at 0x7fd140f5a450>
<WZDAIspider 'wzdai' at 0x7fd140f5a450>
<WZDAIspider 'wzdai' at 0x7fd140f5a450>
<WZDAIspider 'wzdai' at 0x7fd140f5a450>
<WZDAIspider 'wzdai' at 0x7fd140f5a450>
<WZDAIspider 'wzdai' at 0x7fd140f5a450>
<WZDAIspider 'wzdai' at 0x7fd140f5a450>
<WZDAIspider 'wzdai' at 0x7fd140f5a450>
<WZDAIspider 'wzdai' at 0x7fd140f5a450>
<WZDAIspider 'wzdai' at 0x7fd140f5a450>
<WZDAIspider 'wzdai' at 0x7fd140f5a450>
<WZDAIspider 'wzdai' at 0x7fd140f5a450>
<WZDAIspider 'wzdai' at 0x7fd140f5a450>
<WZDAIspider 'wzdai' at 0x7fd140f5a450>
<WZDAIspider 'wzdai' at 0x7fd140f5a450>
<WZDAIspider 'wzdai' at 0x7fd140f5a450>
<WZDAIspider 'wzdai' at 0x7fd140f5a450>
<WZDAIspider 'wzdai' at 0x7fd140f5a450>
<WZDAIspider 'wzdai' at 0x7fd140f5a450>
<WZDAIspider 'wzdai' at 0x7fd140f5a450>
<WZDAIspider 'wzdai' at 0x7fd140f5a450>
<WZDAIspider 'wzdai' at 0x7fd140f5a450>
<WZDAIspider 'wzdai' at 0x7fd140f5a450>
<WZDAIspider 'wzdai' at 0x7fd140f5a450>
<WZDAIspider 'wzdai' at 0x7fd140f5a450>
<WZDAIspider 'wzdai' at 0x7fd140f5a450>
<WZDAIspider 'wzdai' at 0x7fd140f5a450>
<WZDAIspider 'wzdai' at 0x7fd140f5a450>
<WZDAIspider 'wzdai' at 0x7fd140f5a450>
<WZDAIspider 'wzdai' at 0x7fd140f5a450>
<WZDAIspider 'wzdai' at 0x7fd140f5a450>
<WZDAIspider 'wzdai' at 0x7fd140f5a450>
<WZDAIspider 'wzdai' at 0x7fd140f5a450>
<WZDAIspider 'wzdai' at 0x7fd140f5a450>
<WZDAIspider 'wzdai' at 0x7fd140f5a450>
<WZDAIspider 'wzdai' at 0x7fd140f5a450>
<WZDAIspider 'wzdai' at 0x7fd140f5a450>
<WZDAIspider 'wzdai' at 0x7fd140f5a450>
<WZDAIspider 'wzdai' at 0x7fd140f5a450>
<WZDAIspider 'wzdai' at 0x7fd140f5a450>
<WZDAIspider 'wzdai' at 0x7fd140f5a450>
<WZDAIspider 'wzdai' at 0x7fd140f5a450>
<WZDAIspider 'wzdai' at 0x7fd140f5a450>
<WZDAIspider 'wzdai' at 0x7fd140f5a450>
<WZDAIspider 'wzdai' at 0x7fd140f5a450>
<WZDAIspider 'wzdai' at 0x7fd140f5a450>
<WZDAIspider 'wzdai' at 0x7fd140f5a450>
<WZDAIspider 'wzdai' at 0x7fd140f5a450>
<WZDAIspider 'wzdai' at 0x7fd140f5a450>
<WZDAIspider 'wzdai' at 0x7fd140f5a450>
<WZDAIspider 'wzdai' at 0x7fd140f5a450>
<WZDAIspider 'wzdai' at 0x7fd140f5a450>
<WZDAIspider 'wzdai' at 0x7fd140f5a450>
<WZDAIspider 'wzdai' at 0x7fd140f5a450>
<WZDAIspider 'wzdai' at 0x7fd140f5a450>
<WZDAIspider 'wzdai' at 0x7fd140f5a450>
<WZDAIspider 'wzdai' at 0x7fd140f5a450>
2015-09-14 15:03:46 爬取结束-------------wzdai---------------------------------------
